ARM GAS  C:\Users\ELEADM~1.000\AppData\Local\Temp\ccx9SKTb.s 			page 1


   1              		.syntax unified
   2              		.cpu cortex-m3
   3              		.fpu softvfp
   4              		.eabi_attribute 20, 1
   5              		.eabi_attribute 21, 1
   6              		.eabi_attribute 23, 3
   7              		.eabi_attribute 24, 1
   8              		.eabi_attribute 25, 1
   9              		.eabi_attribute 26, 1
  10              		.eabi_attribute 30, 1
  11              		.eabi_attribute 34, 1
  12              		.eabi_attribute 18, 4
  13              		.thumb
  14              		.file	"Gyro.c"
  15              		.text
  16              	.Ltext0:
  17              		.cfi_sections	.debug_frame
  18              		.global	__aeabi_ui2f
  19              		.global	__aeabi_fmul
  20              		.global	__aeabi_fadd
  21              		.global	__aeabi_f2uiz
  22              		.section	.text.value_convert_gyro,"ax",%progbits
  23              		.align	2
  24              		.global	value_convert_gyro
  25              		.thumb
  26              		.thumb_func
  27              		.type	value_convert_gyro, %function
  28              	value_convert_gyro:
  29              	.LFB63:
  30              		.file 1 ".\\Gyro.c"
   1:.\Gyro.c      **** /**
   2:.\Gyro.c      ****  * @file    Gyro.c
   3:.\Gyro.c      ****  * @brief   Gyroscope method file
   4:.\Gyro.c      ****  * @details 
   5:.\Gyro.c      **** */
   6:.\Gyro.c      **** 
   7:.\Gyro.c      **** 
   8:.\Gyro.c      **** #include <project.h>
   9:.\Gyro.c      **** #include <math.h>
  10:.\Gyro.c      **** #include <stdio.h>
  11:.\Gyro.c      **** #include <gyro.h>
  12:.\Gyro.c      **** 
  13:.\Gyro.c      **** 
  14:.\Gyro.c      **** uint16 value_convert_gyro(uint16 raw)            // ****THING TO DO : converting to angle!!!****
  15:.\Gyro.c      **** {
  31              		.loc 1 15 0
  32              		.cfi_startproc
  33              		@ args = 0, pretend = 0, frame = 0
  34              		@ frame_needed = 0, uses_anonymous_args = 0
  35              	.LVL0:
  36 0000 08B5     		push	{r3, lr}
  37              		.cfi_def_cfa_offset 8
  38              		.cfi_offset 3, -8
  39              		.cfi_offset 14, -4
  40              	.LVL1:
  16:.\Gyro.c      ****     float rate_result;
  17:.\Gyro.c      ****     float angle_result = 0.0;
ARM GAS  C:\Users\ELEADM~1.000\AppData\Local\Temp\ccx9SKTb.s 			page 2


  18:.\Gyro.c      ****     float G_GAIN = 0.07;        //FS = 2000 dps
  19:.\Gyro.c      ****     float DT = 0.02;           // by logic analyzer
  20:.\Gyro.c      ****     
  21:.\Gyro.c      ****   
  22:.\Gyro.c      ****     rate_result = (float)raw * G_GAIN;          // degrees per second for Gyroscope
  41              		.loc 1 22 0
  42 0002 FFF7FEFF 		bl	__aeabi_ui2f
  43              	.LVL2:
  44 0006 0649     		ldr	r1, .L3
  45 0008 FFF7FEFF 		bl	__aeabi_fmul
  46              	.LVL3:
  23:.\Gyro.c      ****     angle_result += rate_result * DT;
  47              		.loc 1 23 0
  48 000c 0549     		ldr	r1, .L3+4
  49 000e FFF7FEFF 		bl	__aeabi_fmul
  50              	.LVL4:
  51 0012 0021     		movs	r1, #0
  52 0014 FFF7FEFF 		bl	__aeabi_fadd
  53              	.LVL5:
  24:.\Gyro.c      ****     
  25:.\Gyro.c      ****     return angle_result;
  54              		.loc 1 25 0
  55 0018 FFF7FEFF 		bl	__aeabi_f2uiz
  56              	.LVL6:
  26:.\Gyro.c      **** }
  57              		.loc 1 26 0
  58 001c 80B2     		uxth	r0, r0
  59 001e 08BD     		pop	{r3, pc}
  60              	.L4:
  61              		.align	2
  62              	.L3:
  63 0020 295C8F3D 		.word	1032805417
  64 0024 0AD7A33C 		.word	1017370378
  65              		.cfi_endproc
  66              	.LFE63:
  67              		.size	value_convert_gyro, .-value_convert_gyro
  68              		.text
  69              	.Letext0:
  70              		.file 2 "c:\\program files (x86)\\cypress\\psoc creator\\3.3\\psoc creator\\import\\gnu\\arm\\4.9.
  71              		.file 3 "c:\\program files (x86)\\cypress\\psoc creator\\3.3\\psoc creator\\import\\gnu\\arm\\4.9.
  72              		.file 4 "Generated_Source\\PSoC5/cytypes.h"
  73              		.file 5 "Generated_Source\\PSoC5/core_cm3.h"
  74              		.section	.debug_info,"",%progbits
  75              	.Ldebug_info0:
  76 0000 24010000 		.4byte	0x124
  77 0004 0400     		.2byte	0x4
  78 0006 00000000 		.4byte	.Ldebug_abbrev0
  79 000a 04       		.byte	0x4
  80 000b 01       		.uleb128 0x1
  81 000c F7000000 		.4byte	.LASF20
  82 0010 01       		.byte	0x1
  83 0011 77000000 		.4byte	.LASF21
  84 0015 9C000000 		.4byte	.LASF22
  85 0019 00000000 		.4byte	.Ldebug_ranges0+0
  86 001d 00000000 		.4byte	0
  87 0021 00000000 		.4byte	.Ldebug_line0
  88 0025 02       		.uleb128 0x2
ARM GAS  C:\Users\ELEADM~1.000\AppData\Local\Temp\ccx9SKTb.s 			page 3


  89 0026 01       		.byte	0x1
  90 0027 06       		.byte	0x6
  91 0028 92010000 		.4byte	.LASF0
  92 002c 02       		.uleb128 0x2
  93 002d 01       		.byte	0x1
  94 002e 08       		.byte	0x8
  95 002f 80000000 		.4byte	.LASF1
  96 0033 02       		.uleb128 0x2
  97 0034 02       		.byte	0x2
  98 0035 05       		.byte	0x5
  99 0036 C1010000 		.4byte	.LASF2
 100 003a 02       		.uleb128 0x2
 101 003b 02       		.byte	0x2
 102 003c 07       		.byte	0x7
 103 003d 0E000000 		.4byte	.LASF3
 104 0041 03       		.uleb128 0x3
 105 0042 AA010000 		.4byte	.LASF9
 106 0046 02       		.byte	0x2
 107 0047 3F       		.byte	0x3f
 108 0048 4C000000 		.4byte	0x4c
 109 004c 02       		.uleb128 0x2
 110 004d 04       		.byte	0x4
 111 004e 05       		.byte	0x5
 112 004f 93000000 		.4byte	.LASF4
 113 0053 02       		.uleb128 0x2
 114 0054 04       		.byte	0x4
 115 0055 07       		.byte	0x7
 116 0056 48000000 		.4byte	.LASF5
 117 005a 02       		.uleb128 0x2
 118 005b 08       		.byte	0x8
 119 005c 05       		.byte	0x5
 120 005d 00000000 		.4byte	.LASF6
 121 0061 02       		.uleb128 0x2
 122 0062 08       		.byte	0x8
 123 0063 07       		.byte	0x7
 124 0064 5A000000 		.4byte	.LASF7
 125 0068 04       		.uleb128 0x4
 126 0069 04       		.byte	0x4
 127 006a 05       		.byte	0x5
 128 006b 696E7400 		.ascii	"int\000"
 129 006f 02       		.uleb128 0x2
 130 0070 04       		.byte	0x4
 131 0071 07       		.byte	0x7
 132 0072 21000000 		.4byte	.LASF8
 133 0076 03       		.uleb128 0x3
 134 0077 D2010000 		.4byte	.LASF10
 135 007b 03       		.byte	0x3
 136 007c 2C       		.byte	0x2c
 137 007d 41000000 		.4byte	0x41
 138 0081 05       		.uleb128 0x5
 139 0082 CB010000 		.4byte	.LASF11
 140 0086 04       		.byte	0x4
 141 0087 3901     		.2byte	0x139
 142 0089 3A000000 		.4byte	0x3a
 143 008d 02       		.uleb128 0x2
 144 008e 04       		.byte	0x4
 145 008f 04       		.byte	0x4
ARM GAS  C:\Users\ELEADM~1.000\AppData\Local\Temp\ccx9SKTb.s 			page 4


 146 0090 71000000 		.4byte	.LASF12
 147 0094 02       		.uleb128 0x2
 148 0095 08       		.byte	0x8
 149 0096 04       		.byte	0x4
 150 0097 F0000000 		.4byte	.LASF13
 151 009b 02       		.uleb128 0x2
 152 009c 01       		.byte	0x1
 153 009d 08       		.byte	0x8
 154 009e 8E000000 		.4byte	.LASF14
 155 00a2 02       		.uleb128 0x2
 156 00a3 04       		.byte	0x4
 157 00a4 07       		.byte	0x7
 158 00a5 DA010000 		.4byte	.LASF15
 159 00a9 02       		.uleb128 0x2
 160 00aa 08       		.byte	0x8
 161 00ab 04       		.byte	0x4
 162 00ac 9E010000 		.4byte	.LASF16
 163 00b0 06       		.uleb128 0x6
 164 00b1 2E000000 		.4byte	.LASF23
 165 00b5 01       		.byte	0x1
 166 00b6 0E       		.byte	0xe
 167 00b7 81000000 		.4byte	0x81
 168 00bb 00000000 		.4byte	.LFB63
 169 00bf 28000000 		.4byte	.LFE63-.LFB63
 170 00c3 01       		.uleb128 0x1
 171 00c4 9C       		.byte	0x9c
 172 00c5 16010000 		.4byte	0x116
 173 00c9 07       		.uleb128 0x7
 174 00ca 72617700 		.ascii	"raw\000"
 175 00ce 01       		.byte	0x1
 176 00cf 0E       		.byte	0xe
 177 00d0 81000000 		.4byte	0x81
 178 00d4 00000000 		.4byte	.LLST0
 179 00d8 08       		.uleb128 0x8
 180 00d9 E3010000 		.4byte	.LASF17
 181 00dd 01       		.byte	0x1
 182 00de 10       		.byte	0x10
 183 00df 8D000000 		.4byte	0x8d
 184 00e3 21000000 		.4byte	.LLST1
 185 00e7 08       		.uleb128 0x8
 186 00e8 B4010000 		.4byte	.LASF18
 187 00ec 01       		.byte	0x1
 188 00ed 11       		.byte	0x11
 189 00ee 8D000000 		.4byte	0x8d
 190 00f2 34000000 		.4byte	.LLST2
 191 00f6 09       		.uleb128 0x9
 192 00f7 41000000 		.4byte	.LASF19
 193 00fb 01       		.byte	0x1
 194 00fc 12       		.byte	0x12
 195 00fd 8D000000 		.4byte	0x8d
 196 0101 04       		.byte	0x4
 197 0102 295C8F3D 		.4byte	0x3d8f5c29
 198 0106 0A       		.uleb128 0xa
 199 0107 445400   		.ascii	"DT\000"
 200 010a 01       		.byte	0x1
 201 010b 13       		.byte	0x13
 202 010c 8D000000 		.4byte	0x8d
ARM GAS  C:\Users\ELEADM~1.000\AppData\Local\Temp\ccx9SKTb.s 			page 5


 203 0110 04       		.byte	0x4
 204 0111 0AD7A33C 		.4byte	0x3ca3d70a
 205 0115 00       		.byte	0
 206 0116 0B       		.uleb128 0xb
 207 0117 85010000 		.4byte	.LASF24
 208 011b 05       		.byte	0x5
 209 011c 5506     		.2byte	0x655
 210 011e 22010000 		.4byte	0x122
 211 0122 0C       		.uleb128 0xc
 212 0123 76000000 		.4byte	0x76
 213 0127 00       		.byte	0
 214              		.section	.debug_abbrev,"",%progbits
 215              	.Ldebug_abbrev0:
 216 0000 01       		.uleb128 0x1
 217 0001 11       		.uleb128 0x11
 218 0002 01       		.byte	0x1
 219 0003 25       		.uleb128 0x25
 220 0004 0E       		.uleb128 0xe
 221 0005 13       		.uleb128 0x13
 222 0006 0B       		.uleb128 0xb
 223 0007 03       		.uleb128 0x3
 224 0008 0E       		.uleb128 0xe
 225 0009 1B       		.uleb128 0x1b
 226 000a 0E       		.uleb128 0xe
 227 000b 55       		.uleb128 0x55
 228 000c 17       		.uleb128 0x17
 229 000d 11       		.uleb128 0x11
 230 000e 01       		.uleb128 0x1
 231 000f 10       		.uleb128 0x10
 232 0010 17       		.uleb128 0x17
 233 0011 00       		.byte	0
 234 0012 00       		.byte	0
 235 0013 02       		.uleb128 0x2
 236 0014 24       		.uleb128 0x24
 237 0015 00       		.byte	0
 238 0016 0B       		.uleb128 0xb
 239 0017 0B       		.uleb128 0xb
 240 0018 3E       		.uleb128 0x3e
 241 0019 0B       		.uleb128 0xb
 242 001a 03       		.uleb128 0x3
 243 001b 0E       		.uleb128 0xe
 244 001c 00       		.byte	0
 245 001d 00       		.byte	0
 246 001e 03       		.uleb128 0x3
 247 001f 16       		.uleb128 0x16
 248 0020 00       		.byte	0
 249 0021 03       		.uleb128 0x3
 250 0022 0E       		.uleb128 0xe
 251 0023 3A       		.uleb128 0x3a
 252 0024 0B       		.uleb128 0xb
 253 0025 3B       		.uleb128 0x3b
 254 0026 0B       		.uleb128 0xb
 255 0027 49       		.uleb128 0x49
 256 0028 13       		.uleb128 0x13
 257 0029 00       		.byte	0
 258 002a 00       		.byte	0
 259 002b 04       		.uleb128 0x4
ARM GAS  C:\Users\ELEADM~1.000\AppData\Local\Temp\ccx9SKTb.s 			page 6


 260 002c 24       		.uleb128 0x24
 261 002d 00       		.byte	0
 262 002e 0B       		.uleb128 0xb
 263 002f 0B       		.uleb128 0xb
 264 0030 3E       		.uleb128 0x3e
 265 0031 0B       		.uleb128 0xb
 266 0032 03       		.uleb128 0x3
 267 0033 08       		.uleb128 0x8
 268 0034 00       		.byte	0
 269 0035 00       		.byte	0
 270 0036 05       		.uleb128 0x5
 271 0037 16       		.uleb128 0x16
 272 0038 00       		.byte	0
 273 0039 03       		.uleb128 0x3
 274 003a 0E       		.uleb128 0xe
 275 003b 3A       		.uleb128 0x3a
 276 003c 0B       		.uleb128 0xb
 277 003d 3B       		.uleb128 0x3b
 278 003e 05       		.uleb128 0x5
 279 003f 49       		.uleb128 0x49
 280 0040 13       		.uleb128 0x13
 281 0041 00       		.byte	0
 282 0042 00       		.byte	0
 283 0043 06       		.uleb128 0x6
 284 0044 2E       		.uleb128 0x2e
 285 0045 01       		.byte	0x1
 286 0046 3F       		.uleb128 0x3f
 287 0047 19       		.uleb128 0x19
 288 0048 03       		.uleb128 0x3
 289 0049 0E       		.uleb128 0xe
 290 004a 3A       		.uleb128 0x3a
 291 004b 0B       		.uleb128 0xb
 292 004c 3B       		.uleb128 0x3b
 293 004d 0B       		.uleb128 0xb
 294 004e 27       		.uleb128 0x27
 295 004f 19       		.uleb128 0x19
 296 0050 49       		.uleb128 0x49
 297 0051 13       		.uleb128 0x13
 298 0052 11       		.uleb128 0x11
 299 0053 01       		.uleb128 0x1
 300 0054 12       		.uleb128 0x12
 301 0055 06       		.uleb128 0x6
 302 0056 40       		.uleb128 0x40
 303 0057 18       		.uleb128 0x18
 304 0058 9642     		.uleb128 0x2116
 305 005a 19       		.uleb128 0x19
 306 005b 01       		.uleb128 0x1
 307 005c 13       		.uleb128 0x13
 308 005d 00       		.byte	0
 309 005e 00       		.byte	0
 310 005f 07       		.uleb128 0x7
 311 0060 05       		.uleb128 0x5
 312 0061 00       		.byte	0
 313 0062 03       		.uleb128 0x3
 314 0063 08       		.uleb128 0x8
 315 0064 3A       		.uleb128 0x3a
 316 0065 0B       		.uleb128 0xb
ARM GAS  C:\Users\ELEADM~1.000\AppData\Local\Temp\ccx9SKTb.s 			page 7


 317 0066 3B       		.uleb128 0x3b
 318 0067 0B       		.uleb128 0xb
 319 0068 49       		.uleb128 0x49
 320 0069 13       		.uleb128 0x13
 321 006a 02       		.uleb128 0x2
 322 006b 17       		.uleb128 0x17
 323 006c 00       		.byte	0
 324 006d 00       		.byte	0
 325 006e 08       		.uleb128 0x8
 326 006f 34       		.uleb128 0x34
 327 0070 00       		.byte	0
 328 0071 03       		.uleb128 0x3
 329 0072 0E       		.uleb128 0xe
 330 0073 3A       		.uleb128 0x3a
 331 0074 0B       		.uleb128 0xb
 332 0075 3B       		.uleb128 0x3b
 333 0076 0B       		.uleb128 0xb
 334 0077 49       		.uleb128 0x49
 335 0078 13       		.uleb128 0x13
 336 0079 02       		.uleb128 0x2
 337 007a 17       		.uleb128 0x17
 338 007b 00       		.byte	0
 339 007c 00       		.byte	0
 340 007d 09       		.uleb128 0x9
 341 007e 34       		.uleb128 0x34
 342 007f 00       		.byte	0
 343 0080 03       		.uleb128 0x3
 344 0081 0E       		.uleb128 0xe
 345 0082 3A       		.uleb128 0x3a
 346 0083 0B       		.uleb128 0xb
 347 0084 3B       		.uleb128 0x3b
 348 0085 0B       		.uleb128 0xb
 349 0086 49       		.uleb128 0x49
 350 0087 13       		.uleb128 0x13
 351 0088 1C       		.uleb128 0x1c
 352 0089 0A       		.uleb128 0xa
 353 008a 00       		.byte	0
 354 008b 00       		.byte	0
 355 008c 0A       		.uleb128 0xa
 356 008d 34       		.uleb128 0x34
 357 008e 00       		.byte	0
 358 008f 03       		.uleb128 0x3
 359 0090 08       		.uleb128 0x8
 360 0091 3A       		.uleb128 0x3a
 361 0092 0B       		.uleb128 0xb
 362 0093 3B       		.uleb128 0x3b
 363 0094 0B       		.uleb128 0xb
 364 0095 49       		.uleb128 0x49
 365 0096 13       		.uleb128 0x13
 366 0097 1C       		.uleb128 0x1c
 367 0098 0A       		.uleb128 0xa
 368 0099 00       		.byte	0
 369 009a 00       		.byte	0
 370 009b 0B       		.uleb128 0xb
 371 009c 34       		.uleb128 0x34
 372 009d 00       		.byte	0
 373 009e 03       		.uleb128 0x3
ARM GAS  C:\Users\ELEADM~1.000\AppData\Local\Temp\ccx9SKTb.s 			page 8


 374 009f 0E       		.uleb128 0xe
 375 00a0 3A       		.uleb128 0x3a
 376 00a1 0B       		.uleb128 0xb
 377 00a2 3B       		.uleb128 0x3b
 378 00a3 05       		.uleb128 0x5
 379 00a4 49       		.uleb128 0x49
 380 00a5 13       		.uleb128 0x13
 381 00a6 3F       		.uleb128 0x3f
 382 00a7 19       		.uleb128 0x19
 383 00a8 3C       		.uleb128 0x3c
 384 00a9 19       		.uleb128 0x19
 385 00aa 00       		.byte	0
 386 00ab 00       		.byte	0
 387 00ac 0C       		.uleb128 0xc
 388 00ad 35       		.uleb128 0x35
 389 00ae 00       		.byte	0
 390 00af 49       		.uleb128 0x49
 391 00b0 13       		.uleb128 0x13
 392 00b1 00       		.byte	0
 393 00b2 00       		.byte	0
 394 00b3 00       		.byte	0
 395              		.section	.debug_loc,"",%progbits
 396              	.Ldebug_loc0:
 397              	.LLST0:
 398 0000 00000000 		.4byte	.LVL0
 399 0004 05000000 		.4byte	.LVL2-1
 400 0008 0100     		.2byte	0x1
 401 000a 50       		.byte	0x50
 402 000b 05000000 		.4byte	.LVL2-1
 403 000f 28000000 		.4byte	.LFE63
 404 0013 0400     		.2byte	0x4
 405 0015 F3       		.byte	0xf3
 406 0016 01       		.uleb128 0x1
 407 0017 50       		.byte	0x50
 408 0018 9F       		.byte	0x9f
 409 0019 00000000 		.4byte	0
 410 001d 00000000 		.4byte	0
 411              	.LLST1:
 412 0021 0C000000 		.4byte	.LVL3
 413 0025 11000000 		.4byte	.LVL4-1
 414 0029 0100     		.2byte	0x1
 415 002b 50       		.byte	0x50
 416 002c 00000000 		.4byte	0
 417 0030 00000000 		.4byte	0
 418              	.LLST2:
 419 0034 02000000 		.4byte	.LVL1
 420 0038 18000000 		.4byte	.LVL5
 421 003c 0600     		.2byte	0x6
 422 003e 9E       		.byte	0x9e
 423 003f 04       		.uleb128 0x4
 424 0040 00000000 		.4byte	0
 425 0044 18000000 		.4byte	.LVL5
 426 0048 1B000000 		.4byte	.LVL6-1
 427 004c 0100     		.2byte	0x1
 428 004e 50       		.byte	0x50
 429 004f 00000000 		.4byte	0
 430 0053 00000000 		.4byte	0
ARM GAS  C:\Users\ELEADM~1.000\AppData\Local\Temp\ccx9SKTb.s 			page 9


 431              		.section	.debug_aranges,"",%progbits
 432 0000 1C000000 		.4byte	0x1c
 433 0004 0200     		.2byte	0x2
 434 0006 00000000 		.4byte	.Ldebug_info0
 435 000a 04       		.byte	0x4
 436 000b 00       		.byte	0
 437 000c 0000     		.2byte	0
 438 000e 0000     		.2byte	0
 439 0010 00000000 		.4byte	.LFB63
 440 0014 28000000 		.4byte	.LFE63-.LFB63
 441 0018 00000000 		.4byte	0
 442 001c 00000000 		.4byte	0
 443              		.section	.debug_ranges,"",%progbits
 444              	.Ldebug_ranges0:
 445 0000 00000000 		.4byte	.LFB63
 446 0004 28000000 		.4byte	.LFE63
 447 0008 00000000 		.4byte	0
 448 000c 00000000 		.4byte	0
 449              		.section	.debug_line,"",%progbits
 450              	.Ldebug_line0:
 451 0000 62010000 		.section	.debug_str,"MS",%progbits,1
 451      02004901 
 451      00000201 
 451      FB0E0D00 
 451      01010101 
 452              	.LASF6:
 453 0000 6C6F6E67 		.ascii	"long long int\000"
 453      206C6F6E 
 453      6720696E 
 453      7400
 454              	.LASF3:
 455 000e 73686F72 		.ascii	"short unsigned int\000"
 455      7420756E 
 455      7369676E 
 455      65642069 
 455      6E7400
 456              	.LASF8:
 457 0021 756E7369 		.ascii	"unsigned int\000"
 457      676E6564 
 457      20696E74 
 457      00
 458              	.LASF23:
 459 002e 76616C75 		.ascii	"value_convert_gyro\000"
 459      655F636F 
 459      6E766572 
 459      745F6779 
 459      726F00
 460              	.LASF19:
 461 0041 475F4741 		.ascii	"G_GAIN\000"
 461      494E00
 462              	.LASF5:
 463 0048 6C6F6E67 		.ascii	"long unsigned int\000"
 463      20756E73 
 463      69676E65 
 463      6420696E 
 463      7400
 464              	.LASF7:
ARM GAS  C:\Users\ELEADM~1.000\AppData\Local\Temp\ccx9SKTb.s 			page 10


 465 005a 6C6F6E67 		.ascii	"long long unsigned int\000"
 465      206C6F6E 
 465      6720756E 
 465      7369676E 
 465      65642069 
 466              	.LASF12:
 467 0071 666C6F61 		.ascii	"float\000"
 467      7400
 468              	.LASF21:
 469 0077 2E5C4779 		.ascii	".\\Gyro.c\000"
 469      726F2E63 
 469      00
 470              	.LASF1:
 471 0080 756E7369 		.ascii	"unsigned char\000"
 471      676E6564 
 471      20636861 
 471      7200
 472              	.LASF14:
 473 008e 63686172 		.ascii	"char\000"
 473      00
 474              	.LASF4:
 475 0093 6C6F6E67 		.ascii	"long int\000"
 475      20696E74 
 475      00
 476              	.LASF22:
 477 009c 433A5C55 		.ascii	"C:\\Users\\eleadmin.ETY-A0147-GTX1.000\\Desktop\\Zu"
 477      73657273 
 477      5C656C65 
 477      61646D69 
 477      6E2E4554 
 478 00cb 6D6F426F 		.ascii	"moBot_Docu\\ZumoBot_Lib_Copy_02.cydsn\000"
 478      745F446F 
 478      63755C5A 
 478      756D6F42 
 478      6F745F4C 
 479              	.LASF13:
 480 00f0 646F7562 		.ascii	"double\000"
 480      6C6500
 481              	.LASF20:
 482 00f7 474E5520 		.ascii	"GNU C 4.9.3 20150303 (release) [ARM/embedded-4_9-br"
 482      4320342E 
 482      392E3320 
 482      32303135 
 482      30333033 
 483 012a 616E6368 		.ascii	"anch revision 221220] -mcpu=cortex-m3 -mthumb -g -O"
 483      20726576 
 483      6973696F 
 483      6E203232 
 483      31323230 
 484 015d 67202D66 		.ascii	"g -ffunction-sections -ffat-lto-objects\000"
 484      66756E63 
 484      74696F6E 
 484      2D736563 
 484      74696F6E 
 485              	.LASF24:
 486 0185 49544D5F 		.ascii	"ITM_RxBuffer\000"
 486      52784275 
ARM GAS  C:\Users\ELEADM~1.000\AppData\Local\Temp\ccx9SKTb.s 			page 11


 486      66666572 
 486      00
 487              	.LASF0:
 488 0192 7369676E 		.ascii	"signed char\000"
 488      65642063 
 488      68617200 
 489              	.LASF16:
 490 019e 6C6F6E67 		.ascii	"long double\000"
 490      20646F75 
 490      626C6500 
 491              	.LASF9:
 492 01aa 5F5F696E 		.ascii	"__int32_t\000"
 492      7433325F 
 492      7400
 493              	.LASF18:
 494 01b4 616E676C 		.ascii	"angle_result\000"
 494      655F7265 
 494      73756C74 
 494      00
 495              	.LASF2:
 496 01c1 73686F72 		.ascii	"short int\000"
 496      7420696E 
 496      7400
 497              	.LASF11:
 498 01cb 75696E74 		.ascii	"uint16\000"
 498      313600
 499              	.LASF10:
 500 01d2 696E7433 		.ascii	"int32_t\000"
 500      325F7400 
 501              	.LASF15:
 502 01da 73697A65 		.ascii	"sizetype\000"
 502      74797065 
 502      00
 503              	.LASF17:
 504 01e3 72617465 		.ascii	"rate_result\000"
 504      5F726573 
 504      756C7400 
 505              		.ident	"GCC: (GNU Tools for ARM Embedded Processors) 4.9.3 20150303 (release) [ARM/embedded-4_9-br
