ARM GAS  C:\Users\ELEADM~1.000\AppData\Local\Temp\ccd88r42.s 			page 1


   1              		.syntax unified
   2              		.cpu cortex-m3
   3              		.fpu softvfp
   4              		.eabi_attribute 20, 1
   5              		.eabi_attribute 21, 1
   6              		.eabi_attribute 23, 3
   7              		.eabi_attribute 24, 1
   8              		.eabi_attribute 25, 1
   9              		.eabi_attribute 26, 1
  10              		.eabi_attribute 30, 1
  11              		.eabi_attribute 34, 1
  12              		.eabi_attribute 18, 4
  13              		.thumb
  14              		.file	"main.c"
  15              		.text
  16              	.Ltext0:
  17              		.cfi_sections	.debug_frame
  18              		.section	.text.convert_raw,"ax",%progbits
  19              		.align	2
  20              		.global	convert_raw
  21              		.thumb
  22              		.thumb_func
  23              		.type	convert_raw, %function
  24              	convert_raw:
  25              	.LFB64:
  26              		.file 1 ".\\main.c"
   1:.\main.c      **** /**
   2:.\main.c      **** * @mainpage ZumoBot Project
   3:.\main.c      **** * @breif You can make your own ZumoBot.
   4:.\main.c      **** * @details This library has a basic methods about Accelerometer, Ambient Light Sensor, Gyroscope, I
   5:.\main.c      **** */
   6:.\main.c      **** 
   7:.\main.c      **** #include <project.h>
   8:.\main.c      **** #include <stdio.h>
   9:.\main.c      **** #include "Motor.h"
  10:.\main.c      **** #include "Ultra.h"
  11:.\main.c      **** #include "Nunchuk.h"
  12:.\main.c      **** #include "Reflectance.h"
  13:.\main.c      **** #include "I2C_made.h"
  14:.\main.c      **** #include "Gyro.h"
  15:.\main.c      **** #include "Accel_magnet.h"
  16:.\main.c      **** #include "IR.h"
  17:.\main.c      **** #include "Ambient.h"
  18:.\main.c      **** 
  19:.\main.c      **** int rread(void);
  20:.\main.c      **** 
  21:.\main.c      **** int main()
  22:.\main.c      **** {
  23:.\main.c      ****     CyGlobalIntEnable; 
  24:.\main.c      ****     UART_Start();
  25:.\main.c      ****     printf("Start\r\n");
  26:.\main.c      ****     
  27:.\main.c      ****     
  28:.\main.c      ****      /*  //IR receiver//
  29:.\main.c      ****     ----------------------------------------------------
  30:.\main.c      ****     unsigned int IR_val; 
  31:.\main.c      ****     
ARM GAS  C:\Users\ELEADM~1.000\AppData\Local\Temp\ccd88r42.s 			page 2


  32:.\main.c      ****     for(;;)
  33:.\main.c      ****     {
  34:.\main.c      ****        IR_val = get_IR();
  35:.\main.c      ****        printf("%x\r\n\n",IR_val);
  36:.\main.c      ****     }
  37:.\main.c      ****     
  38:.\main.c      ****     ///---------------------------------------------------------- */
  39:.\main.c      ****     
  40:.\main.c      ****     /*
  41:.\main.c      ****         //Ambient//
  42:.\main.c      ****     ----------------------------------------------------
  43:.\main.c      ****     I2C_Start();
  44:.\main.c      ****     
  45:.\main.c      ****     uint16 value =0;
  46:.\main.c      ****     
  47:.\main.c      ****     I2C_write(0x29,0x80,0x00);
  48:.\main.c      ****     
  49:.\main.c      ****     value = I2C_read(0x29,0x80);
  50:.\main.c      ****     printf("%x ",value);
  51:.\main.c      ****     
  52:.\main.c      ****     I2C_write(0x29,0x80,0x03);
  53:.\main.c      ****     value = I2C_read(0x29,0x80);
  54:.\main.c      ****     printf("%x\r\n",value);
  55:.\main.c      ****         
  56:.\main.c      ****     value = I2C_read(0x29,0x81);
  57:.\main.c      ****     printf("%x\r\n",value);
  58:.\main.c      ****     for(;;)
  59:.\main.c      ****     {
  60:.\main.c      ****         
  61:.\main.c      ****         uint8 Data0Low,Data0High,Data1Low,Data1High;
  62:.\main.c      ****         Data0Low = I2C_read(0x29,CH0_L);
  63:.\main.c      ****         Data0High = I2C_read(0x29,CH0_H);
  64:.\main.c      ****         Data1Low = I2C_read(0x29,CH1_L);
  65:.\main.c      ****         Data1High = I2C_read(0x29,CH1_H);
  66:.\main.c      ****         
  67:.\main.c      ****         uint8 CH0, CH1;
  68:.\main.c      ****         CH0 = convert_raw(Data0Low,Data0High);
  69:.\main.c      ****         CH1 = convert_raw(Data1Low,Data1High);
  70:.\main.c      **** 
  71:.\main.c      ****    //     printf("%d %d %d %d\r\n",Data0Low,Data0High, Data1Low,Data1High);
  72:.\main.c      ****    //     printf("%d %d\r\n",CH0,CH1);
  73:.\main.c      ****    //        printf("%f\r\n",(float)CH1/CH0);
  74:.\main.c      ****         
  75:.\main.c      ****    
  76:.\main.c      ****         double Ch0 = CH0;
  77:.\main.c      ****         double Ch1 = CH1;
  78:.\main.c      ****         
  79:.\main.c      ****         double data = 0;
  80:.\main.c      ****         data = getLux(Ch0,Ch1);
  81:.\main.c      ****         printf("%lf\r\n",data);    
  82:.\main.c      ****     }
  83:.\main.c      ****     ///---------------------------------------------------------- */
  84:.\main.c      ****     
  85:.\main.c      ****     
  86:.\main.c      ****        /*  //nunchuk//
  87:.\main.c      ****     ----------------------------------------------------
  88:.\main.c      ****     nunchuk_start();
ARM GAS  C:\Users\ELEADM~1.000\AppData\Local\Temp\ccd88r42.s 			page 3


  89:.\main.c      ****     nunchuk_init();
  90:.\main.c      ****     
  91:.\main.c      ****     for(;;)
  92:.\main.c      ****     {    
  93:.\main.c      ****         nunchuk_read();
  94:.\main.c      ****     }
  95:.\main.c      ****     //----------------------------------------------------*/
  96:.\main.c      ****     
  97:.\main.c      ****      //accelerometer//
  98:.\main.c      ****     //--------------------------------------------------------------
  99:.\main.c      ****     I2C_Start();
 100:.\main.c      ****   
 101:.\main.c      ****     uint8 X_L_A, X_H_A, Y_L_A, Y_H_A, Z_L_A, Z_H_A;
 102:.\main.c      ****     int16 X_AXIS, Y_AXIS, Z_AXIS;
 103:.\main.c      ****     
 104:.\main.c      ****     I2C_write(ACCEL_MAG_ADDR, ACCEL_CTRL1_REG, 0x37);           // set accelerometer & magnetometer
 105:.\main.c      ****     I2C_write(ACCEL_MAG_ADDR, ACCEL_CTRL7_REG, 0x22);
 106:.\main.c      ****     
 107:.\main.c      ****     
 108:.\main.c      ****     for(;;)
 109:.\main.c      ****     {
 110:.\main.c      ****         //print out accelerometer output
 111:.\main.c      ****         X_L_A = I2C_read(ACCEL_MAG_ADDR, OUT_X_L_A);
 112:.\main.c      ****         X_H_A = I2C_read(ACCEL_MAG_ADDR, OUT_X_H_A);
 113:.\main.c      ****         X_AXIS = convert_raw(X_L_A, X_H_A);
 114:.\main.c      ****         
 115:.\main.c      ****         Y_L_A = I2C_read(ACCEL_MAG_ADDR, OUT_Y_L_A);
 116:.\main.c      ****         Y_H_A = I2C_read(ACCEL_MAG_ADDR, OUT_Y_H_A);
 117:.\main.c      ****         Y_AXIS = convert_raw(Y_L_A, Y_H_A);
 118:.\main.c      ****         
 119:.\main.c      ****         Z_L_A = I2C_read(ACCEL_MAG_ADDR, OUT_Z_L_A);
 120:.\main.c      ****         Z_H_A = I2C_read(ACCEL_MAG_ADDR, OUT_Z_H_A);
 121:.\main.c      ****         Z_AXIS = convert_raw(Z_L_A, Z_H_A);
 122:.\main.c      ****         
 123:.\main.c      ****         //printf("ACCEL: %d %d %d %d %d %d \r\n", X_L_A, X_H_A, Y_L_A, Y_H_A, Z_L_A, Z_H_A);
 124:.\main.c      ****         value_convert_accel(X_AXIS, Y_AXIS, Z_AXIS);
 125:.\main.c      ****         printf("\n");
 126:.\main.c      ****         
 127:.\main.c      ****         CyDelay(50);
 128:.\main.c      ****     }
 129:.\main.c      ****     ///---------------------------------------------------------- 
 130:.\main.c      ****      
 131:.\main.c      ****      /* //ultra//
 132:.\main.c      ****     ----------------------------------------------------
 133:.\main.c      ****     ultra_isr_StartEx(ultra_isr_handler);   // Ultra Sonic Interrupt
 134:.\main.c      ****     Ultra_Start();                          // Ultra Sonic Start function
 135:.\main.c      ****    
 136:.\main.c      ****     for(;;)
 137:.\main.c      ****     {       
 138:.\main.c      ****         CyDelay(100); 
 139:.\main.c      ****         Trig_Write(1);           // Trigger High
 140:.\main.c      ****         CyDelayUs(10);              // 10 micro seconds for trigger input signals
 141:.\main.c      ****         Trig_Write(0);           // Trigger Low
 142:.\main.c      ****     }
 143:.\main.c      ****     //----------------------------------------------------*/
 144:.\main.c      ****     
 145:.\main.c      ****     
ARM GAS  C:\Users\ELEADM~1.000\AppData\Local\Temp\ccd88r42.s 			page 4


 146:.\main.c      ****     
 147:.\main.c      ****     /* //reflectance//
 148:.\main.c      ****     ----------------------------------------------------
 149:.\main.c      ****     sensor_isr_StartEx(sensor_isr_handler);
 150:.\main.c      ****     
 151:.\main.c      ****     Refelctance_Start();
 152:.\main.c      **** 
 153:.\main.c      ****     IR_led_Write(1);
 154:.\main.c      ****     for(;;)
 155:.\main.c      ****     {
 156:.\main.c      ****         reflectance_period();      //print out each period of reflectance sensors
 157:.\main.c      ****         reflectance_digital();      //print out 0 or 1 according to results of reflectance period
 158:.\main.c      ****         
 159:.\main.c      ****         CyDelay(500);
 160:.\main.c      ****     }
 161:.\main.c      ****     ///----------------------------------------------------*/
 162:.\main.c      ****    
 163:.\main.c      ****     
 164:.\main.c      ****      /* //motor//
 165:.\main.c      ****     ----------------------------------------------------
 166:.\main.c      ****     motor_Start();              // motor start
 167:.\main.c      **** 
 168:.\main.c      ****     motor_forward(50,2000);     // moving forward
 169:.\main.c      ****     motor_turn(10,50,2000);     // turn
 170:.\main.c      ****     motor_turn(50,10,2000);     // turn
 171:.\main.c      ****     motor_backward(50,2000);    // movinb backward
 172:.\main.c      ****        
 173:.\main.c      ****     motor_Stop();               // motor stop
 174:.\main.c      ****     
 175:.\main.c      ****     for(;;)
 176:.\main.c      ****     {
 177:.\main.c      **** 
 178:.\main.c      ****     }
 179:.\main.c      ****     ///----------------------------------------------------*/
 180:.\main.c      ****     
 181:.\main.c      ****     /*
 182:.\main.c      ****     //gyroscope//
 183:.\main.c      ****      //-----------------------------------------------------
 184:.\main.c      ****     I2C_Start();
 185:.\main.c      ****   
 186:.\main.c      ****     uint8 X_AXIS_L, X_AXIS_H, Y_AXIS_L, Y_AXIS_H, Z_AXIS_L, Z_AXIS_H;
 187:.\main.c      ****     int16 X_AXIS, Y_AXIS, Z_AXIS;
 188:.\main.c      ****     
 189:.\main.c      ****     I2C_write(GYRO_ADDR, GYRO_CTRL1_REG, 0x0F);             // set gyroscope into active mode
 190:.\main.c      ****     I2C_write(GYRO_ADDR, GYRO_CTRL4_REG, 0x30);             // set full scale selection to 2000dps 
 191:.\main.c      ****     
 192:.\main.c      ****     for(;;)
 193:.\main.c      ****     {
 194:.\main.c      ****         //print out gyroscope output
 195:.\main.c      ****         X_AXIS_L = I2C_read(GYRO_ADDR, OUT_X_AXIS_L);
 196:.\main.c      ****         X_AXIS_H = I2C_read(GYRO_ADDR, OUT_X_AXIS_H);
 197:.\main.c      ****         X_AXIS = convert_raw(X_AXIS_H, X_AXIS_L);
 198:.\main.c      ****         
 199:.\main.c      ****         
 200:.\main.c      ****         Y_AXIS_L = I2C_read(GYRO_ADDR, OUT_Y_AXIS_L);
 201:.\main.c      ****         Y_AXIS_H = I2C_read(GYRO_ADDR, OUT_Y_AXIS_H);
 202:.\main.c      ****         Y_AXIS = convert_raw(Y_AXIS_H, Y_AXIS_L);
ARM GAS  C:\Users\ELEADM~1.000\AppData\Local\Temp\ccd88r42.s 			page 5


 203:.\main.c      ****         
 204:.\main.c      ****         
 205:.\main.c      ****         Z_AXIS_L = I2C_read(GYRO_ADDR, OUT_Z_AXIS_L);
 206:.\main.c      ****         Z_AXIS_H = I2C_read(GYRO_ADDR, OUT_Z_AXIS_H);
 207:.\main.c      ****         Z_AXIS = convert_raw(Z_AXIS_H, Z_AXIS_L);
 208:.\main.c      ****         
 209:.\main.c      ****         
 210:.\main.c      ****         //printf("X_AXIS_L: %d, X_AXIS_H: %d, average: %d \r\n", X_AXIS_L, X_AXIS_H, (X_AXIS_H+X_AX
 211:.\main.c      ****         //printf("Y_AXIS_L: %d, Y_AXIS_H: %d, average: %d \r\n", Y_AXIS_L, Y_AXIS_H, (Y_AXIS_H+Y_AX
 212:.\main.c      ****         //printf("Z_AXIS_L: %d, Z_AXIS_H: %d, average: %d \r\n", Z_AXIS_L, Z_AXIS_H, (Z_AXIS_H+Z_AX
 213:.\main.c      ****         
 214:.\main.c      ****         //printf("H L : %d %d %d %d %d %d \r\n", X_AXIS_L, X_AXIS_H, Y_AXIS_L, Y_AXIS_H, Z_AXIS_L, 
 215:.\main.c      ****         //printf("%d %d %d \r\n", X_AXIS, Y_AXIS, Z_AXIS);
 216:.\main.c      ****         printf("%d %d %d \r\n", value_convert_gyro(X_AXIS), value_convert_gyro(Y_AXIS), value_conve
 217:.\main.c      ****         
 218:.\main.c      ****        CyDelay(50);
 219:.\main.c      ****     }
 220:.\main.c      ****     ///-----------------------------------------------------------------*/
 221:.\main.c      ****    
 222:.\main.c      ****   
 223:.\main.c      ****     /*
 224:.\main.c      ****      //magnetometer//
 225:.\main.c      ****      //--------------------------------------------------------------
 226:.\main.c      ****     I2C_Start();
 227:.\main.c      ****    
 228:.\main.c      ****     uint8 X_L_M, X_H_M, Y_L_M, Y_H_M, Z_L_M, Z_H_M;
 229:.\main.c      ****     int16 X_AXIS, Y_AXIS, Z_AXIS;
 230:.\main.c      ****     
 231:.\main.c      ****     I2C_write(ACCEL_MAG_ADDR, ACCEL_CTRL1_REG, 0x37);           // set accelerometer & magnetometer
 232:.\main.c      ****     I2C_write(ACCEL_MAG_ADDR, ACCEL_CTRL5_REG, 0x10);           // set a data rate of 50Hz
 233:.\main.c      ****     I2C_write(ACCEL_MAG_ADDR, ACCEL_CTRL6_REG, 0x60);           // set the full scale selection to 
 234:.\main.c      ****     I2C_write(ACCEL_MAG_ADDR, ACCEL_CTRL7_REG, 0x80);           // set to continuous-conversion mod
 235:.\main.c      ****     
 236:.\main.c      ****     
 237:.\main.c      ****     for(;;)
 238:.\main.c      ****     {
 239:.\main.c      ****         X_L_M = I2C_read(ACCEL_MAG_ADDR, OUT_X_L_M);
 240:.\main.c      ****         X_H_M = I2C_read(ACCEL_MAG_ADDR, OUT_X_H_M);
 241:.\main.c      ****         X_AXIS = convert_raw(X_L_M, X_H_M);
 242:.\main.c      ****         
 243:.\main.c      ****         Y_L_M = I2C_read(ACCEL_MAG_ADDR, OUT_Y_L_M);
 244:.\main.c      ****         Y_H_M = I2C_read(ACCEL_MAG_ADDR, OUT_Y_H_M);
 245:.\main.c      ****         Y_AXIS = convert_raw(Y_L_M, Y_H_M);
 246:.\main.c      ****         
 247:.\main.c      ****         Z_L_M = I2C_read(ACCEL_MAG_ADDR, OUT_Z_L_M);
 248:.\main.c      ****         Z_H_M = I2C_read(ACCEL_MAG_ADDR, OUT_Z_H_M);
 249:.\main.c      ****         Z_AXIS = convert_raw(Z_L_M, Z_H_M);
 250:.\main.c      ****         
 251:.\main.c      ****         heading(X_AXIS, Y_AXIS);
 252:.\main.c      ****        // printf("MAGNET: %d %d %d %d %d %d \r\n", X_L_M, X_H_M, Y_L_M, Y_H_M, Z_L_M, Z_H_M);
 253:.\main.c      ****         //printf("%d %d %d \r\n", X_AXIS,Y_AXIS, Z_AXIS);
 254:.\main.c      ****         CyDelay(50);
 255:.\main.c      ****           
 256:.\main.c      ****     }
 257:.\main.c      ****     ///----------------------------------------------------------*/
 258:.\main.c      **** }
 259:.\main.c      **** 
ARM GAS  C:\Users\ELEADM~1.000\AppData\Local\Temp\ccd88r42.s 			page 6


 260:.\main.c      ****     
 261:.\main.c      **** uint16 convert_raw(uint8 L, uint8 H)            // concatenation
 262:.\main.c      **** {
  27              		.loc 1 262 0
  28              		.cfi_startproc
  29              		@ args = 0, pretend = 0, frame = 0
  30              		@ frame_needed = 0, uses_anonymous_args = 0
  31              		@ link register save eliminated.
  32              	.LVL0:
 263:.\main.c      ****     uint16 raw;
 264:.\main.c      ****     raw = (int16)(L | H << 8);
 265:.\main.c      ****     
 266:.\main.c      ****     return raw;
 267:.\main.c      **** }
  33              		.loc 1 267 0
  34 0000 40EA0120 		orr	r0, r0, r1, lsl #8
  35              	.LVL1:
  36 0004 7047     		bx	lr
  37              		.cfi_endproc
  38              	.LFE64:
  39              		.size	convert_raw, .-convert_raw
  40 0006 00BF     		.section	.text.main,"ax",%progbits
  41              		.align	2
  42              		.global	main
  43              		.thumb
  44              		.thumb_func
  45              		.type	main, %function
  46              	main:
  47              	.LFB63:
  22:.\main.c      ****     CyGlobalIntEnable; 
  48              		.loc 1 22 0
  49              		.cfi_startproc
  50              		@ args = 0, pretend = 0, frame = 0
  51              		@ frame_needed = 0, uses_anonymous_args = 0
  52 0000 70B5     		push	{r4, r5, r6, lr}
  53              		.cfi_def_cfa_offset 16
  54              		.cfi_offset 4, -16
  55              		.cfi_offset 5, -12
  56              		.cfi_offset 6, -8
  57              		.cfi_offset 14, -4
  23:.\main.c      ****     UART_Start();
  58              		.loc 1 23 0
  59              	@ 23 ".\main.c" 1
  60 0002 62B6     		CPSIE   i
  61              	@ 0 "" 2
  24:.\main.c      ****     printf("Start\r\n");
  62              		.loc 1 24 0
  63              		.thumb
  64 0004 FFF7FEFF 		bl	UART_Start
  65              	.LVL2:
  25:.\main.c      ****     
  66              		.loc 1 25 0
  67 0008 2148     		ldr	r0, .L5
  68 000a FFF7FEFF 		bl	puts
  69              	.LVL3:
  99:.\main.c      ****   
  70              		.loc 1 99 0
ARM GAS  C:\Users\ELEADM~1.000\AppData\Local\Temp\ccd88r42.s 			page 7


  71 000e FFF7FEFF 		bl	I2C_Start
  72              	.LVL4:
 104:.\main.c      ****     I2C_write(ACCEL_MAG_ADDR, ACCEL_CTRL7_REG, 0x22);
  73              		.loc 1 104 0
  74 0012 1D20     		movs	r0, #29
  75 0014 2021     		movs	r1, #32
  76 0016 3722     		movs	r2, #55
  77 0018 FFF7FEFF 		bl	I2C_write
  78              	.LVL5:
 105:.\main.c      ****     
  79              		.loc 1 105 0
  80 001c 1D20     		movs	r0, #29
  81 001e 2621     		movs	r1, #38
  82 0020 2222     		movs	r2, #34
  83 0022 FFF7FEFF 		bl	I2C_write
  84              	.LVL6:
  85              	.L3:
 111:.\main.c      ****         X_H_A = I2C_read(ACCEL_MAG_ADDR, OUT_X_H_A);
  86              		.loc 1 111 0 discriminator 1
  87 0026 1D20     		movs	r0, #29
  88 0028 2821     		movs	r1, #40
  89 002a FFF7FEFF 		bl	I2C_read
  90              	.LVL7:
  91 002e 0446     		mov	r4, r0
  92              	.LVL8:
 112:.\main.c      ****         X_AXIS = convert_raw(X_L_A, X_H_A);
  93              		.loc 1 112 0 discriminator 1
  94 0030 1D20     		movs	r0, #29
  95 0032 2921     		movs	r1, #41
  96 0034 FFF7FEFF 		bl	I2C_read
  97              	.LVL9:
  98 0038 0146     		mov	r1, r0
  99              	.LVL10:
 113:.\main.c      ****         
 100              		.loc 1 113 0 discriminator 1
 101 003a 2046     		mov	r0, r4
 102 003c FFF7FEFF 		bl	convert_raw
 103              	.LVL11:
 104 0040 0546     		mov	r5, r0
 105              	.LVL12:
 115:.\main.c      ****         Y_H_A = I2C_read(ACCEL_MAG_ADDR, OUT_Y_H_A);
 106              		.loc 1 115 0 discriminator 1
 107 0042 1D20     		movs	r0, #29
 108 0044 2A21     		movs	r1, #42
 109 0046 FFF7FEFF 		bl	I2C_read
 110              	.LVL13:
 111 004a 0446     		mov	r4, r0
 112              	.LVL14:
 116:.\main.c      ****         Y_AXIS = convert_raw(Y_L_A, Y_H_A);
 113              		.loc 1 116 0 discriminator 1
 114 004c 1D20     		movs	r0, #29
 115 004e 2B21     		movs	r1, #43
 116 0050 FFF7FEFF 		bl	I2C_read
 117              	.LVL15:
 118 0054 0146     		mov	r1, r0
 119              	.LVL16:
 117:.\main.c      ****         
ARM GAS  C:\Users\ELEADM~1.000\AppData\Local\Temp\ccd88r42.s 			page 8


 120              		.loc 1 117 0 discriminator 1
 121 0056 2046     		mov	r0, r4
 122 0058 FFF7FEFF 		bl	convert_raw
 123              	.LVL17:
 124 005c 0446     		mov	r4, r0
 125              	.LVL18:
 119:.\main.c      ****         Z_H_A = I2C_read(ACCEL_MAG_ADDR, OUT_Z_H_A);
 126              		.loc 1 119 0 discriminator 1
 127 005e 1D20     		movs	r0, #29
 128 0060 2C21     		movs	r1, #44
 129 0062 FFF7FEFF 		bl	I2C_read
 130              	.LVL19:
 131 0066 0646     		mov	r6, r0
 132              	.LVL20:
 120:.\main.c      ****         Z_AXIS = convert_raw(Z_L_A, Z_H_A);
 133              		.loc 1 120 0 discriminator 1
 134 0068 1D20     		movs	r0, #29
 135 006a 2D21     		movs	r1, #45
 136 006c FFF7FEFF 		bl	I2C_read
 137              	.LVL21:
 138 0070 0146     		mov	r1, r0
 139              	.LVL22:
 121:.\main.c      ****         
 140              		.loc 1 121 0 discriminator 1
 141 0072 3046     		mov	r0, r6
 142 0074 FFF7FEFF 		bl	convert_raw
 143              	.LVL23:
 144 0078 0246     		mov	r2, r0
 145              	.LVL24:
 124:.\main.c      ****         printf("\n");
 146              		.loc 1 124 0 discriminator 1
 147 007a 2846     		mov	r0, r5
 148 007c 2146     		mov	r1, r4
 149 007e FFF7FEFF 		bl	value_convert_accel
 150              	.LVL25:
 125:.\main.c      ****         
 151              		.loc 1 125 0 discriminator 1
 152 0082 0A20     		movs	r0, #10
 153 0084 FFF7FEFF 		bl	putchar
 154              	.LVL26:
 127:.\main.c      ****     }
 155              		.loc 1 127 0 discriminator 1
 156 0088 3220     		movs	r0, #50
 157 008a FFF7FEFF 		bl	CyDelay
 158              	.LVL27:
 128:.\main.c      ****     ///---------------------------------------------------------- 
 159              		.loc 1 128 0 discriminator 1
 160 008e CAE7     		b	.L3
 161              	.L6:
 162              		.align	2
 163              	.L5:
 164 0090 00000000 		.word	.LC0
 165              		.cfi_endproc
 166              	.LFE63:
 167              		.size	main, .-main
 168              		.section	.text._write,"ax",%progbits
 169              		.align	2
ARM GAS  C:\Users\ELEADM~1.000\AppData\Local\Temp\ccd88r42.s 			page 9


 170              		.global	_write
 171              		.thumb
 172              		.thumb_func
 173              		.type	_write, %function
 174              	_write:
 175              	.LFB65:
 268:.\main.c      **** 
 269:.\main.c      **** 
 270:.\main.c      **** #if 0
 271:.\main.c      **** int rread(void)
 272:.\main.c      **** {
 273:.\main.c      ****     SC0_SetDriveMode(PIN_DM_STRONG);
 274:.\main.c      ****     SC0_Write(1);
 275:.\main.c      ****     CyDelayUs(10);
 276:.\main.c      ****     SC0_SetDriveMode(PIN_DM_DIG_HIZ);
 277:.\main.c      ****     Timer_1_Start();
 278:.\main.c      ****     uint16_t start = Timer_1_ReadCounter();
 279:.\main.c      ****     uint16_t end = 0;
 280:.\main.c      ****     while(!(Timer_1_ReadStatusRegister() & Timer_1_STATUS_TC)) {
 281:.\main.c      ****         if(SC0_Read() == 0 && end == 0) {
 282:.\main.c      ****             end = Timer_1_ReadCounter();
 283:.\main.c      ****         }
 284:.\main.c      ****     }
 285:.\main.c      ****     Timer_1_Stop();
 286:.\main.c      ****     
 287:.\main.c      ****     return (start - end);
 288:.\main.c      **** }
 289:.\main.c      **** #endif
 290:.\main.c      **** 
 291:.\main.c      **** int _write(int file, char *ptr, int len)
 292:.\main.c      **** {
 176              		.loc 1 292 0
 177              		.cfi_startproc
 178              		@ args = 0, pretend = 0, frame = 0
 179              		@ frame_needed = 0, uses_anonymous_args = 0
 180              	.LVL28:
 181 0000 70B5     		push	{r4, r5, r6, lr}
 182              		.cfi_def_cfa_offset 16
 183              		.cfi_offset 4, -16
 184              		.cfi_offset 5, -12
 185              		.cfi_offset 6, -8
 186              		.cfi_offset 14, -4
 187 0002 1646     		mov	r6, r2
 188              	.LVL29:
 293:.\main.c      ****     (void) file;
 294:.\main.c      **** 	int n;
 295:.\main.c      **** 	for(n = 0; n < len; n++) {
 189              		.loc 1 295 0
 190 0004 0024     		movs	r4, #0
 191 0006 05E0     		b	.L8
 192              	.LVL30:
 193              	.L9:
 296:.\main.c      **** 		UART_PutChar(*ptr++);
 194              		.loc 1 296 0 discriminator 3
 195 0008 4D1C     		adds	r5, r1, #1
 196              	.LVL31:
 197 000a 0878     		ldrb	r0, [r1]	@ zero_extendqisi2
ARM GAS  C:\Users\ELEADM~1.000\AppData\Local\Temp\ccd88r42.s 			page 10


 198 000c FFF7FEFF 		bl	UART_PutChar
 199              	.LVL32:
 295:.\main.c      **** 		UART_PutChar(*ptr++);
 200              		.loc 1 295 0 discriminator 3
 201 0010 0134     		adds	r4, r4, #1
 202              	.LVL33:
 203              		.loc 1 296 0 discriminator 3
 204 0012 2946     		mov	r1, r5
 205              	.LVL34:
 206              	.L8:
 295:.\main.c      **** 		UART_PutChar(*ptr++);
 207              		.loc 1 295 0 discriminator 1
 208 0014 B442     		cmp	r4, r6
 209 0016 F7DB     		blt	.L9
 297:.\main.c      **** 	}
 298:.\main.c      **** 	return len;
 299:.\main.c      **** }
 210              		.loc 1 299 0
 211 0018 3046     		mov	r0, r6
 212 001a 70BD     		pop	{r4, r5, r6, pc}
 213              		.cfi_endproc
 214              	.LFE65:
 215              		.size	_write, .-_write
 216              		.comm	digital_sensor_value,8,4
 217              		.comm	sensors,8,4
 218              		.section	.rodata.str1.4,"aMS",%progbits,1
 219              		.align	2
 220              	.LC0:
 221 0000 53746172 		.ascii	"Start\015\000"
 221      740D00
 222 0007 00       		.text
 223              	.Letext0:
 224              		.file 2 "c:\\program files (x86)\\cypress\\psoc creator\\3.3\\psoc creator\\import\\gnu\\arm\\4.9.
 225              		.file 3 "c:\\program files (x86)\\cypress\\psoc creator\\3.3\\psoc creator\\import\\gnu\\arm\\4.9.
 226              		.file 4 "Generated_Source\\PSoC5/cytypes.h"
 227              		.file 5 ".\\Reflectance.h"
 228              		.file 6 "Generated_Source\\PSoC5/core_cm3.h"
 229              		.file 7 "Generated_Source\\PSoC5/UART.h"
 230              		.file 8 "Generated_Source\\PSoC5/I2C.h"
 231              		.file 9 ".\\I2C_made.h"
 232              		.file 10 ".\\Accel_magnet.h"
 233              		.file 11 "<built-in>"
 234              		.file 12 "Generated_Source\\PSoC5/CyLib.h"
 235              		.section	.debug_info,"",%progbits
 236              	.Ldebug_info0:
 237 0000 0D050000 		.4byte	0x50d
 238 0004 0400     		.2byte	0x4
 239 0006 00000000 		.4byte	.Ldebug_abbrev0
 240 000a 04       		.byte	0x4
 241 000b 01       		.uleb128 0x1
 242 000c C8010000 		.4byte	.LASF48
 243 0010 01       		.byte	0x1
 244 0011 B5020000 		.4byte	.LASF49
 245 0015 31010000 		.4byte	.LASF50
 246 0019 00000000 		.4byte	.Ldebug_ranges0+0
 247 001d 00000000 		.4byte	0
 248 0021 00000000 		.4byte	.Ldebug_line0
ARM GAS  C:\Users\ELEADM~1.000\AppData\Local\Temp\ccd88r42.s 			page 11


 249 0025 02       		.uleb128 0x2
 250 0026 01       		.byte	0x1
 251 0027 06       		.byte	0x6
 252 0028 0E010000 		.4byte	.LASF0
 253 002c 02       		.uleb128 0x2
 254 002d 01       		.byte	0x1
 255 002e 08       		.byte	0x8
 256 002f F3000000 		.4byte	.LASF1
 257 0033 02       		.uleb128 0x2
 258 0034 02       		.byte	0x2
 259 0035 05       		.byte	0x5
 260 0036 3F000000 		.4byte	.LASF2
 261 003a 03       		.uleb128 0x3
 262 003b 85000000 		.4byte	.LASF4
 263 003f 02       		.byte	0x2
 264 0040 2B       		.byte	0x2b
 265 0041 45000000 		.4byte	0x45
 266 0045 02       		.uleb128 0x2
 267 0046 02       		.byte	0x2
 268 0047 07       		.byte	0x7
 269 0048 A0010000 		.4byte	.LASF3
 270 004c 03       		.uleb128 0x3
 271 004d BE020000 		.4byte	.LASF5
 272 0051 02       		.byte	0x2
 273 0052 3F       		.byte	0x3f
 274 0053 57000000 		.4byte	0x57
 275 0057 02       		.uleb128 0x2
 276 0058 04       		.byte	0x4
 277 0059 05       		.byte	0x5
 278 005a C1000000 		.4byte	.LASF6
 279 005e 02       		.uleb128 0x2
 280 005f 04       		.byte	0x4
 281 0060 07       		.byte	0x7
 282 0061 96020000 		.4byte	.LASF7
 283 0065 02       		.uleb128 0x2
 284 0066 08       		.byte	0x8
 285 0067 05       		.byte	0x5
 286 0068 AE000000 		.4byte	.LASF8
 287 006c 02       		.uleb128 0x2
 288 006d 08       		.byte	0x8
 289 006e 07       		.byte	0x7
 290 006f 1A010000 		.4byte	.LASF9
 291 0073 04       		.uleb128 0x4
 292 0074 04       		.byte	0x4
 293 0075 05       		.byte	0x5
 294 0076 696E7400 		.ascii	"int\000"
 295 007a 02       		.uleb128 0x2
 296 007b 04       		.byte	0x4
 297 007c 07       		.byte	0x7
 298 007d 85010000 		.4byte	.LASF10
 299 0081 03       		.uleb128 0x3
 300 0082 92010000 		.4byte	.LASF11
 301 0086 03       		.byte	0x3
 302 0087 21       		.byte	0x21
 303 0088 3A000000 		.4byte	0x3a
 304 008c 03       		.uleb128 0x3
 305 008d 66020000 		.4byte	.LASF12
ARM GAS  C:\Users\ELEADM~1.000\AppData\Local\Temp\ccd88r42.s 			page 12


 306 0091 03       		.byte	0x3
 307 0092 2C       		.byte	0x2c
 308 0093 4C000000 		.4byte	0x4c
 309 0097 05       		.uleb128 0x5
 310 0098 A2000000 		.4byte	.LASF13
 311 009c 04       		.byte	0x4
 312 009d 3801     		.2byte	0x138
 313 009f 2C000000 		.4byte	0x2c
 314 00a3 05       		.uleb128 0x5
 315 00a4 95000000 		.4byte	.LASF14
 316 00a8 04       		.byte	0x4
 317 00a9 3901     		.2byte	0x139
 318 00ab 45000000 		.4byte	0x45
 319 00af 05       		.uleb128 0x5
 320 00b0 8F020000 		.4byte	.LASF15
 321 00b4 04       		.byte	0x4
 322 00b5 3A01     		.2byte	0x13a
 323 00b7 5E000000 		.4byte	0x5e
 324 00bb 05       		.uleb128 0x5
 325 00bc 9C000000 		.4byte	.LASF16
 326 00c0 04       		.byte	0x4
 327 00c1 3C01     		.2byte	0x13c
 328 00c3 33000000 		.4byte	0x33
 329 00c7 02       		.uleb128 0x2
 330 00c8 04       		.byte	0x4
 331 00c9 04       		.byte	0x4
 332 00ca A8000000 		.4byte	.LASF17
 333 00ce 02       		.uleb128 0x2
 334 00cf 08       		.byte	0x8
 335 00d0 04       		.byte	0x4
 336 00d1 A8020000 		.4byte	.LASF18
 337 00d5 02       		.uleb128 0x2
 338 00d6 01       		.byte	0x1
 339 00d7 08       		.byte	0x8
 340 00d8 BC000000 		.4byte	.LASF19
 341 00dc 02       		.uleb128 0x2
 342 00dd 04       		.byte	0x4
 343 00de 07       		.byte	0x7
 344 00df 49000000 		.4byte	.LASF20
 345 00e3 06       		.uleb128 0x6
 346 00e4 04       		.byte	0x4
 347 00e5 D5000000 		.4byte	0xd5
 348 00e9 06       		.uleb128 0x6
 349 00ea 04       		.byte	0x4
 350 00eb EF000000 		.4byte	0xef
 351 00ef 07       		.uleb128 0x7
 352 00f0 D5000000 		.4byte	0xd5
 353 00f4 08       		.uleb128 0x8
 354 00f5 86020000 		.4byte	.LASF21
 355 00f9 08       		.byte	0x8
 356 00fa 05       		.byte	0x5
 357 00fb 0A       		.byte	0xa
 358 00fc 2D010000 		.4byte	0x12d
 359 0100 09       		.uleb128 0x9
 360 0101 6C6C00   		.ascii	"ll\000"
 361 0104 05       		.byte	0x5
 362 0105 0B       		.byte	0xb
ARM GAS  C:\Users\ELEADM~1.000\AppData\Local\Temp\ccd88r42.s 			page 13


 363 0106 81000000 		.4byte	0x81
 364 010a 00       		.byte	0
 365 010b 09       		.uleb128 0x9
 366 010c 6C7200   		.ascii	"lr\000"
 367 010f 05       		.byte	0x5
 368 0110 0D       		.byte	0xd
 369 0111 81000000 		.4byte	0x81
 370 0115 02       		.byte	0x2
 371 0116 09       		.uleb128 0x9
 372 0117 726C00   		.ascii	"rl\000"
 373 011a 05       		.byte	0x5
 374 011b 0E       		.byte	0xe
 375 011c 81000000 		.4byte	0x81
 376 0120 04       		.byte	0x4
 377 0121 09       		.uleb128 0x9
 378 0122 727200   		.ascii	"rr\000"
 379 0125 05       		.byte	0x5
 380 0126 10       		.byte	0x10
 381 0127 81000000 		.4byte	0x81
 382 012b 06       		.byte	0x6
 383 012c 00       		.byte	0
 384 012d 08       		.uleb128 0x8
 385 012e 1D000000 		.4byte	.LASF22
 386 0132 08       		.byte	0x8
 387 0133 05       		.byte	0x5
 388 0134 13       		.byte	0x13
 389 0135 66010000 		.4byte	0x166
 390 0139 09       		.uleb128 0x9
 391 013a 6C6C00   		.ascii	"ll\000"
 392 013d 05       		.byte	0x5
 393 013e 14       		.byte	0x14
 394 013f 81000000 		.4byte	0x81
 395 0143 00       		.byte	0
 396 0144 09       		.uleb128 0x9
 397 0145 6C7200   		.ascii	"lr\000"
 398 0148 05       		.byte	0x5
 399 0149 16       		.byte	0x16
 400 014a 81000000 		.4byte	0x81
 401 014e 02       		.byte	0x2
 402 014f 09       		.uleb128 0x9
 403 0150 726C00   		.ascii	"rl\000"
 404 0153 05       		.byte	0x5
 405 0154 17       		.byte	0x17
 406 0155 81000000 		.4byte	0x81
 407 0159 04       		.byte	0x4
 408 015a 09       		.uleb128 0x9
 409 015b 727200   		.ascii	"rr\000"
 410 015e 05       		.byte	0x5
 411 015f 19       		.byte	0x19
 412 0160 81000000 		.4byte	0x81
 413 0164 06       		.byte	0x6
 414 0165 00       		.byte	0
 415 0166 02       		.uleb128 0x2
 416 0167 08       		.byte	0x8
 417 0168 04       		.byte	0x4
 418 0169 E7000000 		.4byte	.LASF23
 419 016d 0A       		.uleb128 0xa
ARM GAS  C:\Users\ELEADM~1.000\AppData\Local\Temp\ccd88r42.s 			page 14


 420 016e 79000000 		.4byte	.LASF33
 421 0172 01       		.byte	0x1
 422 0173 0501     		.2byte	0x105
 423 0175 A3000000 		.4byte	0xa3
 424 0179 00000000 		.4byte	.LFB64
 425 017d 06000000 		.4byte	.LFE64-.LFB64
 426 0181 01       		.uleb128 0x1
 427 0182 9C       		.byte	0x9c
 428 0183 B2010000 		.4byte	0x1b2
 429 0187 0B       		.uleb128 0xb
 430 0188 4C00     		.ascii	"L\000"
 431 018a 01       		.byte	0x1
 432 018b 0501     		.2byte	0x105
 433 018d 97000000 		.4byte	0x97
 434 0191 00000000 		.4byte	.LLST0
 435 0195 0C       		.uleb128 0xc
 436 0196 4800     		.ascii	"H\000"
 437 0198 01       		.byte	0x1
 438 0199 0501     		.2byte	0x105
 439 019b 97000000 		.4byte	0x97
 440 019f 01       		.uleb128 0x1
 441 01a0 51       		.byte	0x51
 442 01a1 0D       		.uleb128 0xd
 443 01a2 72617700 		.ascii	"raw\000"
 444 01a6 01       		.byte	0x1
 445 01a7 0701     		.2byte	0x107
 446 01a9 A3000000 		.4byte	0xa3
 447 01ad 21000000 		.4byte	.LLST1
 448 01b1 00       		.byte	0
 449 01b2 0E       		.uleb128 0xe
 450 01b3 56020000 		.4byte	.LASF51
 451 01b7 01       		.byte	0x1
 452 01b8 15       		.byte	0x15
 453 01b9 73000000 		.4byte	0x73
 454 01bd 00000000 		.4byte	.LFB63
 455 01c1 94000000 		.4byte	.LFE63-.LFB63
 456 01c5 01       		.uleb128 0x1
 457 01c6 9C       		.byte	0x9c
 458 01c7 C3030000 		.4byte	0x3c3
 459 01cb 0F       		.uleb128 0xf
 460 01cc 39000000 		.4byte	.LASF24
 461 01d0 01       		.byte	0x1
 462 01d1 65       		.byte	0x65
 463 01d2 97000000 		.4byte	0x97
 464 01d6 3B000000 		.4byte	.LLST2
 465 01da 0F       		.uleb128 0xf
 466 01db AF020000 		.4byte	.LASF25
 467 01df 01       		.byte	0x1
 468 01e0 65       		.byte	0x65
 469 01e1 97000000 		.4byte	0x97
 470 01e5 4E000000 		.4byte	.LLST3
 471 01e9 0F       		.uleb128 0xf
 472 01ea 6E020000 		.4byte	.LASF26
 473 01ee 01       		.byte	0x1
 474 01ef 65       		.byte	0x65
 475 01f0 97000000 		.4byte	0x97
 476 01f4 61000000 		.4byte	.LLST4
ARM GAS  C:\Users\ELEADM~1.000\AppData\Local\Temp\ccd88r42.s 			page 15


 477 01f8 0F       		.uleb128 0xf
 478 01f9 6C000000 		.4byte	.LASF27
 479 01fd 01       		.byte	0x1
 480 01fe 65       		.byte	0x65
 481 01ff 97000000 		.4byte	0x97
 482 0203 74000000 		.4byte	.LLST5
 483 0207 10       		.uleb128 0x10
 484 0208 33000000 		.4byte	.LASF28
 485 020c 01       		.byte	0x1
 486 020d 65       		.byte	0x65
 487 020e 97000000 		.4byte	0x97
 488 0212 01       		.uleb128 0x1
 489 0213 56       		.byte	0x56
 490 0214 0F       		.uleb128 0xf
 491 0215 01010000 		.4byte	.LASF29
 492 0219 01       		.byte	0x1
 493 021a 65       		.byte	0x65
 494 021b 97000000 		.4byte	0x97
 495 021f 87000000 		.4byte	.LLST6
 496 0223 10       		.uleb128 0x10
 497 0224 07000000 		.4byte	.LASF30
 498 0228 01       		.byte	0x1
 499 0229 66       		.byte	0x66
 500 022a BB000000 		.4byte	0xbb
 501 022e 01       		.uleb128 0x1
 502 022f 55       		.byte	0x55
 503 0230 10       		.uleb128 0x10
 504 0231 07010000 		.4byte	.LASF31
 505 0235 01       		.byte	0x1
 506 0236 66       		.byte	0x66
 507 0237 BB000000 		.4byte	0xbb
 508 023b 01       		.uleb128 0x1
 509 023c 54       		.byte	0x54
 510 023d 0F       		.uleb128 0xf
 511 023e 00000000 		.4byte	.LASF32
 512 0242 01       		.byte	0x1
 513 0243 66       		.byte	0x66
 514 0244 BB000000 		.4byte	0xbb
 515 0248 9A000000 		.4byte	.LLST7
 516 024c 11       		.uleb128 0x11
 517 024d 08000000 		.4byte	.LVL2
 518 0251 62040000 		.4byte	0x462
 519 0255 12       		.uleb128 0x12
 520 0256 0E000000 		.4byte	.LVL3
 521 025a 69040000 		.4byte	0x469
 522 025e 6C020000 		.4byte	0x26c
 523 0262 13       		.uleb128 0x13
 524 0263 01       		.uleb128 0x1
 525 0264 50       		.byte	0x50
 526 0265 05       		.uleb128 0x5
 527 0266 03       		.byte	0x3
 528 0267 00000000 		.4byte	.LC0
 529 026b 00       		.byte	0
 530 026c 11       		.uleb128 0x11
 531 026d 12000000 		.4byte	.LVL4
 532 0271 82040000 		.4byte	0x482
 533 0275 12       		.uleb128 0x12
ARM GAS  C:\Users\ELEADM~1.000\AppData\Local\Temp\ccd88r42.s 			page 16


 534 0276 1C000000 		.4byte	.LVL5
 535 027a 89040000 		.4byte	0x489
 536 027e 94020000 		.4byte	0x294
 537 0282 13       		.uleb128 0x13
 538 0283 01       		.uleb128 0x1
 539 0284 52       		.byte	0x52
 540 0285 02       		.uleb128 0x2
 541 0286 08       		.byte	0x8
 542 0287 37       		.byte	0x37
 543 0288 13       		.uleb128 0x13
 544 0289 01       		.uleb128 0x1
 545 028a 51       		.byte	0x51
 546 028b 02       		.uleb128 0x2
 547 028c 08       		.byte	0x8
 548 028d 20       		.byte	0x20
 549 028e 13       		.uleb128 0x13
 550 028f 01       		.uleb128 0x1
 551 0290 50       		.byte	0x50
 552 0291 01       		.uleb128 0x1
 553 0292 4D       		.byte	0x4d
 554 0293 00       		.byte	0
 555 0294 12       		.uleb128 0x12
 556 0295 26000000 		.4byte	.LVL6
 557 0299 89040000 		.4byte	0x489
 558 029d B3020000 		.4byte	0x2b3
 559 02a1 13       		.uleb128 0x13
 560 02a2 01       		.uleb128 0x1
 561 02a3 52       		.byte	0x52
 562 02a4 02       		.uleb128 0x2
 563 02a5 08       		.byte	0x8
 564 02a6 22       		.byte	0x22
 565 02a7 13       		.uleb128 0x13
 566 02a8 01       		.uleb128 0x1
 567 02a9 51       		.byte	0x51
 568 02aa 02       		.uleb128 0x2
 569 02ab 08       		.byte	0x8
 570 02ac 26       		.byte	0x26
 571 02ad 13       		.uleb128 0x13
 572 02ae 01       		.uleb128 0x1
 573 02af 50       		.byte	0x50
 574 02b0 01       		.uleb128 0x1
 575 02b1 4D       		.byte	0x4d
 576 02b2 00       		.byte	0
 577 02b3 12       		.uleb128 0x12
 578 02b4 2E000000 		.4byte	.LVL7
 579 02b8 A4040000 		.4byte	0x4a4
 580 02bc CC020000 		.4byte	0x2cc
 581 02c0 13       		.uleb128 0x13
 582 02c1 01       		.uleb128 0x1
 583 02c2 51       		.byte	0x51
 584 02c3 02       		.uleb128 0x2
 585 02c4 08       		.byte	0x8
 586 02c5 28       		.byte	0x28
 587 02c6 13       		.uleb128 0x13
 588 02c7 01       		.uleb128 0x1
 589 02c8 50       		.byte	0x50
 590 02c9 01       		.uleb128 0x1
ARM GAS  C:\Users\ELEADM~1.000\AppData\Local\Temp\ccd88r42.s 			page 17


 591 02ca 4D       		.byte	0x4d
 592 02cb 00       		.byte	0
 593 02cc 12       		.uleb128 0x12
 594 02cd 38000000 		.4byte	.LVL9
 595 02d1 A4040000 		.4byte	0x4a4
 596 02d5 E5020000 		.4byte	0x2e5
 597 02d9 13       		.uleb128 0x13
 598 02da 01       		.uleb128 0x1
 599 02db 51       		.byte	0x51
 600 02dc 02       		.uleb128 0x2
 601 02dd 08       		.byte	0x8
 602 02de 29       		.byte	0x29
 603 02df 13       		.uleb128 0x13
 604 02e0 01       		.uleb128 0x1
 605 02e1 50       		.byte	0x50
 606 02e2 01       		.uleb128 0x1
 607 02e3 4D       		.byte	0x4d
 608 02e4 00       		.byte	0
 609 02e5 12       		.uleb128 0x12
 610 02e6 40000000 		.4byte	.LVL11
 611 02ea 6D010000 		.4byte	0x16d
 612 02ee F9020000 		.4byte	0x2f9
 613 02f2 13       		.uleb128 0x13
 614 02f3 01       		.uleb128 0x1
 615 02f4 50       		.byte	0x50
 616 02f5 02       		.uleb128 0x2
 617 02f6 74       		.byte	0x74
 618 02f7 00       		.sleb128 0
 619 02f8 00       		.byte	0
 620 02f9 12       		.uleb128 0x12
 621 02fa 4A000000 		.4byte	.LVL13
 622 02fe A4040000 		.4byte	0x4a4
 623 0302 12030000 		.4byte	0x312
 624 0306 13       		.uleb128 0x13
 625 0307 01       		.uleb128 0x1
 626 0308 51       		.byte	0x51
 627 0309 02       		.uleb128 0x2
 628 030a 08       		.byte	0x8
 629 030b 2A       		.byte	0x2a
 630 030c 13       		.uleb128 0x13
 631 030d 01       		.uleb128 0x1
 632 030e 50       		.byte	0x50
 633 030f 01       		.uleb128 0x1
 634 0310 4D       		.byte	0x4d
 635 0311 00       		.byte	0
 636 0312 12       		.uleb128 0x12
 637 0313 54000000 		.4byte	.LVL15
 638 0317 A4040000 		.4byte	0x4a4
 639 031b 2B030000 		.4byte	0x32b
 640 031f 13       		.uleb128 0x13
 641 0320 01       		.uleb128 0x1
 642 0321 51       		.byte	0x51
 643 0322 02       		.uleb128 0x2
 644 0323 08       		.byte	0x8
 645 0324 2B       		.byte	0x2b
 646 0325 13       		.uleb128 0x13
 647 0326 01       		.uleb128 0x1
ARM GAS  C:\Users\ELEADM~1.000\AppData\Local\Temp\ccd88r42.s 			page 18


 648 0327 50       		.byte	0x50
 649 0328 01       		.uleb128 0x1
 650 0329 4D       		.byte	0x4d
 651 032a 00       		.byte	0
 652 032b 12       		.uleb128 0x12
 653 032c 5C000000 		.4byte	.LVL17
 654 0330 6D010000 		.4byte	0x16d
 655 0334 3F030000 		.4byte	0x33f
 656 0338 13       		.uleb128 0x13
 657 0339 01       		.uleb128 0x1
 658 033a 50       		.byte	0x50
 659 033b 02       		.uleb128 0x2
 660 033c 74       		.byte	0x74
 661 033d 00       		.sleb128 0
 662 033e 00       		.byte	0
 663 033f 12       		.uleb128 0x12
 664 0340 66000000 		.4byte	.LVL19
 665 0344 A4040000 		.4byte	0x4a4
 666 0348 58030000 		.4byte	0x358
 667 034c 13       		.uleb128 0x13
 668 034d 01       		.uleb128 0x1
 669 034e 51       		.byte	0x51
 670 034f 02       		.uleb128 0x2
 671 0350 08       		.byte	0x8
 672 0351 2C       		.byte	0x2c
 673 0352 13       		.uleb128 0x13
 674 0353 01       		.uleb128 0x1
 675 0354 50       		.byte	0x50
 676 0355 01       		.uleb128 0x1
 677 0356 4D       		.byte	0x4d
 678 0357 00       		.byte	0
 679 0358 12       		.uleb128 0x12
 680 0359 70000000 		.4byte	.LVL21
 681 035d A4040000 		.4byte	0x4a4
 682 0361 71030000 		.4byte	0x371
 683 0365 13       		.uleb128 0x13
 684 0366 01       		.uleb128 0x1
 685 0367 51       		.byte	0x51
 686 0368 02       		.uleb128 0x2
 687 0369 08       		.byte	0x8
 688 036a 2D       		.byte	0x2d
 689 036b 13       		.uleb128 0x13
 690 036c 01       		.uleb128 0x1
 691 036d 50       		.byte	0x50
 692 036e 01       		.uleb128 0x1
 693 036f 4D       		.byte	0x4d
 694 0370 00       		.byte	0
 695 0371 12       		.uleb128 0x12
 696 0372 78000000 		.4byte	.LVL23
 697 0376 6D010000 		.4byte	0x16d
 698 037a 85030000 		.4byte	0x385
 699 037e 13       		.uleb128 0x13
 700 037f 01       		.uleb128 0x1
 701 0380 50       		.byte	0x50
 702 0381 02       		.uleb128 0x2
 703 0382 76       		.byte	0x76
 704 0383 00       		.sleb128 0
ARM GAS  C:\Users\ELEADM~1.000\AppData\Local\Temp\ccd88r42.s 			page 19


 705 0384 00       		.byte	0
 706 0385 12       		.uleb128 0x12
 707 0386 82000000 		.4byte	.LVL25
 708 038a BE040000 		.4byte	0x4be
 709 038e 9F030000 		.4byte	0x39f
 710 0392 13       		.uleb128 0x13
 711 0393 01       		.uleb128 0x1
 712 0394 51       		.byte	0x51
 713 0395 02       		.uleb128 0x2
 714 0396 74       		.byte	0x74
 715 0397 00       		.sleb128 0
 716 0398 13       		.uleb128 0x13
 717 0399 01       		.uleb128 0x1
 718 039a 50       		.byte	0x50
 719 039b 02       		.uleb128 0x2
 720 039c 75       		.byte	0x75
 721 039d 00       		.sleb128 0
 722 039e 00       		.byte	0
 723 039f 12       		.uleb128 0x12
 724 03a0 88000000 		.4byte	.LVL26
 725 03a4 D9040000 		.4byte	0x4d9
 726 03a8 B2030000 		.4byte	0x3b2
 727 03ac 13       		.uleb128 0x13
 728 03ad 01       		.uleb128 0x1
 729 03ae 50       		.byte	0x50
 730 03af 01       		.uleb128 0x1
 731 03b0 3A       		.byte	0x3a
 732 03b1 00       		.byte	0
 733 03b2 14       		.uleb128 0x14
 734 03b3 8E000000 		.4byte	.LVL27
 735 03b7 F2040000 		.4byte	0x4f2
 736 03bb 13       		.uleb128 0x13
 737 03bc 01       		.uleb128 0x1
 738 03bd 50       		.byte	0x50
 739 03be 02       		.uleb128 0x2
 740 03bf 08       		.byte	0x8
 741 03c0 32       		.byte	0x32
 742 03c1 00       		.byte	0
 743 03c2 00       		.byte	0
 744 03c3 0A       		.uleb128 0xa
 745 03c4 72000000 		.4byte	.LASF34
 746 03c8 01       		.byte	0x1
 747 03c9 2301     		.2byte	0x123
 748 03cb 73000000 		.4byte	0x73
 749 03cf 00000000 		.4byte	.LFB65
 750 03d3 1C000000 		.4byte	.LFE65-.LFB65
 751 03d7 01       		.uleb128 0x1
 752 03d8 9C       		.byte	0x9c
 753 03d9 25040000 		.4byte	0x425
 754 03dd 15       		.uleb128 0x15
 755 03de 90000000 		.4byte	.LASF35
 756 03e2 01       		.byte	0x1
 757 03e3 2301     		.2byte	0x123
 758 03e5 73000000 		.4byte	0x73
 759 03e9 AD000000 		.4byte	.LLST8
 760 03ed 0B       		.uleb128 0xb
 761 03ee 70747200 		.ascii	"ptr\000"
ARM GAS  C:\Users\ELEADM~1.000\AppData\Local\Temp\ccd88r42.s 			page 20


 762 03f2 01       		.byte	0x1
 763 03f3 2301     		.2byte	0x123
 764 03f5 E3000000 		.4byte	0xe3
 765 03f9 CE000000 		.4byte	.LLST9
 766 03fd 0B       		.uleb128 0xb
 767 03fe 6C656E00 		.ascii	"len\000"
 768 0402 01       		.byte	0x1
 769 0403 2301     		.2byte	0x123
 770 0405 73000000 		.4byte	0x73
 771 0409 F7000000 		.4byte	.LLST10
 772 040d 0D       		.uleb128 0xd
 773 040e 6E00     		.ascii	"n\000"
 774 0410 01       		.byte	0x1
 775 0411 2601     		.2byte	0x126
 776 0413 73000000 		.4byte	0x73
 777 0417 15010000 		.4byte	.LLST11
 778 041b 11       		.uleb128 0x11
 779 041c 10000000 		.4byte	.LVL32
 780 0420 03050000 		.4byte	0x503
 781 0424 00       		.byte	0
 782 0425 16       		.uleb128 0x16
 783 0426 C8020000 		.4byte	.LASF36
 784 042a 06       		.byte	0x6
 785 042b 5506     		.2byte	0x655
 786 042d 31040000 		.4byte	0x431
 787 0431 17       		.uleb128 0x17
 788 0432 8C000000 		.4byte	0x8c
 789 0436 18       		.uleb128 0x18
 790 0437 64000000 		.4byte	.LASF37
 791 043b 05       		.byte	0x5
 792 043c 11       		.byte	0x11
 793 043d 47040000 		.4byte	0x447
 794 0441 05       		.uleb128 0x5
 795 0442 03       		.byte	0x3
 796 0443 00000000 		.4byte	sensors
 797 0447 17       		.uleb128 0x17
 798 0448 F4000000 		.4byte	0xf4
 799 044c 18       		.uleb128 0x18
 800 044d B3010000 		.4byte	.LASF38
 801 0451 05       		.byte	0x5
 802 0452 1A       		.byte	0x1a
 803 0453 5D040000 		.4byte	0x45d
 804 0457 05       		.uleb128 0x5
 805 0458 03       		.byte	0x3
 806 0459 00000000 		.4byte	digital_sensor_value
 807 045d 17       		.uleb128 0x17
 808 045e 2D010000 		.4byte	0x12d
 809 0462 19       		.uleb128 0x19
 810 0463 5B020000 		.4byte	.LASF39
 811 0467 07       		.byte	0x7
 812 0468 54       		.byte	0x54
 813 0469 1A       		.uleb128 0x1a
 814 046a 0E000000 		.4byte	.LASF43
 815 046e 0B       		.byte	0xb
 816 046f 00       		.byte	0
 817 0470 9B010000 		.4byte	.LASF45
 818 0474 73000000 		.4byte	0x73
ARM GAS  C:\Users\ELEADM~1.000\AppData\Local\Temp\ccd88r42.s 			page 21


 819 0478 82040000 		.4byte	0x482
 820 047c 1B       		.uleb128 0x1b
 821 047d E9000000 		.4byte	0xe9
 822 0481 00       		.byte	0
 823 0482 19       		.uleb128 0x19
 824 0483 DD020000 		.4byte	.LASF40
 825 0487 08       		.byte	0x8
 826 0488 93       		.byte	0x93
 827 0489 1C       		.uleb128 0x1c
 828 048a 52000000 		.4byte	.LASF41
 829 048e 09       		.byte	0x9
 830 048f 0D       		.byte	0xd
 831 0490 A4040000 		.4byte	0x4a4
 832 0494 1B       		.uleb128 0x1b
 833 0495 97000000 		.4byte	0x97
 834 0499 1B       		.uleb128 0x1b
 835 049a 97000000 		.4byte	0x97
 836 049e 1B       		.uleb128 0x1b
 837 049f 97000000 		.4byte	0x97
 838 04a3 00       		.byte	0
 839 04a4 1D       		.uleb128 0x1d
 840 04a5 DE000000 		.4byte	.LASF52
 841 04a9 09       		.byte	0x9
 842 04aa 0C       		.byte	0xc
 843 04ab 97000000 		.4byte	0x97
 844 04af BE040000 		.4byte	0x4be
 845 04b3 1B       		.uleb128 0x1b
 846 04b4 97000000 		.4byte	0x97
 847 04b8 1B       		.uleb128 0x1b
 848 04b9 97000000 		.4byte	0x97
 849 04bd 00       		.byte	0
 850 04be 1C       		.uleb128 0x1c
 851 04bf CA000000 		.4byte	.LASF42
 852 04c3 0A       		.byte	0xa
 853 04c4 0B       		.byte	0xb
 854 04c5 D9040000 		.4byte	0x4d9
 855 04c9 1B       		.uleb128 0x1b
 856 04ca A3000000 		.4byte	0xa3
 857 04ce 1B       		.uleb128 0x1b
 858 04cf A3000000 		.4byte	0xa3
 859 04d3 1B       		.uleb128 0x1b
 860 04d4 A3000000 		.4byte	0xa3
 861 04d8 00       		.byte	0
 862 04d9 1A       		.uleb128 0x1a
 863 04da 74020000 		.4byte	.LASF44
 864 04de 0B       		.byte	0xb
 865 04df 00       		.byte	0
 866 04e0 5C000000 		.4byte	.LASF46
 867 04e4 73000000 		.4byte	0x73
 868 04e8 F2040000 		.4byte	0x4f2
 869 04ec 1B       		.uleb128 0x1b
 870 04ed 73000000 		.4byte	0x73
 871 04f1 00       		.byte	0
 872 04f2 1C       		.uleb128 0x1c
 873 04f3 D5020000 		.4byte	.LASF47
 874 04f7 0C       		.byte	0xc
 875 04f8 77       		.byte	0x77
ARM GAS  C:\Users\ELEADM~1.000\AppData\Local\Temp\ccd88r42.s 			page 22


 876 04f9 03050000 		.4byte	0x503
 877 04fd 1B       		.uleb128 0x1b
 878 04fe AF000000 		.4byte	0xaf
 879 0502 00       		.byte	0
 880 0503 1E       		.uleb128 0x1e
 881 0504 E7020000 		.4byte	.LASF53
 882 0508 07       		.byte	0x7
 883 0509 8A       		.byte	0x8a
 884 050a 1B       		.uleb128 0x1b
 885 050b 97000000 		.4byte	0x97
 886 050f 00       		.byte	0
 887 0510 00       		.byte	0
 888              		.section	.debug_abbrev,"",%progbits
 889              	.Ldebug_abbrev0:
 890 0000 01       		.uleb128 0x1
 891 0001 11       		.uleb128 0x11
 892 0002 01       		.byte	0x1
 893 0003 25       		.uleb128 0x25
 894 0004 0E       		.uleb128 0xe
 895 0005 13       		.uleb128 0x13
 896 0006 0B       		.uleb128 0xb
 897 0007 03       		.uleb128 0x3
 898 0008 0E       		.uleb128 0xe
 899 0009 1B       		.uleb128 0x1b
 900 000a 0E       		.uleb128 0xe
 901 000b 55       		.uleb128 0x55
 902 000c 17       		.uleb128 0x17
 903 000d 11       		.uleb128 0x11
 904 000e 01       		.uleb128 0x1
 905 000f 10       		.uleb128 0x10
 906 0010 17       		.uleb128 0x17
 907 0011 00       		.byte	0
 908 0012 00       		.byte	0
 909 0013 02       		.uleb128 0x2
 910 0014 24       		.uleb128 0x24
 911 0015 00       		.byte	0
 912 0016 0B       		.uleb128 0xb
 913 0017 0B       		.uleb128 0xb
 914 0018 3E       		.uleb128 0x3e
 915 0019 0B       		.uleb128 0xb
 916 001a 03       		.uleb128 0x3
 917 001b 0E       		.uleb128 0xe
 918 001c 00       		.byte	0
 919 001d 00       		.byte	0
 920 001e 03       		.uleb128 0x3
 921 001f 16       		.uleb128 0x16
 922 0020 00       		.byte	0
 923 0021 03       		.uleb128 0x3
 924 0022 0E       		.uleb128 0xe
 925 0023 3A       		.uleb128 0x3a
 926 0024 0B       		.uleb128 0xb
 927 0025 3B       		.uleb128 0x3b
 928 0026 0B       		.uleb128 0xb
 929 0027 49       		.uleb128 0x49
 930 0028 13       		.uleb128 0x13
 931 0029 00       		.byte	0
 932 002a 00       		.byte	0
ARM GAS  C:\Users\ELEADM~1.000\AppData\Local\Temp\ccd88r42.s 			page 23


 933 002b 04       		.uleb128 0x4
 934 002c 24       		.uleb128 0x24
 935 002d 00       		.byte	0
 936 002e 0B       		.uleb128 0xb
 937 002f 0B       		.uleb128 0xb
 938 0030 3E       		.uleb128 0x3e
 939 0031 0B       		.uleb128 0xb
 940 0032 03       		.uleb128 0x3
 941 0033 08       		.uleb128 0x8
 942 0034 00       		.byte	0
 943 0035 00       		.byte	0
 944 0036 05       		.uleb128 0x5
 945 0037 16       		.uleb128 0x16
 946 0038 00       		.byte	0
 947 0039 03       		.uleb128 0x3
 948 003a 0E       		.uleb128 0xe
 949 003b 3A       		.uleb128 0x3a
 950 003c 0B       		.uleb128 0xb
 951 003d 3B       		.uleb128 0x3b
 952 003e 05       		.uleb128 0x5
 953 003f 49       		.uleb128 0x49
 954 0040 13       		.uleb128 0x13
 955 0041 00       		.byte	0
 956 0042 00       		.byte	0
 957 0043 06       		.uleb128 0x6
 958 0044 0F       		.uleb128 0xf
 959 0045 00       		.byte	0
 960 0046 0B       		.uleb128 0xb
 961 0047 0B       		.uleb128 0xb
 962 0048 49       		.uleb128 0x49
 963 0049 13       		.uleb128 0x13
 964 004a 00       		.byte	0
 965 004b 00       		.byte	0
 966 004c 07       		.uleb128 0x7
 967 004d 26       		.uleb128 0x26
 968 004e 00       		.byte	0
 969 004f 49       		.uleb128 0x49
 970 0050 13       		.uleb128 0x13
 971 0051 00       		.byte	0
 972 0052 00       		.byte	0
 973 0053 08       		.uleb128 0x8
 974 0054 13       		.uleb128 0x13
 975 0055 01       		.byte	0x1
 976 0056 03       		.uleb128 0x3
 977 0057 0E       		.uleb128 0xe
 978 0058 0B       		.uleb128 0xb
 979 0059 0B       		.uleb128 0xb
 980 005a 3A       		.uleb128 0x3a
 981 005b 0B       		.uleb128 0xb
 982 005c 3B       		.uleb128 0x3b
 983 005d 0B       		.uleb128 0xb
 984 005e 01       		.uleb128 0x1
 985 005f 13       		.uleb128 0x13
 986 0060 00       		.byte	0
 987 0061 00       		.byte	0
 988 0062 09       		.uleb128 0x9
 989 0063 0D       		.uleb128 0xd
ARM GAS  C:\Users\ELEADM~1.000\AppData\Local\Temp\ccd88r42.s 			page 24


 990 0064 00       		.byte	0
 991 0065 03       		.uleb128 0x3
 992 0066 08       		.uleb128 0x8
 993 0067 3A       		.uleb128 0x3a
 994 0068 0B       		.uleb128 0xb
 995 0069 3B       		.uleb128 0x3b
 996 006a 0B       		.uleb128 0xb
 997 006b 49       		.uleb128 0x49
 998 006c 13       		.uleb128 0x13
 999 006d 38       		.uleb128 0x38
 1000 006e 0B       		.uleb128 0xb
 1001 006f 00       		.byte	0
 1002 0070 00       		.byte	0
 1003 0071 0A       		.uleb128 0xa
 1004 0072 2E       		.uleb128 0x2e
 1005 0073 01       		.byte	0x1
 1006 0074 3F       		.uleb128 0x3f
 1007 0075 19       		.uleb128 0x19
 1008 0076 03       		.uleb128 0x3
 1009 0077 0E       		.uleb128 0xe
 1010 0078 3A       		.uleb128 0x3a
 1011 0079 0B       		.uleb128 0xb
 1012 007a 3B       		.uleb128 0x3b
 1013 007b 05       		.uleb128 0x5
 1014 007c 27       		.uleb128 0x27
 1015 007d 19       		.uleb128 0x19
 1016 007e 49       		.uleb128 0x49
 1017 007f 13       		.uleb128 0x13
 1018 0080 11       		.uleb128 0x11
 1019 0081 01       		.uleb128 0x1
 1020 0082 12       		.uleb128 0x12
 1021 0083 06       		.uleb128 0x6
 1022 0084 40       		.uleb128 0x40
 1023 0085 18       		.uleb128 0x18
 1024 0086 9742     		.uleb128 0x2117
 1025 0088 19       		.uleb128 0x19
 1026 0089 01       		.uleb128 0x1
 1027 008a 13       		.uleb128 0x13
 1028 008b 00       		.byte	0
 1029 008c 00       		.byte	0
 1030 008d 0B       		.uleb128 0xb
 1031 008e 05       		.uleb128 0x5
 1032 008f 00       		.byte	0
 1033 0090 03       		.uleb128 0x3
 1034 0091 08       		.uleb128 0x8
 1035 0092 3A       		.uleb128 0x3a
 1036 0093 0B       		.uleb128 0xb
 1037 0094 3B       		.uleb128 0x3b
 1038 0095 05       		.uleb128 0x5
 1039 0096 49       		.uleb128 0x49
 1040 0097 13       		.uleb128 0x13
 1041 0098 02       		.uleb128 0x2
 1042 0099 17       		.uleb128 0x17
 1043 009a 00       		.byte	0
 1044 009b 00       		.byte	0
 1045 009c 0C       		.uleb128 0xc
 1046 009d 05       		.uleb128 0x5
ARM GAS  C:\Users\ELEADM~1.000\AppData\Local\Temp\ccd88r42.s 			page 25


 1047 009e 00       		.byte	0
 1048 009f 03       		.uleb128 0x3
 1049 00a0 08       		.uleb128 0x8
 1050 00a1 3A       		.uleb128 0x3a
 1051 00a2 0B       		.uleb128 0xb
 1052 00a3 3B       		.uleb128 0x3b
 1053 00a4 05       		.uleb128 0x5
 1054 00a5 49       		.uleb128 0x49
 1055 00a6 13       		.uleb128 0x13
 1056 00a7 02       		.uleb128 0x2
 1057 00a8 18       		.uleb128 0x18
 1058 00a9 00       		.byte	0
 1059 00aa 00       		.byte	0
 1060 00ab 0D       		.uleb128 0xd
 1061 00ac 34       		.uleb128 0x34
 1062 00ad 00       		.byte	0
 1063 00ae 03       		.uleb128 0x3
 1064 00af 08       		.uleb128 0x8
 1065 00b0 3A       		.uleb128 0x3a
 1066 00b1 0B       		.uleb128 0xb
 1067 00b2 3B       		.uleb128 0x3b
 1068 00b3 05       		.uleb128 0x5
 1069 00b4 49       		.uleb128 0x49
 1070 00b5 13       		.uleb128 0x13
 1071 00b6 02       		.uleb128 0x2
 1072 00b7 17       		.uleb128 0x17
 1073 00b8 00       		.byte	0
 1074 00b9 00       		.byte	0
 1075 00ba 0E       		.uleb128 0xe
 1076 00bb 2E       		.uleb128 0x2e
 1077 00bc 01       		.byte	0x1
 1078 00bd 3F       		.uleb128 0x3f
 1079 00be 19       		.uleb128 0x19
 1080 00bf 03       		.uleb128 0x3
 1081 00c0 0E       		.uleb128 0xe
 1082 00c1 3A       		.uleb128 0x3a
 1083 00c2 0B       		.uleb128 0xb
 1084 00c3 3B       		.uleb128 0x3b
 1085 00c4 0B       		.uleb128 0xb
 1086 00c5 49       		.uleb128 0x49
 1087 00c6 13       		.uleb128 0x13
 1088 00c7 11       		.uleb128 0x11
 1089 00c8 01       		.uleb128 0x1
 1090 00c9 12       		.uleb128 0x12
 1091 00ca 06       		.uleb128 0x6
 1092 00cb 40       		.uleb128 0x40
 1093 00cc 18       		.uleb128 0x18
 1094 00cd 9742     		.uleb128 0x2117
 1095 00cf 19       		.uleb128 0x19
 1096 00d0 01       		.uleb128 0x1
 1097 00d1 13       		.uleb128 0x13
 1098 00d2 00       		.byte	0
 1099 00d3 00       		.byte	0
 1100 00d4 0F       		.uleb128 0xf
 1101 00d5 34       		.uleb128 0x34
 1102 00d6 00       		.byte	0
 1103 00d7 03       		.uleb128 0x3
ARM GAS  C:\Users\ELEADM~1.000\AppData\Local\Temp\ccd88r42.s 			page 26


 1104 00d8 0E       		.uleb128 0xe
 1105 00d9 3A       		.uleb128 0x3a
 1106 00da 0B       		.uleb128 0xb
 1107 00db 3B       		.uleb128 0x3b
 1108 00dc 0B       		.uleb128 0xb
 1109 00dd 49       		.uleb128 0x49
 1110 00de 13       		.uleb128 0x13
 1111 00df 02       		.uleb128 0x2
 1112 00e0 17       		.uleb128 0x17
 1113 00e1 00       		.byte	0
 1114 00e2 00       		.byte	0
 1115 00e3 10       		.uleb128 0x10
 1116 00e4 34       		.uleb128 0x34
 1117 00e5 00       		.byte	0
 1118 00e6 03       		.uleb128 0x3
 1119 00e7 0E       		.uleb128 0xe
 1120 00e8 3A       		.uleb128 0x3a
 1121 00e9 0B       		.uleb128 0xb
 1122 00ea 3B       		.uleb128 0x3b
 1123 00eb 0B       		.uleb128 0xb
 1124 00ec 49       		.uleb128 0x49
 1125 00ed 13       		.uleb128 0x13
 1126 00ee 02       		.uleb128 0x2
 1127 00ef 18       		.uleb128 0x18
 1128 00f0 00       		.byte	0
 1129 00f1 00       		.byte	0
 1130 00f2 11       		.uleb128 0x11
 1131 00f3 898201   		.uleb128 0x4109
 1132 00f6 00       		.byte	0
 1133 00f7 11       		.uleb128 0x11
 1134 00f8 01       		.uleb128 0x1
 1135 00f9 31       		.uleb128 0x31
 1136 00fa 13       		.uleb128 0x13
 1137 00fb 00       		.byte	0
 1138 00fc 00       		.byte	0
 1139 00fd 12       		.uleb128 0x12
 1140 00fe 898201   		.uleb128 0x4109
 1141 0101 01       		.byte	0x1
 1142 0102 11       		.uleb128 0x11
 1143 0103 01       		.uleb128 0x1
 1144 0104 31       		.uleb128 0x31
 1145 0105 13       		.uleb128 0x13
 1146 0106 01       		.uleb128 0x1
 1147 0107 13       		.uleb128 0x13
 1148 0108 00       		.byte	0
 1149 0109 00       		.byte	0
 1150 010a 13       		.uleb128 0x13
 1151 010b 8A8201   		.uleb128 0x410a
 1152 010e 00       		.byte	0
 1153 010f 02       		.uleb128 0x2
 1154 0110 18       		.uleb128 0x18
 1155 0111 9142     		.uleb128 0x2111
 1156 0113 18       		.uleb128 0x18
 1157 0114 00       		.byte	0
 1158 0115 00       		.byte	0
 1159 0116 14       		.uleb128 0x14
 1160 0117 898201   		.uleb128 0x4109
ARM GAS  C:\Users\ELEADM~1.000\AppData\Local\Temp\ccd88r42.s 			page 27


 1161 011a 01       		.byte	0x1
 1162 011b 11       		.uleb128 0x11
 1163 011c 01       		.uleb128 0x1
 1164 011d 31       		.uleb128 0x31
 1165 011e 13       		.uleb128 0x13
 1166 011f 00       		.byte	0
 1167 0120 00       		.byte	0
 1168 0121 15       		.uleb128 0x15
 1169 0122 05       		.uleb128 0x5
 1170 0123 00       		.byte	0
 1171 0124 03       		.uleb128 0x3
 1172 0125 0E       		.uleb128 0xe
 1173 0126 3A       		.uleb128 0x3a
 1174 0127 0B       		.uleb128 0xb
 1175 0128 3B       		.uleb128 0x3b
 1176 0129 05       		.uleb128 0x5
 1177 012a 49       		.uleb128 0x49
 1178 012b 13       		.uleb128 0x13
 1179 012c 02       		.uleb128 0x2
 1180 012d 17       		.uleb128 0x17
 1181 012e 00       		.byte	0
 1182 012f 00       		.byte	0
 1183 0130 16       		.uleb128 0x16
 1184 0131 34       		.uleb128 0x34
 1185 0132 00       		.byte	0
 1186 0133 03       		.uleb128 0x3
 1187 0134 0E       		.uleb128 0xe
 1188 0135 3A       		.uleb128 0x3a
 1189 0136 0B       		.uleb128 0xb
 1190 0137 3B       		.uleb128 0x3b
 1191 0138 05       		.uleb128 0x5
 1192 0139 49       		.uleb128 0x49
 1193 013a 13       		.uleb128 0x13
 1194 013b 3F       		.uleb128 0x3f
 1195 013c 19       		.uleb128 0x19
 1196 013d 3C       		.uleb128 0x3c
 1197 013e 19       		.uleb128 0x19
 1198 013f 00       		.byte	0
 1199 0140 00       		.byte	0
 1200 0141 17       		.uleb128 0x17
 1201 0142 35       		.uleb128 0x35
 1202 0143 00       		.byte	0
 1203 0144 49       		.uleb128 0x49
 1204 0145 13       		.uleb128 0x13
 1205 0146 00       		.byte	0
 1206 0147 00       		.byte	0
 1207 0148 18       		.uleb128 0x18
 1208 0149 34       		.uleb128 0x34
 1209 014a 00       		.byte	0
 1210 014b 03       		.uleb128 0x3
 1211 014c 0E       		.uleb128 0xe
 1212 014d 3A       		.uleb128 0x3a
 1213 014e 0B       		.uleb128 0xb
 1214 014f 3B       		.uleb128 0x3b
 1215 0150 0B       		.uleb128 0xb
 1216 0151 49       		.uleb128 0x49
 1217 0152 13       		.uleb128 0x13
ARM GAS  C:\Users\ELEADM~1.000\AppData\Local\Temp\ccd88r42.s 			page 28


 1218 0153 3F       		.uleb128 0x3f
 1219 0154 19       		.uleb128 0x19
 1220 0155 02       		.uleb128 0x2
 1221 0156 18       		.uleb128 0x18
 1222 0157 00       		.byte	0
 1223 0158 00       		.byte	0
 1224 0159 19       		.uleb128 0x19
 1225 015a 2E       		.uleb128 0x2e
 1226 015b 00       		.byte	0
 1227 015c 3F       		.uleb128 0x3f
 1228 015d 19       		.uleb128 0x19
 1229 015e 03       		.uleb128 0x3
 1230 015f 0E       		.uleb128 0xe
 1231 0160 3A       		.uleb128 0x3a
 1232 0161 0B       		.uleb128 0xb
 1233 0162 3B       		.uleb128 0x3b
 1234 0163 0B       		.uleb128 0xb
 1235 0164 27       		.uleb128 0x27
 1236 0165 19       		.uleb128 0x19
 1237 0166 3C       		.uleb128 0x3c
 1238 0167 19       		.uleb128 0x19
 1239 0168 00       		.byte	0
 1240 0169 00       		.byte	0
 1241 016a 1A       		.uleb128 0x1a
 1242 016b 2E       		.uleb128 0x2e
 1243 016c 01       		.byte	0x1
 1244 016d 3F       		.uleb128 0x3f
 1245 016e 19       		.uleb128 0x19
 1246 016f 03       		.uleb128 0x3
 1247 0170 0E       		.uleb128 0xe
 1248 0171 3A       		.uleb128 0x3a
 1249 0172 0B       		.uleb128 0xb
 1250 0173 3B       		.uleb128 0x3b
 1251 0174 0B       		.uleb128 0xb
 1252 0175 6E       		.uleb128 0x6e
 1253 0176 0E       		.uleb128 0xe
 1254 0177 27       		.uleb128 0x27
 1255 0178 19       		.uleb128 0x19
 1256 0179 49       		.uleb128 0x49
 1257 017a 13       		.uleb128 0x13
 1258 017b 3C       		.uleb128 0x3c
 1259 017c 19       		.uleb128 0x19
 1260 017d 01       		.uleb128 0x1
 1261 017e 13       		.uleb128 0x13
 1262 017f 00       		.byte	0
 1263 0180 00       		.byte	0
 1264 0181 1B       		.uleb128 0x1b
 1265 0182 05       		.uleb128 0x5
 1266 0183 00       		.byte	0
 1267 0184 49       		.uleb128 0x49
 1268 0185 13       		.uleb128 0x13
 1269 0186 00       		.byte	0
 1270 0187 00       		.byte	0
 1271 0188 1C       		.uleb128 0x1c
 1272 0189 2E       		.uleb128 0x2e
 1273 018a 01       		.byte	0x1
 1274 018b 3F       		.uleb128 0x3f
ARM GAS  C:\Users\ELEADM~1.000\AppData\Local\Temp\ccd88r42.s 			page 29


 1275 018c 19       		.uleb128 0x19
 1276 018d 03       		.uleb128 0x3
 1277 018e 0E       		.uleb128 0xe
 1278 018f 3A       		.uleb128 0x3a
 1279 0190 0B       		.uleb128 0xb
 1280 0191 3B       		.uleb128 0x3b
 1281 0192 0B       		.uleb128 0xb
 1282 0193 27       		.uleb128 0x27
 1283 0194 19       		.uleb128 0x19
 1284 0195 3C       		.uleb128 0x3c
 1285 0196 19       		.uleb128 0x19
 1286 0197 01       		.uleb128 0x1
 1287 0198 13       		.uleb128 0x13
 1288 0199 00       		.byte	0
 1289 019a 00       		.byte	0
 1290 019b 1D       		.uleb128 0x1d
 1291 019c 2E       		.uleb128 0x2e
 1292 019d 01       		.byte	0x1
 1293 019e 3F       		.uleb128 0x3f
 1294 019f 19       		.uleb128 0x19
 1295 01a0 03       		.uleb128 0x3
 1296 01a1 0E       		.uleb128 0xe
 1297 01a2 3A       		.uleb128 0x3a
 1298 01a3 0B       		.uleb128 0xb
 1299 01a4 3B       		.uleb128 0x3b
 1300 01a5 0B       		.uleb128 0xb
 1301 01a6 27       		.uleb128 0x27
 1302 01a7 19       		.uleb128 0x19
 1303 01a8 49       		.uleb128 0x49
 1304 01a9 13       		.uleb128 0x13
 1305 01aa 3C       		.uleb128 0x3c
 1306 01ab 19       		.uleb128 0x19
 1307 01ac 01       		.uleb128 0x1
 1308 01ad 13       		.uleb128 0x13
 1309 01ae 00       		.byte	0
 1310 01af 00       		.byte	0
 1311 01b0 1E       		.uleb128 0x1e
 1312 01b1 2E       		.uleb128 0x2e
 1313 01b2 01       		.byte	0x1
 1314 01b3 3F       		.uleb128 0x3f
 1315 01b4 19       		.uleb128 0x19
 1316 01b5 03       		.uleb128 0x3
 1317 01b6 0E       		.uleb128 0xe
 1318 01b7 3A       		.uleb128 0x3a
 1319 01b8 0B       		.uleb128 0xb
 1320 01b9 3B       		.uleb128 0x3b
 1321 01ba 0B       		.uleb128 0xb
 1322 01bb 27       		.uleb128 0x27
 1323 01bc 19       		.uleb128 0x19
 1324 01bd 3C       		.uleb128 0x3c
 1325 01be 19       		.uleb128 0x19
 1326 01bf 00       		.byte	0
 1327 01c0 00       		.byte	0
 1328 01c1 00       		.byte	0
 1329              		.section	.debug_loc,"",%progbits
 1330              	.Ldebug_loc0:
 1331              	.LLST0:
ARM GAS  C:\Users\ELEADM~1.000\AppData\Local\Temp\ccd88r42.s 			page 30


 1332 0000 00000000 		.4byte	.LVL0
 1333 0004 04000000 		.4byte	.LVL1
 1334 0008 0100     		.2byte	0x1
 1335 000a 50       		.byte	0x50
 1336 000b 04000000 		.4byte	.LVL1
 1337 000f 06000000 		.4byte	.LFE64
 1338 0013 0400     		.2byte	0x4
 1339 0015 F3       		.byte	0xf3
 1340 0016 01       		.uleb128 0x1
 1341 0017 50       		.byte	0x50
 1342 0018 9F       		.byte	0x9f
 1343 0019 00000000 		.4byte	0
 1344 001d 00000000 		.4byte	0
 1345              	.LLST1:
 1346 0021 00000000 		.4byte	.LVL0
 1347 0025 04000000 		.4byte	.LVL1
 1348 0029 0800     		.2byte	0x8
 1349 002b 71       		.byte	0x71
 1350 002c 00       		.sleb128 0
 1351 002d 38       		.byte	0x38
 1352 002e 24       		.byte	0x24
 1353 002f 70       		.byte	0x70
 1354 0030 00       		.sleb128 0
 1355 0031 21       		.byte	0x21
 1356 0032 9F       		.byte	0x9f
 1357 0033 00000000 		.4byte	0
 1358 0037 00000000 		.4byte	0
 1359              	.LLST2:
 1360 003b 30000000 		.4byte	.LVL8
 1361 003f 4C000000 		.4byte	.LVL14
 1362 0043 0100     		.2byte	0x1
 1363 0045 54       		.byte	0x54
 1364 0046 00000000 		.4byte	0
 1365 004a 00000000 		.4byte	0
 1366              	.LLST3:
 1367 004e 3A000000 		.4byte	.LVL10
 1368 0052 3F000000 		.4byte	.LVL11-1
 1369 0056 0100     		.2byte	0x1
 1370 0058 51       		.byte	0x51
 1371 0059 00000000 		.4byte	0
 1372 005d 00000000 		.4byte	0
 1373              	.LLST4:
 1374 0061 4C000000 		.4byte	.LVL14
 1375 0065 5E000000 		.4byte	.LVL18
 1376 0069 0100     		.2byte	0x1
 1377 006b 54       		.byte	0x54
 1378 006c 00000000 		.4byte	0
 1379 0070 00000000 		.4byte	0
 1380              	.LLST5:
 1381 0074 56000000 		.4byte	.LVL16
 1382 0078 5B000000 		.4byte	.LVL17-1
 1383 007c 0100     		.2byte	0x1
 1384 007e 51       		.byte	0x51
 1385 007f 00000000 		.4byte	0
 1386 0083 00000000 		.4byte	0
 1387              	.LLST6:
 1388 0087 72000000 		.4byte	.LVL22
ARM GAS  C:\Users\ELEADM~1.000\AppData\Local\Temp\ccd88r42.s 			page 31


 1389 008b 77000000 		.4byte	.LVL23-1
 1390 008f 0100     		.2byte	0x1
 1391 0091 51       		.byte	0x51
 1392 0092 00000000 		.4byte	0
 1393 0096 00000000 		.4byte	0
 1394              	.LLST7:
 1395 009a 7A000000 		.4byte	.LVL24
 1396 009e 81000000 		.4byte	.LVL25-1
 1397 00a2 0100     		.2byte	0x1
 1398 00a4 52       		.byte	0x52
 1399 00a5 00000000 		.4byte	0
 1400 00a9 00000000 		.4byte	0
 1401              	.LLST8:
 1402 00ad 00000000 		.4byte	.LVL28
 1403 00b1 08000000 		.4byte	.LVL30
 1404 00b5 0100     		.2byte	0x1
 1405 00b7 50       		.byte	0x50
 1406 00b8 08000000 		.4byte	.LVL30
 1407 00bc 1C000000 		.4byte	.LFE65
 1408 00c0 0400     		.2byte	0x4
 1409 00c2 F3       		.byte	0xf3
 1410 00c3 01       		.uleb128 0x1
 1411 00c4 50       		.byte	0x50
 1412 00c5 9F       		.byte	0x9f
 1413 00c6 00000000 		.4byte	0
 1414 00ca 00000000 		.4byte	0
 1415              	.LLST9:
 1416 00ce 00000000 		.4byte	.LVL28
 1417 00d2 0A000000 		.4byte	.LVL31
 1418 00d6 0100     		.2byte	0x1
 1419 00d8 51       		.byte	0x51
 1420 00d9 0A000000 		.4byte	.LVL31
 1421 00dd 14000000 		.4byte	.LVL34
 1422 00e1 0100     		.2byte	0x1
 1423 00e3 55       		.byte	0x55
 1424 00e4 14000000 		.4byte	.LVL34
 1425 00e8 1C000000 		.4byte	.LFE65
 1426 00ec 0100     		.2byte	0x1
 1427 00ee 51       		.byte	0x51
 1428 00ef 00000000 		.4byte	0
 1429 00f3 00000000 		.4byte	0
 1430              	.LLST10:
 1431 00f7 00000000 		.4byte	.LVL28
 1432 00fb 08000000 		.4byte	.LVL30
 1433 00ff 0100     		.2byte	0x1
 1434 0101 52       		.byte	0x52
 1435 0102 08000000 		.4byte	.LVL30
 1436 0106 1C000000 		.4byte	.LFE65
 1437 010a 0100     		.2byte	0x1
 1438 010c 56       		.byte	0x56
 1439 010d 00000000 		.4byte	0
 1440 0111 00000000 		.4byte	0
 1441              	.LLST11:
 1442 0115 04000000 		.4byte	.LVL29
 1443 0119 08000000 		.4byte	.LVL30
 1444 011d 0200     		.2byte	0x2
 1445 011f 30       		.byte	0x30
ARM GAS  C:\Users\ELEADM~1.000\AppData\Local\Temp\ccd88r42.s 			page 32


 1446 0120 9F       		.byte	0x9f
 1447 0121 08000000 		.4byte	.LVL30
 1448 0125 1C000000 		.4byte	.LFE65
 1449 0129 0100     		.2byte	0x1
 1450 012b 54       		.byte	0x54
 1451 012c 00000000 		.4byte	0
 1452 0130 00000000 		.4byte	0
 1453              		.section	.debug_aranges,"",%progbits
 1454 0000 2C000000 		.4byte	0x2c
 1455 0004 0200     		.2byte	0x2
 1456 0006 00000000 		.4byte	.Ldebug_info0
 1457 000a 04       		.byte	0x4
 1458 000b 00       		.byte	0
 1459 000c 0000     		.2byte	0
 1460 000e 0000     		.2byte	0
 1461 0010 00000000 		.4byte	.LFB64
 1462 0014 06000000 		.4byte	.LFE64-.LFB64
 1463 0018 00000000 		.4byte	.LFB63
 1464 001c 94000000 		.4byte	.LFE63-.LFB63
 1465 0020 00000000 		.4byte	.LFB65
 1466 0024 1C000000 		.4byte	.LFE65-.LFB65
 1467 0028 00000000 		.4byte	0
 1468 002c 00000000 		.4byte	0
 1469              		.section	.debug_ranges,"",%progbits
 1470              	.Ldebug_ranges0:
 1471 0000 00000000 		.4byte	.LFB64
 1472 0004 06000000 		.4byte	.LFE64
 1473 0008 00000000 		.4byte	.LFB63
 1474 000c 94000000 		.4byte	.LFE63
 1475 0010 00000000 		.4byte	.LFB65
 1476 0014 1C000000 		.4byte	.LFE65
 1477 0018 00000000 		.4byte	0
 1478 001c 00000000 		.4byte	0
 1479              		.section	.debug_line,"",%progbits
 1480              	.Ldebug_line0:
 1481 0000 42020000 		.section	.debug_str,"MS",%progbits,1
 1481      0200AC01 
 1481      00000201 
 1481      FB0E0D00 
 1481      01010101 
 1482              	.LASF32:
 1483 0000 5A5F4158 		.ascii	"Z_AXIS\000"
 1483      495300
 1484              	.LASF30:
 1485 0007 585F4158 		.ascii	"X_AXIS\000"
 1485      495300
 1486              	.LASF43:
 1487 000e 5F5F6275 		.ascii	"__builtin_puts\000"
 1487      696C7469 
 1487      6E5F7075 
 1487      747300
 1488              	.LASF22:
 1489 001d 64696769 		.ascii	"digital_sensor_value_\000"
 1489      74616C5F 
 1489      73656E73 
 1489      6F725F76 
 1489      616C7565 
ARM GAS  C:\Users\ELEADM~1.000\AppData\Local\Temp\ccd88r42.s 			page 33


 1490              	.LASF28:
 1491 0033 5A5F4C5F 		.ascii	"Z_L_A\000"
 1491      4100
 1492              	.LASF24:
 1493 0039 585F4C5F 		.ascii	"X_L_A\000"
 1493      4100
 1494              	.LASF2:
 1495 003f 73686F72 		.ascii	"short int\000"
 1495      7420696E 
 1495      7400
 1496              	.LASF20:
 1497 0049 73697A65 		.ascii	"sizetype\000"
 1497      74797065 
 1497      00
 1498              	.LASF41:
 1499 0052 4932435F 		.ascii	"I2C_write\000"
 1499      77726974 
 1499      6500
 1500              	.LASF46:
 1501 005c 70757463 		.ascii	"putchar\000"
 1501      68617200 
 1502              	.LASF37:
 1503 0064 73656E73 		.ascii	"sensors\000"
 1503      6F727300 
 1504              	.LASF27:
 1505 006c 595F485F 		.ascii	"Y_H_A\000"
 1505      4100
 1506              	.LASF34:
 1507 0072 5F777269 		.ascii	"_write\000"
 1507      746500
 1508              	.LASF33:
 1509 0079 636F6E76 		.ascii	"convert_raw\000"
 1509      6572745F 
 1509      72617700 
 1510              	.LASF4:
 1511 0085 5F5F7569 		.ascii	"__uint16_t\000"
 1511      6E743136 
 1511      5F7400
 1512              	.LASF35:
 1513 0090 66696C65 		.ascii	"file\000"
 1513      00
 1514              	.LASF14:
 1515 0095 75696E74 		.ascii	"uint16\000"
 1515      313600
 1516              	.LASF16:
 1517 009c 696E7431 		.ascii	"int16\000"
 1517      3600
 1518              	.LASF13:
 1519 00a2 75696E74 		.ascii	"uint8\000"
 1519      3800
 1520              	.LASF17:
 1521 00a8 666C6F61 		.ascii	"float\000"
 1521      7400
 1522              	.LASF8:
 1523 00ae 6C6F6E67 		.ascii	"long long int\000"
 1523      206C6F6E 
 1523      6720696E 
ARM GAS  C:\Users\ELEADM~1.000\AppData\Local\Temp\ccd88r42.s 			page 34


 1523      7400
 1524              	.LASF19:
 1525 00bc 63686172 		.ascii	"char\000"
 1525      00
 1526              	.LASF6:
 1527 00c1 6C6F6E67 		.ascii	"long int\000"
 1527      20696E74 
 1527      00
 1528              	.LASF42:
 1529 00ca 76616C75 		.ascii	"value_convert_accel\000"
 1529      655F636F 
 1529      6E766572 
 1529      745F6163 
 1529      63656C00 
 1530              	.LASF52:
 1531 00de 4932435F 		.ascii	"I2C_read\000"
 1531      72656164 
 1531      00
 1532              	.LASF23:
 1533 00e7 6C6F6E67 		.ascii	"long double\000"
 1533      20646F75 
 1533      626C6500 
 1534              	.LASF1:
 1535 00f3 756E7369 		.ascii	"unsigned char\000"
 1535      676E6564 
 1535      20636861 
 1535      7200
 1536              	.LASF29:
 1537 0101 5A5F485F 		.ascii	"Z_H_A\000"
 1537      4100
 1538              	.LASF31:
 1539 0107 595F4158 		.ascii	"Y_AXIS\000"
 1539      495300
 1540              	.LASF0:
 1541 010e 7369676E 		.ascii	"signed char\000"
 1541      65642063 
 1541      68617200 
 1542              	.LASF9:
 1543 011a 6C6F6E67 		.ascii	"long long unsigned int\000"
 1543      206C6F6E 
 1543      6720756E 
 1543      7369676E 
 1543      65642069 
 1544              	.LASF50:
 1545 0131 433A5C55 		.ascii	"C:\\Users\\eleadmin.ETY-A0147-GTX1.000\\Desktop\\Zu"
 1545      73657273 
 1545      5C656C65 
 1545      61646D69 
 1545      6E2E4554 
 1546 0160 6D6F426F 		.ascii	"moBot_Docu\\ZumoBot_Lib_Copy_02.cydsn\000"
 1546      745F446F 
 1546      63755C5A 
 1546      756D6F42 
 1546      6F745F4C 
 1547              	.LASF10:
 1548 0185 756E7369 		.ascii	"unsigned int\000"
 1548      676E6564 
ARM GAS  C:\Users\ELEADM~1.000\AppData\Local\Temp\ccd88r42.s 			page 35


 1548      20696E74 
 1548      00
 1549              	.LASF11:
 1550 0192 75696E74 		.ascii	"uint16_t\000"
 1550      31365F74 
 1550      00
 1551              	.LASF45:
 1552 019b 70757473 		.ascii	"puts\000"
 1552      00
 1553              	.LASF3:
 1554 01a0 73686F72 		.ascii	"short unsigned int\000"
 1554      7420756E 
 1554      7369676E 
 1554      65642069 
 1554      6E7400
 1555              	.LASF38:
 1556 01b3 64696769 		.ascii	"digital_sensor_value\000"
 1556      74616C5F 
 1556      73656E73 
 1556      6F725F76 
 1556      616C7565 
 1557              	.LASF48:
 1558 01c8 474E5520 		.ascii	"GNU C 4.9.3 20150303 (release) [ARM/embedded-4_9-br"
 1558      4320342E 
 1558      392E3320 
 1558      32303135 
 1558      30333033 
 1559 01fb 616E6368 		.ascii	"anch revision 221220] -mcpu=cortex-m3 -mthumb -g -O"
 1559      20726576 
 1559      6973696F 
 1559      6E203232 
 1559      31323230 
 1560 022e 67202D66 		.ascii	"g -ffunction-sections -ffat-lto-objects\000"
 1560      66756E63 
 1560      74696F6E 
 1560      2D736563 
 1560      74696F6E 
 1561              	.LASF51:
 1562 0256 6D61696E 		.ascii	"main\000"
 1562      00
 1563              	.LASF39:
 1564 025b 55415254 		.ascii	"UART_Start\000"
 1564      5F537461 
 1564      727400
 1565              	.LASF12:
 1566 0266 696E7433 		.ascii	"int32_t\000"
 1566      325F7400 
 1567              	.LASF26:
 1568 026e 595F4C5F 		.ascii	"Y_L_A\000"
 1568      4100
 1569              	.LASF44:
 1570 0274 5F5F6275 		.ascii	"__builtin_putchar\000"
 1570      696C7469 
 1570      6E5F7075 
 1570      74636861 
 1570      7200
 1571              	.LASF21:
ARM GAS  C:\Users\ELEADM~1.000\AppData\Local\Temp\ccd88r42.s 			page 36


 1572 0286 73656E73 		.ascii	"sensors_\000"
 1572      6F72735F 
 1572      00
 1573              	.LASF15:
 1574 028f 75696E74 		.ascii	"uint32\000"
 1574      333200
 1575              	.LASF7:
 1576 0296 6C6F6E67 		.ascii	"long unsigned int\000"
 1576      20756E73 
 1576      69676E65 
 1576      6420696E 
 1576      7400
 1577              	.LASF18:
 1578 02a8 646F7562 		.ascii	"double\000"
 1578      6C6500
 1579              	.LASF25:
 1580 02af 585F485F 		.ascii	"X_H_A\000"
 1580      4100
 1581              	.LASF49:
 1582 02b5 2E5C6D61 		.ascii	".\\main.c\000"
 1582      696E2E63 
 1582      00
 1583              	.LASF5:
 1584 02be 5F5F696E 		.ascii	"__int32_t\000"
 1584      7433325F 
 1584      7400
 1585              	.LASF36:
 1586 02c8 49544D5F 		.ascii	"ITM_RxBuffer\000"
 1586      52784275 
 1586      66666572 
 1586      00
 1587              	.LASF47:
 1588 02d5 43794465 		.ascii	"CyDelay\000"
 1588      6C617900 
 1589              	.LASF40:
 1590 02dd 4932435F 		.ascii	"I2C_Start\000"
 1590      53746172 
 1590      7400
 1591              	.LASF53:
 1592 02e7 55415254 		.ascii	"UART_PutChar\000"
 1592      5F507574 
 1592      43686172 
 1592      00
 1593              		.ident	"GCC: (GNU Tools for ARM Embedded Processors) 4.9.3 20150303 (release) [ARM/embedded-4_9-br
