ARM GAS  C:\Users\ELEADM~1.000\AppData\Local\Temp\ccd6XkCV.s 			page 1


   1              		.syntax unified
   2              		.cpu cortex-m3
   3              		.fpu softvfp
   4              		.eabi_attribute 20, 1
   5              		.eabi_attribute 21, 1
   6              		.eabi_attribute 23, 3
   7              		.eabi_attribute 24, 1
   8              		.eabi_attribute 25, 1
   9              		.eabi_attribute 26, 1
  10              		.eabi_attribute 30, 1
  11              		.eabi_attribute 34, 1
  12              		.eabi_attribute 18, 4
  13              		.thumb
  14              		.file	"Reflectance.c"
  15              		.text
  16              	.Ltext0:
  17              		.cfi_sections	.debug_frame
  18              		.section	.text.sensor_isr_handler,"ax",%progbits
  19              		.align	2
  20              		.global	sensor_isr_handler
  21              		.thumb
  22              		.thumb_func
  23              		.type	sensor_isr_handler, %function
  24              	sensor_isr_handler:
  25              	.LFB63:
  26              		.file 1 ".\\Reflectance.c"
   1:.\Reflectance.c **** /**
   2:.\Reflectance.c ****  * @file    Reflectance.c
   3:.\Reflectance.c ****  * @brief   Reflectance sensor method file
   4:.\Reflectance.c ****  * @details 
   5:.\Reflectance.c **** */
   6:.\Reflectance.c **** 
   7:.\Reflectance.c **** #include "Reflectance.h"
   8:.\Reflectance.c **** 
   9:.\Reflectance.c **** /**
  10:.\Reflectance.c **** * @brief    Reflectance Sensor Interrupt Handler
  11:.\Reflectance.c **** * @details  measure each sensors time to decide white or black
  12:.\Reflectance.c **** */
  13:.\Reflectance.c **** CY_ISR(sensor_isr_handler)
  14:.\Reflectance.c **** {
  27              		.loc 1 14 0
  28              		.cfi_startproc
  29              		@ args = 0, pretend = 0, frame = 0
  30              		@ frame_needed = 0, uses_anonymous_args = 0
  31 0000 F8B5     		push	{r3, r4, r5, r6, r7, lr}
  32              		.cfi_def_cfa_offset 24
  33              		.cfi_offset 3, -24
  34              		.cfi_offset 4, -20
  35              		.cfi_offset 5, -16
  36              		.cfi_offset 6, -12
  37              		.cfi_offset 7, -8
  38              		.cfi_offset 14, -4
  15:.\Reflectance.c ****     uint32_t statusRL = Timer_RL_ReadStatusRegister();
  39              		.loc 1 15 0
  40 0002 FFF7FEFF 		bl	Timer_RL_ReadStatusRegister
  41              	.LVL0:
  42 0006 0446     		mov	r4, r0
ARM GAS  C:\Users\ELEADM~1.000\AppData\Local\Temp\ccd6XkCV.s 			page 2


  43              	.LVL1:
  16:.\Reflectance.c ****     uint32_t statusRR = Timer_RR_ReadStatusRegister();
  44              		.loc 1 16 0
  45 0008 FFF7FEFF 		bl	Timer_RR_ReadStatusRegister
  46              	.LVL2:
  47 000c 0746     		mov	r7, r0
  48              	.LVL3:
  17:.\Reflectance.c ****     uint32_t statusLL = Timer_LL_ReadStatusRegister();
  49              		.loc 1 17 0
  50 000e FFF7FEFF 		bl	Timer_LL_ReadStatusRegister
  51              	.LVL4:
  52 0012 0646     		mov	r6, r0
  53              	.LVL5:
  18:.\Reflectance.c ****     uint32_t statusLR = Timer_LR_ReadStatusRegister();
  54              		.loc 1 18 0
  55 0014 FFF7FEFF 		bl	Timer_LR_ReadStatusRegister
  56              	.LVL6:
  57 0018 0546     		mov	r5, r0
  58              	.LVL7:
  19:.\Reflectance.c **** 
  20:.\Reflectance.c ****     if(statusRL & Timer_RL_STATUS_CAPTURE) {
  59              		.loc 1 20 0
  60 001a 14F0400F 		tst	r4, #64
  61 001e 09D0     		beq	.L2
  21:.\Reflectance.c ****         sensors.rl = Timer_RL_ReadPeriod() - Timer_RL_ReadCapture();
  62              		.loc 1 21 0
  63 0020 FFF7FEFF 		bl	Timer_RL_ReadPeriod
  64              	.LVL8:
  65 0024 0446     		mov	r4, r0
  66              	.LVL9:
  67 0026 FFF7FEFF 		bl	Timer_RL_ReadCapture
  68              	.LVL10:
  69 002a 201A     		subs	r0, r4, r0
  70 002c 80B2     		uxth	r0, r0
  71 002e 314B     		ldr	r3, .L11
  72 0030 9880     		strh	r0, [r3, #4]	@ movhi
  73 0032 03E0     		b	.L3
  74              	.LVL11:
  75              	.L2:
  22:.\Reflectance.c ****     }
  23:.\Reflectance.c ****     else {
  24:.\Reflectance.c ****         sensors.rl = Timer_RL_ReadPeriod();
  76              		.loc 1 24 0
  77 0034 FFF7FEFF 		bl	Timer_RL_ReadPeriod
  78              	.LVL12:
  79 0038 2E4B     		ldr	r3, .L11
  80 003a 9880     		strh	r0, [r3, #4]	@ movhi
  81              	.LVL13:
  82              	.L3:
  25:.\Reflectance.c ****     }
  26:.\Reflectance.c ****     
  27:.\Reflectance.c ****     if(statusRR & Timer_RR_STATUS_CAPTURE) {
  83              		.loc 1 27 0
  84 003c 17F0400F 		tst	r7, #64
  85 0040 09D0     		beq	.L4
  28:.\Reflectance.c ****         sensors.rr = Timer_RR_ReadPeriod() - Timer_RR_ReadCapture();
  86              		.loc 1 28 0
ARM GAS  C:\Users\ELEADM~1.000\AppData\Local\Temp\ccd6XkCV.s 			page 3


  87 0042 FFF7FEFF 		bl	Timer_RR_ReadPeriod
  88              	.LVL14:
  89 0046 0446     		mov	r4, r0
  90 0048 FFF7FEFF 		bl	Timer_RR_ReadCapture
  91              	.LVL15:
  92 004c 201A     		subs	r0, r4, r0
  93 004e 80B2     		uxth	r0, r0
  94 0050 284B     		ldr	r3, .L11
  95 0052 D880     		strh	r0, [r3, #6]	@ movhi
  96 0054 03E0     		b	.L5
  97              	.L4:
  29:.\Reflectance.c ****     }
  30:.\Reflectance.c ****     else {
  31:.\Reflectance.c ****         sensors.rr = Timer_RR_ReadPeriod();
  98              		.loc 1 31 0
  99 0056 FFF7FEFF 		bl	Timer_RR_ReadPeriod
 100              	.LVL16:
 101 005a 264B     		ldr	r3, .L11
 102 005c D880     		strh	r0, [r3, #6]	@ movhi
 103              	.L5:
  32:.\Reflectance.c ****     }
  33:.\Reflectance.c ****     
  34:.\Reflectance.c ****     if(statusLL & Timer_LL_STATUS_CAPTURE) {
 104              		.loc 1 34 0
 105 005e 16F0400F 		tst	r6, #64
 106 0062 09D0     		beq	.L6
  35:.\Reflectance.c ****         sensors.ll = Timer_LL_ReadPeriod() - Timer_LL_ReadCapture();
 107              		.loc 1 35 0
 108 0064 FFF7FEFF 		bl	Timer_LL_ReadPeriod
 109              	.LVL17:
 110 0068 0446     		mov	r4, r0
 111 006a FFF7FEFF 		bl	Timer_LL_ReadCapture
 112              	.LVL18:
 113 006e 201A     		subs	r0, r4, r0
 114 0070 80B2     		uxth	r0, r0
 115 0072 204B     		ldr	r3, .L11
 116 0074 1880     		strh	r0, [r3]	@ movhi
 117 0076 03E0     		b	.L7
 118              	.L6:
  36:.\Reflectance.c ****     }
  37:.\Reflectance.c ****     else {
  38:.\Reflectance.c ****         sensors.ll = Timer_LL_ReadPeriod();
 119              		.loc 1 38 0
 120 0078 FFF7FEFF 		bl	Timer_LL_ReadPeriod
 121              	.LVL19:
 122 007c 1D4B     		ldr	r3, .L11
 123 007e 1880     		strh	r0, [r3]	@ movhi
 124              	.L7:
  39:.\Reflectance.c ****     }
  40:.\Reflectance.c ****     
  41:.\Reflectance.c ****     if(statusLR & Timer_LR_STATUS_CAPTURE) {
 125              		.loc 1 41 0
 126 0080 15F0400F 		tst	r5, #64
 127 0084 09D0     		beq	.L8
  42:.\Reflectance.c ****         sensors.lr = Timer_LR_ReadPeriod() - Timer_LR_ReadCapture();
 128              		.loc 1 42 0
 129 0086 FFF7FEFF 		bl	Timer_LR_ReadPeriod
ARM GAS  C:\Users\ELEADM~1.000\AppData\Local\Temp\ccd6XkCV.s 			page 4


 130              	.LVL20:
 131 008a 0446     		mov	r4, r0
 132 008c FFF7FEFF 		bl	Timer_LR_ReadCapture
 133              	.LVL21:
 134 0090 201A     		subs	r0, r4, r0
 135 0092 80B2     		uxth	r0, r0
 136 0094 174B     		ldr	r3, .L11
 137 0096 5880     		strh	r0, [r3, #2]	@ movhi
 138 0098 03E0     		b	.L9
 139              	.L8:
  43:.\Reflectance.c ****     }
  44:.\Reflectance.c ****     else {
  45:.\Reflectance.c ****         sensors.lr = Timer_LR_ReadPeriod();
 140              		.loc 1 45 0
 141 009a FFF7FEFF 		bl	Timer_LR_ReadPeriod
 142              	.LVL22:
 143 009e 154B     		ldr	r3, .L11
 144 00a0 5880     		strh	r0, [r3, #2]	@ movhi
 145              	.L9:
  46:.\Reflectance.c ****     }
  47:.\Reflectance.c ****     
  48:.\Reflectance.c ****     RL_SetDriveMode(PIN_DM_STRONG);
 146              		.loc 1 48 0
 147 00a2 0C20     		movs	r0, #12
 148 00a4 FFF7FEFF 		bl	RL_SetDriveMode
 149              	.LVL23:
  49:.\Reflectance.c ****     RL_Write(1);
 150              		.loc 1 49 0
 151 00a8 0120     		movs	r0, #1
 152 00aa FFF7FEFF 		bl	RL_Write
 153              	.LVL24:
  50:.\Reflectance.c ****     RR_SetDriveMode(PIN_DM_STRONG);
 154              		.loc 1 50 0
 155 00ae 0C20     		movs	r0, #12
 156 00b0 FFF7FEFF 		bl	RR_SetDriveMode
 157              	.LVL25:
  51:.\Reflectance.c ****     RR_Write(1);
 158              		.loc 1 51 0
 159 00b4 0120     		movs	r0, #1
 160 00b6 FFF7FEFF 		bl	RR_Write
 161              	.LVL26:
  52:.\Reflectance.c ****     LL_SetDriveMode(PIN_DM_STRONG);
 162              		.loc 1 52 0
 163 00ba 0C20     		movs	r0, #12
 164 00bc FFF7FEFF 		bl	LL_SetDriveMode
 165              	.LVL27:
  53:.\Reflectance.c ****     LL_Write(1);
 166              		.loc 1 53 0
 167 00c0 0120     		movs	r0, #1
 168 00c2 FFF7FEFF 		bl	LL_Write
 169              	.LVL28:
  54:.\Reflectance.c ****     LR_SetDriveMode(PIN_DM_STRONG);
 170              		.loc 1 54 0
 171 00c6 0C20     		movs	r0, #12
 172 00c8 FFF7FEFF 		bl	LR_SetDriveMode
 173              	.LVL29:
  55:.\Reflectance.c ****     LR_Write(1);
ARM GAS  C:\Users\ELEADM~1.000\AppData\Local\Temp\ccd6XkCV.s 			page 5


 174              		.loc 1 55 0
 175 00cc 0120     		movs	r0, #1
 176 00ce FFF7FEFF 		bl	LR_Write
 177              	.LVL30:
  56:.\Reflectance.c ****     CyDelayUs(10);
 178              		.loc 1 56 0
 179 00d2 0A20     		movs	r0, #10
 180 00d4 FFF7FEFF 		bl	CyDelayUs
 181              	.LVL31:
  57:.\Reflectance.c ****     RL_SetDriveMode(PIN_DM_DIG_HIZ);
 182              		.loc 1 57 0
 183 00d8 0220     		movs	r0, #2
 184 00da FFF7FEFF 		bl	RL_SetDriveMode
 185              	.LVL32:
  58:.\Reflectance.c ****     RR_SetDriveMode(PIN_DM_DIG_HIZ);
 186              		.loc 1 58 0
 187 00de 0220     		movs	r0, #2
 188 00e0 FFF7FEFF 		bl	RR_SetDriveMode
 189              	.LVL33:
  59:.\Reflectance.c ****     LL_SetDriveMode(PIN_DM_DIG_HIZ);
 190              		.loc 1 59 0
 191 00e4 0220     		movs	r0, #2
 192 00e6 FFF7FEFF 		bl	LL_SetDriveMode
 193              	.LVL34:
  60:.\Reflectance.c ****     LR_SetDriveMode(PIN_DM_DIG_HIZ);
 194              		.loc 1 60 0
 195 00ea 0220     		movs	r0, #2
 196 00ec FFF7FEFF 		bl	LR_SetDriveMode
 197              	.LVL35:
 198 00f0 F8BD     		pop	{r3, r4, r5, r6, r7, pc}
 199              	.LVL36:
 200              	.L12:
 201 00f2 00BF     		.align	2
 202              	.L11:
 203 00f4 00000000 		.word	sensors
 204              		.cfi_endproc
 205              	.LFE63:
 206              		.size	sensor_isr_handler, .-sensor_isr_handler
 207              		.section	.text.Refelctance_Start,"ax",%progbits
 208              		.align	2
 209              		.global	Refelctance_Start
 210              		.thumb
 211              		.thumb_func
 212              		.type	Refelctance_Start, %function
 213              	Refelctance_Start:
 214              	.LFB64:
  61:.\Reflectance.c ****         
  62:.\Reflectance.c **** }
  63:.\Reflectance.c **** 
  64:.\Reflectance.c **** /**
  65:.\Reflectance.c **** * @brief    Start Reflectance Sensor
  66:.\Reflectance.c **** * @details 
  67:.\Reflectance.c **** */
  68:.\Reflectance.c **** void Refelctance_Start()
  69:.\Reflectance.c **** {
 215              		.loc 1 69 0
 216              		.cfi_startproc
ARM GAS  C:\Users\ELEADM~1.000\AppData\Local\Temp\ccd6XkCV.s 			page 6


 217              		@ args = 0, pretend = 0, frame = 0
 218              		@ frame_needed = 0, uses_anonymous_args = 0
 219 0000 08B5     		push	{r3, lr}
 220              		.cfi_def_cfa_offset 8
 221              		.cfi_offset 3, -8
 222              		.cfi_offset 14, -4
  70:.\Reflectance.c ****     Timer_RL_Start();
 223              		.loc 1 70 0
 224 0002 FFF7FEFF 		bl	Timer_RL_Start
 225              	.LVL37:
  71:.\Reflectance.c ****     Timer_RR_Start();
 226              		.loc 1 71 0
 227 0006 FFF7FEFF 		bl	Timer_RR_Start
 228              	.LVL38:
  72:.\Reflectance.c ****     Timer_LL_Start();
 229              		.loc 1 72 0
 230 000a FFF7FEFF 		bl	Timer_LL_Start
 231              	.LVL39:
  73:.\Reflectance.c ****     Timer_LR_Start();
 232              		.loc 1 73 0
 233 000e FFF7FEFF 		bl	Timer_LR_Start
 234              	.LVL40:
 235 0012 08BD     		pop	{r3, pc}
 236              		.cfi_endproc
 237              	.LFE64:
 238              		.size	Refelctance_Start, .-Refelctance_Start
 239              		.section	.text.reflectance_period,"ax",%progbits
 240              		.align	2
 241              		.global	reflectance_period
 242              		.thumb
 243              		.thumb_func
 244              		.type	reflectance_period, %function
 245              	reflectance_period:
 246              	.LFB65:
  74:.\Reflectance.c **** }
  75:.\Reflectance.c **** 
  76:.\Reflectance.c **** /**
  77:.\Reflectance.c **** * @brief    Print Reflectance Sensor's period value
  78:.\Reflectance.c **** * @details
  79:.\Reflectance.c **** */
  80:.\Reflectance.c **** void reflectance_period()
  81:.\Reflectance.c **** {
 247              		.loc 1 81 0
 248              		.cfi_startproc
 249              		@ args = 0, pretend = 0, frame = 0
 250              		@ frame_needed = 0, uses_anonymous_args = 0
 251 0000 00B5     		push	{lr}
 252              		.cfi_def_cfa_offset 4
 253              		.cfi_offset 14, -4
 254 0002 83B0     		sub	sp, sp, #12
 255              		.cfi_def_cfa_offset 16
  82:.\Reflectance.c ****      printf("%d %d %d %d \r\n", sensors.ll, sensors.lr, sensors.rl, sensors.rr); 
 256              		.loc 1 82 0
 257 0004 0748     		ldr	r0, .L17
 258 0006 0188     		ldrh	r1, [r0]
 259 0008 4288     		ldrh	r2, [r0, #2]
 260 000a 8388     		ldrh	r3, [r0, #4]
ARM GAS  C:\Users\ELEADM~1.000\AppData\Local\Temp\ccd6XkCV.s 			page 7


 261 000c C088     		ldrh	r0, [r0, #6]
 262 000e 80B2     		uxth	r0, r0
 263 0010 0090     		str	r0, [sp]
 264 0012 0548     		ldr	r0, .L17+4
 265 0014 89B2     		uxth	r1, r1
 266 0016 92B2     		uxth	r2, r2
 267 0018 9BB2     		uxth	r3, r3
 268 001a FFF7FEFF 		bl	printf
 269              	.LVL41:
  83:.\Reflectance.c **** }
 270              		.loc 1 83 0
 271 001e 03B0     		add	sp, sp, #12
 272              		.cfi_def_cfa_offset 4
 273              		@ sp needed
 274 0020 5DF804FB 		ldr	pc, [sp], #4
 275              	.L18:
 276              		.align	2
 277              	.L17:
 278 0024 00000000 		.word	sensors
 279 0028 00000000 		.word	.LC0
 280              		.cfi_endproc
 281              	.LFE65:
 282              		.size	reflectance_period, .-reflectance_period
 283              		.section	.text.reflectance_digital,"ax",%progbits
 284              		.align	2
 285              		.global	reflectance_digital
 286              		.thumb
 287              		.thumb_func
 288              		.type	reflectance_digital, %function
 289              	reflectance_digital:
 290              	.LFB66:
  84:.\Reflectance.c **** 
  85:.\Reflectance.c **** /**
  86:.\Reflectance.c **** * @brief    Make Reflectance Sensor's period to diigtal
  87:.\Reflectance.c **** * @details
  88:.\Reflectance.c **** */
  89:.\Reflectance.c **** void reflectance_digital()
  90:.\Reflectance.c **** {
 291              		.loc 1 90 0
 292              		.cfi_startproc
 293              		@ args = 0, pretend = 0, frame = 0
 294              		@ frame_needed = 0, uses_anonymous_args = 0
 295 0000 00B5     		push	{lr}
 296              		.cfi_def_cfa_offset 4
 297              		.cfi_offset 14, -4
 298 0002 83B0     		sub	sp, sp, #12
 299              		.cfi_def_cfa_offset 16
  91:.\Reflectance.c ****     //if the results of reflectance_period function is over 10000, set digital_sensor_value to 0, w
  92:.\Reflectance.c ****     if(sensors.ll > 10000)
 300              		.loc 1 92 0
 301 0004 234B     		ldr	r3, .L29
 302 0006 1B88     		ldrh	r3, [r3]
 303 0008 9BB2     		uxth	r3, r3
 304 000a 42F21072 		movw	r2, #10000
 305 000e 9342     		cmp	r3, r2
 306 0010 03D9     		bls	.L20
  93:.\Reflectance.c ****         digital_sensor_value.ll  = 0;
ARM GAS  C:\Users\ELEADM~1.000\AppData\Local\Temp\ccd6XkCV.s 			page 8


 307              		.loc 1 93 0
 308 0012 0022     		movs	r2, #0
 309 0014 204B     		ldr	r3, .L29+4
 310 0016 1A80     		strh	r2, [r3]	@ movhi
 311 0018 02E0     		b	.L21
 312              	.L20:
  94:.\Reflectance.c ****     else
  95:.\Reflectance.c ****         digital_sensor_value.ll  = 1;
 313              		.loc 1 95 0
 314 001a 0122     		movs	r2, #1
 315 001c 1E4B     		ldr	r3, .L29+4
 316 001e 1A80     		strh	r2, [r3]	@ movhi
 317              	.L21:
  96:.\Reflectance.c ****     if(sensors.lr > 10000)
 318              		.loc 1 96 0
 319 0020 1C4B     		ldr	r3, .L29
 320 0022 5B88     		ldrh	r3, [r3, #2]
 321 0024 9BB2     		uxth	r3, r3
 322 0026 42F21072 		movw	r2, #10000
 323 002a 9342     		cmp	r3, r2
 324 002c 03D9     		bls	.L22
  97:.\Reflectance.c ****         digital_sensor_value.lr  = 0;
 325              		.loc 1 97 0
 326 002e 0022     		movs	r2, #0
 327 0030 194B     		ldr	r3, .L29+4
 328 0032 5A80     		strh	r2, [r3, #2]	@ movhi
 329 0034 02E0     		b	.L23
 330              	.L22:
  98:.\Reflectance.c ****     else
  99:.\Reflectance.c ****         digital_sensor_value.lr  = 1;
 331              		.loc 1 99 0
 332 0036 0122     		movs	r2, #1
 333 0038 174B     		ldr	r3, .L29+4
 334 003a 5A80     		strh	r2, [r3, #2]	@ movhi
 335              	.L23:
 100:.\Reflectance.c ****     if(sensors.rl > 10000)
 336              		.loc 1 100 0
 337 003c 154B     		ldr	r3, .L29
 338 003e 9B88     		ldrh	r3, [r3, #4]
 339 0040 9BB2     		uxth	r3, r3
 340 0042 42F21072 		movw	r2, #10000
 341 0046 9342     		cmp	r3, r2
 342 0048 03D9     		bls	.L24
 101:.\Reflectance.c ****         digital_sensor_value.rl  = 0;
 343              		.loc 1 101 0
 344 004a 0022     		movs	r2, #0
 345 004c 124B     		ldr	r3, .L29+4
 346 004e 9A80     		strh	r2, [r3, #4]	@ movhi
 347 0050 02E0     		b	.L25
 348              	.L24:
 102:.\Reflectance.c ****     else
 103:.\Reflectance.c ****         digital_sensor_value.rl  = 1;
 349              		.loc 1 103 0
 350 0052 0122     		movs	r2, #1
 351 0054 104B     		ldr	r3, .L29+4
 352 0056 9A80     		strh	r2, [r3, #4]	@ movhi
 353              	.L25:
ARM GAS  C:\Users\ELEADM~1.000\AppData\Local\Temp\ccd6XkCV.s 			page 9


 104:.\Reflectance.c ****     if(sensors.rr > 10000)
 354              		.loc 1 104 0
 355 0058 0E4B     		ldr	r3, .L29
 356 005a DB88     		ldrh	r3, [r3, #6]
 357 005c 9BB2     		uxth	r3, r3
 358 005e 42F21072 		movw	r2, #10000
 359 0062 9342     		cmp	r3, r2
 360 0064 03D9     		bls	.L26
 105:.\Reflectance.c ****         digital_sensor_value.rr  = 0;
 361              		.loc 1 105 0
 362 0066 0022     		movs	r2, #0
 363 0068 0B4B     		ldr	r3, .L29+4
 364 006a DA80     		strh	r2, [r3, #6]	@ movhi
 365 006c 02E0     		b	.L27
 366              	.L26:
 106:.\Reflectance.c ****     else
 107:.\Reflectance.c ****         digital_sensor_value.rr  = 1;
 367              		.loc 1 107 0
 368 006e 0122     		movs	r2, #1
 369 0070 094B     		ldr	r3, .L29+4
 370 0072 DA80     		strh	r2, [r3, #6]	@ movhi
 371              	.L27:
 108:.\Reflectance.c ****         
 109:.\Reflectance.c ****    //print out the results
 110:.\Reflectance.c ****    printf("%d %d %d %d \r\n", digital_sensor_value.ll, digital_sensor_value.lr, digital_sensor_valu
 372              		.loc 1 110 0
 373 0074 0848     		ldr	r0, .L29+4
 374 0076 0188     		ldrh	r1, [r0]
 375 0078 4288     		ldrh	r2, [r0, #2]
 376 007a 8388     		ldrh	r3, [r0, #4]
 377 007c C088     		ldrh	r0, [r0, #6]
 378 007e 80B2     		uxth	r0, r0
 379 0080 0090     		str	r0, [sp]
 380 0082 0648     		ldr	r0, .L29+8
 381 0084 89B2     		uxth	r1, r1
 382 0086 92B2     		uxth	r2, r2
 383 0088 9BB2     		uxth	r3, r3
 384 008a FFF7FEFF 		bl	printf
 385              	.LVL42:
 111:.\Reflectance.c **** }
 386              		.loc 1 111 0
 387 008e 03B0     		add	sp, sp, #12
 388              		.cfi_def_cfa_offset 4
 389              		@ sp needed
 390 0090 5DF804FB 		ldr	pc, [sp], #4
 391              	.L30:
 392              		.align	2
 393              	.L29:
 394 0094 00000000 		.word	sensors
 395 0098 00000000 		.word	digital_sensor_value
 396 009c 00000000 		.word	.LC0
 397              		.cfi_endproc
 398              	.LFE66:
 399              		.size	reflectance_digital, .-reflectance_digital
 400              		.comm	digital_sensor_value,8,4
 401              		.comm	sensors,8,4
 402              		.section	.rodata.str1.4,"aMS",%progbits,1
ARM GAS  C:\Users\ELEADM~1.000\AppData\Local\Temp\ccd6XkCV.s 			page 10


 403              		.align	2
 404              	.LC0:
 405 0000 25642025 		.ascii	"%d %d %d %d \015\012\000"
 405      64202564 
 405      20256420 
 405      0D0A00
 406 000f 00       		.text
 407              	.Letext0:
 408              		.file 2 "c:\\program files (x86)\\cypress\\psoc creator\\3.3\\psoc creator\\import\\gnu\\arm\\4.9.
 409              		.file 3 "c:\\program files (x86)\\cypress\\psoc creator\\3.3\\psoc creator\\import\\gnu\\arm\\4.9.
 410              		.file 4 "Generated_Source\\PSoC5/cytypes.h"
 411              		.file 5 ".\\Reflectance.h"
 412              		.file 6 "Generated_Source\\PSoC5/core_cm3.h"
 413              		.file 7 "Generated_Source\\PSoC5/Timer_RL.h"
 414              		.file 8 "Generated_Source\\PSoC5/Timer_RR.h"
 415              		.file 9 "Generated_Source\\PSoC5/Timer_LL.h"
 416              		.file 10 "Generated_Source\\PSoC5/Timer_LR.h"
 417              		.file 11 "Generated_Source\\PSoC5/RL.h"
 418              		.file 12 "Generated_Source\\PSoC5/RR.h"
 419              		.file 13 "Generated_Source\\PSoC5/LL.h"
 420              		.file 14 "Generated_Source\\PSoC5/LR.h"
 421              		.file 15 "Generated_Source\\PSoC5/CyLib.h"
 422              		.file 16 "c:\\program files (x86)\\cypress\\psoc creator\\3.3\\psoc creator\\import\\gnu\\arm\\4.9
 423              		.section	.debug_info,"",%progbits
 424              	.Ldebug_info0:
 425 0000 44050000 		.4byte	0x544
 426 0004 0400     		.2byte	0x4
 427 0006 00000000 		.4byte	.Ldebug_abbrev0
 428 000a 04       		.byte	0x4
 429 000b 01       		.uleb128 0x1
 430 000c 55030000 		.4byte	.LASF59
 431 0010 01       		.byte	0x1
 432 0011 72020000 		.4byte	.LASF60
 433 0015 D0010000 		.4byte	.LASF61
 434 0019 00000000 		.4byte	.Ldebug_ranges0+0
 435 001d 00000000 		.4byte	0
 436 0021 00000000 		.4byte	.Ldebug_line0
 437 0025 02       		.uleb128 0x2
 438 0026 01       		.byte	0x1
 439 0027 06       		.byte	0x6
 440 0028 A4010000 		.4byte	.LASF0
 441 002c 02       		.uleb128 0x2
 442 002d 01       		.byte	0x1
 443 002e 08       		.byte	0x8
 444 002f 96010000 		.4byte	.LASF1
 445 0033 02       		.uleb128 0x2
 446 0034 02       		.byte	0x2
 447 0035 05       		.byte	0x5
 448 0036 35000000 		.4byte	.LASF2
 449 003a 03       		.uleb128 0x3
 450 003b 89000000 		.4byte	.LASF4
 451 003f 02       		.byte	0x2
 452 0040 2B       		.byte	0x2b
 453 0041 45000000 		.4byte	0x45
 454 0045 02       		.uleb128 0x2
 455 0046 02       		.byte	0x2
 456 0047 07       		.byte	0x7
ARM GAS  C:\Users\ELEADM~1.000\AppData\Local\Temp\ccd6XkCV.s 			page 11


 457 0048 82020000 		.4byte	.LASF3
 458 004c 03       		.uleb128 0x3
 459 004d 4B030000 		.4byte	.LASF5
 460 0051 02       		.byte	0x2
 461 0052 3F       		.byte	0x3f
 462 0053 57000000 		.4byte	0x57
 463 0057 02       		.uleb128 0x2
 464 0058 04       		.byte	0x4
 465 0059 05       		.byte	0x5
 466 005a 2F010000 		.4byte	.LASF6
 467 005e 03       		.uleb128 0x3
 468 005f 10030000 		.4byte	.LASF7
 469 0063 02       		.byte	0x2
 470 0064 41       		.byte	0x41
 471 0065 69000000 		.4byte	0x69
 472 0069 02       		.uleb128 0x2
 473 006a 04       		.byte	0x4
 474 006b 07       		.byte	0x7
 475 006c 48010000 		.4byte	.LASF8
 476 0070 02       		.uleb128 0x2
 477 0071 08       		.byte	0x8
 478 0072 05       		.byte	0x5
 479 0073 F3000000 		.4byte	.LASF9
 480 0077 02       		.uleb128 0x2
 481 0078 08       		.byte	0x8
 482 0079 07       		.byte	0x7
 483 007a B0010000 		.4byte	.LASF10
 484 007e 04       		.uleb128 0x4
 485 007f 04       		.byte	0x4
 486 0080 05       		.byte	0x5
 487 0081 696E7400 		.ascii	"int\000"
 488 0085 02       		.uleb128 0x2
 489 0086 04       		.byte	0x4
 490 0087 07       		.byte	0x7
 491 0088 24020000 		.4byte	.LASF11
 492 008c 02       		.uleb128 0x2
 493 008d 04       		.byte	0x4
 494 008e 07       		.byte	0x7
 495 008f FF030000 		.4byte	.LASF12
 496 0093 02       		.uleb128 0x2
 497 0094 01       		.byte	0x1
 498 0095 08       		.byte	0x8
 499 0096 2A010000 		.4byte	.LASF13
 500 009a 05       		.uleb128 0x5
 501 009b 04       		.byte	0x4
 502 009c A0000000 		.4byte	0xa0
 503 00a0 06       		.uleb128 0x6
 504 00a1 93000000 		.4byte	0x93
 505 00a5 03       		.uleb128 0x3
 506 00a6 EE020000 		.4byte	.LASF14
 507 00aa 03       		.byte	0x3
 508 00ab 21       		.byte	0x21
 509 00ac 3A000000 		.4byte	0x3a
 510 00b0 03       		.uleb128 0x3
 511 00b1 C2020000 		.4byte	.LASF15
 512 00b5 03       		.byte	0x3
 513 00b6 2C       		.byte	0x2c
ARM GAS  C:\Users\ELEADM~1.000\AppData\Local\Temp\ccd6XkCV.s 			page 12


 514 00b7 4C000000 		.4byte	0x4c
 515 00bb 03       		.uleb128 0x3
 516 00bc C7010000 		.4byte	.LASF16
 517 00c0 03       		.byte	0x3
 518 00c1 2D       		.byte	0x2d
 519 00c2 5E000000 		.4byte	0x5e
 520 00c6 07       		.uleb128 0x7
 521 00c7 C6000000 		.4byte	.LASF17
 522 00cb 04       		.byte	0x4
 523 00cc 3801     		.2byte	0x138
 524 00ce 2C000000 		.4byte	0x2c
 525 00d2 07       		.uleb128 0x7
 526 00d3 B6000000 		.4byte	.LASF18
 527 00d7 04       		.byte	0x4
 528 00d8 3901     		.2byte	0x139
 529 00da 45000000 		.4byte	0x45
 530 00de 02       		.uleb128 0x2
 531 00df 04       		.byte	0x4
 532 00e0 04       		.byte	0x4
 533 00e1 CC000000 		.4byte	.LASF19
 534 00e5 02       		.uleb128 0x2
 535 00e6 08       		.byte	0x8
 536 00e7 04       		.byte	0x4
 537 00e8 00030000 		.4byte	.LASF20
 538 00ec 08       		.uleb128 0x8
 539 00ed BD000000 		.4byte	.LASF21
 540 00f1 08       		.byte	0x8
 541 00f2 05       		.byte	0x5
 542 00f3 0A       		.byte	0xa
 543 00f4 25010000 		.4byte	0x125
 544 00f8 09       		.uleb128 0x9
 545 00f9 6C6C00   		.ascii	"ll\000"
 546 00fc 05       		.byte	0x5
 547 00fd 0B       		.byte	0xb
 548 00fe A5000000 		.4byte	0xa5
 549 0102 00       		.byte	0
 550 0103 09       		.uleb128 0x9
 551 0104 6C7200   		.ascii	"lr\000"
 552 0107 05       		.byte	0x5
 553 0108 0D       		.byte	0xd
 554 0109 A5000000 		.4byte	0xa5
 555 010d 02       		.byte	0x2
 556 010e 09       		.uleb128 0x9
 557 010f 726C00   		.ascii	"rl\000"
 558 0112 05       		.byte	0x5
 559 0113 0E       		.byte	0xe
 560 0114 A5000000 		.4byte	0xa5
 561 0118 04       		.byte	0x4
 562 0119 09       		.uleb128 0x9
 563 011a 727200   		.ascii	"rr\000"
 564 011d 05       		.byte	0x5
 565 011e 10       		.byte	0x10
 566 011f A5000000 		.4byte	0xa5
 567 0123 06       		.byte	0x6
 568 0124 00       		.byte	0
 569 0125 08       		.uleb128 0x8
 570 0126 10000000 		.4byte	.LASF22
ARM GAS  C:\Users\ELEADM~1.000\AppData\Local\Temp\ccd6XkCV.s 			page 13


 571 012a 08       		.byte	0x8
 572 012b 05       		.byte	0x5
 573 012c 13       		.byte	0x13
 574 012d 5E010000 		.4byte	0x15e
 575 0131 09       		.uleb128 0x9
 576 0132 6C6C00   		.ascii	"ll\000"
 577 0135 05       		.byte	0x5
 578 0136 14       		.byte	0x14
 579 0137 A5000000 		.4byte	0xa5
 580 013b 00       		.byte	0
 581 013c 09       		.uleb128 0x9
 582 013d 6C7200   		.ascii	"lr\000"
 583 0140 05       		.byte	0x5
 584 0141 16       		.byte	0x16
 585 0142 A5000000 		.4byte	0xa5
 586 0146 02       		.byte	0x2
 587 0147 09       		.uleb128 0x9
 588 0148 726C00   		.ascii	"rl\000"
 589 014b 05       		.byte	0x5
 590 014c 17       		.byte	0x17
 591 014d A5000000 		.4byte	0xa5
 592 0151 04       		.byte	0x4
 593 0152 09       		.uleb128 0x9
 594 0153 727200   		.ascii	"rr\000"
 595 0156 05       		.byte	0x5
 596 0157 19       		.byte	0x19
 597 0158 A5000000 		.4byte	0xa5
 598 015c 06       		.byte	0x6
 599 015d 00       		.byte	0
 600 015e 0A       		.uleb128 0xa
 601 015f 76000000 		.4byte	.LASF62
 602 0163 01       		.byte	0x1
 603 0164 0D       		.byte	0xd
 604 0165 00000000 		.4byte	.LFB63
 605 0169 F8000000 		.4byte	.LFE63-.LFB63
 606 016d 01       		.uleb128 0x1
 607 016e 9C       		.byte	0x9c
 608 016f 33030000 		.4byte	0x333
 609 0173 0B       		.uleb128 0xb
 610 0174 A4000000 		.4byte	.LASF23
 611 0178 01       		.byte	0x1
 612 0179 0F       		.byte	0xf
 613 017a BB000000 		.4byte	0xbb
 614 017e 00000000 		.4byte	.LLST0
 615 0182 0B       		.uleb128 0xb
 616 0183 38010000 		.4byte	.LASF24
 617 0187 01       		.byte	0x1
 618 0188 10       		.byte	0x10
 619 0189 BB000000 		.4byte	0xbb
 620 018d 28000000 		.4byte	.LLST1
 621 0191 0B       		.uleb128 0xb
 622 0192 F7020000 		.4byte	.LASF25
 623 0196 01       		.byte	0x1
 624 0197 11       		.byte	0x11
 625 0198 BB000000 		.4byte	0xbb
 626 019c 40000000 		.4byte	.LLST2
 627 01a0 0B       		.uleb128 0xb
ARM GAS  C:\Users\ELEADM~1.000\AppData\Local\Temp\ccd6XkCV.s 			page 14


 628 01a1 07030000 		.4byte	.LASF26
 629 01a5 01       		.byte	0x1
 630 01a6 12       		.byte	0x12
 631 01a7 BB000000 		.4byte	0xbb
 632 01ab 58000000 		.4byte	.LLST3
 633 01af 0C       		.uleb128 0xc
 634 01b0 06000000 		.4byte	.LVL0
 635 01b4 FC030000 		.4byte	0x3fc
 636 01b8 0C       		.uleb128 0xc
 637 01b9 0C000000 		.4byte	.LVL2
 638 01bd 07040000 		.4byte	0x407
 639 01c1 0C       		.uleb128 0xc
 640 01c2 12000000 		.4byte	.LVL4
 641 01c6 12040000 		.4byte	0x412
 642 01ca 0C       		.uleb128 0xc
 643 01cb 18000000 		.4byte	.LVL6
 644 01cf 1D040000 		.4byte	0x41d
 645 01d3 0C       		.uleb128 0xc
 646 01d4 24000000 		.4byte	.LVL8
 647 01d8 28040000 		.4byte	0x428
 648 01dc 0C       		.uleb128 0xc
 649 01dd 2A000000 		.4byte	.LVL10
 650 01e1 33040000 		.4byte	0x433
 651 01e5 0C       		.uleb128 0xc
 652 01e6 38000000 		.4byte	.LVL12
 653 01ea 28040000 		.4byte	0x428
 654 01ee 0C       		.uleb128 0xc
 655 01ef 46000000 		.4byte	.LVL14
 656 01f3 3E040000 		.4byte	0x43e
 657 01f7 0C       		.uleb128 0xc
 658 01f8 4C000000 		.4byte	.LVL15
 659 01fc 49040000 		.4byte	0x449
 660 0200 0C       		.uleb128 0xc
 661 0201 5A000000 		.4byte	.LVL16
 662 0205 3E040000 		.4byte	0x43e
 663 0209 0C       		.uleb128 0xc
 664 020a 68000000 		.4byte	.LVL17
 665 020e 54040000 		.4byte	0x454
 666 0212 0C       		.uleb128 0xc
 667 0213 6E000000 		.4byte	.LVL18
 668 0217 5F040000 		.4byte	0x45f
 669 021b 0C       		.uleb128 0xc
 670 021c 7C000000 		.4byte	.LVL19
 671 0220 54040000 		.4byte	0x454
 672 0224 0C       		.uleb128 0xc
 673 0225 8A000000 		.4byte	.LVL20
 674 0229 6A040000 		.4byte	0x46a
 675 022d 0C       		.uleb128 0xc
 676 022e 90000000 		.4byte	.LVL21
 677 0232 75040000 		.4byte	0x475
 678 0236 0C       		.uleb128 0xc
 679 0237 9E000000 		.4byte	.LVL22
 680 023b 6A040000 		.4byte	0x46a
 681 023f 0D       		.uleb128 0xd
 682 0240 A8000000 		.4byte	.LVL23
 683 0244 80040000 		.4byte	0x480
 684 0248 52020000 		.4byte	0x252
ARM GAS  C:\Users\ELEADM~1.000\AppData\Local\Temp\ccd6XkCV.s 			page 15


 685 024c 0E       		.uleb128 0xe
 686 024d 01       		.uleb128 0x1
 687 024e 50       		.byte	0x50
 688 024f 01       		.uleb128 0x1
 689 0250 3C       		.byte	0x3c
 690 0251 00       		.byte	0
 691 0252 0D       		.uleb128 0xd
 692 0253 AE000000 		.4byte	.LVL24
 693 0257 91040000 		.4byte	0x491
 694 025b 65020000 		.4byte	0x265
 695 025f 0E       		.uleb128 0xe
 696 0260 01       		.uleb128 0x1
 697 0261 50       		.byte	0x50
 698 0262 01       		.uleb128 0x1
 699 0263 31       		.byte	0x31
 700 0264 00       		.byte	0
 701 0265 0D       		.uleb128 0xd
 702 0266 B4000000 		.4byte	.LVL25
 703 026a A2040000 		.4byte	0x4a2
 704 026e 78020000 		.4byte	0x278
 705 0272 0E       		.uleb128 0xe
 706 0273 01       		.uleb128 0x1
 707 0274 50       		.byte	0x50
 708 0275 01       		.uleb128 0x1
 709 0276 3C       		.byte	0x3c
 710 0277 00       		.byte	0
 711 0278 0D       		.uleb128 0xd
 712 0279 BA000000 		.4byte	.LVL26
 713 027d B3040000 		.4byte	0x4b3
 714 0281 8B020000 		.4byte	0x28b
 715 0285 0E       		.uleb128 0xe
 716 0286 01       		.uleb128 0x1
 717 0287 50       		.byte	0x50
 718 0288 01       		.uleb128 0x1
 719 0289 31       		.byte	0x31
 720 028a 00       		.byte	0
 721 028b 0D       		.uleb128 0xd
 722 028c C0000000 		.4byte	.LVL27
 723 0290 C4040000 		.4byte	0x4c4
 724 0294 9E020000 		.4byte	0x29e
 725 0298 0E       		.uleb128 0xe
 726 0299 01       		.uleb128 0x1
 727 029a 50       		.byte	0x50
 728 029b 01       		.uleb128 0x1
 729 029c 3C       		.byte	0x3c
 730 029d 00       		.byte	0
 731 029e 0D       		.uleb128 0xd
 732 029f C6000000 		.4byte	.LVL28
 733 02a3 D5040000 		.4byte	0x4d5
 734 02a7 B1020000 		.4byte	0x2b1
 735 02ab 0E       		.uleb128 0xe
 736 02ac 01       		.uleb128 0x1
 737 02ad 50       		.byte	0x50
 738 02ae 01       		.uleb128 0x1
 739 02af 31       		.byte	0x31
 740 02b0 00       		.byte	0
 741 02b1 0D       		.uleb128 0xd
ARM GAS  C:\Users\ELEADM~1.000\AppData\Local\Temp\ccd6XkCV.s 			page 16


 742 02b2 CC000000 		.4byte	.LVL29
 743 02b6 E6040000 		.4byte	0x4e6
 744 02ba C4020000 		.4byte	0x2c4
 745 02be 0E       		.uleb128 0xe
 746 02bf 01       		.uleb128 0x1
 747 02c0 50       		.byte	0x50
 748 02c1 01       		.uleb128 0x1
 749 02c2 3C       		.byte	0x3c
 750 02c3 00       		.byte	0
 751 02c4 0D       		.uleb128 0xd
 752 02c5 D2000000 		.4byte	.LVL30
 753 02c9 F7040000 		.4byte	0x4f7
 754 02cd D7020000 		.4byte	0x2d7
 755 02d1 0E       		.uleb128 0xe
 756 02d2 01       		.uleb128 0x1
 757 02d3 50       		.byte	0x50
 758 02d4 01       		.uleb128 0x1
 759 02d5 31       		.byte	0x31
 760 02d6 00       		.byte	0
 761 02d7 0D       		.uleb128 0xd
 762 02d8 D8000000 		.4byte	.LVL31
 763 02dc 08050000 		.4byte	0x508
 764 02e0 EA020000 		.4byte	0x2ea
 765 02e4 0E       		.uleb128 0xe
 766 02e5 01       		.uleb128 0x1
 767 02e6 50       		.byte	0x50
 768 02e7 01       		.uleb128 0x1
 769 02e8 3A       		.byte	0x3a
 770 02e9 00       		.byte	0
 771 02ea 0D       		.uleb128 0xd
 772 02eb DE000000 		.4byte	.LVL32
 773 02ef 80040000 		.4byte	0x480
 774 02f3 FD020000 		.4byte	0x2fd
 775 02f7 0E       		.uleb128 0xe
 776 02f8 01       		.uleb128 0x1
 777 02f9 50       		.byte	0x50
 778 02fa 01       		.uleb128 0x1
 779 02fb 32       		.byte	0x32
 780 02fc 00       		.byte	0
 781 02fd 0D       		.uleb128 0xd
 782 02fe E4000000 		.4byte	.LVL33
 783 0302 A2040000 		.4byte	0x4a2
 784 0306 10030000 		.4byte	0x310
 785 030a 0E       		.uleb128 0xe
 786 030b 01       		.uleb128 0x1
 787 030c 50       		.byte	0x50
 788 030d 01       		.uleb128 0x1
 789 030e 32       		.byte	0x32
 790 030f 00       		.byte	0
 791 0310 0D       		.uleb128 0xd
 792 0311 EA000000 		.4byte	.LVL34
 793 0315 C4040000 		.4byte	0x4c4
 794 0319 23030000 		.4byte	0x323
 795 031d 0E       		.uleb128 0xe
 796 031e 01       		.uleb128 0x1
 797 031f 50       		.byte	0x50
 798 0320 01       		.uleb128 0x1
ARM GAS  C:\Users\ELEADM~1.000\AppData\Local\Temp\ccd6XkCV.s 			page 17


 799 0321 32       		.byte	0x32
 800 0322 00       		.byte	0
 801 0323 0F       		.uleb128 0xf
 802 0324 F0000000 		.4byte	.LVL35
 803 0328 E6040000 		.4byte	0x4e6
 804 032c 0E       		.uleb128 0xe
 805 032d 01       		.uleb128 0x1
 806 032e 50       		.byte	0x50
 807 032f 01       		.uleb128 0x1
 808 0330 32       		.byte	0x32
 809 0331 00       		.byte	0
 810 0332 00       		.byte	0
 811 0333 10       		.uleb128 0x10
 812 0334 D2000000 		.4byte	.LASF27
 813 0338 01       		.byte	0x1
 814 0339 44       		.byte	0x44
 815 033a 00000000 		.4byte	.LFB64
 816 033e 14000000 		.4byte	.LFE64-.LFB64
 817 0342 01       		.uleb128 0x1
 818 0343 9C       		.byte	0x9c
 819 0344 6D030000 		.4byte	0x36d
 820 0348 0C       		.uleb128 0xc
 821 0349 06000000 		.4byte	.LVL37
 822 034d 19050000 		.4byte	0x519
 823 0351 0C       		.uleb128 0xc
 824 0352 0A000000 		.4byte	.LVL38
 825 0356 20050000 		.4byte	0x520
 826 035a 0C       		.uleb128 0xc
 827 035b 0E000000 		.4byte	.LVL39
 828 035f 27050000 		.4byte	0x527
 829 0363 0C       		.uleb128 0xc
 830 0364 12000000 		.4byte	.LVL40
 831 0368 2E050000 		.4byte	0x52e
 832 036c 00       		.byte	0
 833 036d 10       		.uleb128 0x10
 834 036e 5B000000 		.4byte	.LASF28
 835 0372 01       		.byte	0x1
 836 0373 50       		.byte	0x50
 837 0374 00000000 		.4byte	.LFB65
 838 0378 2C000000 		.4byte	.LFE65-.LFB65
 839 037c 01       		.uleb128 0x1
 840 037d 9C       		.byte	0x9c
 841 037e 96030000 		.4byte	0x396
 842 0382 0F       		.uleb128 0xf
 843 0383 1E000000 		.4byte	.LVL41
 844 0387 35050000 		.4byte	0x535
 845 038b 0E       		.uleb128 0xe
 846 038c 01       		.uleb128 0x1
 847 038d 50       		.byte	0x50
 848 038e 05       		.uleb128 0x5
 849 038f 03       		.byte	0x3
 850 0390 00000000 		.4byte	.LC0
 851 0394 00       		.byte	0
 852 0395 00       		.byte	0
 853 0396 10       		.uleb128 0x10
 854 0397 16010000 		.4byte	.LASF29
 855 039b 01       		.byte	0x1
ARM GAS  C:\Users\ELEADM~1.000\AppData\Local\Temp\ccd6XkCV.s 			page 18


 856 039c 59       		.byte	0x59
 857 039d 00000000 		.4byte	.LFB66
 858 03a1 A0000000 		.4byte	.LFE66-.LFB66
 859 03a5 01       		.uleb128 0x1
 860 03a6 9C       		.byte	0x9c
 861 03a7 BF030000 		.4byte	0x3bf
 862 03ab 0F       		.uleb128 0xf
 863 03ac 8E000000 		.4byte	.LVL42
 864 03b0 35050000 		.4byte	0x535
 865 03b4 0E       		.uleb128 0xe
 866 03b5 01       		.uleb128 0x1
 867 03b6 50       		.byte	0x50
 868 03b7 05       		.uleb128 0x5
 869 03b8 03       		.byte	0x3
 870 03b9 00000000 		.4byte	.LC0
 871 03bd 00       		.byte	0
 872 03be 00       		.byte	0
 873 03bf 11       		.uleb128 0x11
 874 03c0 34040000 		.4byte	.LASF30
 875 03c4 06       		.byte	0x6
 876 03c5 5506     		.2byte	0x655
 877 03c7 CB030000 		.4byte	0x3cb
 878 03cb 12       		.uleb128 0x12
 879 03cc B0000000 		.4byte	0xb0
 880 03d0 13       		.uleb128 0x13
 881 03d1 6E000000 		.4byte	.LASF31
 882 03d5 05       		.byte	0x5
 883 03d6 11       		.byte	0x11
 884 03d7 E1030000 		.4byte	0x3e1
 885 03db 05       		.uleb128 0x5
 886 03dc 03       		.byte	0x3
 887 03dd 00000000 		.4byte	sensors
 888 03e1 12       		.uleb128 0x12
 889 03e2 EC000000 		.4byte	0xec
 890 03e6 13       		.uleb128 0x13
 891 03e7 95020000 		.4byte	.LASF32
 892 03eb 05       		.byte	0x5
 893 03ec 1A       		.byte	0x1a
 894 03ed F7030000 		.4byte	0x3f7
 895 03f1 05       		.uleb128 0x5
 896 03f2 03       		.byte	0x3
 897 03f3 00000000 		.4byte	digital_sensor_value
 898 03f7 12       		.uleb128 0x12
 899 03f8 25010000 		.4byte	0x125
 900 03fc 14       		.uleb128 0x14
 901 03fd 1B030000 		.4byte	.LASF33
 902 0401 07       		.byte	0x7
 903 0402 5E       		.byte	0x5e
 904 0403 C6000000 		.4byte	0xc6
 905 0407 14       		.uleb128 0x14
 906 0408 E3030000 		.4byte	.LASF34
 907 040c 08       		.byte	0x8
 908 040d 5E       		.byte	0x5e
 909 040e C6000000 		.4byte	0xc6
 910 0412 14       		.uleb128 0x14
 911 0413 56020000 		.4byte	.LASF35
 912 0417 09       		.byte	0x9
ARM GAS  C:\Users\ELEADM~1.000\AppData\Local\Temp\ccd6XkCV.s 			page 19


 913 0418 5E       		.byte	0x5e
 914 0419 C6000000 		.4byte	0xc6
 915 041d 14       		.uleb128 0x14
 916 041e 3F000000 		.4byte	.LASF36
 917 0422 0A       		.byte	0xa
 918 0423 5E       		.byte	0x5e
 919 0424 C6000000 		.4byte	0xc6
 920 0428 14       		.uleb128 0x14
 921 0429 DA020000 		.4byte	.LASF37
 922 042d 07       		.byte	0x7
 923 042e 67       		.byte	0x67
 924 042f D2000000 		.4byte	0xd2
 925 0433 14       		.uleb128 0x14
 926 0434 41040000 		.4byte	.LASF38
 927 0438 07       		.byte	0x7
 928 0439 6B       		.byte	0x6b
 929 043a D2000000 		.4byte	0xd2
 930 043e 14       		.uleb128 0x14
 931 043f 5A010000 		.4byte	.LASF39
 932 0443 08       		.byte	0x8
 933 0444 67       		.byte	0x67
 934 0445 D2000000 		.4byte	0xd2
 935 0449 14       		.uleb128 0x14
 936 044a 41020000 		.4byte	.LASF40
 937 044e 08       		.byte	0x8
 938 044f 6B       		.byte	0x6b
 939 0450 D2000000 		.4byte	0xd2
 940 0454 14       		.uleb128 0x14
 941 0455 08040000 		.4byte	.LASF41
 942 0459 09       		.byte	0x9
 943 045a 67       		.byte	0x67
 944 045b D2000000 		.4byte	0xd2
 945 045f 14       		.uleb128 0x14
 946 0460 01010000 		.4byte	.LASF42
 947 0464 09       		.byte	0x9
 948 0465 6B       		.byte	0x6b
 949 0466 D2000000 		.4byte	0xd2
 950 046a 14       		.uleb128 0x14
 951 046b 37030000 		.4byte	.LASF43
 952 046f 0A       		.byte	0xa
 953 0470 67       		.byte	0x67
 954 0471 D2000000 		.4byte	0xd2
 955 0475 14       		.uleb128 0x14
 956 0476 6E010000 		.4byte	.LASF44
 957 047a 0A       		.byte	0xa
 958 047b 6B       		.byte	0x6b
 959 047c D2000000 		.4byte	0xd2
 960 0480 15       		.uleb128 0x15
 961 0481 31020000 		.4byte	.LASF45
 962 0485 0B       		.byte	0xb
 963 0486 27       		.byte	0x27
 964 0487 91040000 		.4byte	0x491
 965 048b 16       		.uleb128 0x16
 966 048c C6000000 		.4byte	0xc6
 967 0490 00       		.byte	0
 968 0491 15       		.uleb128 0x15
 969 0492 AD000000 		.4byte	.LASF46
ARM GAS  C:\Users\ELEADM~1.000\AppData\Local\Temp\ccd6XkCV.s 			page 20


 970 0496 0B       		.byte	0xb
 971 0497 26       		.byte	0x26
 972 0498 A2040000 		.4byte	0x4a2
 973 049c 16       		.uleb128 0x16
 974 049d C6000000 		.4byte	0xc6
 975 04a1 00       		.byte	0
 976 04a2 15       		.uleb128 0x15
 977 04a3 94000000 		.4byte	.LASF47
 978 04a7 0C       		.byte	0xc
 979 04a8 27       		.byte	0x27
 980 04a9 B3040000 		.4byte	0x4b3
 981 04ad 16       		.uleb128 0x16
 982 04ae C6000000 		.4byte	0xc6
 983 04b2 00       		.byte	0
 984 04b3 15       		.uleb128 0x15
 985 04b4 83010000 		.4byte	.LASF48
 986 04b8 0C       		.byte	0xc
 987 04b9 26       		.byte	0x26
 988 04ba C4040000 		.4byte	0x4c4
 989 04be 16       		.uleb128 0x16
 990 04bf C6000000 		.4byte	0xc6
 991 04c3 00       		.byte	0
 992 04c4 15       		.uleb128 0x15
 993 04c5 00000000 		.4byte	.LASF49
 994 04c9 0D       		.byte	0xd
 995 04ca 27       		.byte	0x27
 996 04cb D5040000 		.4byte	0x4d5
 997 04cf 16       		.uleb128 0x16
 998 04d0 C6000000 		.4byte	0xc6
 999 04d4 00       		.byte	0
 1000 04d5 15       		.uleb128 0x15
 1001 04d6 B9020000 		.4byte	.LASF50
 1002 04da 0D       		.byte	0xd
 1003 04db 26       		.byte	0x26
 1004 04dc E6040000 		.4byte	0x4e6
 1005 04e0 16       		.uleb128 0x16
 1006 04e1 C6000000 		.4byte	0xc6
 1007 04e5 00       		.byte	0
 1008 04e6 15       		.uleb128 0x15
 1009 04e7 CA020000 		.4byte	.LASF51
 1010 04eb 0E       		.byte	0xe
 1011 04ec 27       		.byte	0x27
 1012 04ed F7040000 		.4byte	0x4f7
 1013 04f1 16       		.uleb128 0x16
 1014 04f2 C6000000 		.4byte	0xc6
 1015 04f6 00       		.byte	0
 1016 04f7 15       		.uleb128 0x15
 1017 04f8 2B040000 		.4byte	.LASF52
 1018 04fc 0E       		.byte	0xe
 1019 04fd 26       		.byte	0x26
 1020 04fe 08050000 		.4byte	0x508
 1021 0502 16       		.uleb128 0x16
 1022 0503 C6000000 		.4byte	0xc6
 1023 0507 00       		.byte	0
 1024 0508 15       		.uleb128 0x15
 1025 0509 8C010000 		.4byte	.LASF53
 1026 050d 0F       		.byte	0xf
ARM GAS  C:\Users\ELEADM~1.000\AppData\Local\Temp\ccd6XkCV.s 			page 21


 1027 050e 78       		.byte	0x78
 1028 050f 19050000 		.4byte	0x519
 1029 0513 16       		.uleb128 0x16
 1030 0514 D2000000 		.4byte	0xd2
 1031 0518 00       		.byte	0
 1032 0519 17       		.uleb128 0x17
 1033 051a AA020000 		.4byte	.LASF54
 1034 051e 07       		.byte	0x7
 1035 051f 5A       		.byte	0x5a
 1036 0520 17       		.uleb128 0x17
 1037 0521 1C040000 		.4byte	.LASF55
 1038 0525 08       		.byte	0x8
 1039 0526 5A       		.byte	0x5a
 1040 0527 17       		.uleb128 0x17
 1041 0528 26000000 		.4byte	.LASF56
 1042 052c 09       		.byte	0x9
 1043 052d 5A       		.byte	0x5a
 1044 052e 17       		.uleb128 0x17
 1045 052f E4000000 		.4byte	.LASF57
 1046 0533 0A       		.byte	0xa
 1047 0534 5A       		.byte	0x5a
 1048 0535 18       		.uleb128 0x18
 1049 0536 41010000 		.4byte	.LASF58
 1050 053a 10       		.byte	0x10
 1051 053b B2       		.byte	0xb2
 1052 053c 7E000000 		.4byte	0x7e
 1053 0540 16       		.uleb128 0x16
 1054 0541 9A000000 		.4byte	0x9a
 1055 0545 19       		.uleb128 0x19
 1056 0546 00       		.byte	0
 1057 0547 00       		.byte	0
 1058              		.section	.debug_abbrev,"",%progbits
 1059              	.Ldebug_abbrev0:
 1060 0000 01       		.uleb128 0x1
 1061 0001 11       		.uleb128 0x11
 1062 0002 01       		.byte	0x1
 1063 0003 25       		.uleb128 0x25
 1064 0004 0E       		.uleb128 0xe
 1065 0005 13       		.uleb128 0x13
 1066 0006 0B       		.uleb128 0xb
 1067 0007 03       		.uleb128 0x3
 1068 0008 0E       		.uleb128 0xe
 1069 0009 1B       		.uleb128 0x1b
 1070 000a 0E       		.uleb128 0xe
 1071 000b 55       		.uleb128 0x55
 1072 000c 17       		.uleb128 0x17
 1073 000d 11       		.uleb128 0x11
 1074 000e 01       		.uleb128 0x1
 1075 000f 10       		.uleb128 0x10
 1076 0010 17       		.uleb128 0x17
 1077 0011 00       		.byte	0
 1078 0012 00       		.byte	0
 1079 0013 02       		.uleb128 0x2
 1080 0014 24       		.uleb128 0x24
 1081 0015 00       		.byte	0
 1082 0016 0B       		.uleb128 0xb
 1083 0017 0B       		.uleb128 0xb
ARM GAS  C:\Users\ELEADM~1.000\AppData\Local\Temp\ccd6XkCV.s 			page 22


 1084 0018 3E       		.uleb128 0x3e
 1085 0019 0B       		.uleb128 0xb
 1086 001a 03       		.uleb128 0x3
 1087 001b 0E       		.uleb128 0xe
 1088 001c 00       		.byte	0
 1089 001d 00       		.byte	0
 1090 001e 03       		.uleb128 0x3
 1091 001f 16       		.uleb128 0x16
 1092 0020 00       		.byte	0
 1093 0021 03       		.uleb128 0x3
 1094 0022 0E       		.uleb128 0xe
 1095 0023 3A       		.uleb128 0x3a
 1096 0024 0B       		.uleb128 0xb
 1097 0025 3B       		.uleb128 0x3b
 1098 0026 0B       		.uleb128 0xb
 1099 0027 49       		.uleb128 0x49
 1100 0028 13       		.uleb128 0x13
 1101 0029 00       		.byte	0
 1102 002a 00       		.byte	0
 1103 002b 04       		.uleb128 0x4
 1104 002c 24       		.uleb128 0x24
 1105 002d 00       		.byte	0
 1106 002e 0B       		.uleb128 0xb
 1107 002f 0B       		.uleb128 0xb
 1108 0030 3E       		.uleb128 0x3e
 1109 0031 0B       		.uleb128 0xb
 1110 0032 03       		.uleb128 0x3
 1111 0033 08       		.uleb128 0x8
 1112 0034 00       		.byte	0
 1113 0035 00       		.byte	0
 1114 0036 05       		.uleb128 0x5
 1115 0037 0F       		.uleb128 0xf
 1116 0038 00       		.byte	0
 1117 0039 0B       		.uleb128 0xb
 1118 003a 0B       		.uleb128 0xb
 1119 003b 49       		.uleb128 0x49
 1120 003c 13       		.uleb128 0x13
 1121 003d 00       		.byte	0
 1122 003e 00       		.byte	0
 1123 003f 06       		.uleb128 0x6
 1124 0040 26       		.uleb128 0x26
 1125 0041 00       		.byte	0
 1126 0042 49       		.uleb128 0x49
 1127 0043 13       		.uleb128 0x13
 1128 0044 00       		.byte	0
 1129 0045 00       		.byte	0
 1130 0046 07       		.uleb128 0x7
 1131 0047 16       		.uleb128 0x16
 1132 0048 00       		.byte	0
 1133 0049 03       		.uleb128 0x3
 1134 004a 0E       		.uleb128 0xe
 1135 004b 3A       		.uleb128 0x3a
 1136 004c 0B       		.uleb128 0xb
 1137 004d 3B       		.uleb128 0x3b
 1138 004e 05       		.uleb128 0x5
 1139 004f 49       		.uleb128 0x49
 1140 0050 13       		.uleb128 0x13
ARM GAS  C:\Users\ELEADM~1.000\AppData\Local\Temp\ccd6XkCV.s 			page 23


 1141 0051 00       		.byte	0
 1142 0052 00       		.byte	0
 1143 0053 08       		.uleb128 0x8
 1144 0054 13       		.uleb128 0x13
 1145 0055 01       		.byte	0x1
 1146 0056 03       		.uleb128 0x3
 1147 0057 0E       		.uleb128 0xe
 1148 0058 0B       		.uleb128 0xb
 1149 0059 0B       		.uleb128 0xb
 1150 005a 3A       		.uleb128 0x3a
 1151 005b 0B       		.uleb128 0xb
 1152 005c 3B       		.uleb128 0x3b
 1153 005d 0B       		.uleb128 0xb
 1154 005e 01       		.uleb128 0x1
 1155 005f 13       		.uleb128 0x13
 1156 0060 00       		.byte	0
 1157 0061 00       		.byte	0
 1158 0062 09       		.uleb128 0x9
 1159 0063 0D       		.uleb128 0xd
 1160 0064 00       		.byte	0
 1161 0065 03       		.uleb128 0x3
 1162 0066 08       		.uleb128 0x8
 1163 0067 3A       		.uleb128 0x3a
 1164 0068 0B       		.uleb128 0xb
 1165 0069 3B       		.uleb128 0x3b
 1166 006a 0B       		.uleb128 0xb
 1167 006b 49       		.uleb128 0x49
 1168 006c 13       		.uleb128 0x13
 1169 006d 38       		.uleb128 0x38
 1170 006e 0B       		.uleb128 0xb
 1171 006f 00       		.byte	0
 1172 0070 00       		.byte	0
 1173 0071 0A       		.uleb128 0xa
 1174 0072 2E       		.uleb128 0x2e
 1175 0073 01       		.byte	0x1
 1176 0074 3F       		.uleb128 0x3f
 1177 0075 19       		.uleb128 0x19
 1178 0076 03       		.uleb128 0x3
 1179 0077 0E       		.uleb128 0xe
 1180 0078 3A       		.uleb128 0x3a
 1181 0079 0B       		.uleb128 0xb
 1182 007a 3B       		.uleb128 0x3b
 1183 007b 0B       		.uleb128 0xb
 1184 007c 27       		.uleb128 0x27
 1185 007d 19       		.uleb128 0x19
 1186 007e 11       		.uleb128 0x11
 1187 007f 01       		.uleb128 0x1
 1188 0080 12       		.uleb128 0x12
 1189 0081 06       		.uleb128 0x6
 1190 0082 40       		.uleb128 0x40
 1191 0083 18       		.uleb128 0x18
 1192 0084 9742     		.uleb128 0x2117
 1193 0086 19       		.uleb128 0x19
 1194 0087 01       		.uleb128 0x1
 1195 0088 13       		.uleb128 0x13
 1196 0089 00       		.byte	0
 1197 008a 00       		.byte	0
ARM GAS  C:\Users\ELEADM~1.000\AppData\Local\Temp\ccd6XkCV.s 			page 24


 1198 008b 0B       		.uleb128 0xb
 1199 008c 34       		.uleb128 0x34
 1200 008d 00       		.byte	0
 1201 008e 03       		.uleb128 0x3
 1202 008f 0E       		.uleb128 0xe
 1203 0090 3A       		.uleb128 0x3a
 1204 0091 0B       		.uleb128 0xb
 1205 0092 3B       		.uleb128 0x3b
 1206 0093 0B       		.uleb128 0xb
 1207 0094 49       		.uleb128 0x49
 1208 0095 13       		.uleb128 0x13
 1209 0096 02       		.uleb128 0x2
 1210 0097 17       		.uleb128 0x17
 1211 0098 00       		.byte	0
 1212 0099 00       		.byte	0
 1213 009a 0C       		.uleb128 0xc
 1214 009b 898201   		.uleb128 0x4109
 1215 009e 00       		.byte	0
 1216 009f 11       		.uleb128 0x11
 1217 00a0 01       		.uleb128 0x1
 1218 00a1 31       		.uleb128 0x31
 1219 00a2 13       		.uleb128 0x13
 1220 00a3 00       		.byte	0
 1221 00a4 00       		.byte	0
 1222 00a5 0D       		.uleb128 0xd
 1223 00a6 898201   		.uleb128 0x4109
 1224 00a9 01       		.byte	0x1
 1225 00aa 11       		.uleb128 0x11
 1226 00ab 01       		.uleb128 0x1
 1227 00ac 31       		.uleb128 0x31
 1228 00ad 13       		.uleb128 0x13
 1229 00ae 01       		.uleb128 0x1
 1230 00af 13       		.uleb128 0x13
 1231 00b0 00       		.byte	0
 1232 00b1 00       		.byte	0
 1233 00b2 0E       		.uleb128 0xe
 1234 00b3 8A8201   		.uleb128 0x410a
 1235 00b6 00       		.byte	0
 1236 00b7 02       		.uleb128 0x2
 1237 00b8 18       		.uleb128 0x18
 1238 00b9 9142     		.uleb128 0x2111
 1239 00bb 18       		.uleb128 0x18
 1240 00bc 00       		.byte	0
 1241 00bd 00       		.byte	0
 1242 00be 0F       		.uleb128 0xf
 1243 00bf 898201   		.uleb128 0x4109
 1244 00c2 01       		.byte	0x1
 1245 00c3 11       		.uleb128 0x11
 1246 00c4 01       		.uleb128 0x1
 1247 00c5 31       		.uleb128 0x31
 1248 00c6 13       		.uleb128 0x13
 1249 00c7 00       		.byte	0
 1250 00c8 00       		.byte	0
 1251 00c9 10       		.uleb128 0x10
 1252 00ca 2E       		.uleb128 0x2e
 1253 00cb 01       		.byte	0x1
 1254 00cc 3F       		.uleb128 0x3f
ARM GAS  C:\Users\ELEADM~1.000\AppData\Local\Temp\ccd6XkCV.s 			page 25


 1255 00cd 19       		.uleb128 0x19
 1256 00ce 03       		.uleb128 0x3
 1257 00cf 0E       		.uleb128 0xe
 1258 00d0 3A       		.uleb128 0x3a
 1259 00d1 0B       		.uleb128 0xb
 1260 00d2 3B       		.uleb128 0x3b
 1261 00d3 0B       		.uleb128 0xb
 1262 00d4 11       		.uleb128 0x11
 1263 00d5 01       		.uleb128 0x1
 1264 00d6 12       		.uleb128 0x12
 1265 00d7 06       		.uleb128 0x6
 1266 00d8 40       		.uleb128 0x40
 1267 00d9 18       		.uleb128 0x18
 1268 00da 9742     		.uleb128 0x2117
 1269 00dc 19       		.uleb128 0x19
 1270 00dd 01       		.uleb128 0x1
 1271 00de 13       		.uleb128 0x13
 1272 00df 00       		.byte	0
 1273 00e0 00       		.byte	0
 1274 00e1 11       		.uleb128 0x11
 1275 00e2 34       		.uleb128 0x34
 1276 00e3 00       		.byte	0
 1277 00e4 03       		.uleb128 0x3
 1278 00e5 0E       		.uleb128 0xe
 1279 00e6 3A       		.uleb128 0x3a
 1280 00e7 0B       		.uleb128 0xb
 1281 00e8 3B       		.uleb128 0x3b
 1282 00e9 05       		.uleb128 0x5
 1283 00ea 49       		.uleb128 0x49
 1284 00eb 13       		.uleb128 0x13
 1285 00ec 3F       		.uleb128 0x3f
 1286 00ed 19       		.uleb128 0x19
 1287 00ee 3C       		.uleb128 0x3c
 1288 00ef 19       		.uleb128 0x19
 1289 00f0 00       		.byte	0
 1290 00f1 00       		.byte	0
 1291 00f2 12       		.uleb128 0x12
 1292 00f3 35       		.uleb128 0x35
 1293 00f4 00       		.byte	0
 1294 00f5 49       		.uleb128 0x49
 1295 00f6 13       		.uleb128 0x13
 1296 00f7 00       		.byte	0
 1297 00f8 00       		.byte	0
 1298 00f9 13       		.uleb128 0x13
 1299 00fa 34       		.uleb128 0x34
 1300 00fb 00       		.byte	0
 1301 00fc 03       		.uleb128 0x3
 1302 00fd 0E       		.uleb128 0xe
 1303 00fe 3A       		.uleb128 0x3a
 1304 00ff 0B       		.uleb128 0xb
 1305 0100 3B       		.uleb128 0x3b
 1306 0101 0B       		.uleb128 0xb
 1307 0102 49       		.uleb128 0x49
 1308 0103 13       		.uleb128 0x13
 1309 0104 3F       		.uleb128 0x3f
 1310 0105 19       		.uleb128 0x19
 1311 0106 02       		.uleb128 0x2
ARM GAS  C:\Users\ELEADM~1.000\AppData\Local\Temp\ccd6XkCV.s 			page 26


 1312 0107 18       		.uleb128 0x18
 1313 0108 00       		.byte	0
 1314 0109 00       		.byte	0
 1315 010a 14       		.uleb128 0x14
 1316 010b 2E       		.uleb128 0x2e
 1317 010c 00       		.byte	0
 1318 010d 3F       		.uleb128 0x3f
 1319 010e 19       		.uleb128 0x19
 1320 010f 03       		.uleb128 0x3
 1321 0110 0E       		.uleb128 0xe
 1322 0111 3A       		.uleb128 0x3a
 1323 0112 0B       		.uleb128 0xb
 1324 0113 3B       		.uleb128 0x3b
 1325 0114 0B       		.uleb128 0xb
 1326 0115 27       		.uleb128 0x27
 1327 0116 19       		.uleb128 0x19
 1328 0117 49       		.uleb128 0x49
 1329 0118 13       		.uleb128 0x13
 1330 0119 3C       		.uleb128 0x3c
 1331 011a 19       		.uleb128 0x19
 1332 011b 00       		.byte	0
 1333 011c 00       		.byte	0
 1334 011d 15       		.uleb128 0x15
 1335 011e 2E       		.uleb128 0x2e
 1336 011f 01       		.byte	0x1
 1337 0120 3F       		.uleb128 0x3f
 1338 0121 19       		.uleb128 0x19
 1339 0122 03       		.uleb128 0x3
 1340 0123 0E       		.uleb128 0xe
 1341 0124 3A       		.uleb128 0x3a
 1342 0125 0B       		.uleb128 0xb
 1343 0126 3B       		.uleb128 0x3b
 1344 0127 0B       		.uleb128 0xb
 1345 0128 27       		.uleb128 0x27
 1346 0129 19       		.uleb128 0x19
 1347 012a 3C       		.uleb128 0x3c
 1348 012b 19       		.uleb128 0x19
 1349 012c 01       		.uleb128 0x1
 1350 012d 13       		.uleb128 0x13
 1351 012e 00       		.byte	0
 1352 012f 00       		.byte	0
 1353 0130 16       		.uleb128 0x16
 1354 0131 05       		.uleb128 0x5
 1355 0132 00       		.byte	0
 1356 0133 49       		.uleb128 0x49
 1357 0134 13       		.uleb128 0x13
 1358 0135 00       		.byte	0
 1359 0136 00       		.byte	0
 1360 0137 17       		.uleb128 0x17
 1361 0138 2E       		.uleb128 0x2e
 1362 0139 00       		.byte	0
 1363 013a 3F       		.uleb128 0x3f
 1364 013b 19       		.uleb128 0x19
 1365 013c 03       		.uleb128 0x3
 1366 013d 0E       		.uleb128 0xe
 1367 013e 3A       		.uleb128 0x3a
 1368 013f 0B       		.uleb128 0xb
ARM GAS  C:\Users\ELEADM~1.000\AppData\Local\Temp\ccd6XkCV.s 			page 27


 1369 0140 3B       		.uleb128 0x3b
 1370 0141 0B       		.uleb128 0xb
 1371 0142 27       		.uleb128 0x27
 1372 0143 19       		.uleb128 0x19
 1373 0144 3C       		.uleb128 0x3c
 1374 0145 19       		.uleb128 0x19
 1375 0146 00       		.byte	0
 1376 0147 00       		.byte	0
 1377 0148 18       		.uleb128 0x18
 1378 0149 2E       		.uleb128 0x2e
 1379 014a 01       		.byte	0x1
 1380 014b 3F       		.uleb128 0x3f
 1381 014c 19       		.uleb128 0x19
 1382 014d 03       		.uleb128 0x3
 1383 014e 0E       		.uleb128 0xe
 1384 014f 3A       		.uleb128 0x3a
 1385 0150 0B       		.uleb128 0xb
 1386 0151 3B       		.uleb128 0x3b
 1387 0152 0B       		.uleb128 0xb
 1388 0153 27       		.uleb128 0x27
 1389 0154 19       		.uleb128 0x19
 1390 0155 49       		.uleb128 0x49
 1391 0156 13       		.uleb128 0x13
 1392 0157 3C       		.uleb128 0x3c
 1393 0158 19       		.uleb128 0x19
 1394 0159 00       		.byte	0
 1395 015a 00       		.byte	0
 1396 015b 19       		.uleb128 0x19
 1397 015c 18       		.uleb128 0x18
 1398 015d 00       		.byte	0
 1399 015e 00       		.byte	0
 1400 015f 00       		.byte	0
 1401 0160 00       		.byte	0
 1402              		.section	.debug_loc,"",%progbits
 1403              	.Ldebug_loc0:
 1404              	.LLST0:
 1405 0000 08000000 		.4byte	.LVL1
 1406 0004 26000000 		.4byte	.LVL9
 1407 0008 0600     		.2byte	0x6
 1408 000a 74       		.byte	0x74
 1409 000b 00       		.sleb128 0
 1410 000c 08       		.byte	0x8
 1411 000d FF       		.byte	0xff
 1412 000e 1A       		.byte	0x1a
 1413 000f 9F       		.byte	0x9f
 1414 0010 34000000 		.4byte	.LVL11
 1415 0014 3C000000 		.4byte	.LVL13
 1416 0018 0600     		.2byte	0x6
 1417 001a 74       		.byte	0x74
 1418 001b 00       		.sleb128 0
 1419 001c 08       		.byte	0x8
 1420 001d FF       		.byte	0xff
 1421 001e 1A       		.byte	0x1a
 1422 001f 9F       		.byte	0x9f
 1423 0020 00000000 		.4byte	0
 1424 0024 00000000 		.4byte	0
 1425              	.LLST1:
ARM GAS  C:\Users\ELEADM~1.000\AppData\Local\Temp\ccd6XkCV.s 			page 28


 1426 0028 0E000000 		.4byte	.LVL3
 1427 002c F2000000 		.4byte	.LVL36
 1428 0030 0600     		.2byte	0x6
 1429 0032 77       		.byte	0x77
 1430 0033 00       		.sleb128 0
 1431 0034 08       		.byte	0x8
 1432 0035 FF       		.byte	0xff
 1433 0036 1A       		.byte	0x1a
 1434 0037 9F       		.byte	0x9f
 1435 0038 00000000 		.4byte	0
 1436 003c 00000000 		.4byte	0
 1437              	.LLST2:
 1438 0040 14000000 		.4byte	.LVL5
 1439 0044 F2000000 		.4byte	.LVL36
 1440 0048 0600     		.2byte	0x6
 1441 004a 76       		.byte	0x76
 1442 004b 00       		.sleb128 0
 1443 004c 08       		.byte	0x8
 1444 004d FF       		.byte	0xff
 1445 004e 1A       		.byte	0x1a
 1446 004f 9F       		.byte	0x9f
 1447 0050 00000000 		.4byte	0
 1448 0054 00000000 		.4byte	0
 1449              	.LLST3:
 1450 0058 1A000000 		.4byte	.LVL7
 1451 005c F2000000 		.4byte	.LVL36
 1452 0060 0600     		.2byte	0x6
 1453 0062 75       		.byte	0x75
 1454 0063 00       		.sleb128 0
 1455 0064 08       		.byte	0x8
 1456 0065 FF       		.byte	0xff
 1457 0066 1A       		.byte	0x1a
 1458 0067 9F       		.byte	0x9f
 1459 0068 00000000 		.4byte	0
 1460 006c 00000000 		.4byte	0
 1461              		.section	.debug_aranges,"",%progbits
 1462 0000 34000000 		.4byte	0x34
 1463 0004 0200     		.2byte	0x2
 1464 0006 00000000 		.4byte	.Ldebug_info0
 1465 000a 04       		.byte	0x4
 1466 000b 00       		.byte	0
 1467 000c 0000     		.2byte	0
 1468 000e 0000     		.2byte	0
 1469 0010 00000000 		.4byte	.LFB63
 1470 0014 F8000000 		.4byte	.LFE63-.LFB63
 1471 0018 00000000 		.4byte	.LFB64
 1472 001c 14000000 		.4byte	.LFE64-.LFB64
 1473 0020 00000000 		.4byte	.LFB65
 1474 0024 2C000000 		.4byte	.LFE65-.LFB65
 1475 0028 00000000 		.4byte	.LFB66
 1476 002c A0000000 		.4byte	.LFE66-.LFB66
 1477 0030 00000000 		.4byte	0
 1478 0034 00000000 		.4byte	0
 1479              		.section	.debug_ranges,"",%progbits
 1480              	.Ldebug_ranges0:
 1481 0000 00000000 		.4byte	.LFB63
 1482 0004 F8000000 		.4byte	.LFE63
ARM GAS  C:\Users\ELEADM~1.000\AppData\Local\Temp\ccd6XkCV.s 			page 29


 1483 0008 00000000 		.4byte	.LFB64
 1484 000c 14000000 		.4byte	.LFE64
 1485 0010 00000000 		.4byte	.LFB65
 1486 0014 2C000000 		.4byte	.LFE65
 1487 0018 00000000 		.4byte	.LFB66
 1488 001c A0000000 		.4byte	.LFE66
 1489 0020 00000000 		.4byte	0
 1490 0024 00000000 		.4byte	0
 1491              		.section	.debug_line,"",%progbits
 1492              	.Ldebug_line0:
 1493 0000 47020000 		.section	.debug_str,"MS",%progbits,1
 1493      0200D101 
 1493      00000201 
 1493      FB0E0D00 
 1493      01010101 
 1494              	.LASF49:
 1495 0000 4C4C5F53 		.ascii	"LL_SetDriveMode\000"
 1495      65744472 
 1495      6976654D 
 1495      6F646500 
 1496              	.LASF22:
 1497 0010 64696769 		.ascii	"digital_sensor_value_\000"
 1497      74616C5F 
 1497      73656E73 
 1497      6F725F76 
 1497      616C7565 
 1498              	.LASF56:
 1499 0026 54696D65 		.ascii	"Timer_LL_Start\000"
 1499      725F4C4C 
 1499      5F537461 
 1499      727400
 1500              	.LASF2:
 1501 0035 73686F72 		.ascii	"short int\000"
 1501      7420696E 
 1501      7400
 1502              	.LASF36:
 1503 003f 54696D65 		.ascii	"Timer_LR_ReadStatusRegister\000"
 1503      725F4C52 
 1503      5F526561 
 1503      64537461 
 1503      74757352 
 1504              	.LASF28:
 1505 005b 7265666C 		.ascii	"reflectance_period\000"
 1505      65637461 
 1505      6E63655F 
 1505      70657269 
 1505      6F6400
 1506              	.LASF31:
 1507 006e 73656E73 		.ascii	"sensors\000"
 1507      6F727300 
 1508              	.LASF62:
 1509 0076 73656E73 		.ascii	"sensor_isr_handler\000"
 1509      6F725F69 
 1509      73725F68 
 1509      616E646C 
 1509      657200
 1510              	.LASF4:
ARM GAS  C:\Users\ELEADM~1.000\AppData\Local\Temp\ccd6XkCV.s 			page 30


 1511 0089 5F5F7569 		.ascii	"__uint16_t\000"
 1511      6E743136 
 1511      5F7400
 1512              	.LASF47:
 1513 0094 52525F53 		.ascii	"RR_SetDriveMode\000"
 1513      65744472 
 1513      6976654D 
 1513      6F646500 
 1514              	.LASF23:
 1515 00a4 73746174 		.ascii	"statusRL\000"
 1515      7573524C 
 1515      00
 1516              	.LASF46:
 1517 00ad 524C5F57 		.ascii	"RL_Write\000"
 1517      72697465 
 1517      00
 1518              	.LASF18:
 1519 00b6 75696E74 		.ascii	"uint16\000"
 1519      313600
 1520              	.LASF21:
 1521 00bd 73656E73 		.ascii	"sensors_\000"
 1521      6F72735F 
 1521      00
 1522              	.LASF17:
 1523 00c6 75696E74 		.ascii	"uint8\000"
 1523      3800
 1524              	.LASF19:
 1525 00cc 666C6F61 		.ascii	"float\000"
 1525      7400
 1526              	.LASF27:
 1527 00d2 52656665 		.ascii	"Refelctance_Start\000"
 1527      6C637461 
 1527      6E63655F 
 1527      53746172 
 1527      7400
 1528              	.LASF57:
 1529 00e4 54696D65 		.ascii	"Timer_LR_Start\000"
 1529      725F4C52 
 1529      5F537461 
 1529      727400
 1530              	.LASF9:
 1531 00f3 6C6F6E67 		.ascii	"long long int\000"
 1531      206C6F6E 
 1531      6720696E 
 1531      7400
 1532              	.LASF42:
 1533 0101 54696D65 		.ascii	"Timer_LL_ReadCapture\000"
 1533      725F4C4C 
 1533      5F526561 
 1533      64436170 
 1533      74757265 
 1534              	.LASF29:
 1535 0116 7265666C 		.ascii	"reflectance_digital\000"
 1535      65637461 
 1535      6E63655F 
 1535      64696769 
 1535      74616C00 
ARM GAS  C:\Users\ELEADM~1.000\AppData\Local\Temp\ccd6XkCV.s 			page 31


 1536              	.LASF13:
 1537 012a 63686172 		.ascii	"char\000"
 1537      00
 1538              	.LASF6:
 1539 012f 6C6F6E67 		.ascii	"long int\000"
 1539      20696E74 
 1539      00
 1540              	.LASF24:
 1541 0138 73746174 		.ascii	"statusRR\000"
 1541      75735252 
 1541      00
 1542              	.LASF58:
 1543 0141 7072696E 		.ascii	"printf\000"
 1543      746600
 1544              	.LASF8:
 1545 0148 6C6F6E67 		.ascii	"long unsigned int\000"
 1545      20756E73 
 1545      69676E65 
 1545      6420696E 
 1545      7400
 1546              	.LASF39:
 1547 015a 54696D65 		.ascii	"Timer_RR_ReadPeriod\000"
 1547      725F5252 
 1547      5F526561 
 1547      64506572 
 1547      696F6400 
 1548              	.LASF44:
 1549 016e 54696D65 		.ascii	"Timer_LR_ReadCapture\000"
 1549      725F4C52 
 1549      5F526561 
 1549      64436170 
 1549      74757265 
 1550              	.LASF48:
 1551 0183 52525F57 		.ascii	"RR_Write\000"
 1551      72697465 
 1551      00
 1552              	.LASF53:
 1553 018c 43794465 		.ascii	"CyDelayUs\000"
 1553      6C617955 
 1553      7300
 1554              	.LASF1:
 1555 0196 756E7369 		.ascii	"unsigned char\000"
 1555      676E6564 
 1555      20636861 
 1555      7200
 1556              	.LASF0:
 1557 01a4 7369676E 		.ascii	"signed char\000"
 1557      65642063 
 1557      68617200 
 1558              	.LASF10:
 1559 01b0 6C6F6E67 		.ascii	"long long unsigned int\000"
 1559      206C6F6E 
 1559      6720756E 
 1559      7369676E 
 1559      65642069 
 1560              	.LASF16:
 1561 01c7 75696E74 		.ascii	"uint32_t\000"
ARM GAS  C:\Users\ELEADM~1.000\AppData\Local\Temp\ccd6XkCV.s 			page 32


 1561      33325F74 
 1561      00
 1562              	.LASF61:
 1563 01d0 433A5C55 		.ascii	"C:\\Users\\eleadmin.ETY-A0147-GTX1.000\\Desktop\\Zu"
 1563      73657273 
 1563      5C656C65 
 1563      61646D69 
 1563      6E2E4554 
 1564 01ff 6D6F426F 		.ascii	"moBot_Docu\\ZumoBot_Lib_Copy_02.cydsn\000"
 1564      745F446F 
 1564      63755C5A 
 1564      756D6F42 
 1564      6F745F4C 
 1565              	.LASF11:
 1566 0224 756E7369 		.ascii	"unsigned int\000"
 1566      676E6564 
 1566      20696E74 
 1566      00
 1567              	.LASF45:
 1568 0231 524C5F53 		.ascii	"RL_SetDriveMode\000"
 1568      65744472 
 1568      6976654D 
 1568      6F646500 
 1569              	.LASF40:
 1570 0241 54696D65 		.ascii	"Timer_RR_ReadCapture\000"
 1570      725F5252 
 1570      5F526561 
 1570      64436170 
 1570      74757265 
 1571              	.LASF35:
 1572 0256 54696D65 		.ascii	"Timer_LL_ReadStatusRegister\000"
 1572      725F4C4C 
 1572      5F526561 
 1572      64537461 
 1572      74757352 
 1573              	.LASF60:
 1574 0272 2E5C5265 		.ascii	".\\Reflectance.c\000"
 1574      666C6563 
 1574      74616E63 
 1574      652E6300 
 1575              	.LASF3:
 1576 0282 73686F72 		.ascii	"short unsigned int\000"
 1576      7420756E 
 1576      7369676E 
 1576      65642069 
 1576      6E7400
 1577              	.LASF32:
 1578 0295 64696769 		.ascii	"digital_sensor_value\000"
 1578      74616C5F 
 1578      73656E73 
 1578      6F725F76 
 1578      616C7565 
 1579              	.LASF54:
 1580 02aa 54696D65 		.ascii	"Timer_RL_Start\000"
 1580      725F524C 
 1580      5F537461 
 1580      727400
ARM GAS  C:\Users\ELEADM~1.000\AppData\Local\Temp\ccd6XkCV.s 			page 33


 1581              	.LASF50:
 1582 02b9 4C4C5F57 		.ascii	"LL_Write\000"
 1582      72697465 
 1582      00
 1583              	.LASF15:
 1584 02c2 696E7433 		.ascii	"int32_t\000"
 1584      325F7400 
 1585              	.LASF51:
 1586 02ca 4C525F53 		.ascii	"LR_SetDriveMode\000"
 1586      65744472 
 1586      6976654D 
 1586      6F646500 
 1587              	.LASF37:
 1588 02da 54696D65 		.ascii	"Timer_RL_ReadPeriod\000"
 1588      725F524C 
 1588      5F526561 
 1588      64506572 
 1588      696F6400 
 1589              	.LASF14:
 1590 02ee 75696E74 		.ascii	"uint16_t\000"
 1590      31365F74 
 1590      00
 1591              	.LASF25:
 1592 02f7 73746174 		.ascii	"statusLL\000"
 1592      75734C4C 
 1592      00
 1593              	.LASF20:
 1594 0300 646F7562 		.ascii	"double\000"
 1594      6C6500
 1595              	.LASF26:
 1596 0307 73746174 		.ascii	"statusLR\000"
 1596      75734C52 
 1596      00
 1597              	.LASF7:
 1598 0310 5F5F7569 		.ascii	"__uint32_t\000"
 1598      6E743332 
 1598      5F7400
 1599              	.LASF33:
 1600 031b 54696D65 		.ascii	"Timer_RL_ReadStatusRegister\000"
 1600      725F524C 
 1600      5F526561 
 1600      64537461 
 1600      74757352 
 1601              	.LASF43:
 1602 0337 54696D65 		.ascii	"Timer_LR_ReadPeriod\000"
 1602      725F4C52 
 1602      5F526561 
 1602      64506572 
 1602      696F6400 
 1603              	.LASF5:
 1604 034b 5F5F696E 		.ascii	"__int32_t\000"
 1604      7433325F 
 1604      7400
 1605              	.LASF59:
 1606 0355 474E5520 		.ascii	"GNU C 4.9.3 20150303 (release) [ARM/embedded-4_9-br"
 1606      4320342E 
 1606      392E3320 
ARM GAS  C:\Users\ELEADM~1.000\AppData\Local\Temp\ccd6XkCV.s 			page 34


 1606      32303135 
 1606      30333033 
 1607 0388 616E6368 		.ascii	"anch revision 221220] -mcpu=cortex-m3 -mthumb -g -O"
 1607      20726576 
 1607      6973696F 
 1607      6E203232 
 1607      31323230 
 1608 03bb 67202D66 		.ascii	"g -ffunction-sections -ffat-lto-objects\000"
 1608      66756E63 
 1608      74696F6E 
 1608      2D736563 
 1608      74696F6E 
 1609              	.LASF34:
 1610 03e3 54696D65 		.ascii	"Timer_RR_ReadStatusRegister\000"
 1610      725F5252 
 1610      5F526561 
 1610      64537461 
 1610      74757352 
 1611              	.LASF12:
 1612 03ff 73697A65 		.ascii	"sizetype\000"
 1612      74797065 
 1612      00
 1613              	.LASF41:
 1614 0408 54696D65 		.ascii	"Timer_LL_ReadPeriod\000"
 1614      725F4C4C 
 1614      5F526561 
 1614      64506572 
 1614      696F6400 
 1615              	.LASF55:
 1616 041c 54696D65 		.ascii	"Timer_RR_Start\000"
 1616      725F5252 
 1616      5F537461 
 1616      727400
 1617              	.LASF52:
 1618 042b 4C525F57 		.ascii	"LR_Write\000"
 1618      72697465 
 1618      00
 1619              	.LASF30:
 1620 0434 49544D5F 		.ascii	"ITM_RxBuffer\000"
 1620      52784275 
 1620      66666572 
 1620      00
 1621              	.LASF38:
 1622 0441 54696D65 		.ascii	"Timer_RL_ReadCapture\000"
 1622      725F524C 
 1622      5F526561 
 1622      64436170 
 1622      74757265 
 1623              		.ident	"GCC: (GNU Tools for ARM Embedded Processors) 4.9.3 20150303 (release) [ARM/embedded-4_9-br
