--------------- Build Started: 08/10/2016 10:50:20 Project: ZumoBot_Lib, Configuration: ARM GCC 4.9-2015-q1-update Debug ---------------
The code generation step is up to date.
arm-none-eabi-gcc.exe -mcpu=cortex-m3 -mthumb -Wno-main -I. -IGenerated_Source\PSoC5 -Wa,-alh=.\CortexM3\ARM_GCC_493\Debug/Accel.lst -g -D DEBUG -Wall -ffunction-sections -Og -ffat-lto-objects -c .\Accel.c -o .\CortexM3\ARM_GCC_493\Debug\Accel.o
.\Accel.c: In function 'value_convert_accel':
.\Accel.c:17:23: warning: variable 'AccYangle' set but not used [-Wunused-but-set-variable]
     double AccXangle, AccYangle;
                       ^
.\Accel.c:17:12: warning: variable 'AccXangle' set but not used [-Wunused-but-set-variable]
     double AccXangle, AccYangle;
            ^
arm-none-eabi-gcc.exe -mcpu=cortex-m3 -mthumb -Wno-main -I. -IGenerated_Source\PSoC5 -Wa,-alh=.\CortexM3\ARM_GCC_493\Debug/Gyro.lst -g -D DEBUG -Wall -ffunction-sections -Og -ffat-lto-objects -c .\Gyro.c -o .\CortexM3\ARM_GCC_493\Debug\Gyro.o
arm-none-eabi-gcc.exe -mcpu=cortex-m3 -mthumb -Wno-main -I. -IGenerated_Source\PSoC5 -Wa,-alh=.\CortexM3\ARM_GCC_493\Debug/I2C_made.lst -g -D DEBUG -Wall -ffunction-sections -Og -ffat-lto-objects -c .\I2C_made.c -o .\CortexM3\ARM_GCC_493\Debug\I2C_made.o
arm-none-eabi-gcc.exe -mcpu=cortex-m3 -mthumb -Wno-main -I. -IGenerated_Source\PSoC5 -Wa,-alh=.\CortexM3\ARM_GCC_493\Debug/IR.lst -g -D DEBUG -Wall -ffunction-sections -Og -ffat-lto-objects -c .\IR.c -o .\CortexM3\ARM_GCC_493\Debug\IR.o
.\IR.c: In function 'get_IR':
.\IR.c:71:21: warning: unused variable 'j' [-Wunused-variable]
     uint t1, t2, i, j;
                     ^
.\IR.c:71:14: warning: unused variable 't2' [-Wunused-variable]
     uint t1, t2, i, j;
              ^
.\IR.c:71:10: warning: unused variable 't1' [-Wunused-variable]
     uint t1, t2, i, j;
          ^
arm-none-eabi-gcc.exe -mcpu=cortex-m3 -mthumb -Wno-main -I. -IGenerated_Source\PSoC5 -Wa,-alh=.\CortexM3\ARM_GCC_493\Debug/Magnet.lst -g -D DEBUG -Wall -ffunction-sections -Og -ffat-lto-objects -c .\Magnet.c -o .\CortexM3\ARM_GCC_493\Debug\Magnet.o
arm-none-eabi-gcc.exe -mcpu=cortex-m3 -mthumb -Wno-main -I. -IGenerated_Source\PSoC5 -Wa,-alh=.\CortexM3\ARM_GCC_493\Debug/Motor.lst -g -D DEBUG -Wall -ffunction-sections -Og -ffat-lto-objects -c .\Motor.c -o .\CortexM3\ARM_GCC_493\Debug\Motor.o
arm-none-eabi-gcc.exe -mcpu=cortex-m3 -mthumb -Wno-main -I. -IGenerated_Source\PSoC5 -Wa,-alh=.\CortexM3\ARM_GCC_493\Debug/Ultra.lst -g -D DEBUG -Wall -ffunction-sections -Og -ffat-lto-objects -c .\Ultra.c -o .\CortexM3\ARM_GCC_493\Debug\Ultra.o
arm-none-eabi-gcc.exe -mcpu=cortex-m3 -mthumb -Wno-main -I. -IGenerated_Source\PSoC5 -Wa,-alh=.\CortexM3\ARM_GCC_493\Debug/Reflectance.lst -g -D DEBUG -Wall -ffunction-sections -Og -ffat-lto-objects -c .\Reflectance.c -o .\CortexM3\ARM_GCC_493\Debug\Reflectance.o
arm-none-eabi-gcc.exe -mcpu=cortex-m3 -mthumb -Wno-main -I. -IGenerated_Source\PSoC5 -Wa,-alh=.\CortexM3\ARM_GCC_493\Debug/Nunchuk.lst -g -D DEBUG -Wall -ffunction-sections -Og -ffat-lto-objects -c .\Nunchuk.c -o .\CortexM3\ARM_GCC_493\Debug\Nunchuk.o
.\Nunchuk.c: In function 'nunchuk_read':
.\Nunchuk.c:62:13: warning: variable 'z' set but not used [-Wunused-but-set-variable]
     int x,y,z;
             ^
.\Nunchuk.c:62:11: warning: variable 'y' set but not used [-Wunused-but-set-variable]
     int x,y,z;
           ^
.\Nunchuk.c:62:9: warning: variable 'x' set but not used [-Wunused-but-set-variable]
     int x,y,z;
         ^
arm-none-eabi-gcc.exe -mcpu=cortex-m3 -mthumb -Wno-main -I. -IGenerated_Source\PSoC5 -Wa,-alh=.\CortexM3\ARM_GCC_493\Debug/Ambient.lst -g -D DEBUG -Wall -ffunction-sections -Og -ffat-lto-objects -c .\Ambient.c -o .\CortexM3\ARM_GCC_493\Debug\Ambient.o
arm-none-eabi-gcc.exe -mcpu=cortex-m3 -mthumb -Wno-main -I. -IGenerated_Source\PSoC5 -Wa,-alh=.\CortexM3\ARM_GCC_493\Debug/main.lst -g -D DEBUG -Wall -ffunction-sections -Og -ffat-lto-objects -c .\main.c -o .\CortexM3\ARM_GCC_493\Debug\main.o
.\main.c: In function 'main':
.\main.c:54:1: warning: control reaches end of non-void function [-Wreturn-type]
 }
 ^
arm-none-eabi-ar.exe -rs .\CortexM3\ARM_GCC_493\Debug\ZumoBot_Lib.a .\CortexM3\ARM_GCC_493\Debug\cyfitter_cfg.o .\CortexM3\ARM_GCC_493\Debug\PWM.o .\CortexM3\ARM_GCC_493\Debug\PWM_PM.o .\CortexM3\ARM_GCC_493\Debug\Clock_1.o .\CortexM3\ARM_GCC_493\Debug\SDA_1.o .\CortexM3\ARM_GCC_493\Debug\SCL_1.o .\CortexM3\ARM_GCC_493\Debug\I2C.o .\CortexM3\ARM_GCC_493\Debug\I2C_BOOT.o .\CortexM3\ARM_GCC_493\Debug\I2C_INT.o .\CortexM3\ARM_GCC_493\Debug\I2C_PM.o .\CortexM3\ARM_GCC_493\Debug\I2C_SLAVE.o .\CortexM3\ARM_GCC_493\Debug\I2C_MASTER.o .\CortexM3\ARM_GCC_493\Debug\UART.o .\CortexM3\ARM_GCC_493\Debug\UART_PM.o .\CortexM3\ARM_GCC_493\Debug\UART_INT.o .\CortexM3\ARM_GCC_493\Debug\UART_BOOT.o .\CortexM3\ARM_GCC_493\Debug\UART_IntClock.o .\CortexM3\ARM_GCC_493\Debug\CyBootAsmGnu.o .\CortexM3\ARM_GCC_493\Debug\CyDmac.o .\CortexM3\ARM_GCC_493\Debug\CyFlash.o .\CortexM3\ARM_GCC_493\Debug\CyLib.o .\CortexM3\ARM_GCC_493\Debug\cyPm.o .\CortexM3\ARM_GCC_493\Debug\CySpc.o .\CortexM3\ARM_GCC_493\Debug\cyutils.o .\CortexM3\ARM_GCC_493\Debug\MotorPwmLeft.o .\CortexM3\ARM_GCC_493\Debug\MotorPwmRight.o .\CortexM3\ARM_GCC_493\Debug\MotorDirLeft.o .\CortexM3\ARM_GCC_493\Debug\MotorDirRight.o .\CortexM3\ARM_GCC_493\Debug\IR_led.o .\CortexM3\ARM_GCC_493\Debug\sensor_isr.o .\CortexM3\ARM_GCC_493\Debug\LL.o .\CortexM3\ARM_GCC_493\Debug\Timer_LL.o .\CortexM3\ARM_GCC_493\Debug\Timer_LL_PM.o .\CortexM3\ARM_GCC_493\Debug\Timer_RR.o .\CortexM3\ARM_GCC_493\Debug\Timer_RR_PM.o .\CortexM3\ARM_GCC_493\Debug\Timer_RL.o .\CortexM3\ARM_GCC_493\Debug\Timer_RL_PM.o .\CortexM3\ARM_GCC_493\Debug\RL.o .\CortexM3\ARM_GCC_493\Debug\RR.o .\CortexM3\ARM_GCC_493\Debug\Timer_LR.o .\CortexM3\ARM_GCC_493\Debug\Timer_LR_PM.o .\CortexM3\ARM_GCC_493\Debug\LR.o .\CortexM3\ARM_GCC_493\Debug\timer_clock_4.o .\CortexM3\ARM_GCC_493\Debug\Timer.o .\CortexM3\ARM_GCC_493\Debug\Timer_PM.o .\CortexM3\ARM_GCC_493\Debug\Echo.o .\CortexM3\ARM_GCC_493\Debug\ultra_isr.o .\CortexM3\ARM_GCC_493\Debug\Trig.o .\CortexM3\ARM_GCC_493\Debug\IR_receiver.o
arm-none-eabi-ar.exe: creating .\CortexM3\ARM_GCC_493\Debug\ZumoBot_Lib.a
arm-none-eabi-gcc.exe -Wl,--start-group -o .\CortexM3\ARM_GCC_493\Debug\ZumoBot_Lib.elf .\CortexM3\ARM_GCC_493\Debug\Accel.o .\CortexM3\ARM_GCC_493\Debug\Gyro.o .\CortexM3\ARM_GCC_493\Debug\I2C_made.o .\CortexM3\ARM_GCC_493\Debug\IR.o .\CortexM3\ARM_GCC_493\Debug\Magnet.o .\CortexM3\ARM_GCC_493\Debug\Motor.o .\CortexM3\ARM_GCC_493\Debug\Ultra.o .\CortexM3\ARM_GCC_493\Debug\Reflectance.o .\CortexM3\ARM_GCC_493\Debug\Nunchuk.o .\CortexM3\ARM_GCC_493\Debug\Ambient.o .\CortexM3\ARM_GCC_493\Debug\main.o .\CortexM3\ARM_GCC_493\Debug\cymetadata.o .\CortexM3\ARM_GCC_493\Debug\Cm3Start.o .\CortexM3\ARM_GCC_493\Debug\ZumoBot_Lib.a "C:\Program Files (x86)\Cypress\PSoC Creator\3.3\PSoC Creator\psoc\content\cycomponentlibrary\CyComponentLibrary.cylib\CortexM3\ARM_GCC_493\Debug\CyComponentLibrary.a" -mcpu=cortex-m3 -mthumb -g -ffunction-sections -Og -ffat-lto-objects -l m -L Generated_Source\PSoC5 -Wl,-Map,.\CortexM3\ARM_GCC_493\Debug/ZumoBot_Lib.map -T Generated_Source\PSoC5\cm3gcc.ld -specs=nano.specs -u _printf_float -Wl,--gc-sections -u _printf_float -Wl,--end-group
cyelftool.exe -C C:\Users\dufma\Desktop\Project\ZumoBot_Docu\ZumoBot_Lib.cydsn\CortexM3\ARM_GCC_493\Debug\ZumoBot_Lib.elf --flash_row_size 256 --flash_size 262144
cyelftool.exe -S C:\Users\dufma\Desktop\Project\ZumoBot_Docu\ZumoBot_Lib.cydsn\CortexM3\ARM_GCC_493\Debug\ZumoBot_Lib.elf
Flash used: 11008 of 262144 bytes (4.2 %).
SRAM used: 6613 of 65536 bytes (10.1 %). Stack: 2048 bytes. Heap: 4096 bytes.
--------------- Build Succeeded: 08/10/2016 10:50:29 ---------------
