ARM GAS  C:\Users\dufma\AppData\Local\Temp\cc0szoMe.s 			page 1


   1              		.syntax unified
   2              		.cpu cortex-m3
   3              		.fpu softvfp
   4              		.eabi_attribute 20, 1
   5              		.eabi_attribute 21, 1
   6              		.eabi_attribute 23, 3
   7              		.eabi_attribute 24, 1
   8              		.eabi_attribute 25, 1
   9              		.eabi_attribute 26, 1
  10              		.eabi_attribute 30, 1
  11              		.eabi_attribute 34, 1
  12              		.eabi_attribute 18, 4
  13              		.thumb
  14              		.file	"cymetadata.c"
  15              		.text
  16              	.Ltext0:
  17              		.cfi_sections	.debug_frame
  18              		.global	cy_metadata
  19              		.global	cy_meta_flashprotect
  20              		.global	cy_meta_wonvl
  21              		.global	cy_meta_custnvl
  22              		.global	cy_meta_configecc
  23              		.section	.cyconfigecc,"a",%progbits
  24              		.align	2
  25              		.type	cy_meta_configecc, %object
  26              		.size	cy_meta_configecc, 1720
  27              	cy_meta_configecc:
  28 0000 08       		.byte	8
  29 0001 4F       		.byte	79
  30 0002 00       		.byte	0
  31 0003 40       		.byte	64
  32 0004 02       		.byte	2
  33 0005 52       		.byte	82
  34 0006 00       		.byte	0
  35 0007 40       		.byte	64
  36 0008 03       		.byte	3
  37 0009 64       		.byte	100
  38 000a 00       		.byte	0
  39 000b 40       		.byte	64
  40 000c 02       		.byte	2
  41 000d 65       		.byte	101
  42 000e 00       		.byte	0
  43 000f 40       		.byte	64
  44 0010 01       		.byte	1
  45 0011 01       		.byte	1
  46 0012 01       		.byte	1
  47 0013 40       		.byte	64
  48 0014 03       		.byte	3
  49 0015 05       		.byte	5
  50 0016 01       		.byte	1
  51 0017 40       		.byte	64
  52 0018 05       		.byte	5
  53 0019 07       		.byte	7
  54 001a 01       		.byte	1
  55 001b 40       		.byte	64
  56 001c 4D       		.byte	77
  57 001d 08       		.byte	8
ARM GAS  C:\Users\dufma\AppData\Local\Temp\cc0szoMe.s 			page 2


  58 001e 01       		.byte	1
  59 001f 40       		.byte	64
  60 0020 46       		.byte	70
  61 0021 09       		.byte	9
  62 0022 01       		.byte	1
  63 0023 40       		.byte	64
  64 0024 5D       		.byte	93
  65 0025 0A       		.byte	10
  66 0026 01       		.byte	1
  67 0027 40       		.byte	64
  68 0028 38       		.byte	56
  69 0029 0B       		.byte	11
  70 002a 01       		.byte	1
  71 002b 40       		.byte	64
  72 002c 01       		.byte	1
  73 002d 0D       		.byte	13
  74 002e 01       		.byte	1
  75 002f 40       		.byte	64
  76 0030 01       		.byte	1
  77 0031 0F       		.byte	15
  78 0032 01       		.byte	1
  79 0033 40       		.byte	64
  80 0034 05       		.byte	5
  81 0035 15       		.byte	21
  82 0036 01       		.byte	1
  83 0037 40       		.byte	64
  84 0038 01       		.byte	1
  85 0039 17       		.byte	23
  86 003a 01       		.byte	1
  87 003b 40       		.byte	64
  88 003c 50       		.byte	80
  89 003d 18       		.byte	24
  90 003e 01       		.byte	1
  91 003f 40       		.byte	64
  92 0040 40       		.byte	64
  93 0041 19       		.byte	25
  94 0042 01       		.byte	1
  95 0043 40       		.byte	64
  96 0044 61       		.byte	97
  97 0045 1A       		.byte	26
  98 0046 01       		.byte	1
  99 0047 40       		.byte	64
 100 0048 4C       		.byte	76
 101 0049 1B       		.byte	27
 102 004a 01       		.byte	1
 103 004b 40       		.byte	64
 104 004c 05       		.byte	5
 105 004d 40       		.byte	64
 106 004e 01       		.byte	1
 107 004f 40       		.byte	64
 108 0050 01       		.byte	1
 109 0051 41       		.byte	65
 110 0052 01       		.byte	1
 111 0053 40       		.byte	64
 112 0054 0D       		.byte	13
 113 0055 42       		.byte	66
 114 0056 01       		.byte	1
ARM GAS  C:\Users\dufma\AppData\Local\Temp\cc0szoMe.s 			page 3


 115 0057 40       		.byte	64
 116 0058 14       		.byte	20
 117 0059 43       		.byte	67
 118 005a 01       		.byte	1
 119 005b 40       		.byte	64
 120 005c 02       		.byte	2
 121 005d 44       		.byte	68
 122 005e 01       		.byte	1
 123 005f 40       		.byte	64
 124 0060 03       		.byte	3
 125 0061 45       		.byte	69
 126 0062 01       		.byte	1
 127 0063 40       		.byte	64
 128 0064 07       		.byte	7
 129 0065 46       		.byte	70
 130 0066 01       		.byte	1
 131 0067 40       		.byte	64
 132 0068 03       		.byte	3
 133 0069 47       		.byte	71
 134 006a 01       		.byte	1
 135 006b 40       		.byte	64
 136 006c 05       		.byte	5
 137 006d 48       		.byte	72
 138 006e 01       		.byte	1
 139 006f 40       		.byte	64
 140 0070 1C       		.byte	28
 141 0071 49       		.byte	73
 142 0072 01       		.byte	1
 143 0073 40       		.byte	64
 144 0074 0B       		.byte	11
 145 0075 4C       		.byte	76
 146 0076 01       		.byte	1
 147 0077 40       		.byte	64
 148 0078 0F       		.byte	15
 149 0079 4D       		.byte	77
 150 007a 01       		.byte	1
 151 007b 40       		.byte	64
 152 007c 04       		.byte	4
 153 007d 50       		.byte	80
 154 007e 01       		.byte	1
 155 007f 40       		.byte	64
 156 0080 02       		.byte	2
 157 0081 51       		.byte	81
 158 0082 01       		.byte	1
 159 0083 40       		.byte	64
 160 0084 01       		.byte	1
 161 0085 80       		.byte	-128
 162 0086 0A       		.byte	10
 163 0087 93       		.byte	-109
 164 0088 0D       		.byte	13
 165 0089 80       		.byte	-128
 166 008a 16       		.byte	22
 167 008b 2D       		.byte	45
 168 008c 19       		.byte	25
 169 008d 80       		.byte	-128
 170 008e 22       		.byte	34
 171 008f 1B       		.byte	27
ARM GAS  C:\Users\dufma\AppData\Local\Temp\cc0szoMe.s 			page 4


 172 0090 25       		.byte	37
 173 0091 80       		.byte	-128
 174 0092 2E       		.byte	46
 175 0093 63       		.byte	99
 176 0094 18       		.byte	24
 177 0095 60       		.byte	96
 178 0096 19       		.byte	25
 179 0097 40       		.byte	64
 180 0098 88       		.byte	-120
 181 0099 38       		.byte	56
 182 009a 89       		.byte	-119
 183 009b 72       		.byte	114
 184 009c 8B       		.byte	-117
 185 009d 0F       		.byte	15
 186 009e 89       		.byte	-119
 187 009f 0F       		.byte	15
 188 00a0 8B       		.byte	-117
 189 00a1 0F       		.byte	15
 190 00a2 E2       		.byte	-30
 191 00a3 08       		.byte	8
 192 00a4 E0       		.byte	-32
 193 00a5 60       		.byte	96
 194 00a6 E2       		.byte	-30
 195 00a7 80       		.byte	-128
 196 00a8 E4       		.byte	-28
 197 00a9 10       		.byte	16
 198 00aa E2       		.byte	-30
 199 00ab 08       		.byte	8
 200 00ac E6       		.byte	-26
 201 00ad 01       		.byte	1
 202 00ae EA       		.byte	-22
 203 00af 08       		.byte	8
 204 00b0 EC       		.byte	-20
 205 00b1 10       		.byte	16
 206 00b2 EE       		.byte	-18
 207 00b3 01       		.byte	1
 208 00b4 06       		.byte	6
 209 00b5 04       		.byte	4
 210 00b6 0E       		.byte	14
 211 00b7 06       		.byte	6
 212 00b8 18       		.byte	24
 213 00b9 06       		.byte	6
 214 00ba 1A       		.byte	26
 215 00bb 01       		.byte	1
 216 00bc 1E       		.byte	30
 217 00bd 02       		.byte	2
 218 00be 23       		.byte	35
 219 00bf 01       		.byte	1
 220 00c0 2F       		.byte	47
 221 00c1 01       		.byte	1
 222 00c2 32       		.byte	50
 223 00c3 06       		.byte	6
 224 00c4 35       		.byte	53
 225 00c5 01       		.byte	1
 226 00c6 36       		.byte	54
 227 00c7 01       		.byte	1
 228 00c8 3A       		.byte	58
ARM GAS  C:\Users\dufma\AppData\Local\Temp\cc0szoMe.s 			page 5


 229 00c9 08       		.byte	8
 230 00ca 3F       		.byte	63
 231 00cb 10       		.byte	16
 232 00cc 54       		.byte	84
 233 00cd 18       		.byte	24
 234 00ce 58       		.byte	88
 235 00cf 04       		.byte	4
 236 00d0 59       		.byte	89
 237 00d1 04       		.byte	4
 238 00d2 5B       		.byte	91
 239 00d3 04       		.byte	4
 240 00d4 5D       		.byte	93
 241 00d5 10       		.byte	16
 242 00d6 5F       		.byte	95
 243 00d7 01       		.byte	1
 244 00d8 80       		.byte	-128
 245 00d9 3C       		.byte	60
 246 00da 82       		.byte	-126
 247 00db 41       		.byte	65
 248 00dc 84       		.byte	-124
 249 00dd 04       		.byte	4
 250 00de 89       		.byte	-119
 251 00df 20       		.byte	32
 252 00e0 8B       		.byte	-117
 253 00e1 03       		.byte	3
 254 00e2 8C       		.byte	-116
 255 00e3 67       		.byte	103
 256 00e4 8D       		.byte	-115
 257 00e5 1C       		.byte	28
 258 00e6 8E       		.byte	-114
 259 00e7 18       		.byte	24
 260 00e8 8F       		.byte	-113
 261 00e9 02       		.byte	2
 262 00ea 92       		.byte	-110
 263 00eb 04       		.byte	4
 264 00ec 94       		.byte	-108
 265 00ed 18       		.byte	24
 266 00ee 95       		.byte	-107
 267 00ef 10       		.byte	16
 268 00f0 98       		.byte	-104
 269 00f1 7F       		.byte	127
 270 00f2 99       		.byte	-103
 271 00f3 09       		.byte	9
 272 00f4 9B       		.byte	-101
 273 00f5 10       		.byte	16
 274 00f6 9C       		.byte	-100
 275 00f7 3C       		.byte	60
 276 00f8 9D       		.byte	-99
 277 00f9 14       		.byte	20
 278 00fa 9E       		.byte	-98
 279 00fb 42       		.byte	66
 280 00fc A0       		.byte	-96
 281 00fd 10       		.byte	16
 282 00fe A1       		.byte	-95
 283 00ff 0C       		.byte	12
 284 0100 A3       		.byte	-93
 285 0101 11       		.byte	17
ARM GAS  C:\Users\dufma\AppData\Local\Temp\cc0szoMe.s 			page 6


 286 0102 A4       		.byte	-92
 287 0103 08       		.byte	8
 288 0104 A5       		.byte	-91
 289 0105 10       		.byte	16
 290 0106 A7       		.byte	-89
 291 0107 0C       		.byte	12
 292 0108 A9       		.byte	-87
 293 0109 40       		.byte	64
 294 010a AE       		.byte	-82
 295 010b 43       		.byte	67
 296 010c B0       		.byte	-80
 297 010d 58       		.byte	88
 298 010e B1       		.byte	-79
 299 010f 20       		.byte	32
 300 0110 B3       		.byte	-77
 301 0111 40       		.byte	64
 302 0112 B4       		.byte	-76
 303 0113 20       		.byte	32
 304 0114 B5       		.byte	-75
 305 0115 1F       		.byte	31
 306 0116 B6       		.byte	-74
 307 0117 1F       		.byte	31
 308 0118 B8       		.byte	-72
 309 0119 08       		.byte	8
 310 011a BA       		.byte	-70
 311 011b 82       		.byte	-126
 312 011c BE       		.byte	-66
 313 011d 14       		.byte	20
 314 011e BF       		.byte	-65
 315 011f 05       		.byte	5
 316 0120 C0       		.byte	-64
 317 0121 26       		.byte	38
 318 0122 C1       		.byte	-63
 319 0123 04       		.byte	4
 320 0124 C6       		.byte	-58
 321 0125 CB       		.byte	-53
 322 0126 C7       		.byte	-57
 323 0127 E0       		.byte	-32
 324 0128 C8       		.byte	-56
 325 0129 2C       		.byte	44
 326 012a C9       		.byte	-55
 327 012b FF       		.byte	-1
 328 012c CA       		.byte	-54
 329 012d FF       		.byte	-1
 330 012e CB       		.byte	-53
 331 012f FF       		.byte	-1
 332 0130 CE       		.byte	-50
 333 0131 F0       		.byte	-16
 334 0132 CF       		.byte	-49
 335 0133 44       		.byte	68
 336 0134 D0       		.byte	-48
 337 0135 0C       		.byte	12
 338 0136 D6       		.byte	-42
 339 0137 02       		.byte	2
 340 0138 D7       		.byte	-41
 341 0139 11       		.byte	17
 342 013a D8       		.byte	-40
ARM GAS  C:\Users\dufma\AppData\Local\Temp\cc0szoMe.s 			page 7


 343 013b 04       		.byte	4
 344 013c D9       		.byte	-39
 345 013d 04       		.byte	4
 346 013e DA       		.byte	-38
 347 013f 04       		.byte	4
 348 0140 DB       		.byte	-37
 349 0141 04       		.byte	4
 350 0142 DC       		.byte	-36
 351 0143 11       		.byte	17
 352 0144 DD       		.byte	-35
 353 0145 11       		.byte	17
 354 0146 DF       		.byte	-33
 355 0147 01       		.byte	1
 356 0148 E6       		.byte	-26
 357 0149 C0       		.byte	-64
 358 014a EA       		.byte	-22
 359 014b 40       		.byte	64
 360 014c EB       		.byte	-21
 361 014d 02       		.byte	2
 362 014e 00       		.byte	0
 363 014f 40       		.byte	64
 364 0150 01       		.byte	1
 365 0151 0A       		.byte	10
 366 0152 05       		.byte	5
 367 0153 44       		.byte	68
 368 0154 09       		.byte	9
 369 0155 08       		.byte	8
 370 0156 0A       		.byte	10
 371 0157 06       		.byte	6
 372 0158 0B       		.byte	11
 373 0159 40       		.byte	64
 374 015a 0E       		.byte	14
 375 015b 09       		.byte	9
 376 015c 10       		.byte	16
 377 015d 80       		.byte	-128
 378 015e 12       		.byte	18
 379 015f 02       		.byte	2
 380 0160 13       		.byte	19
 381 0161 04       		.byte	4
 382 0162 19       		.byte	25
 383 0163 12       		.byte	18
 384 0164 1A       		.byte	26
 385 0165 02       		.byte	2
 386 0166 1B       		.byte	27
 387 0167 89       		.byte	-119
 388 0168 1D       		.byte	29
 389 0169 44       		.byte	68
 390 016a 1E       		.byte	30
 391 016b 02       		.byte	2
 392 016c 21       		.byte	33
 393 016d 10       		.byte	16
 394 016e 23       		.byte	35
 395 016f 90       		.byte	-112
 396 0170 27       		.byte	39
 397 0171 08       		.byte	8
 398 0172 28       		.byte	40
 399 0173 80       		.byte	-128
ARM GAS  C:\Users\dufma\AppData\Local\Temp\cc0szoMe.s 			page 8


 400 0174 2B       		.byte	43
 401 0175 24       		.byte	36
 402 0176 2F       		.byte	47
 403 0177 42       		.byte	66
 404 0178 31       		.byte	49
 405 0179 80       		.byte	-128
 406 017a 32       		.byte	50
 407 017b 18       		.byte	24
 408 017c 39       		.byte	57
 409 017d E0       		.byte	-32
 410 017e 40       		.byte	64
 411 017f 80       		.byte	-128
 412 0180 42       		.byte	66
 413 0181 40       		.byte	64
 414 0182 43       		.byte	67
 415 0183 20       		.byte	32
 416 0184 48       		.byte	72
 417 0185 04       		.byte	4
 418 0186 4B       		.byte	75
 419 0187 20       		.byte	32
 420 0188 51       		.byte	81
 421 0189 80       		.byte	-128
 422 018a 52       		.byte	82
 423 018b 11       		.byte	17
 424 018c 59       		.byte	89
 425 018d 10       		.byte	16
 426 018e 5F       		.byte	95
 427 018f 02       		.byte	2
 428 0190 65       		.byte	101
 429 0191 80       		.byte	-128
 430 0192 67       		.byte	103
 431 0193 08       		.byte	8
 432 0194 69       		.byte	105
 433 0195 18       		.byte	24
 434 0196 6B       		.byte	107
 435 0197 01       		.byte	1
 436 0198 70       		.byte	112
 437 0199 94       		.byte	-108
 438 019a 71       		.byte	113
 439 019b 08       		.byte	8
 440 019c 72       		.byte	114
 441 019d 02       		.byte	2
 442 019e 73       		.byte	115
 443 019f 04       		.byte	4
 444 01a0 83       		.byte	-125
 445 01a1 08       		.byte	8
 446 01a2 87       		.byte	-121
 447 01a3 10       		.byte	16
 448 01a4 92       		.byte	-110
 449 01a5 49       		.byte	73
 450 01a6 95       		.byte	-107
 451 01a7 58       		.byte	88
 452 01a8 96       		.byte	-106
 453 01a9 20       		.byte	32
 454 01aa 9D       		.byte	-99
 455 01ab 04       		.byte	4
 456 01ac 9E       		.byte	-98
ARM GAS  C:\Users\dufma\AppData\Local\Temp\cc0szoMe.s 			page 9


 457 01ad 10       		.byte	16
 458 01ae 9F       		.byte	-97
 459 01af 01       		.byte	1
 460 01b0 A2       		.byte	-94
 461 01b1 06       		.byte	6
 462 01b2 A3       		.byte	-93
 463 01b3 04       		.byte	4
 464 01b4 A4       		.byte	-92
 465 01b5 04       		.byte	4
 466 01b6 A6       		.byte	-90
 467 01b7 09       		.byte	9
 468 01b8 AA       		.byte	-86
 469 01b9 24       		.byte	36
 470 01ba AB       		.byte	-85
 471 01bb 01       		.byte	1
 472 01bc AF       		.byte	-81
 473 01bd 10       		.byte	16
 474 01be B0       		.byte	-80
 475 01bf 08       		.byte	8
 476 01c0 B6       		.byte	-74
 477 01c1 80       		.byte	-128
 478 01c2 C0       		.byte	-64
 479 01c3 AD       		.byte	-83
 480 01c4 C2       		.byte	-62
 481 01c5 CF       		.byte	-49
 482 01c6 C4       		.byte	-60
 483 01c7 0D       		.byte	13
 484 01c8 CA       		.byte	-54
 485 01c9 97       		.byte	-105
 486 01ca CC       		.byte	-52
 487 01cb 0E       		.byte	14
 488 01cc CE       		.byte	-50
 489 01cd 0C       		.byte	12
 490 01ce D0       		.byte	-48
 491 01cf 05       		.byte	5
 492 01d0 D2       		.byte	-46
 493 01d1 04       		.byte	4
 494 01d2 D6       		.byte	-42
 495 01d3 84       		.byte	-124
 496 01d4 D8       		.byte	-40
 497 01d5 30       		.byte	48
 498 01d6 EC       		.byte	-20
 499 01d7 10       		.byte	16
 500 01d8 EE       		.byte	-18
 501 01d9 04       		.byte	4
 502 01da 05       		.byte	5
 503 01db 04       		.byte	4
 504 01dc 06       		.byte	6
 505 01dd 15       		.byte	21
 506 01de 09       		.byte	9
 507 01df 04       		.byte	4
 508 01e0 0C       		.byte	12
 509 01e1 2A       		.byte	42
 510 01e2 0D       		.byte	13
 511 01e3 01       		.byte	1
 512 01e4 0E       		.byte	14
 513 01e5 14       		.byte	20
ARM GAS  C:\Users\dufma\AppData\Local\Temp\cc0szoMe.s 			page 10


 514 01e6 10       		.byte	16
 515 01e7 03       		.byte	3
 516 01e8 11       		.byte	17
 517 01e9 04       		.byte	4
 518 01ea 12       		.byte	18
 519 01eb 34       		.byte	52
 520 01ec 15       		.byte	21
 521 01ed 02       		.byte	2
 522 01ee 16       		.byte	22
 523 01ef 28       		.byte	40
 524 01f0 18       		.byte	24
 525 01f1 03       		.byte	3
 526 01f2 1A       		.byte	26
 527 01f3 1C       		.byte	28
 528 01f4 24       		.byte	36
 529 01f5 03       		.byte	3
 530 01f6 26       		.byte	38
 531 01f7 04       		.byte	4
 532 01f8 2A       		.byte	42
 533 01f9 20       		.byte	32
 534 01fa 30       		.byte	48
 535 01fb 38       		.byte	56
 536 01fc 31       		.byte	49
 537 01fd 04       		.byte	4
 538 01fe 33       		.byte	51
 539 01ff 02       		.byte	2
 540 0200 34       		.byte	52
 541 0201 0F       		.byte	15
 542 0202 35       		.byte	53
 543 0203 01       		.byte	1
 544 0204 3A       		.byte	58
 545 0205 22       		.byte	34
 546 0206 3F       		.byte	63
 547 0207 14       		.byte	20
 548 0208 40       		.byte	64
 549 0209 21       		.byte	33
 550 020a 42       		.byte	66
 551 020b 03       		.byte	3
 552 020c 49       		.byte	73
 553 020d FF       		.byte	-1
 554 020e 4A       		.byte	74
 555 020f FF       		.byte	-1
 556 0210 4B       		.byte	75
 557 0211 FF       		.byte	-1
 558 0212 4F       		.byte	79
 559 0213 01       		.byte	1
 560 0214 50       		.byte	80
 561 0215 18       		.byte	24
 562 0216 58       		.byte	88
 563 0217 04       		.byte	4
 564 0218 59       		.byte	89
 565 0219 04       		.byte	4
 566 021a 5A       		.byte	90
 567 021b 04       		.byte	4
 568 021c 5C       		.byte	92
 569 021d 11       		.byte	17
 570 021e 5F       		.byte	95
ARM GAS  C:\Users\dufma\AppData\Local\Temp\cc0szoMe.s 			page 11


 571 021f 01       		.byte	1
 572 0220 60       		.byte	96
 573 0221 40       		.byte	64
 574 0222 62       		.byte	98
 575 0223 40       		.byte	64
 576 0224 64       		.byte	100
 577 0225 40       		.byte	64
 578 0226 65       		.byte	101
 579 0227 40       		.byte	64
 580 0228 66       		.byte	102
 581 0229 80       		.byte	-128
 582 022a 68       		.byte	104
 583 022b 80       		.byte	-128
 584 022c 6A       		.byte	106
 585 022d 80       		.byte	-128
 586 022e 6C       		.byte	108
 587 022f 80       		.byte	-128
 588 0230 6E       		.byte	110
 589 0231 80       		.byte	-128
 590 0232 82       		.byte	-126
 591 0233 02       		.byte	2
 592 0234 86       		.byte	-122
 593 0235 04       		.byte	4
 594 0236 8F       		.byte	-113
 595 0237 04       		.byte	4
 596 0238 93       		.byte	-109
 597 0239 01       		.byte	1
 598 023a 95       		.byte	-107
 599 023b 01       		.byte	1
 600 023c 96       		.byte	-106
 601 023d 02       		.byte	2
 602 023e 98       		.byte	-104
 603 023f 05       		.byte	5
 604 0240 9E       		.byte	-98
 605 0241 05       		.byte	5
 606 0242 A1       		.byte	-95
 607 0243 01       		.byte	1
 608 0244 A6       		.byte	-90
 609 0245 02       		.byte	2
 610 0246 AA       		.byte	-86
 611 0247 02       		.byte	2
 612 0248 AD       		.byte	-83
 613 0249 07       		.byte	7
 614 024a B2       		.byte	-78
 615 024b 01       		.byte	1
 616 024c B3       		.byte	-77
 617 024d 01       		.byte	1
 618 024e B4       		.byte	-76
 619 024f 02       		.byte	2
 620 0250 B5       		.byte	-75
 621 0251 02       		.byte	2
 622 0252 B6       		.byte	-74
 623 0253 04       		.byte	4
 624 0254 B7       		.byte	-73
 625 0255 04       		.byte	4
 626 0256 BA       		.byte	-70
 627 0257 80       		.byte	-128
ARM GAS  C:\Users\dufma\AppData\Local\Temp\cc0szoMe.s 			page 12


 628 0258 BE       		.byte	-66
 629 0259 14       		.byte	20
 630 025a BF       		.byte	-65
 631 025b 50       		.byte	80
 632 025c C0       		.byte	-64
 633 025d 25       		.byte	37
 634 025e C2       		.byte	-62
 635 025f 03       		.byte	3
 636 0260 C5       		.byte	-59
 637 0261 EC       		.byte	-20
 638 0262 C6       		.byte	-58
 639 0263 02       		.byte	2
 640 0264 C8       		.byte	-56
 641 0265 07       		.byte	7
 642 0266 C9       		.byte	-55
 643 0267 FF       		.byte	-1
 644 0268 CA       		.byte	-54
 645 0269 FF       		.byte	-1
 646 026a CB       		.byte	-53
 647 026b FF       		.byte	-1
 648 026c CD       		.byte	-51
 649 026d 83       		.byte	-125
 650 026e CE       		.byte	-50
 651 026f 03       		.byte	3
 652 0270 CF       		.byte	-49
 653 0271 01       		.byte	1
 654 0272 D0       		.byte	-48
 655 0273 18       		.byte	24
 656 0274 D4       		.byte	-44
 657 0275 03       		.byte	3
 658 0276 D6       		.byte	-42
 659 0277 04       		.byte	4
 660 0278 D8       		.byte	-40
 661 0279 04       		.byte	4
 662 027a D9       		.byte	-39
 663 027b 04       		.byte	4
 664 027c DA       		.byte	-38
 665 027d 04       		.byte	4
 666 027e DB       		.byte	-37
 667 027f 04       		.byte	4
 668 0280 DF       		.byte	-33
 669 0281 01       		.byte	1
 670 0282 E0       		.byte	-32
 671 0283 40       		.byte	64
 672 0284 E2       		.byte	-30
 673 0285 40       		.byte	64
 674 0286 E4       		.byte	-28
 675 0287 40       		.byte	64
 676 0288 E5       		.byte	-27
 677 0289 40       		.byte	64
 678 028a E6       		.byte	-26
 679 028b 80       		.byte	-128
 680 028c E8       		.byte	-24
 681 028d 80       		.byte	-128
 682 028e EA       		.byte	-22
 683 028f 80       		.byte	-128
 684 0290 EC       		.byte	-20
ARM GAS  C:\Users\dufma\AppData\Local\Temp\cc0szoMe.s 			page 13


 685 0291 80       		.byte	-128
 686 0292 EE       		.byte	-18
 687 0293 80       		.byte	-128
 688 0294 00       		.byte	0
 689 0295 08       		.byte	8
 690 0296 01       		.byte	1
 691 0297 40       		.byte	64
 692 0298 05       		.byte	5
 693 0299 04       		.byte	4
 694 029a 06       		.byte	6
 695 029b 80       		.byte	-128
 696 029c 0A       		.byte	10
 697 029d 68       		.byte	104
 698 029e 0E       		.byte	14
 699 029f 1A       		.byte	26
 700 02a0 12       		.byte	18
 701 02a1 18       		.byte	24
 702 02a2 14       		.byte	20
 703 02a3 08       		.byte	8
 704 02a4 15       		.byte	21
 705 02a5 04       		.byte	4
 706 02a6 1A       		.byte	26
 707 02a7 48       		.byte	72
 708 02a8 1D       		.byte	29
 709 02a9 08       		.byte	8
 710 02aa 1E       		.byte	30
 711 02ab 01       		.byte	1
 712 02ac 1F       		.byte	31
 713 02ad 20       		.byte	32
 714 02ae 22       		.byte	34
 715 02af 22       		.byte	34
 716 02b0 23       		.byte	35
 717 02b1 10       		.byte	16
 718 02b2 25       		.byte	37
 719 02b3 20       		.byte	32
 720 02b4 26       		.byte	38
 721 02b5 40       		.byte	64
 722 02b6 27       		.byte	39
 723 02b7 20       		.byte	32
 724 02b8 2E       		.byte	46
 725 02b9 01       		.byte	1
 726 02ba 2F       		.byte	47
 727 02bb 01       		.byte	1
 728 02bc 30       		.byte	48
 729 02bd 08       		.byte	8
 730 02be 33       		.byte	51
 731 02bf 01       		.byte	1
 732 02c0 35       		.byte	53
 733 02c1 04       		.byte	4
 734 02c2 36       		.byte	54
 735 02c3 01       		.byte	1
 736 02c4 38       		.byte	56
 737 02c5 80       		.byte	-128
 738 02c6 39       		.byte	57
 739 02c7 18       		.byte	24
 740 02c8 3F       		.byte	63
 741 02c9 80       		.byte	-128
ARM GAS  C:\Users\dufma\AppData\Local\Temp\cc0szoMe.s 			page 14


 742 02ca 41       		.byte	65
 743 02cb A8       		.byte	-88
 744 02cc 45       		.byte	69
 745 02cd 28       		.byte	40
 746 02ce 4F       		.byte	79
 747 02cf 85       		.byte	-123
 748 02d0 55       		.byte	85
 749 02d1 80       		.byte	-128
 750 02d2 57       		.byte	87
 751 02d3 40       		.byte	64
 752 02d4 5E       		.byte	94
 753 02d5 80       		.byte	-128
 754 02d6 5F       		.byte	95
 755 02d7 25       		.byte	37
 756 02d8 67       		.byte	103
 757 02d9 80       		.byte	-128
 758 02da 80       		.byte	-128
 759 02db 40       		.byte	64
 760 02dc 83       		.byte	-125
 761 02dd 04       		.byte	4
 762 02de 89       		.byte	-119
 763 02df 04       		.byte	4
 764 02e0 8B       		.byte	-117
 765 02e1 20       		.byte	32
 766 02e2 8C       		.byte	-116
 767 02e3 08       		.byte	8
 768 02e4 8E       		.byte	-114
 769 02e5 10       		.byte	16
 770 02e6 97       		.byte	-105
 771 02e7 80       		.byte	-128
 772 02e8 C0       		.byte	-64
 773 02e9 35       		.byte	53
 774 02ea C2       		.byte	-62
 775 02eb EE       		.byte	-18
 776 02ec C4       		.byte	-60
 777 02ed 66       		.byte	102
 778 02ee CA       		.byte	-54
 779 02ef 90       		.byte	-112
 780 02f0 CC       		.byte	-52
 781 02f1 C3       		.byte	-61
 782 02f2 CE       		.byte	-50
 783 02f3 1E       		.byte	30
 784 02f4 D0       		.byte	-48
 785 02f5 6E       		.byte	110
 786 02f6 D2       		.byte	-46
 787 02f7 10       		.byte	16
 788 02f8 D6       		.byte	-42
 789 02f9 F0       		.byte	-16
 790 02fa D8       		.byte	-40
 791 02fb 80       		.byte	-128
 792 02fc E0       		.byte	-32
 793 02fd 60       		.byte	96
 794 02fe E2       		.byte	-30
 795 02ff 81       		.byte	-127
 796 0300 E4       		.byte	-28
 797 0301 10       		.byte	16
 798 0302 E6       		.byte	-26
ARM GAS  C:\Users\dufma\AppData\Local\Temp\cc0szoMe.s 			page 15


 799 0303 04       		.byte	4
 800 0304 97       		.byte	-105
 801 0305 80       		.byte	-128
 802 0306 87       		.byte	-121
 803 0307 40       		.byte	64
 804 0308 E0       		.byte	-32
 805 0309 08       		.byte	8
 806 030a E4       		.byte	-28
 807 030b 03       		.byte	3
 808 030c E6       		.byte	-26
 809 030d 28       		.byte	40
 810 030e EA       		.byte	-22
 811 030f 05       		.byte	5
 812 0310 EE       		.byte	-18
 813 0311 10       		.byte	16
 814 0312 E2       		.byte	-30
 815 0313 01       		.byte	1
 816 0314 16       		.byte	22
 817 0315 02       		.byte	2
 818 0316 1A       		.byte	26
 819 0317 01       		.byte	1
 820 0318 1E       		.byte	30
 821 0319 01       		.byte	1
 822 031a 23       		.byte	35
 823 031b 01       		.byte	1
 824 031c 2A       		.byte	42
 825 031d 02       		.byte	2
 826 031e 2B       		.byte	43
 827 031f 01       		.byte	1
 828 0320 2E       		.byte	46
 829 0321 04       		.byte	4
 830 0322 30       		.byte	48
 831 0323 01       		.byte	1
 832 0324 32       		.byte	50
 833 0325 02       		.byte	2
 834 0326 35       		.byte	53
 835 0327 01       		.byte	1
 836 0328 36       		.byte	54
 837 0329 04       		.byte	4
 838 032a 3E       		.byte	62
 839 032b 04       		.byte	4
 840 032c 40       		.byte	64
 841 032d 10       		.byte	16
 842 032e 41       		.byte	65
 843 032f 04       		.byte	4
 844 0330 45       		.byte	69
 845 0331 D5       		.byte	-43
 846 0332 47       		.byte	71
 847 0333 21       		.byte	33
 848 0334 48       		.byte	72
 849 0335 33       		.byte	51
 850 0336 49       		.byte	73
 851 0337 FF       		.byte	-1
 852 0338 4A       		.byte	74
 853 0339 FF       		.byte	-1
 854 033a 4B       		.byte	75
 855 033b FF       		.byte	-1
ARM GAS  C:\Users\dufma\AppData\Local\Temp\cc0szoMe.s 			page 16


 856 033c 4D       		.byte	77
 857 033d A0       		.byte	-96
 858 033e 4F       		.byte	79
 859 033f 04       		.byte	4
 860 0340 50       		.byte	80
 861 0341 18       		.byte	24
 862 0342 52       		.byte	82
 863 0343 80       		.byte	-128
 864 0344 58       		.byte	88
 865 0345 04       		.byte	4
 866 0346 59       		.byte	89
 867 0347 04       		.byte	4
 868 0348 5A       		.byte	90
 869 0349 04       		.byte	4
 870 034a 5B       		.byte	91
 871 034b 04       		.byte	4
 872 034c 5C       		.byte	92
 873 034d 22       		.byte	34
 874 034e 5D       		.byte	93
 875 034f 22       		.byte	34
 876 0350 5F       		.byte	95
 877 0351 01       		.byte	1
 878 0352 60       		.byte	96
 879 0353 40       		.byte	64
 880 0354 62       		.byte	98
 881 0355 C0       		.byte	-64
 882 0356 64       		.byte	100
 883 0357 40       		.byte	64
 884 0358 65       		.byte	101
 885 0359 40       		.byte	64
 886 035a 66       		.byte	102
 887 035b C0       		.byte	-64
 888 035c 68       		.byte	104
 889 035d C0       		.byte	-64
 890 035e 6A       		.byte	106
 891 035f C0       		.byte	-64
 892 0360 6C       		.byte	108
 893 0361 C0       		.byte	-64
 894 0362 6E       		.byte	110
 895 0363 C0       		.byte	-64
 896 0364 81       		.byte	-127
 897 0365 08       		.byte	8
 898 0366 82       		.byte	-126
 899 0367 02       		.byte	2
 900 0368 84       		.byte	-124
 901 0369 01       		.byte	1
 902 036a 85       		.byte	-123
 903 036b 0C       		.byte	12
 904 036c 89       		.byte	-119
 905 036d 04       		.byte	4
 906 036e 8C       		.byte	-116
 907 036f 02       		.byte	2
 908 0370 8D       		.byte	-115
 909 0371 73       		.byte	115
 910 0372 8F       		.byte	-113
 911 0373 0C       		.byte	12
 912 0374 90       		.byte	-112
ARM GAS  C:\Users\dufma\AppData\Local\Temp\cc0szoMe.s 			page 17


 913 0375 01       		.byte	1
 914 0376 93       		.byte	-109
 915 0377 73       		.byte	115
 916 0378 95       		.byte	-107
 917 0379 42       		.byte	66
 918 037a 96       		.byte	-106
 919 037b 01       		.byte	1
 920 037c 98       		.byte	-104
 921 037d 02       		.byte	2
 922 037e 99       		.byte	-103
 923 037f 63       		.byte	99
 924 0380 9E       		.byte	-98
 925 0381 01       		.byte	1
 926 0382 A1       		.byte	-95
 927 0383 1C       		.byte	28
 928 0384 A2       		.byte	-94
 929 0385 02       		.byte	2
 930 0386 A3       		.byte	-93
 931 0387 63       		.byte	99
 932 0388 A5       		.byte	-91
 933 0389 21       		.byte	33
 934 038a A6       		.byte	-90
 935 038b 01       		.byte	1
 936 038c A9       		.byte	-87
 937 038d 7F       		.byte	127
 938 038e AC       		.byte	-84
 939 038f 04       		.byte	4
 940 0390 AD       		.byte	-83
 941 0391 0F       		.byte	15
 942 0392 AF       		.byte	-81
 943 0393 70       		.byte	112
 944 0394 B0       		.byte	-80
 945 0395 01       		.byte	1
 946 0396 B1       		.byte	-79
 947 0397 0F       		.byte	15
 948 0398 B2       		.byte	-78
 949 0399 04       		.byte	4
 950 039a B3       		.byte	-77
 951 039b 1C       		.byte	28
 952 039c B4       		.byte	-76
 953 039d 02       		.byte	2
 954 039e B7       		.byte	-73
 955 039f 60       		.byte	96
 956 03a0 B8       		.byte	-72
 957 03a1 20       		.byte	32
 958 03a2 BB       		.byte	-69
 959 03a3 02       		.byte	2
 960 03a4 BE       		.byte	-66
 961 03a5 05       		.byte	5
 962 03a6 D4       		.byte	-44
 963 03a7 01       		.byte	1
 964 03a8 D8       		.byte	-40
 965 03a9 04       		.byte	4
 966 03aa D9       		.byte	-39
 967 03ab 04       		.byte	4
 968 03ac DB       		.byte	-37
 969 03ad 04       		.byte	4
ARM GAS  C:\Users\dufma\AppData\Local\Temp\cc0szoMe.s 			page 18


 970 03ae DC       		.byte	-36
 971 03af 11       		.byte	17
 972 03b0 DD       		.byte	-35
 973 03b1 10       		.byte	16
 974 03b2 DF       		.byte	-33
 975 03b3 01       		.byte	1
 976 03b4 00       		.byte	0
 977 03b5 40       		.byte	64
 978 03b6 03       		.byte	3
 979 03b7 A1       		.byte	-95
 980 03b8 0A       		.byte	10
 981 03b9 45       		.byte	69
 982 03ba 0B       		.byte	11
 983 03bb 20       		.byte	32
 984 03bc 0D       		.byte	13
 985 03bd 80       		.byte	-128
 986 03be 0F       		.byte	15
 987 03bf 28       		.byte	40
 988 03c0 10       		.byte	16
 989 03c1 11       		.byte	17
 990 03c2 12       		.byte	18
 991 03c3 51       		.byte	81
 992 03c4 16       		.byte	22
 993 03c5 04       		.byte	4
 994 03c6 17       		.byte	23
 995 03c7 40       		.byte	64
 996 03c8 19       		.byte	25
 997 03c9 04       		.byte	4
 998 03ca 1A       		.byte	26
 999 03cb 80       		.byte	-128
 1000 03cc 1B       		.byte	27
 1001 03cd 10       		.byte	16
 1002 03ce 1D       		.byte	29
 1003 03cf 81       		.byte	-127
 1004 03d0 1F       		.byte	31
 1005 03d1 44       		.byte	68
 1006 03d2 20       		.byte	32
 1007 03d3 40       		.byte	64
 1008 03d4 23       		.byte	35
 1009 03d5 12       		.byte	18
 1010 03d6 25       		.byte	37
 1011 03d7 10       		.byte	16
 1012 03d8 29       		.byte	41
 1013 03d9 28       		.byte	40
 1014 03da 2A       		.byte	42
 1015 03db 40       		.byte	64
 1016 03dc 2B       		.byte	43
 1017 03dd 81       		.byte	-127
 1018 03de 2C       		.byte	44
 1019 03df 08       		.byte	8
 1020 03e0 2F       		.byte	47
 1021 03e1 40       		.byte	64
 1022 03e2 31       		.byte	49
 1023 03e3 08       		.byte	8
 1024 03e4 32       		.byte	50
 1025 03e5 22       		.byte	34
 1026 03e6 38       		.byte	56
ARM GAS  C:\Users\dufma\AppData\Local\Temp\cc0szoMe.s 			page 19


 1027 03e7 68       		.byte	104
 1028 03e8 3A       		.byte	58
 1029 03e9 02       		.byte	2
 1030 03ea 45       		.byte	69
 1031 03eb 82       		.byte	-126
 1032 03ec 4D       		.byte	77
 1033 03ed 01       		.byte	1
 1034 03ee 4F       		.byte	79
 1035 03ef 08       		.byte	8
 1036 03f0 54       		.byte	84
 1037 03f1 08       		.byte	8
 1038 03f2 55       		.byte	85
 1039 03f3 02       		.byte	2
 1040 03f4 57       		.byte	87
 1041 03f5 02       		.byte	2
 1042 03f6 58       		.byte	88
 1043 03f7 11       		.byte	17
 1044 03f8 59       		.byte	89
 1045 03f9 04       		.byte	4
 1046 03fa 5A       		.byte	90
 1047 03fb 80       		.byte	-128
 1048 03fc 77       		.byte	119
 1049 03fd 40       		.byte	64
 1050 03fe 8A       		.byte	-118
 1051 03ff 04       		.byte	4
 1052 0400 8B       		.byte	-117
 1053 0401 20       		.byte	32
 1054 0402 90       		.byte	-112
 1055 0403 28       		.byte	40
 1056 0404 91       		.byte	-111
 1057 0405 18       		.byte	24
 1058 0406 92       		.byte	-110
 1059 0407 48       		.byte	72
 1060 0408 94       		.byte	-108
 1061 0409 40       		.byte	64
 1062 040a 95       		.byte	-107
 1063 040b 80       		.byte	-128
 1064 040c 96       		.byte	-106
 1065 040d 24       		.byte	36
 1066 040e 97       		.byte	-105
 1067 040f E8       		.byte	-24
 1068 0410 9A       		.byte	-102
 1069 0411 13       		.byte	19
 1070 0412 9B       		.byte	-101
 1071 0413 08       		.byte	8
 1072 0414 9D       		.byte	-99
 1073 0415 88       		.byte	-120
 1074 0416 9F       		.byte	-97
 1075 0417 02       		.byte	2
 1076 0418 A2       		.byte	-94
 1077 0419 02       		.byte	2
 1078 041a A3       		.byte	-93
 1079 041b 81       		.byte	-127
 1080 041c A6       		.byte	-90
 1081 041d 08       		.byte	8
 1082 041e A7       		.byte	-89
 1083 041f 22       		.byte	34
ARM GAS  C:\Users\dufma\AppData\Local\Temp\cc0szoMe.s 			page 20


 1084 0420 B3       		.byte	-77
 1085 0421 80       		.byte	-128
 1086 0422 C0       		.byte	-64
 1087 0423 0D       		.byte	13
 1088 0424 C2       		.byte	-62
 1089 0425 EF       		.byte	-17
 1090 0426 C4       		.byte	-60
 1091 0427 CD       		.byte	-51
 1092 0428 CA       		.byte	-54
 1093 0429 AF       		.byte	-81
 1094 042a CC       		.byte	-52
 1095 042b 07       		.byte	7
 1096 042c CE       		.byte	-50
 1097 042d 0F       		.byte	15
 1098 042e D0       		.byte	-48
 1099 042f 90       		.byte	-112
 1100 0430 D6       		.byte	-42
 1101 0431 0F       		.byte	15
 1102 0432 E2       		.byte	-30
 1103 0433 01       		.byte	1
 1104 0434 01       		.byte	1
 1105 0435 12       		.byte	18
 1106 0436 03       		.byte	3
 1107 0437 A9       		.byte	-87
 1108 0438 05       		.byte	5
 1109 0439 37       		.byte	55
 1110 043a 09       		.byte	9
 1111 043b 37       		.byte	55
 1112 043c 10       		.byte	16
 1113 043d 71       		.byte	113
 1114 043e 12       		.byte	18
 1115 043f 0E       		.byte	14
 1116 0440 15       		.byte	21
 1117 0441 24       		.byte	36
 1118 0442 16       		.byte	22
 1119 0443 0C       		.byte	12
 1120 0444 17       		.byte	23
 1121 0445 91       		.byte	-111
 1122 0446 18       		.byte	24
 1123 0447 71       		.byte	113
 1124 0448 19       		.byte	25
 1125 0449 01       		.byte	1
 1126 044a 1A       		.byte	26
 1127 044b 06       		.byte	6
 1128 044c 1B       		.byte	27
 1129 044d 46       		.byte	70
 1130 044e 1C       		.byte	28
 1131 044f 2C       		.byte	44
 1132 0450 1E       		.byte	30
 1133 0451 43       		.byte	67
 1134 0452 24       		.byte	36
 1135 0453 80       		.byte	-128
 1136 0454 26       		.byte	38
 1137 0455 13       		.byte	19
 1138 0456 2A       		.byte	42
 1139 0457 08       		.byte	8
 1140 0458 30       		.byte	48
ARM GAS  C:\Users\dufma\AppData\Local\Temp\cc0szoMe.s 			page 21


 1141 0459 30       		.byte	48
 1142 045a 31       		.byte	49
 1143 045b 08       		.byte	8
 1144 045c 32       		.byte	50
 1145 045d C0       		.byte	-64
 1146 045e 33       		.byte	51
 1147 045f 30       		.byte	48
 1148 0460 35       		.byte	53
 1149 0461 07       		.byte	7
 1150 0462 36       		.byte	54
 1151 0463 0F       		.byte	15
 1152 0464 37       		.byte	55
 1153 0465 C0       		.byte	-64
 1154 0466 38       		.byte	56
 1155 0467 0A       		.byte	10
 1156 0468 3A       		.byte	58
 1157 0469 A0       		.byte	-96
 1158 046a 3E       		.byte	62
 1159 046b 01       		.byte	1
 1160 046c 3F       		.byte	63
 1161 046d 40       		.byte	64
 1162 046e 40       		.byte	64
 1163 046f 04       		.byte	4
 1164 0470 47       		.byte	71
 1165 0471 04       		.byte	4
 1166 0472 49       		.byte	73
 1167 0473 FF       		.byte	-1
 1168 0474 4A       		.byte	74
 1169 0475 07       		.byte	7
 1170 0476 4B       		.byte	75
 1171 0477 FF       		.byte	-1
 1172 0478 4C       		.byte	76
 1173 0479 40       		.byte	64
 1174 047a 4D       		.byte	77
 1175 047b 20       		.byte	32
 1176 047c 4E       		.byte	78
 1177 047d F0       		.byte	-16
 1178 047e 4F       		.byte	79
 1179 047f 05       		.byte	5
 1180 0480 50       		.byte	80
 1181 0481 08       		.byte	8
 1182 0482 58       		.byte	88
 1183 0483 04       		.byte	4
 1184 0484 59       		.byte	89
 1185 0485 04       		.byte	4
 1186 0486 5A       		.byte	90
 1187 0487 04       		.byte	4
 1188 0488 5C       		.byte	92
 1189 0489 11       		.byte	17
 1190 048a 5D       		.byte	93
 1191 048b 01       		.byte	1
 1192 048c 5F       		.byte	95
 1193 048d 01       		.byte	1
 1194 048e 60       		.byte	96
 1195 048f 40       		.byte	64
 1196 0490 61       		.byte	97
 1197 0491 A8       		.byte	-88
ARM GAS  C:\Users\dufma\AppData\Local\Temp\cc0szoMe.s 			page 22


 1198 0492 62       		.byte	98
 1199 0493 40       		.byte	64
 1200 0494 63       		.byte	99
 1201 0495 20       		.byte	32
 1202 0496 86       		.byte	-122
 1203 0497 02       		.byte	2
 1204 0498 87       		.byte	-121
 1205 0499 04       		.byte	4
 1206 049a 8B       		.byte	-117
 1207 049b 04       		.byte	4
 1208 049c 97       		.byte	-105
 1209 049d 01       		.byte	1
 1210 049e 99       		.byte	-103
 1211 049f 01       		.byte	1
 1212 04a0 9A       		.byte	-102
 1213 04a1 01       		.byte	1
 1214 04a2 A4       		.byte	-92
 1215 04a3 04       		.byte	4
 1216 04a4 AB       		.byte	-85
 1217 04a5 02       		.byte	2
 1218 04a6 AD       		.byte	-83
 1219 04a7 02       		.byte	2
 1220 04a8 B0       		.byte	-80
 1221 04a9 02       		.byte	2
 1222 04aa B1       		.byte	-79
 1223 04ab 02       		.byte	2
 1224 04ac B2       		.byte	-78
 1225 04ad 01       		.byte	1
 1226 04ae B3       		.byte	-77
 1227 04af 01       		.byte	1
 1228 04b0 B4       		.byte	-76
 1229 04b1 04       		.byte	4
 1230 04b2 B7       		.byte	-73
 1231 04b3 04       		.byte	4
 1232 04b4 BE       		.byte	-66
 1233 04b5 10       		.byte	16
 1234 04b6 BF       		.byte	-65
 1235 04b7 40       		.byte	64
 1236 04b8 C0       		.byte	-64
 1237 04b9 45       		.byte	69
 1238 04ba C1       		.byte	-63
 1239 04bb 06       		.byte	6
 1240 04bc C2       		.byte	-62
 1241 04bd 02       		.byte	2
 1242 04be C4       		.byte	-60
 1243 04bf 01       		.byte	1
 1244 04c0 C5       		.byte	-59
 1245 04c1 0C       		.byte	12
 1246 04c2 C7       		.byte	-57
 1247 04c3 0E       		.byte	14
 1248 04c4 C8       		.byte	-56
 1249 04c5 11       		.byte	17
 1250 04c6 C9       		.byte	-55
 1251 04c7 FF       		.byte	-1
 1252 04c8 CA       		.byte	-54
 1253 04c9 FF       		.byte	-1
 1254 04ca CB       		.byte	-53
ARM GAS  C:\Users\dufma\AppData\Local\Temp\cc0szoMe.s 			page 23


 1255 04cb FF       		.byte	-1
 1256 04cc CC       		.byte	-52
 1257 04cd 62       		.byte	98
 1258 04ce CD       		.byte	-51
 1259 04cf A0       		.byte	-96
 1260 04d0 CE       		.byte	-50
 1261 04d1 F0       		.byte	-16
 1262 04d2 CF       		.byte	-49
 1263 04d3 41       		.byte	65
 1264 04d4 D0       		.byte	-48
 1265 04d5 0C       		.byte	12
 1266 04d6 D4       		.byte	-44
 1267 04d7 07       		.byte	7
 1268 04d8 D8       		.byte	-40
 1269 04d9 04       		.byte	4
 1270 04da D9       		.byte	-39
 1271 04db 04       		.byte	4
 1272 04dc DA       		.byte	-38
 1273 04dd 04       		.byte	4
 1274 04de DB       		.byte	-37
 1275 04df 04       		.byte	4
 1276 04e0 DC       		.byte	-36
 1277 04e1 22       		.byte	34
 1278 04e2 DD       		.byte	-35
 1279 04e3 21       		.byte	33
 1280 04e4 DF       		.byte	-33
 1281 04e5 01       		.byte	1
 1282 04e6 E6       		.byte	-26
 1283 04e7 40       		.byte	64
 1284 04e8 E7       		.byte	-25
 1285 04e9 02       		.byte	2
 1286 04ea E9       		.byte	-23
 1287 04eb 10       		.byte	16
 1288 04ec EA       		.byte	-22
 1289 04ed 30       		.byte	48
 1290 04ee EB       		.byte	-21
 1291 04ef 10       		.byte	16
 1292 04f0 ED       		.byte	-19
 1293 04f1 10       		.byte	16
 1294 04f2 EE       		.byte	-18
 1295 04f3 10       		.byte	16
 1296 04f4 EF       		.byte	-17
 1297 04f5 12       		.byte	18
 1298 04f6 06       		.byte	6
 1299 04f7 20       		.byte	32
 1300 04f8 0A       		.byte	10
 1301 04f9 69       		.byte	105
 1302 04fa 0E       		.byte	14
 1303 04fb 08       		.byte	8
 1304 04fc 0F       		.byte	15
 1305 04fd 08       		.byte	8
 1306 04fe 10       		.byte	16
 1307 04ff 20       		.byte	32
 1308 0500 12       		.byte	18
 1309 0501 08       		.byte	8
 1310 0502 14       		.byte	20
 1311 0503 10       		.byte	16
ARM GAS  C:\Users\dufma\AppData\Local\Temp\cc0szoMe.s 			page 24


 1312 0504 19       		.byte	25
 1313 0505 20       		.byte	32
 1314 0506 1A       		.byte	26
 1315 0507 25       		.byte	37
 1316 0508 1B       		.byte	27
 1317 0509 02       		.byte	2
 1318 050a 1E       		.byte	30
 1319 050b 20       		.byte	32
 1320 050c 1F       		.byte	31
 1321 050d 21       		.byte	33
 1322 050e 21       		.byte	33
 1323 050f A8       		.byte	-88
 1324 0510 22       		.byte	34
 1325 0511 20       		.byte	32
 1326 0512 23       		.byte	35
 1327 0513 40       		.byte	64
 1328 0514 24       		.byte	36
 1329 0515 40       		.byte	64
 1330 0516 26       		.byte	38
 1331 0517 40       		.byte	64
 1332 0518 27       		.byte	39
 1333 0519 20       		.byte	32
 1334 051a 2C       		.byte	44
 1335 051b 28       		.byte	40
 1336 051c 2E       		.byte	46
 1337 051d 20       		.byte	32
 1338 051e 2F       		.byte	47
 1339 051f 11       		.byte	17
 1340 0520 31       		.byte	49
 1341 0521 28       		.byte	40
 1342 0522 35       		.byte	53
 1343 0523 80       		.byte	-128
 1344 0524 36       		.byte	54
 1345 0525 54       		.byte	84
 1346 0526 38       		.byte	56
 1347 0527 02       		.byte	2
 1348 0528 39       		.byte	57
 1349 0529 18       		.byte	24
 1350 052a 3D       		.byte	61
 1351 052b 20       		.byte	32
 1352 052c 3F       		.byte	63
 1353 052d 14       		.byte	20
 1354 052e 41       		.byte	65
 1355 052f 40       		.byte	64
 1356 0530 42       		.byte	66
 1357 0531 01       		.byte	1
 1358 0532 43       		.byte	67
 1359 0533 02       		.byte	2
 1360 0534 45       		.byte	69
 1361 0535 90       		.byte	-112
 1362 0536 47       		.byte	71
 1363 0537 01       		.byte	1
 1364 0538 48       		.byte	72
 1365 0539 20       		.byte	32
 1366 053a 4D       		.byte	77
 1367 053b 20       		.byte	32
 1368 053c 4E       		.byte	78
ARM GAS  C:\Users\dufma\AppData\Local\Temp\cc0szoMe.s 			page 25


 1369 053d 02       		.byte	2
 1370 053e 4F       		.byte	79
 1371 053f 04       		.byte	4
 1372 0540 52       		.byte	82
 1373 0541 08       		.byte	8
 1374 0542 56       		.byte	86
 1375 0543 04       		.byte	4
 1376 0544 5C       		.byte	92
 1377 0545 40       		.byte	64
 1378 0546 5D       		.byte	93
 1379 0547 01       		.byte	1
 1380 0548 5F       		.byte	95
 1381 0549 28       		.byte	40
 1382 054a 84       		.byte	-124
 1383 054b 10       		.byte	16
 1384 054c 87       		.byte	-121
 1385 054d 20       		.byte	32
 1386 054e 8C       		.byte	-116
 1387 054f 01       		.byte	1
 1388 0550 8D       		.byte	-115
 1389 0551 08       		.byte	8
 1390 0552 91       		.byte	-111
 1391 0553 19       		.byte	25
 1392 0554 92       		.byte	-110
 1393 0555 48       		.byte	72
 1394 0556 93       		.byte	-109
 1395 0557 10       		.byte	16
 1396 0558 95       		.byte	-107
 1397 0559 80       		.byte	-128
 1398 055a 96       		.byte	-106
 1399 055b 25       		.byte	37
 1400 055c 97       		.byte	-105
 1401 055d 60       		.byte	96
 1402 055e 9B       		.byte	-101
 1403 055f 09       		.byte	9
 1404 0560 9D       		.byte	-99
 1405 0561 A8       		.byte	-88
 1406 0562 9E       		.byte	-98
 1407 0563 04       		.byte	4
 1408 0564 A0       		.byte	-96
 1409 0565 08       		.byte	8
 1410 0566 A2       		.byte	-94
 1411 0567 02       		.byte	2
 1412 0568 A3       		.byte	-93
 1413 0569 04       		.byte	4
 1414 056a A5       		.byte	-91
 1415 056b 08       		.byte	8
 1416 056c A6       		.byte	-90
 1417 056d 28       		.byte	40
 1418 056e A9       		.byte	-87
 1419 056f 01       		.byte	1
 1420 0570 B5       		.byte	-75
 1421 0571 10       		.byte	16
 1422 0572 C0       		.byte	-64
 1423 0573 20       		.byte	32
 1424 0574 C2       		.byte	-62
 1425 0575 4F       		.byte	79
ARM GAS  C:\Users\dufma\AppData\Local\Temp\cc0szoMe.s 			page 26


 1426 0576 C4       		.byte	-60
 1427 0577 26       		.byte	38
 1428 0578 CA       		.byte	-54
 1429 0579 30       		.byte	48
 1430 057a CC       		.byte	-52
 1431 057b 66       		.byte	102
 1432 057c CE       		.byte	-50
 1433 057d 67       		.byte	103
 1434 057e D0       		.byte	-48
 1435 057f B1       		.byte	-79
 1436 0580 D2       		.byte	-46
 1437 0581 30       		.byte	48
 1438 0582 D6       		.byte	-42
 1439 0583 F0       		.byte	-16
 1440 0584 E0       		.byte	-32
 1441 0585 08       		.byte	8
 1442 0586 E4       		.byte	-28
 1443 0587 01       		.byte	1
 1444 0588 E6       		.byte	-26
 1445 0589 20       		.byte	32
 1446 058a EA       		.byte	-22
 1447 058b 01       		.byte	1
 1448 058c EE       		.byte	-18
 1449 058d 10       		.byte	16
 1450 058e 32       		.byte	50
 1451 058f 80       		.byte	-128
 1452 0590 35       		.byte	53
 1453 0591 80       		.byte	-128
 1454 0592 85       		.byte	-123
 1455 0593 80       		.byte	-128
 1456 0594 CC       		.byte	-52
 1457 0595 30       		.byte	48
 1458 0596 E2       		.byte	-30
 1459 0597 10       		.byte	16
 1460 0598 A6       		.byte	-90
 1461 0599 80       		.byte	-128
 1462 059a 18       		.byte	24
 1463 059b 41       		.byte	65
 1464 059c 1D       		.byte	29
 1465 059d 82       		.byte	-126
 1466 059e 3E       		.byte	62
 1467 059f 10       		.byte	16
 1468 05a0 59       		.byte	89
 1469 05a1 04       		.byte	4
 1470 05a2 67       		.byte	103
 1471 05a3 10       		.byte	16
 1472 05a4 89       		.byte	-119
 1473 05a5 80       		.byte	-128
 1474 05a6 8A       		.byte	-118
 1475 05a7 80       		.byte	-128
 1476 05a8 8C       		.byte	-116
 1477 05a9 41       		.byte	65
 1478 05aa A6       		.byte	-90
 1479 05ab 80       		.byte	-128
 1480 05ac C6       		.byte	-58
 1481 05ad F0       		.byte	-16
 1482 05ae CE       		.byte	-50
ARM GAS  C:\Users\dufma\AppData\Local\Temp\cc0szoMe.s 			page 27


 1483 05af 20       		.byte	32
 1484 05b0 D6       		.byte	-42
 1485 05b1 40       		.byte	64
 1486 05b2 D8       		.byte	-40
 1487 05b3 80       		.byte	-128
 1488 05b4 62       		.byte	98
 1489 05b5 20       		.byte	32
 1490 05b6 6B       		.byte	107
 1491 05b7 20       		.byte	32
 1492 05b8 6F       		.byte	111
 1493 05b9 40       		.byte	64
 1494 05ba 77       		.byte	119
 1495 05bb 60       		.byte	96
 1496 05bc 7B       		.byte	123
 1497 05bd 02       		.byte	2
 1498 05be 82       		.byte	-126
 1499 05bf 20       		.byte	32
 1500 05c0 83       		.byte	-125
 1501 05c1 40       		.byte	64
 1502 05c2 87       		.byte	-121
 1503 05c3 02       		.byte	2
 1504 05c4 96       		.byte	-106
 1505 05c5 10       		.byte	16
 1506 05c6 A9       		.byte	-87
 1507 05c7 04       		.byte	4
 1508 05c8 AF       		.byte	-81
 1509 05c9 10       		.byte	16
 1510 05ca B5       		.byte	-75
 1511 05cb 02       		.byte	2
 1512 05cc D8       		.byte	-40
 1513 05cd 40       		.byte	64
 1514 05ce DA       		.byte	-38
 1515 05cf 40       		.byte	64
 1516 05d0 DC       		.byte	-36
 1517 05d1 C0       		.byte	-64
 1518 05d2 DE       		.byte	-34
 1519 05d3 20       		.byte	32
 1520 05d4 E2       		.byte	-30
 1521 05d5 10       		.byte	16
 1522 05d6 E6       		.byte	-26
 1523 05d7 80       		.byte	-128
 1524 05d8 EA       		.byte	-22
 1525 05d9 10       		.byte	16
 1526 05da EE       		.byte	-18
 1527 05db 80       		.byte	-128
 1528 05dc 12       		.byte	18
 1529 05dd 80       		.byte	-128
 1530 05de C4       		.byte	-60
 1531 05df 08       		.byte	8
 1532 05e0 03       		.byte	3
 1533 05e1 80       		.byte	-128
 1534 05e2 A2       		.byte	-94
 1535 05e3 80       		.byte	-128
 1536 05e4 C0       		.byte	-64
 1537 05e5 08       		.byte	8
 1538 05e6 02       		.byte	2
 1539 05e7 10       		.byte	16
ARM GAS  C:\Users\dufma\AppData\Local\Temp\cc0szoMe.s 			page 28


 1540 05e8 07       		.byte	7
 1541 05e9 80       		.byte	-128
 1542 05ea 82       		.byte	-126
 1543 05eb 80       		.byte	-128
 1544 05ec 83       		.byte	-125
 1545 05ed 80       		.byte	-128
 1546 05ee A2       		.byte	-94
 1547 05ef 80       		.byte	-128
 1548 05f0 A3       		.byte	-93
 1549 05f1 80       		.byte	-128
 1550 05f2 C0       		.byte	-64
 1551 05f3 0C       		.byte	12
 1552 05f4 AB       		.byte	-85
 1553 05f5 80       		.byte	-128
 1554 05f6 B2       		.byte	-78
 1555 05f7 10       		.byte	16
 1556 05f8 EE       		.byte	-18
 1557 05f9 04       		.byte	4
 1558 05fa 6A       		.byte	106
 1559 05fb 08       		.byte	8
 1560 05fc 80       		.byte	-128
 1561 05fd 08       		.byte	8
 1562 05fe 96       		.byte	-106
 1563 05ff 10       		.byte	16
 1564 0600 DA       		.byte	-38
 1565 0601 40       		.byte	64
 1566 0602 E2       		.byte	-30
 1567 0603 80       		.byte	-128
 1568 0604 08       		.byte	8
 1569 0605 02       		.byte	2
 1570 0606 12       		.byte	18
 1571 0607 20       		.byte	32
 1572 0608 16       		.byte	22
 1573 0609 40       		.byte	64
 1574 060a 5F       		.byte	95
 1575 060b 01       		.byte	1
 1576 060c 65       		.byte	101
 1577 060d 01       		.byte	1
 1578 060e 70       		.byte	112
 1579 060f 08       		.byte	8
 1580 0610 77       		.byte	119
 1581 0611 20       		.byte	32
 1582 0612 82       		.byte	-126
 1583 0613 20       		.byte	32
 1584 0614 84       		.byte	-124
 1585 0615 02       		.byte	2
 1586 0616 86       		.byte	-122
 1587 0617 44       		.byte	68
 1588 0618 8B       		.byte	-117
 1589 0619 20       		.byte	32
 1590 061a 93       		.byte	-109
 1591 061b 01       		.byte	1
 1592 061c 96       		.byte	-106
 1593 061d 08       		.byte	8
 1594 061e 99       		.byte	-103
 1595 061f 01       		.byte	1
 1596 0620 A0       		.byte	-96
ARM GAS  C:\Users\dufma\AppData\Local\Temp\cc0szoMe.s 			page 29


 1597 0621 08       		.byte	8
 1598 0622 A9       		.byte	-87
 1599 0623 01       		.byte	1
 1600 0624 AA       		.byte	-86
 1601 0625 10       		.byte	16
 1602 0626 B7       		.byte	-73
 1603 0627 01       		.byte	1
 1604 0628 C2       		.byte	-62
 1605 0629 10       		.byte	16
 1606 062a C4       		.byte	-60
 1607 062b 30       		.byte	48
 1608 062c D6       		.byte	-42
 1609 062d 80       		.byte	-128
 1610 062e D8       		.byte	-40
 1611 062f 80       		.byte	-128
 1612 0630 DC       		.byte	-36
 1613 0631 80       		.byte	-128
 1614 0632 DE       		.byte	-34
 1615 0633 20       		.byte	32
 1616 0634 E0       		.byte	-32
 1617 0635 10       		.byte	16
 1618 0636 E4       		.byte	-28
 1619 0637 C0       		.byte	-64
 1620 0638 E6       		.byte	-26
 1621 0639 10       		.byte	16
 1622 063a EA       		.byte	-22
 1623 063b A0       		.byte	-96
 1624 063c 10       		.byte	16
 1625 063d 20       		.byte	32
 1626 063e 13       		.byte	19
 1627 063f 20       		.byte	32
 1628 0640 16       		.byte	22
 1629 0641 10       		.byte	16
 1630 0642 7B       		.byte	123
 1631 0643 10       		.byte	16
 1632 0644 7F       		.byte	127
 1633 0645 40       		.byte	64
 1634 0646 80       		.byte	-128
 1635 0647 20       		.byte	32
 1636 0648 A0       		.byte	-96
 1637 0649 08       		.byte	8
 1638 064a B0       		.byte	-80
 1639 064b 08       		.byte	8
 1640 064c C4       		.byte	-60
 1641 064d 0E       		.byte	14
 1642 064e DE       		.byte	-34
 1643 064f 03       		.byte	3
 1644 0650 EC       		.byte	-20
 1645 0651 04       		.byte	4
 1646 0652 12       		.byte	18
 1647 0653 80       		.byte	-128
 1648 0654 74       		.byte	116
 1649 0655 08       		.byte	8
 1650 0656 83       		.byte	-125
 1651 0657 10       		.byte	16
 1652 0658 87       		.byte	-121
 1653 0659 40       		.byte	64
ARM GAS  C:\Users\dufma\AppData\Local\Temp\cc0szoMe.s 			page 30


 1654 065a 8A       		.byte	-118
 1655 065b 10       		.byte	16
 1656 065c 8E       		.byte	-114
 1657 065d 80       		.byte	-128
 1658 065e 97       		.byte	-105
 1659 065f 80       		.byte	-128
 1660 0660 9A       		.byte	-102
 1661 0661 10       		.byte	16
 1662 0662 A0       		.byte	-96
 1663 0663 08       		.byte	8
 1664 0664 A7       		.byte	-89
 1665 0665 10       		.byte	16
 1666 0666 AB       		.byte	-85
 1667 0667 20       		.byte	32
 1668 0668 C4       		.byte	-60
 1669 0669 08       		.byte	8
 1670 066a DE       		.byte	-34
 1671 066b 04       		.byte	4
 1672 066c E2       		.byte	-30
 1673 066d 02       		.byte	2
 1674 066e E6       		.byte	-26
 1675 066f 04       		.byte	4
 1676 0670 00       		.byte	0
 1677 0671 03       		.byte	3
 1678 0672 0C       		.byte	12
 1679 0673 03       		.byte	3
 1680 0674 10       		.byte	16
 1681 0675 06       		.byte	6
 1682 0676 1C       		.byte	28
 1683 0677 06       		.byte	6
 1684 0678 00       		.byte	0
 1685 0679 0F       		.byte	15
 1686 067a 03       		.byte	3
 1687 067b C0       		.byte	-64
 1688 067c 82       		.byte	-126
 1689 067d 80       		.byte	-128
 1690 067e 00       		.byte	0
 1691 067f 00       		.byte	0
 1692 0680 43       		.byte	67
 1693 0681 00       		.byte	0
 1694 0682 00       		.byte	0
 1695 0683 00       		.byte	0
 1696 0684 00       		.byte	0
 1697 0685 80       		.byte	-128
 1698 0686 80       		.byte	-128
 1699 0687 00       		.byte	0
 1700 0688 00       		.byte	0
 1701 0689 00       		.byte	0
 1702 068a 00       		.byte	0
 1703 068b 00       		.byte	0
 1704 068c 83       		.byte	-125
 1705 068d 00       		.byte	0
 1706 068e 40       		.byte	64
 1707 068f 90       		.byte	-112
 1708 0690 93       		.byte	-109
 1709 0691 00       		.byte	0
 1710 0692 83       		.byte	-125
ARM GAS  C:\Users\dufma\AppData\Local\Temp\cc0szoMe.s 			page 31


 1711 0693 00       		.byte	0
 1712 0694 00       		.byte	0
 1713 0695 00       		.byte	0
 1714 0696 00       		.byte	0
 1715 0697 00       		.byte	0
 1716 0698 00       		.byte	0
 1717 0699 31       		.byte	49
 1718 069a 31       		.byte	49
 1719 069b 00       		.byte	0
 1720 069c 00       		.byte	0
 1721 069d 00       		.byte	0
 1722 069e 00       		.byte	0
 1723 069f 00       		.byte	0
 1724 06a0 80       		.byte	-128
 1725 06a1 00       		.byte	0
 1726 06a2 00       		.byte	0
 1727 06a3 00       		.byte	0
 1728 06a4 00       		.byte	0
 1729 06a5 00       		.byte	0
 1730 06a6 00       		.byte	0
 1731 06a7 00       		.byte	0
 1732 06a8 01       		.byte	1
 1733 06a9 08       		.byte	8
 1734 06aa 08       		.byte	8
 1735 06ab 00       		.byte	0
 1736 06ac 00       		.byte	0
 1737 06ad 00       		.byte	0
 1738 06ae 00       		.byte	0
 1739 06af 00       		.byte	0
 1740 06b0 00       		.byte	0
 1741 06b1 F0       		.byte	-16
 1742 06b2 F0       		.byte	-16
 1743 06b3 00       		.byte	0
 1744 06b4 60       		.byte	96
 1745 06b5 00       		.byte	0
 1746 06b6 00       		.byte	0
 1747 06b7 00       		.byte	0
 1748              		.section	.cywolatch,"a",%progbits
 1749              		.align	2
 1750              		.type	cy_meta_wonvl, %object
 1751              		.size	cy_meta_wonvl, 4
 1752              	cy_meta_wonvl:
 1753 0000 BC       		.byte	-68
 1754 0001 90       		.byte	-112
 1755 0002 AC       		.byte	-84
 1756 0003 AF       		.byte	-81
 1757              		.section	.cycustnvl,"a",%progbits
 1758              		.align	2
 1759              		.type	cy_meta_custnvl, %object
 1760              		.size	cy_meta_custnvl, 4
 1761              	cy_meta_custnvl:
 1762 0000 00       		.byte	0
 1763 0001 00       		.byte	0
 1764 0002 40       		.byte	64
 1765 0003 05       		.byte	5
 1766              		.section	.cymeta,"a",%progbits
 1767              		.align	2
ARM GAS  C:\Users\dufma\AppData\Local\Temp\cc0szoMe.s 			page 32


 1768              		.type	cy_metadata, %object
 1769              		.size	cy_metadata, 12
 1770              	cy_metadata:
 1771 0000 00       		.byte	0
 1772 0001 01       		.byte	1
 1773 0002 2E       		.byte	46
 1774 0003 16       		.byte	22
 1775 0004 10       		.byte	16
 1776 0005 69       		.byte	105
 1777 0006 00       		.byte	0
 1778 0007 01       		.byte	1
 1779 0008 00       		.byte	0
 1780 0009 00       		.byte	0
 1781 000a 00       		.byte	0
 1782 000b 00       		.byte	0
 1783              		.section	.cyflashprotect,"a",%progbits
 1784              		.align	2
 1785              		.type	cy_meta_flashprotect, %object
 1786              		.size	cy_meta_flashprotect, 256
 1787              	cy_meta_flashprotect:
 1788 0000 00000000 		.space	256
 1788      00000000 
 1788      00000000 
 1788      00000000 
 1788      00000000 
 1789              		.text
 1790              	.Letext0:
 1791              		.file 1 ".\\Generated_Source\\PSoC5\\cymetadata.c"
 1792              		.file 2 ".\\Generated_Source\\PSoC5\\cytypes.h"
 1793              		.section	.debug_info,"",%progbits
 1794              	.Ldebug_info0:
 1795 0000 3B010000 		.4byte	0x13b
 1796 0004 0400     		.2byte	0x4
 1797 0006 00000000 		.4byte	.Ldebug_abbrev0
 1798 000a 04       		.byte	0x4
 1799 000b 01       		.uleb128 0x1
 1800 000c CA000000 		.4byte	.LASF18
 1801 0010 01       		.byte	0x1
 1802 0011 06000000 		.4byte	.LASF19
 1803 0015 38000000 		.4byte	.LASF20
 1804 0019 00000000 		.4byte	.Ldebug_line0
 1805 001d 02       		.uleb128 0x2
 1806 001e 01       		.byte	0x1
 1807 001f 06       		.byte	0x6
 1808 0020 D4010000 		.4byte	.LASF0
 1809 0024 02       		.uleb128 0x2
 1810 0025 01       		.byte	0x1
 1811 0026 08       		.byte	0x8
 1812 0027 6E000000 		.4byte	.LASF1
 1813 002b 02       		.uleb128 0x2
 1814 002c 02       		.byte	0x2
 1815 002d 05       		.byte	0x5
 1816 002e BB010000 		.4byte	.LASF2
 1817 0032 02       		.uleb128 0x2
 1818 0033 02       		.byte	0x2
 1819 0034 07       		.byte	0x7
 1820 0035 8E000000 		.4byte	.LASF3
ARM GAS  C:\Users\dufma\AppData\Local\Temp\cc0szoMe.s 			page 33


 1821 0039 02       		.uleb128 0x2
 1822 003a 04       		.byte	0x4
 1823 003b 05       		.byte	0x5
 1824 003c CB010000 		.4byte	.LASF4
 1825 0040 02       		.uleb128 0x2
 1826 0041 04       		.byte	0x4
 1827 0042 07       		.byte	0x7
 1828 0043 7C000000 		.4byte	.LASF5
 1829 0047 02       		.uleb128 0x2
 1830 0048 08       		.byte	0x8
 1831 0049 05       		.byte	0x5
 1832 004a A8010000 		.4byte	.LASF6
 1833 004e 02       		.uleb128 0x2
 1834 004f 08       		.byte	0x8
 1835 0050 07       		.byte	0x7
 1836 0051 65010000 		.4byte	.LASF7
 1837 0055 03       		.uleb128 0x3
 1838 0056 04       		.byte	0x4
 1839 0057 05       		.byte	0x5
 1840 0058 696E7400 		.ascii	"int\000"
 1841 005c 02       		.uleb128 0x2
 1842 005d 04       		.byte	0x4
 1843 005e 07       		.byte	0x7
 1844 005f 58010000 		.4byte	.LASF8
 1845 0063 04       		.uleb128 0x4
 1846 0064 C5010000 		.4byte	.LASF21
 1847 0068 02       		.byte	0x2
 1848 0069 3801     		.2byte	0x138
 1849 006b 24000000 		.4byte	0x24
 1850 006f 02       		.uleb128 0x2
 1851 0070 04       		.byte	0x4
 1852 0071 04       		.byte	0x4
 1853 0072 00000000 		.4byte	.LASF9
 1854 0076 02       		.uleb128 0x2
 1855 0077 08       		.byte	0x8
 1856 0078 04       		.byte	0x4
 1857 0079 A1000000 		.4byte	.LASF10
 1858 007d 02       		.uleb128 0x2
 1859 007e 01       		.byte	0x1
 1860 007f 08       		.byte	0x8
 1861 0080 B6010000 		.4byte	.LASF11
 1862 0084 05       		.uleb128 0x5
 1863 0085 63000000 		.4byte	0x63
 1864 0089 95000000 		.4byte	0x95
 1865 008d 06       		.uleb128 0x6
 1866 008e 95000000 		.4byte	0x95
 1867 0092 B706     		.2byte	0x6b7
 1868 0094 00       		.byte	0
 1869 0095 02       		.uleb128 0x2
 1870 0096 04       		.byte	0x4
 1871 0097 07       		.byte	0x7
 1872 0098 9F010000 		.4byte	.LASF12
 1873 009c 07       		.uleb128 0x7
 1874 009d B8000000 		.4byte	.LASF13
 1875 00a1 01       		.byte	0x1
 1876 00a2 1F       		.byte	0x1f
 1877 00a3 AD000000 		.4byte	0xad
ARM GAS  C:\Users\dufma\AppData\Local\Temp\cc0szoMe.s 			page 34


 1878 00a7 05       		.uleb128 0x5
 1879 00a8 03       		.byte	0x3
 1880 00a9 00000000 		.4byte	cy_meta_configecc
 1881 00ad 08       		.uleb128 0x8
 1882 00ae 84000000 		.4byte	0x84
 1883 00b2 05       		.uleb128 0x5
 1884 00b3 63000000 		.4byte	0x63
 1885 00b7 C2000000 		.4byte	0xc2
 1886 00bb 09       		.uleb128 0x9
 1887 00bc 95000000 		.4byte	0x95
 1888 00c0 03       		.byte	0x3
 1889 00c1 00       		.byte	0
 1890 00c2 0A       		.uleb128 0xa
 1891 00c3 A8000000 		.4byte	.LASF14
 1892 00c7 01       		.byte	0x1
 1893 00c8 0301     		.2byte	0x103
 1894 00ca D4000000 		.4byte	0xd4
 1895 00ce 05       		.uleb128 0x5
 1896 00cf 03       		.byte	0x3
 1897 00d0 00000000 		.4byte	cy_meta_custnvl
 1898 00d4 08       		.uleb128 0x8
 1899 00d5 B2000000 		.4byte	0xb2
 1900 00d9 0A       		.uleb128 0xa
 1901 00da 91010000 		.4byte	.LASF15
 1902 00de 01       		.byte	0x1
 1903 00df 1101     		.2byte	0x111
 1904 00e1 EB000000 		.4byte	0xeb
 1905 00e5 05       		.uleb128 0x5
 1906 00e6 03       		.byte	0x3
 1907 00e7 00000000 		.4byte	cy_meta_wonvl
 1908 00eb 08       		.uleb128 0x8
 1909 00ec B2000000 		.4byte	0xb2
 1910 00f0 05       		.uleb128 0x5
 1911 00f1 63000000 		.4byte	0x63
 1912 00f5 00010000 		.4byte	0x100
 1913 00f9 09       		.uleb128 0x9
 1914 00fa 95000000 		.4byte	0x95
 1915 00fe FF       		.byte	0xff
 1916 00ff 00       		.byte	0
 1917 0100 0A       		.uleb128 0xa
 1918 0101 7C010000 		.4byte	.LASF16
 1919 0105 01       		.byte	0x1
 1920 0106 1F01     		.2byte	0x11f
 1921 0108 12010000 		.4byte	0x112
 1922 010c 05       		.uleb128 0x5
 1923 010d 03       		.byte	0x3
 1924 010e 00000000 		.4byte	cy_meta_flashprotect
 1925 0112 08       		.uleb128 0x8
 1926 0113 F0000000 		.4byte	0xf0
 1927 0117 05       		.uleb128 0x5
 1928 0118 63000000 		.4byte	0x63
 1929 011c 27010000 		.4byte	0x127
 1930 0120 09       		.uleb128 0x9
 1931 0121 95000000 		.4byte	0x95
 1932 0125 0B       		.byte	0xb
 1933 0126 00       		.byte	0
 1934 0127 0A       		.uleb128 0xa
ARM GAS  C:\Users\dufma\AppData\Local\Temp\cc0szoMe.s 			page 35


 1935 0128 2C000000 		.4byte	.LASF17
 1936 012c 01       		.byte	0x1
 1937 012d 4C01     		.2byte	0x14c
 1938 012f 39010000 		.4byte	0x139
 1939 0133 05       		.uleb128 0x5
 1940 0134 03       		.byte	0x3
 1941 0135 00000000 		.4byte	cy_metadata
 1942 0139 08       		.uleb128 0x8
 1943 013a 17010000 		.4byte	0x117
 1944 013e 00       		.byte	0
 1945              		.section	.debug_abbrev,"",%progbits
 1946              	.Ldebug_abbrev0:
 1947 0000 01       		.uleb128 0x1
 1948 0001 11       		.uleb128 0x11
 1949 0002 01       		.byte	0x1
 1950 0003 25       		.uleb128 0x25
 1951 0004 0E       		.uleb128 0xe
 1952 0005 13       		.uleb128 0x13
 1953 0006 0B       		.uleb128 0xb
 1954 0007 03       		.uleb128 0x3
 1955 0008 0E       		.uleb128 0xe
 1956 0009 1B       		.uleb128 0x1b
 1957 000a 0E       		.uleb128 0xe
 1958 000b 10       		.uleb128 0x10
 1959 000c 17       		.uleb128 0x17
 1960 000d 00       		.byte	0
 1961 000e 00       		.byte	0
 1962 000f 02       		.uleb128 0x2
 1963 0010 24       		.uleb128 0x24
 1964 0011 00       		.byte	0
 1965 0012 0B       		.uleb128 0xb
 1966 0013 0B       		.uleb128 0xb
 1967 0014 3E       		.uleb128 0x3e
 1968 0015 0B       		.uleb128 0xb
 1969 0016 03       		.uleb128 0x3
 1970 0017 0E       		.uleb128 0xe
 1971 0018 00       		.byte	0
 1972 0019 00       		.byte	0
 1973 001a 03       		.uleb128 0x3
 1974 001b 24       		.uleb128 0x24
 1975 001c 00       		.byte	0
 1976 001d 0B       		.uleb128 0xb
 1977 001e 0B       		.uleb128 0xb
 1978 001f 3E       		.uleb128 0x3e
 1979 0020 0B       		.uleb128 0xb
 1980 0021 03       		.uleb128 0x3
 1981 0022 08       		.uleb128 0x8
 1982 0023 00       		.byte	0
 1983 0024 00       		.byte	0
 1984 0025 04       		.uleb128 0x4
 1985 0026 16       		.uleb128 0x16
 1986 0027 00       		.byte	0
 1987 0028 03       		.uleb128 0x3
 1988 0029 0E       		.uleb128 0xe
 1989 002a 3A       		.uleb128 0x3a
 1990 002b 0B       		.uleb128 0xb
 1991 002c 3B       		.uleb128 0x3b
ARM GAS  C:\Users\dufma\AppData\Local\Temp\cc0szoMe.s 			page 36


 1992 002d 05       		.uleb128 0x5
 1993 002e 49       		.uleb128 0x49
 1994 002f 13       		.uleb128 0x13
 1995 0030 00       		.byte	0
 1996 0031 00       		.byte	0
 1997 0032 05       		.uleb128 0x5
 1998 0033 01       		.uleb128 0x1
 1999 0034 01       		.byte	0x1
 2000 0035 49       		.uleb128 0x49
 2001 0036 13       		.uleb128 0x13
 2002 0037 01       		.uleb128 0x1
 2003 0038 13       		.uleb128 0x13
 2004 0039 00       		.byte	0
 2005 003a 00       		.byte	0
 2006 003b 06       		.uleb128 0x6
 2007 003c 21       		.uleb128 0x21
 2008 003d 00       		.byte	0
 2009 003e 49       		.uleb128 0x49
 2010 003f 13       		.uleb128 0x13
 2011 0040 2F       		.uleb128 0x2f
 2012 0041 05       		.uleb128 0x5
 2013 0042 00       		.byte	0
 2014 0043 00       		.byte	0
 2015 0044 07       		.uleb128 0x7
 2016 0045 34       		.uleb128 0x34
 2017 0046 00       		.byte	0
 2018 0047 03       		.uleb128 0x3
 2019 0048 0E       		.uleb128 0xe
 2020 0049 3A       		.uleb128 0x3a
 2021 004a 0B       		.uleb128 0xb
 2022 004b 3B       		.uleb128 0x3b
 2023 004c 0B       		.uleb128 0xb
 2024 004d 49       		.uleb128 0x49
 2025 004e 13       		.uleb128 0x13
 2026 004f 3F       		.uleb128 0x3f
 2027 0050 19       		.uleb128 0x19
 2028 0051 02       		.uleb128 0x2
 2029 0052 18       		.uleb128 0x18
 2030 0053 00       		.byte	0
 2031 0054 00       		.byte	0
 2032 0055 08       		.uleb128 0x8
 2033 0056 26       		.uleb128 0x26
 2034 0057 00       		.byte	0
 2035 0058 49       		.uleb128 0x49
 2036 0059 13       		.uleb128 0x13
 2037 005a 00       		.byte	0
 2038 005b 00       		.byte	0
 2039 005c 09       		.uleb128 0x9
 2040 005d 21       		.uleb128 0x21
 2041 005e 00       		.byte	0
 2042 005f 49       		.uleb128 0x49
 2043 0060 13       		.uleb128 0x13
 2044 0061 2F       		.uleb128 0x2f
 2045 0062 0B       		.uleb128 0xb
 2046 0063 00       		.byte	0
 2047 0064 00       		.byte	0
 2048 0065 0A       		.uleb128 0xa
ARM GAS  C:\Users\dufma\AppData\Local\Temp\cc0szoMe.s 			page 37


 2049 0066 34       		.uleb128 0x34
 2050 0067 00       		.byte	0
 2051 0068 03       		.uleb128 0x3
 2052 0069 0E       		.uleb128 0xe
 2053 006a 3A       		.uleb128 0x3a
 2054 006b 0B       		.uleb128 0xb
 2055 006c 3B       		.uleb128 0x3b
 2056 006d 05       		.uleb128 0x5
 2057 006e 49       		.uleb128 0x49
 2058 006f 13       		.uleb128 0x13
 2059 0070 3F       		.uleb128 0x3f
 2060 0071 19       		.uleb128 0x19
 2061 0072 02       		.uleb128 0x2
 2062 0073 18       		.uleb128 0x18
 2063 0074 00       		.byte	0
 2064 0075 00       		.byte	0
 2065 0076 00       		.byte	0
 2066              		.section	.debug_aranges,"",%progbits
 2067 0000 14000000 		.4byte	0x14
 2068 0004 0200     		.2byte	0x2
 2069 0006 00000000 		.4byte	.Ldebug_info0
 2070 000a 04       		.byte	0x4
 2071 000b 00       		.byte	0
 2072 000c 0000     		.2byte	0
 2073 000e 0000     		.2byte	0
 2074 0010 00000000 		.4byte	0
 2075 0014 00000000 		.4byte	0
 2076              		.section	.debug_line,"",%progbits
 2077              	.Ldebug_line0:
 2078 0000 4F000000 		.section	.debug_str,"MS",%progbits,1
 2078      02004900 
 2078      00000201 
 2078      FB0E0D00 
 2078      01010101 
 2079              	.LASF9:
 2080 0000 666C6F61 		.ascii	"float\000"
 2080      7400
 2081              	.LASF19:
 2082 0006 2E5C4765 		.ascii	".\\Generated_Source\\PSoC5\\cymetadata.c\000"
 2082      6E657261 
 2082      7465645F 
 2082      536F7572 
 2082      63655C50 
 2083              	.LASF17:
 2084 002c 63795F6D 		.ascii	"cy_metadata\000"
 2084      65746164 
 2084      61746100 
 2085              	.LASF20:
 2086 0038 433A5C55 		.ascii	"C:\\Users\\dufma\\Desktop\\Project\\Docu\\ZumoBot_L"
 2086      73657273 
 2086      5C647566 
 2086      6D615C44 
 2086      65736B74 
 2087 0065 69622E63 		.ascii	"ib.cydsn\000"
 2087      7964736E 
 2087      00
 2088              	.LASF1:
ARM GAS  C:\Users\dufma\AppData\Local\Temp\cc0szoMe.s 			page 38


 2089 006e 756E7369 		.ascii	"unsigned char\000"
 2089      676E6564 
 2089      20636861 
 2089      7200
 2090              	.LASF5:
 2091 007c 6C6F6E67 		.ascii	"long unsigned int\000"
 2091      20756E73 
 2091      69676E65 
 2091      6420696E 
 2091      7400
 2092              	.LASF3:
 2093 008e 73686F72 		.ascii	"short unsigned int\000"
 2093      7420756E 
 2093      7369676E 
 2093      65642069 
 2093      6E7400
 2094              	.LASF10:
 2095 00a1 646F7562 		.ascii	"double\000"
 2095      6C6500
 2096              	.LASF14:
 2097 00a8 63795F6D 		.ascii	"cy_meta_custnvl\000"
 2097      6574615F 
 2097      63757374 
 2097      6E766C00 
 2098              	.LASF13:
 2099 00b8 63795F6D 		.ascii	"cy_meta_configecc\000"
 2099      6574615F 
 2099      636F6E66 
 2099      69676563 
 2099      6300
 2100              	.LASF18:
 2101 00ca 474E5520 		.ascii	"GNU C 4.9.3 20150303 (release) [ARM/embedded-4_9-br"
 2101      4320342E 
 2101      392E3320 
 2101      32303135 
 2101      30333033 
 2102 00fd 616E6368 		.ascii	"anch revision 221220] -mcpu=cortex-m3 -mthumb -g -O"
 2102      20726576 
 2102      6973696F 
 2102      6E203232 
 2102      31323230 
 2103 0130 67202D66 		.ascii	"g -ffunction-sections -ffat-lto-objects\000"
 2103      66756E63 
 2103      74696F6E 
 2103      2D736563 
 2103      74696F6E 
 2104              	.LASF8:
 2105 0158 756E7369 		.ascii	"unsigned int\000"
 2105      676E6564 
 2105      20696E74 
 2105      00
 2106              	.LASF7:
 2107 0165 6C6F6E67 		.ascii	"long long unsigned int\000"
 2107      206C6F6E 
 2107      6720756E 
 2107      7369676E 
 2107      65642069 
ARM GAS  C:\Users\dufma\AppData\Local\Temp\cc0szoMe.s 			page 39


 2108              	.LASF16:
 2109 017c 63795F6D 		.ascii	"cy_meta_flashprotect\000"
 2109      6574615F 
 2109      666C6173 
 2109      6870726F 
 2109      74656374 
 2110              	.LASF15:
 2111 0191 63795F6D 		.ascii	"cy_meta_wonvl\000"
 2111      6574615F 
 2111      776F6E76 
 2111      6C00
 2112              	.LASF12:
 2113 019f 73697A65 		.ascii	"sizetype\000"
 2113      74797065 
 2113      00
 2114              	.LASF6:
 2115 01a8 6C6F6E67 		.ascii	"long long int\000"
 2115      206C6F6E 
 2115      6720696E 
 2115      7400
 2116              	.LASF11:
 2117 01b6 63686172 		.ascii	"char\000"
 2117      00
 2118              	.LASF2:
 2119 01bb 73686F72 		.ascii	"short int\000"
 2119      7420696E 
 2119      7400
 2120              	.LASF21:
 2121 01c5 75696E74 		.ascii	"uint8\000"
 2121      3800
 2122              	.LASF4:
 2123 01cb 6C6F6E67 		.ascii	"long int\000"
 2123      20696E74 
 2123      00
 2124              	.LASF0:
 2125 01d4 7369676E 		.ascii	"signed char\000"
 2125      65642063 
 2125      68617200 
 2126              		.ident	"GCC: (GNU Tools for ARM Embedded Processors) 4.9.3 20150303 (release) [ARM/embedded-4_9-br
