ARM GAS  C:\Users\dufma\AppData\Local\Temp\ccqSxRvM.s 			page 1


   1              		.syntax unified
   2              		.cpu cortex-m3
   3              		.fpu softvfp
   4              		.eabi_attribute 20, 1
   5              		.eabi_attribute 21, 1
   6              		.eabi_attribute 23, 3
   7              		.eabi_attribute 24, 1
   8              		.eabi_attribute 25, 1
   9              		.eabi_attribute 26, 1
  10              		.eabi_attribute 30, 1
  11              		.eabi_attribute 34, 1
  12              		.eabi_attribute 18, 4
  13              		.thumb
  14              		.file	"IR.c"
  15              		.text
  16              	.Ltext0:
  17              		.cfi_sections	.debug_frame
  18              		.section	.text.wait_going_up,"ax",%progbits
  19              		.align	2
  20              		.global	wait_going_up
  21              		.thumb
  22              		.thumb_func
  23              		.type	wait_going_up, %function
  24              	wait_going_up:
  25              	.LFB63:
  26              		.file 1 ".\\IR.c"
   1:.\IR.c        **** /**
   2:.\IR.c        ****  * @file IR.c
   3:.\IR.c        ****  * @brief IR receiver method file
   4:.\IR.c        ****  * @details 
   5:.\IR.c        **** */
   6:.\IR.c        **** #include "IR.h"
   7:.\IR.c        **** 
   8:.\IR.c        **** 
   9:.\IR.c        **** /**
  10:.\IR.c        **** * @brief wait until signal goes up
  11:.\IR.c        **** * @details continue looping before IR_receiver value becomes 1
  12:.\IR.c        **** */
  13:.\IR.c        **** void wait_going_up()
  14:.\IR.c        **** {
  27              		.loc 1 14 0
  28              		.cfi_startproc
  29              		@ args = 0, pretend = 0, frame = 0
  30              		@ frame_needed = 0, uses_anonymous_args = 0
  31 0000 08B5     		push	{r3, lr}
  32              		.cfi_def_cfa_offset 8
  33              		.cfi_offset 3, -8
  34              		.cfi_offset 14, -4
  35              	.L2:
  15:.\IR.c        ****     while(!IR_receiver_Read()==1);
  36              		.loc 1 15 0 discriminator 1
  37 0002 FFF7FEFF 		bl	IR_receiver_Read
  38              	.LVL0:
  39 0006 0028     		cmp	r0, #0
  40 0008 FBD0     		beq	.L2
  16:.\IR.c        **** }    
  41              		.loc 1 16 0
ARM GAS  C:\Users\dufma\AppData\Local\Temp\ccqSxRvM.s 			page 2


  42 000a 08BD     		pop	{r3, pc}
  43              		.cfi_endproc
  44              	.LFE63:
  45              		.size	wait_going_up, .-wait_going_up
  46              		.section	.text.wait_going_down,"ax",%progbits
  47              		.align	2
  48              		.global	wait_going_down
  49              		.thumb
  50              		.thumb_func
  51              		.type	wait_going_down, %function
  52              	wait_going_down:
  53              	.LFB64:
  17:.\IR.c        **** 
  18:.\IR.c        **** 
  19:.\IR.c        **** /**
  20:.\IR.c        **** * @brief wait until signal goes down
  21:.\IR.c        **** * @details continue looping before IR_receiver value becomes 0
  22:.\IR.c        **** */
  23:.\IR.c        **** void wait_going_down()
  24:.\IR.c        **** {
  54              		.loc 1 24 0
  55              		.cfi_startproc
  56              		@ args = 0, pretend = 0, frame = 0
  57              		@ frame_needed = 0, uses_anonymous_args = 0
  58 0000 08B5     		push	{r3, lr}
  59              		.cfi_def_cfa_offset 8
  60              		.cfi_offset 3, -8
  61              		.cfi_offset 14, -4
  62              	.L5:
  25:.\IR.c        ****     while(IR_receiver_Read()==1);
  63              		.loc 1 25 0 discriminator 1
  64 0002 FFF7FEFF 		bl	IR_receiver_Read
  65              	.LVL1:
  66 0006 0128     		cmp	r0, #1
  67 0008 FBD0     		beq	.L5
  26:.\IR.c        **** }
  68              		.loc 1 26 0
  69 000a 08BD     		pop	{r3, pc}
  70              		.cfi_endproc
  71              	.LFE64:
  72              		.size	wait_going_down, .-wait_going_down
  73              		.section	.text.count_downtime,"ax",%progbits
  74              		.align	2
  75              		.global	count_downtime
  76              		.thumb
  77              		.thumb_func
  78              		.type	count_downtime, %function
  79              	count_downtime:
  80              	.LFB65:
  27:.\IR.c        **** 
  28:.\IR.c        **** 
  29:.\IR.c        **** /**
  30:.\IR.c        **** * @brief count signal down time
  31:.\IR.c        **** * @details count time until IR_receiver value goes up
  32:.\IR.c        **** * @return int
  33:.\IR.c        **** *   - returns count time
  34:.\IR.c        **** */
ARM GAS  C:\Users\dufma\AppData\Local\Temp\ccqSxRvM.s 			page 3


  35:.\IR.c        **** int count_downtime()
  36:.\IR.c        **** {
  81              		.loc 1 36 0
  82              		.cfi_startproc
  83              		@ args = 0, pretend = 0, frame = 0
  84              		@ frame_needed = 0, uses_anonymous_args = 0
  85 0000 10B5     		push	{r4, lr}
  86              		.cfi_def_cfa_offset 8
  87              		.cfi_offset 4, -8
  88              		.cfi_offset 14, -4
  89              	.LVL2:
  37:.\IR.c        ****     int cnt =0;
  90              		.loc 1 37 0
  91 0002 0024     		movs	r4, #0
  38:.\IR.c        ****     while(!IR_receiver_Read()==1)
  92              		.loc 1 38 0
  93 0004 00E0     		b	.L8
  94              	.LVL3:
  95              	.L9:
  39:.\IR.c        ****         cnt++;
  96              		.loc 1 39 0
  97 0006 0134     		adds	r4, r4, #1
  98              	.LVL4:
  99              	.L8:
  38:.\IR.c        ****     while(!IR_receiver_Read()==1)
 100              		.loc 1 38 0
 101 0008 FFF7FEFF 		bl	IR_receiver_Read
 102              	.LVL5:
 103 000c 0028     		cmp	r0, #0
 104 000e FAD0     		beq	.L9
  40:.\IR.c        ****     
  41:.\IR.c        ****     return cnt;
  42:.\IR.c        **** }
 105              		.loc 1 42 0
 106 0010 2046     		mov	r0, r4
 107 0012 10BD     		pop	{r4, pc}
 108              		.cfi_endproc
 109              	.LFE65:
 110              		.size	count_downtime, .-count_downtime
 111              		.section	.text.count_uptime,"ax",%progbits
 112              		.align	2
 113              		.global	count_uptime
 114              		.thumb
 115              		.thumb_func
 116              		.type	count_uptime, %function
 117              	count_uptime:
 118              	.LFB66:
  43:.\IR.c        **** 
  44:.\IR.c        **** 
  45:.\IR.c        **** /**
  46:.\IR.c        **** * @brief    count signal up time
  47:.\IR.c        **** * @details  count time until IR_receiver value goes down
  48:.\IR.c        **** * @return   int
  49:.\IR.c        **** *   - returns count time
  50:.\IR.c        **** */
  51:.\IR.c        **** int count_uptime()
  52:.\IR.c        **** {
ARM GAS  C:\Users\dufma\AppData\Local\Temp\ccqSxRvM.s 			page 4


 119              		.loc 1 52 0
 120              		.cfi_startproc
 121              		@ args = 0, pretend = 0, frame = 0
 122              		@ frame_needed = 0, uses_anonymous_args = 0
 123 0000 10B5     		push	{r4, lr}
 124              		.cfi_def_cfa_offset 8
 125              		.cfi_offset 4, -8
 126              		.cfi_offset 14, -4
 127              	.LVL6:
  53:.\IR.c        ****     int cnt =0;
 128              		.loc 1 53 0
 129 0002 0024     		movs	r4, #0
  54:.\IR.c        ****     while(IR_receiver_Read()==1)
 130              		.loc 1 54 0
 131 0004 00E0     		b	.L12
 132              	.LVL7:
 133              	.L13:
  55:.\IR.c        ****         cnt++;
 134              		.loc 1 55 0
 135 0006 0134     		adds	r4, r4, #1
 136              	.LVL8:
 137              	.L12:
  54:.\IR.c        ****     while(IR_receiver_Read()==1)
 138              		.loc 1 54 0
 139 0008 FFF7FEFF 		bl	IR_receiver_Read
 140              	.LVL9:
 141 000c 0128     		cmp	r0, #1
 142 000e FAD0     		beq	.L13
  56:.\IR.c        ****     
  57:.\IR.c        ****     return cnt;
  58:.\IR.c        **** }
 143              		.loc 1 58 0
 144 0010 2046     		mov	r0, r4
 145 0012 10BD     		pop	{r4, pc}
 146              		.cfi_endproc
 147              	.LFE66:
 148              		.size	count_uptime, .-count_uptime
 149              		.global	__aeabi_ui2d
 150              		.global	__aeabi_i2d
 151              		.global	__aeabi_dmul
 152              		.global	__aeabi_dadd
 153              		.global	__aeabi_d2uiz
 154              		.section	.text.get_IR,"ax",%progbits
 155              		.align	2
 156              		.global	get_IR
 157              		.thumb
 158              		.thumb_func
 159              		.type	get_IR, %function
 160              	get_IR:
 161              	.LFB67:
  59:.\IR.c        **** 
  60:.\IR.c        **** 
  61:.\IR.c        **** /**
  62:.\IR.c        **** * @brief    get Remote Controller Value
  63:.\IR.c        **** * @details  get each of the value sended by Remote Controller
  64:.\IR.c        **** * @return   int
  65:.\IR.c        ****     - returns hex value
ARM GAS  C:\Users\dufma\AppData\Local\Temp\ccqSxRvM.s 			page 5


  66:.\IR.c        **** */
  67:.\IR.c        **** int get_IR()
  68:.\IR.c        **** {
 162              		.loc 1 68 0
 163              		.cfi_startproc
 164              		@ args = 0, pretend = 0, frame = 40
 165              		@ frame_needed = 0, uses_anonymous_args = 0
 166 0000 2DE9F041 		push	{r4, r5, r6, r7, r8, lr}
 167              		.cfi_def_cfa_offset 24
 168              		.cfi_offset 4, -24
 169              		.cfi_offset 5, -20
 170              		.cfi_offset 6, -16
 171              		.cfi_offset 7, -12
 172              		.cfi_offset 8, -8
 173              		.cfi_offset 14, -4
 174 0004 8AB0     		sub	sp, sp, #40
 175              		.cfi_def_cfa_offset 64
  69:.\IR.c        ****     uint8 bit[33]={0};
 176              		.loc 1 69 0
 177 0006 0024     		movs	r4, #0
 178 0008 0194     		str	r4, [sp, #4]
 179 000a 0294     		str	r4, [sp, #8]
 180 000c 0394     		str	r4, [sp, #12]
 181 000e 0494     		str	r4, [sp, #16]
 182 0010 0594     		str	r4, [sp, #20]
 183 0012 0694     		str	r4, [sp, #24]
 184 0014 0794     		str	r4, [sp, #28]
 185 0016 0894     		str	r4, [sp, #32]
 186 0018 8DF82440 		strb	r4, [sp, #36]
 187              	.LVL10:
  70:.\IR.c        ****     unsigned int val=0;
  71:.\IR.c        ****     uint t1, t2, i, j;
  72:.\IR.c        ****     
  73:.\IR.c        ****     wait_going_down();
 188              		.loc 1 73 0
 189 001c FFF7FEFF 		bl	wait_going_down
 190              	.LVL11:
  74:.\IR.c        ****     printf("START \r\n");
 191              		.loc 1 74 0
 192 0020 2248     		ldr	r0, .L23
 193 0022 FFF7FEFF 		bl	puts
 194              	.LVL12:
  75:.\IR.c        ****     
  76:.\IR.c        ****     for(i = 0; i < 33; i++)     // loop 33times ( 1bit - Start bit, 32bits - Databit)
 195              		.loc 1 76 0
 196 0026 12E0     		b	.L16
 197              	.LVL13:
 198              	.L19:
 199              	.LBB2:
  77:.\IR.c        ****     {
  78:.\IR.c        ****         int t1, t2;
  79:.\IR.c        ****         t1 = 0;
  80:.\IR.c        ****         t2 = 0;
  81:.\IR.c        ****         
  82:.\IR.c        ****         t1 = count_downtime();
 200              		.loc 1 82 0
 201 0028 FFF7FEFF 		bl	count_downtime
ARM GAS  C:\Users\dufma\AppData\Local\Temp\ccqSxRvM.s 			page 6


 202              	.LVL14:
 203 002c 0546     		mov	r5, r0
 204              	.LVL15:
  83:.\IR.c        ****         t2 = count_uptime();
 205              		.loc 1 83 0
 206 002e FFF7FEFF 		bl	count_uptime
 207              	.LVL16:
  84:.\IR.c        ****         
  85:.\IR.c        ****         // If up time is longer than down time, value of the bit becomes 1
  86:.\IR.c        ****         if(t2 > t1)
 208              		.loc 1 86 0
 209 0032 A842     		cmp	r0, r5
 210 0034 05DD     		ble	.L17
  87:.\IR.c        ****             bit[i]=1;
 211              		.loc 1 87 0
 212 0036 0122     		movs	r2, #1
 213 0038 0AAB     		add	r3, sp, #40
 214 003a 2344     		add	r3, r3, r4
 215 003c 03F8242C 		strb	r2, [r3, #-36]
 216 0040 04E0     		b	.L18
 217              	.L17:
  88:.\IR.c        ****         else
  89:.\IR.c        ****             bit[i]=0; 
 218              		.loc 1 89 0
 219 0042 0022     		movs	r2, #0
 220 0044 0AAB     		add	r3, sp, #40
 221 0046 2344     		add	r3, r3, r4
 222 0048 03F8242C 		strb	r2, [r3, #-36]
 223              	.L18:
 224              	.LBE2:
  76:.\IR.c        ****     {
 225              		.loc 1 76 0 discriminator 2
 226 004c 0134     		adds	r4, r4, #1
 227              	.LVL17:
 228              	.L16:
  76:.\IR.c        ****     {
 229              		.loc 1 76 0 is_stmt 0 discriminator 1
 230 004e 202C     		cmp	r4, #32
 231 0050 EAD9     		bls	.L19
 232 0052 0020     		movs	r0, #0
 233 0054 0546     		mov	r5, r0
 234 0056 23E0     		b	.L20
 235              	.LVL18:
 236              	.L21:
  90:.\IR.c        ****     } 
  91:.\IR.c        ****    
  92:.\IR.c        ****     /* // If you want to see binary value
  93:.\IR.c        ****     int cnt;
  94:.\IR.c        ****     for(cnt=0; cnt<33; cnt++)
  95:.\IR.c        ****     {
  96:.\IR.c        ****         printf("%d ",bit[cnt]);
  97:.\IR.c        ****     }
  98:.\IR.c        ****     printf("\r\n\n");
  99:.\IR.c        ****     */
 100:.\IR.c        ****    
 101:.\IR.c        ****     // make binary value to hex value
 102:.\IR.c        ****     for( i=0; i<32; i++)
ARM GAS  C:\Users\dufma\AppData\Local\Temp\ccqSxRvM.s 			page 7


 103:.\IR.c        ****         val += bit[i+1]*pow(2,i);
 237              		.loc 1 103 0 is_stmt 1 discriminator 3
 238 0058 441C     		adds	r4, r0, #1
 239 005a 0AAB     		add	r3, sp, #40
 240 005c 2344     		add	r3, r3, r4
 241 005e 13F8248C 		ldrb	r8, [r3, #-36]	@ zero_extendqisi2
 242 0062 FFF7FEFF 		bl	__aeabi_ui2d
 243              	.LVL19:
 244 0066 0246     		mov	r2, r0
 245 0068 0B46     		mov	r3, r1
 246 006a 0020     		movs	r0, #0
 247 006c 4FF08041 		mov	r1, #1073741824
 248 0070 FFF7FEFF 		bl	pow
 249              	.LVL20:
 250 0074 0646     		mov	r6, r0
 251 0076 0F46     		mov	r7, r1
 252 0078 4046     		mov	r0, r8
 253 007a FFF7FEFF 		bl	__aeabi_i2d
 254              	.LVL21:
 255 007e 3246     		mov	r2, r6
 256 0080 3B46     		mov	r3, r7
 257 0082 FFF7FEFF 		bl	__aeabi_dmul
 258              	.LVL22:
 259 0086 0646     		mov	r6, r0
 260 0088 0F46     		mov	r7, r1
 261 008a 2846     		mov	r0, r5
 262 008c FFF7FEFF 		bl	__aeabi_ui2d
 263              	.LVL23:
 264 0090 3246     		mov	r2, r6
 265 0092 3B46     		mov	r3, r7
 266 0094 FFF7FEFF 		bl	__aeabi_dadd
 267              	.LVL24:
 268 0098 FFF7FEFF 		bl	__aeabi_d2uiz
 269              	.LVL25:
 270 009c 0546     		mov	r5, r0
 271              	.LVL26:
 102:.\IR.c        ****         val += bit[i+1]*pow(2,i);
 272              		.loc 1 102 0 discriminator 3
 273 009e 2046     		mov	r0, r4
 274              	.LVL27:
 275              	.L20:
 102:.\IR.c        ****         val += bit[i+1]*pow(2,i);
 276              		.loc 1 102 0 is_stmt 0 discriminator 1
 277 00a0 1F28     		cmp	r0, #31
 278 00a2 D9D9     		bls	.L21
 104:.\IR.c        ****     
 105:.\IR.c        ****     return val;
 106:.\IR.c        **** }
 279              		.loc 1 106 0 is_stmt 1
 280 00a4 2846     		mov	r0, r5
 281              	.LVL28:
 282 00a6 0AB0     		add	sp, sp, #40
 283              		.cfi_def_cfa_offset 24
 284              		@ sp needed
 285 00a8 BDE8F081 		pop	{r4, r5, r6, r7, r8, pc}
 286              	.LVL29:
 287              	.L24:
ARM GAS  C:\Users\dufma\AppData\Local\Temp\ccqSxRvM.s 			page 8


 288              		.align	2
 289              	.L23:
 290 00ac 00000000 		.word	.LC0
 291              		.cfi_endproc
 292              	.LFE67:
 293              		.size	get_IR, .-get_IR
 294              		.section	.rodata.str1.4,"aMS",%progbits,1
 295              		.align	2
 296              	.LC0:
 297 0000 53544152 		.ascii	"START \015\000"
 297      54200D00 
 298              		.text
 299              	.Letext0:
 300              		.file 2 "c:\\program files (x86)\\cypress\\psoc creator\\3.3\\psoc creator\\import\\gnu\\arm\\4.9.
 301              		.file 3 "c:\\program files (x86)\\cypress\\psoc creator\\3.3\\psoc creator\\import\\gnu\\arm\\4.9.
 302              		.file 4 "Generated_Source\\PSoC5/cytypes.h"
 303              		.file 5 "c:\\program files (x86)\\cypress\\psoc creator\\3.3\\psoc creator\\import\\gnu\\arm\\4.9.
 304              		.file 6 "<built-in>"
 305              		.file 7 "Generated_Source\\PSoC5/core_cm3.h"
 306              		.file 8 "Generated_Source\\PSoC5/IR_receiver.h"
 307              		.file 9 "c:\\program files (x86)\\cypress\\psoc creator\\3.3\\psoc creator\\import\\gnu\\arm\\4.9.
 308              		.section	.debug_info,"",%progbits
 309              	.Ldebug_info0:
 310 0000 86020000 		.4byte	0x286
 311 0004 0400     		.2byte	0x4
 312 0006 00000000 		.4byte	.Ldebug_abbrev0
 313 000a 04       		.byte	0x4
 314 000b 01       		.uleb128 0x1
 315 000c E3000000 		.4byte	.LASF24
 316 0010 01       		.byte	0x1
 317 0011 18000000 		.4byte	.LASF25
 318 0015 27000000 		.4byte	.LASF26
 319 0019 00000000 		.4byte	.Ldebug_ranges0+0
 320 001d 00000000 		.4byte	0
 321 0021 00000000 		.4byte	.Ldebug_line0
 322 0025 02       		.uleb128 0x2
 323 0026 01       		.byte	0x1
 324 0027 06       		.byte	0x6
 325 0028 FA010000 		.4byte	.LASF0
 326 002c 02       		.uleb128 0x2
 327 002d 01       		.byte	0x1
 328 002e 08       		.byte	0x8
 329 002f 79000000 		.4byte	.LASF1
 330 0033 02       		.uleb128 0x2
 331 0034 02       		.byte	0x2
 332 0035 05       		.byte	0x5
 333 0036 D6010000 		.4byte	.LASF2
 334 003a 02       		.uleb128 0x2
 335 003b 02       		.byte	0x2
 336 003c 07       		.byte	0x7
 337 003d A9000000 		.4byte	.LASF3
 338 0041 03       		.uleb128 0x3
 339 0042 0E000000 		.4byte	.LASF9
 340 0046 02       		.byte	0x2
 341 0047 3F       		.byte	0x3f
 342 0048 4C000000 		.4byte	0x4c
 343 004c 02       		.uleb128 0x2
ARM GAS  C:\Users\dufma\AppData\Local\Temp\ccqSxRvM.s 			page 9


 344 004d 04       		.byte	0x4
 345 004e 05       		.byte	0x5
 346 004f E6010000 		.4byte	.LASF4
 347 0053 02       		.uleb128 0x2
 348 0054 04       		.byte	0x4
 349 0055 07       		.byte	0x7
 350 0056 97000000 		.4byte	.LASF5
 351 005a 02       		.uleb128 0x2
 352 005b 08       		.byte	0x8
 353 005c 05       		.byte	0x5
 354 005d 00000000 		.4byte	.LASF6
 355 0061 02       		.uleb128 0x2
 356 0062 08       		.byte	0x8
 357 0063 07       		.byte	0x7
 358 0064 94010000 		.4byte	.LASF7
 359 0068 04       		.uleb128 0x4
 360 0069 04       		.byte	0x4
 361 006a 05       		.byte	0x5
 362 006b 696E7400 		.ascii	"int\000"
 363 006f 02       		.uleb128 0x2
 364 0070 04       		.byte	0x4
 365 0071 07       		.byte	0x7
 366 0072 71010000 		.4byte	.LASF8
 367 0076 03       		.uleb128 0x3
 368 0077 1F000000 		.4byte	.LASF10
 369 007b 03       		.byte	0x3
 370 007c 2C       		.byte	0x2c
 371 007d 41000000 		.4byte	0x41
 372 0081 05       		.uleb128 0x5
 373 0082 E0010000 		.4byte	.LASF11
 374 0086 04       		.byte	0x4
 375 0087 3801     		.2byte	0x138
 376 0089 2C000000 		.4byte	0x2c
 377 008d 02       		.uleb128 0x2
 378 008e 04       		.byte	0x4
 379 008f 04       		.byte	0x4
 380 0090 F4010000 		.4byte	.LASF12
 381 0094 02       		.uleb128 0x2
 382 0095 08       		.byte	0x8
 383 0096 04       		.byte	0x4
 384 0097 D7000000 		.4byte	.LASF13
 385 009b 02       		.uleb128 0x2
 386 009c 01       		.byte	0x1
 387 009d 08       		.byte	0x8
 388 009e C0010000 		.4byte	.LASF14
 389 00a2 02       		.uleb128 0x2
 390 00a3 04       		.byte	0x4
 391 00a4 07       		.byte	0x7
 392 00a5 B7010000 		.4byte	.LASF15
 393 00a9 06       		.uleb128 0x6
 394 00aa 04       		.byte	0x4
 395 00ab AF000000 		.4byte	0xaf
 396 00af 07       		.uleb128 0x7
 397 00b0 9B000000 		.4byte	0x9b
 398 00b4 03       		.uleb128 0x3
 399 00b5 DE000000 		.4byte	.LASF16
 400 00b9 05       		.byte	0x5
ARM GAS  C:\Users\dufma\AppData\Local\Temp\ccqSxRvM.s 			page 10


 401 00ba 70       		.byte	0x70
 402 00bb 6F000000 		.4byte	0x6f
 403 00bf 02       		.uleb128 0x2
 404 00c0 08       		.byte	0x8
 405 00c1 04       		.byte	0x4
 406 00c2 AB010000 		.4byte	.LASF17
 407 00c6 08       		.uleb128 0x8
 408 00c7 BC000000 		.4byte	.LASF18
 409 00cb 01       		.byte	0x1
 410 00cc 0D       		.byte	0xd
 411 00cd 00000000 		.4byte	.LFB63
 412 00d1 0C000000 		.4byte	.LFE63-.LFB63
 413 00d5 01       		.uleb128 0x1
 414 00d6 9C       		.byte	0x9c
 415 00d7 E5000000 		.4byte	0xe5
 416 00db 09       		.uleb128 0x9
 417 00dc 06000000 		.4byte	.LVL0
 418 00e0 4F020000 		.4byte	0x24f
 419 00e4 00       		.byte	0
 420 00e5 08       		.uleb128 0x8
 421 00e6 87000000 		.4byte	.LASF19
 422 00ea 01       		.byte	0x1
 423 00eb 17       		.byte	0x17
 424 00ec 00000000 		.4byte	.LFB64
 425 00f0 0C000000 		.4byte	.LFE64-.LFB64
 426 00f4 01       		.uleb128 0x1
 427 00f5 9C       		.byte	0x9c
 428 00f6 04010000 		.4byte	0x104
 429 00fa 09       		.uleb128 0x9
 430 00fb 06000000 		.4byte	.LVL1
 431 00ff 4F020000 		.4byte	0x24f
 432 0103 00       		.byte	0
 433 0104 0A       		.uleb128 0xa
 434 0105 7E010000 		.4byte	.LASF20
 435 0109 01       		.byte	0x1
 436 010a 23       		.byte	0x23
 437 010b 68000000 		.4byte	0x68
 438 010f 00000000 		.4byte	.LFB65
 439 0113 14000000 		.4byte	.LFE65-.LFB65
 440 0117 01       		.uleb128 0x1
 441 0118 9C       		.byte	0x9c
 442 0119 36010000 		.4byte	0x136
 443 011d 0B       		.uleb128 0xb
 444 011e 636E7400 		.ascii	"cnt\000"
 445 0122 01       		.byte	0x1
 446 0123 25       		.byte	0x25
 447 0124 68000000 		.4byte	0x68
 448 0128 00000000 		.4byte	.LLST0
 449 012c 09       		.uleb128 0x9
 450 012d 0C000000 		.4byte	.LVL5
 451 0131 4F020000 		.4byte	0x24f
 452 0135 00       		.byte	0
 453 0136 0A       		.uleb128 0xa
 454 0137 6C000000 		.4byte	.LASF21
 455 013b 01       		.byte	0x1
 456 013c 33       		.byte	0x33
 457 013d 68000000 		.4byte	0x68
ARM GAS  C:\Users\dufma\AppData\Local\Temp\ccqSxRvM.s 			page 11


 458 0141 00000000 		.4byte	.LFB66
 459 0145 14000000 		.4byte	.LFE66-.LFB66
 460 0149 01       		.uleb128 0x1
 461 014a 9C       		.byte	0x9c
 462 014b 68010000 		.4byte	0x168
 463 014f 0B       		.uleb128 0xb
 464 0150 636E7400 		.ascii	"cnt\000"
 465 0154 01       		.byte	0x1
 466 0155 35       		.byte	0x35
 467 0156 68000000 		.4byte	0x68
 468 015a 1F000000 		.4byte	.LLST1
 469 015e 09       		.uleb128 0x9
 470 015f 0C000000 		.4byte	.LVL9
 471 0163 4F020000 		.4byte	0x24f
 472 0167 00       		.byte	0
 473 0168 0C       		.uleb128 0xc
 474 0169 8D010000 		.4byte	.LASF22
 475 016d 01       		.byte	0x1
 476 016e 43       		.byte	0x43
 477 016f 68000000 		.4byte	0x68
 478 0173 00000000 		.4byte	.LFB67
 479 0177 B0000000 		.4byte	.LFE67-.LFB67
 480 017b 01       		.uleb128 0x1
 481 017c 9C       		.byte	0x9c
 482 017d 2E020000 		.4byte	0x22e
 483 0181 0D       		.uleb128 0xd
 484 0182 62697400 		.ascii	"bit\000"
 485 0186 01       		.byte	0x1
 486 0187 45       		.byte	0x45
 487 0188 2E020000 		.4byte	0x22e
 488 018c 02       		.uleb128 0x2
 489 018d 91       		.byte	0x91
 490 018e 44       		.sleb128 -60
 491 018f 0B       		.uleb128 0xb
 492 0190 76616C00 		.ascii	"val\000"
 493 0194 01       		.byte	0x1
 494 0195 46       		.byte	0x46
 495 0196 6F000000 		.4byte	0x6f
 496 019a 3E000000 		.4byte	.LLST2
 497 019e 0E       		.uleb128 0xe
 498 019f 743100   		.ascii	"t1\000"
 499 01a2 01       		.byte	0x1
 500 01a3 47       		.byte	0x47
 501 01a4 B4000000 		.4byte	0xb4
 502 01a8 0E       		.uleb128 0xe
 503 01a9 743200   		.ascii	"t2\000"
 504 01ac 01       		.byte	0x1
 505 01ad 47       		.byte	0x47
 506 01ae B4000000 		.4byte	0xb4
 507 01b2 0B       		.uleb128 0xb
 508 01b3 6900     		.ascii	"i\000"
 509 01b5 01       		.byte	0x1
 510 01b6 47       		.byte	0x47
 511 01b7 B4000000 		.4byte	0xb4
 512 01bb 7E000000 		.4byte	.LLST3
 513 01bf 0E       		.uleb128 0xe
 514 01c0 6A00     		.ascii	"j\000"
ARM GAS  C:\Users\dufma\AppData\Local\Temp\ccqSxRvM.s 			page 12


 515 01c2 01       		.byte	0x1
 516 01c3 47       		.byte	0x47
 517 01c4 B4000000 		.4byte	0xb4
 518 01c8 0F       		.uleb128 0xf
 519 01c9 28000000 		.4byte	.LBB2
 520 01cd 24000000 		.4byte	.LBE2-.LBB2
 521 01d1 04020000 		.4byte	0x204
 522 01d5 0B       		.uleb128 0xb
 523 01d6 743100   		.ascii	"t1\000"
 524 01d9 01       		.byte	0x1
 525 01da 4E       		.byte	0x4e
 526 01db 68000000 		.4byte	0x68
 527 01df CB000000 		.4byte	.LLST4
 528 01e3 0B       		.uleb128 0xb
 529 01e4 743200   		.ascii	"t2\000"
 530 01e7 01       		.byte	0x1
 531 01e8 4E       		.byte	0x4e
 532 01e9 68000000 		.4byte	0x68
 533 01ed F5000000 		.4byte	.LLST5
 534 01f1 09       		.uleb128 0x9
 535 01f2 2C000000 		.4byte	.LVL14
 536 01f6 04010000 		.4byte	0x104
 537 01fa 09       		.uleb128 0x9
 538 01fb 32000000 		.4byte	.LVL16
 539 01ff 36010000 		.4byte	0x136
 540 0203 00       		.byte	0
 541 0204 09       		.uleb128 0x9
 542 0205 20000000 		.4byte	.LVL11
 543 0209 E5000000 		.4byte	0xe5
 544 020d 10       		.uleb128 0x10
 545 020e 26000000 		.4byte	.LVL12
 546 0212 5A020000 		.4byte	0x25a
 547 0216 24020000 		.4byte	0x224
 548 021a 11       		.uleb128 0x11
 549 021b 01       		.uleb128 0x1
 550 021c 50       		.byte	0x50
 551 021d 05       		.uleb128 0x5
 552 021e 03       		.byte	0x3
 553 021f 00000000 		.4byte	.LC0
 554 0223 00       		.byte	0
 555 0224 09       		.uleb128 0x9
 556 0225 74000000 		.4byte	.LVL20
 557 0229 73020000 		.4byte	0x273
 558 022d 00       		.byte	0
 559 022e 12       		.uleb128 0x12
 560 022f 81000000 		.4byte	0x81
 561 0233 3E020000 		.4byte	0x23e
 562 0237 13       		.uleb128 0x13
 563 0238 A2000000 		.4byte	0xa2
 564 023c 20       		.byte	0x20
 565 023d 00       		.byte	0
 566 023e 14       		.uleb128 0x14
 567 023f CA000000 		.4byte	.LASF27
 568 0243 07       		.byte	0x7
 569 0244 5506     		.2byte	0x655
 570 0246 4A020000 		.4byte	0x24a
 571 024a 15       		.uleb128 0x15
ARM GAS  C:\Users\dufma\AppData\Local\Temp\ccqSxRvM.s 			page 13


 572 024b 76000000 		.4byte	0x76
 573 024f 16       		.uleb128 0x16
 574 0250 C5010000 		.4byte	.LASF28
 575 0254 08       		.byte	0x8
 576 0255 29       		.byte	0x29
 577 0256 81000000 		.4byte	0x81
 578 025a 17       		.uleb128 0x17
 579 025b 5D000000 		.4byte	.LASF23
 580 025f 06       		.byte	0x6
 581 0260 00       		.byte	0
 582 0261 EF010000 		.4byte	.LASF29
 583 0265 68000000 		.4byte	0x68
 584 0269 73020000 		.4byte	0x273
 585 026d 18       		.uleb128 0x18
 586 026e A9000000 		.4byte	0xa9
 587 0272 00       		.byte	0
 588 0273 19       		.uleb128 0x19
 589 0274 706F7700 		.ascii	"pow\000"
 590 0278 09       		.byte	0x9
 591 0279 85       		.byte	0x85
 592 027a 94000000 		.4byte	0x94
 593 027e 18       		.uleb128 0x18
 594 027f 94000000 		.4byte	0x94
 595 0283 18       		.uleb128 0x18
 596 0284 94000000 		.4byte	0x94
 597 0288 00       		.byte	0
 598 0289 00       		.byte	0
 599              		.section	.debug_abbrev,"",%progbits
 600              	.Ldebug_abbrev0:
 601 0000 01       		.uleb128 0x1
 602 0001 11       		.uleb128 0x11
 603 0002 01       		.byte	0x1
 604 0003 25       		.uleb128 0x25
 605 0004 0E       		.uleb128 0xe
 606 0005 13       		.uleb128 0x13
 607 0006 0B       		.uleb128 0xb
 608 0007 03       		.uleb128 0x3
 609 0008 0E       		.uleb128 0xe
 610 0009 1B       		.uleb128 0x1b
 611 000a 0E       		.uleb128 0xe
 612 000b 55       		.uleb128 0x55
 613 000c 17       		.uleb128 0x17
 614 000d 11       		.uleb128 0x11
 615 000e 01       		.uleb128 0x1
 616 000f 10       		.uleb128 0x10
 617 0010 17       		.uleb128 0x17
 618 0011 00       		.byte	0
 619 0012 00       		.byte	0
 620 0013 02       		.uleb128 0x2
 621 0014 24       		.uleb128 0x24
 622 0015 00       		.byte	0
 623 0016 0B       		.uleb128 0xb
 624 0017 0B       		.uleb128 0xb
 625 0018 3E       		.uleb128 0x3e
 626 0019 0B       		.uleb128 0xb
 627 001a 03       		.uleb128 0x3
 628 001b 0E       		.uleb128 0xe
ARM GAS  C:\Users\dufma\AppData\Local\Temp\ccqSxRvM.s 			page 14


 629 001c 00       		.byte	0
 630 001d 00       		.byte	0
 631 001e 03       		.uleb128 0x3
 632 001f 16       		.uleb128 0x16
 633 0020 00       		.byte	0
 634 0021 03       		.uleb128 0x3
 635 0022 0E       		.uleb128 0xe
 636 0023 3A       		.uleb128 0x3a
 637 0024 0B       		.uleb128 0xb
 638 0025 3B       		.uleb128 0x3b
 639 0026 0B       		.uleb128 0xb
 640 0027 49       		.uleb128 0x49
 641 0028 13       		.uleb128 0x13
 642 0029 00       		.byte	0
 643 002a 00       		.byte	0
 644 002b 04       		.uleb128 0x4
 645 002c 24       		.uleb128 0x24
 646 002d 00       		.byte	0
 647 002e 0B       		.uleb128 0xb
 648 002f 0B       		.uleb128 0xb
 649 0030 3E       		.uleb128 0x3e
 650 0031 0B       		.uleb128 0xb
 651 0032 03       		.uleb128 0x3
 652 0033 08       		.uleb128 0x8
 653 0034 00       		.byte	0
 654 0035 00       		.byte	0
 655 0036 05       		.uleb128 0x5
 656 0037 16       		.uleb128 0x16
 657 0038 00       		.byte	0
 658 0039 03       		.uleb128 0x3
 659 003a 0E       		.uleb128 0xe
 660 003b 3A       		.uleb128 0x3a
 661 003c 0B       		.uleb128 0xb
 662 003d 3B       		.uleb128 0x3b
 663 003e 05       		.uleb128 0x5
 664 003f 49       		.uleb128 0x49
 665 0040 13       		.uleb128 0x13
 666 0041 00       		.byte	0
 667 0042 00       		.byte	0
 668 0043 06       		.uleb128 0x6
 669 0044 0F       		.uleb128 0xf
 670 0045 00       		.byte	0
 671 0046 0B       		.uleb128 0xb
 672 0047 0B       		.uleb128 0xb
 673 0048 49       		.uleb128 0x49
 674 0049 13       		.uleb128 0x13
 675 004a 00       		.byte	0
 676 004b 00       		.byte	0
 677 004c 07       		.uleb128 0x7
 678 004d 26       		.uleb128 0x26
 679 004e 00       		.byte	0
 680 004f 49       		.uleb128 0x49
 681 0050 13       		.uleb128 0x13
 682 0051 00       		.byte	0
 683 0052 00       		.byte	0
 684 0053 08       		.uleb128 0x8
 685 0054 2E       		.uleb128 0x2e
ARM GAS  C:\Users\dufma\AppData\Local\Temp\ccqSxRvM.s 			page 15


 686 0055 01       		.byte	0x1
 687 0056 3F       		.uleb128 0x3f
 688 0057 19       		.uleb128 0x19
 689 0058 03       		.uleb128 0x3
 690 0059 0E       		.uleb128 0xe
 691 005a 3A       		.uleb128 0x3a
 692 005b 0B       		.uleb128 0xb
 693 005c 3B       		.uleb128 0x3b
 694 005d 0B       		.uleb128 0xb
 695 005e 11       		.uleb128 0x11
 696 005f 01       		.uleb128 0x1
 697 0060 12       		.uleb128 0x12
 698 0061 06       		.uleb128 0x6
 699 0062 40       		.uleb128 0x40
 700 0063 18       		.uleb128 0x18
 701 0064 9742     		.uleb128 0x2117
 702 0066 19       		.uleb128 0x19
 703 0067 01       		.uleb128 0x1
 704 0068 13       		.uleb128 0x13
 705 0069 00       		.byte	0
 706 006a 00       		.byte	0
 707 006b 09       		.uleb128 0x9
 708 006c 898201   		.uleb128 0x4109
 709 006f 00       		.byte	0
 710 0070 11       		.uleb128 0x11
 711 0071 01       		.uleb128 0x1
 712 0072 31       		.uleb128 0x31
 713 0073 13       		.uleb128 0x13
 714 0074 00       		.byte	0
 715 0075 00       		.byte	0
 716 0076 0A       		.uleb128 0xa
 717 0077 2E       		.uleb128 0x2e
 718 0078 01       		.byte	0x1
 719 0079 3F       		.uleb128 0x3f
 720 007a 19       		.uleb128 0x19
 721 007b 03       		.uleb128 0x3
 722 007c 0E       		.uleb128 0xe
 723 007d 3A       		.uleb128 0x3a
 724 007e 0B       		.uleb128 0xb
 725 007f 3B       		.uleb128 0x3b
 726 0080 0B       		.uleb128 0xb
 727 0081 49       		.uleb128 0x49
 728 0082 13       		.uleb128 0x13
 729 0083 11       		.uleb128 0x11
 730 0084 01       		.uleb128 0x1
 731 0085 12       		.uleb128 0x12
 732 0086 06       		.uleb128 0x6
 733 0087 40       		.uleb128 0x40
 734 0088 18       		.uleb128 0x18
 735 0089 9742     		.uleb128 0x2117
 736 008b 19       		.uleb128 0x19
 737 008c 01       		.uleb128 0x1
 738 008d 13       		.uleb128 0x13
 739 008e 00       		.byte	0
 740 008f 00       		.byte	0
 741 0090 0B       		.uleb128 0xb
 742 0091 34       		.uleb128 0x34
ARM GAS  C:\Users\dufma\AppData\Local\Temp\ccqSxRvM.s 			page 16


 743 0092 00       		.byte	0
 744 0093 03       		.uleb128 0x3
 745 0094 08       		.uleb128 0x8
 746 0095 3A       		.uleb128 0x3a
 747 0096 0B       		.uleb128 0xb
 748 0097 3B       		.uleb128 0x3b
 749 0098 0B       		.uleb128 0xb
 750 0099 49       		.uleb128 0x49
 751 009a 13       		.uleb128 0x13
 752 009b 02       		.uleb128 0x2
 753 009c 17       		.uleb128 0x17
 754 009d 00       		.byte	0
 755 009e 00       		.byte	0
 756 009f 0C       		.uleb128 0xc
 757 00a0 2E       		.uleb128 0x2e
 758 00a1 01       		.byte	0x1
 759 00a2 3F       		.uleb128 0x3f
 760 00a3 19       		.uleb128 0x19
 761 00a4 03       		.uleb128 0x3
 762 00a5 0E       		.uleb128 0xe
 763 00a6 3A       		.uleb128 0x3a
 764 00a7 0B       		.uleb128 0xb
 765 00a8 3B       		.uleb128 0x3b
 766 00a9 0B       		.uleb128 0xb
 767 00aa 49       		.uleb128 0x49
 768 00ab 13       		.uleb128 0x13
 769 00ac 11       		.uleb128 0x11
 770 00ad 01       		.uleb128 0x1
 771 00ae 12       		.uleb128 0x12
 772 00af 06       		.uleb128 0x6
 773 00b0 40       		.uleb128 0x40
 774 00b1 18       		.uleb128 0x18
 775 00b2 9642     		.uleb128 0x2116
 776 00b4 19       		.uleb128 0x19
 777 00b5 01       		.uleb128 0x1
 778 00b6 13       		.uleb128 0x13
 779 00b7 00       		.byte	0
 780 00b8 00       		.byte	0
 781 00b9 0D       		.uleb128 0xd
 782 00ba 34       		.uleb128 0x34
 783 00bb 00       		.byte	0
 784 00bc 03       		.uleb128 0x3
 785 00bd 08       		.uleb128 0x8
 786 00be 3A       		.uleb128 0x3a
 787 00bf 0B       		.uleb128 0xb
 788 00c0 3B       		.uleb128 0x3b
 789 00c1 0B       		.uleb128 0xb
 790 00c2 49       		.uleb128 0x49
 791 00c3 13       		.uleb128 0x13
 792 00c4 02       		.uleb128 0x2
 793 00c5 18       		.uleb128 0x18
 794 00c6 00       		.byte	0
 795 00c7 00       		.byte	0
 796 00c8 0E       		.uleb128 0xe
 797 00c9 34       		.uleb128 0x34
 798 00ca 00       		.byte	0
 799 00cb 03       		.uleb128 0x3
ARM GAS  C:\Users\dufma\AppData\Local\Temp\ccqSxRvM.s 			page 17


 800 00cc 08       		.uleb128 0x8
 801 00cd 3A       		.uleb128 0x3a
 802 00ce 0B       		.uleb128 0xb
 803 00cf 3B       		.uleb128 0x3b
 804 00d0 0B       		.uleb128 0xb
 805 00d1 49       		.uleb128 0x49
 806 00d2 13       		.uleb128 0x13
 807 00d3 00       		.byte	0
 808 00d4 00       		.byte	0
 809 00d5 0F       		.uleb128 0xf
 810 00d6 0B       		.uleb128 0xb
 811 00d7 01       		.byte	0x1
 812 00d8 11       		.uleb128 0x11
 813 00d9 01       		.uleb128 0x1
 814 00da 12       		.uleb128 0x12
 815 00db 06       		.uleb128 0x6
 816 00dc 01       		.uleb128 0x1
 817 00dd 13       		.uleb128 0x13
 818 00de 00       		.byte	0
 819 00df 00       		.byte	0
 820 00e0 10       		.uleb128 0x10
 821 00e1 898201   		.uleb128 0x4109
 822 00e4 01       		.byte	0x1
 823 00e5 11       		.uleb128 0x11
 824 00e6 01       		.uleb128 0x1
 825 00e7 31       		.uleb128 0x31
 826 00e8 13       		.uleb128 0x13
 827 00e9 01       		.uleb128 0x1
 828 00ea 13       		.uleb128 0x13
 829 00eb 00       		.byte	0
 830 00ec 00       		.byte	0
 831 00ed 11       		.uleb128 0x11
 832 00ee 8A8201   		.uleb128 0x410a
 833 00f1 00       		.byte	0
 834 00f2 02       		.uleb128 0x2
 835 00f3 18       		.uleb128 0x18
 836 00f4 9142     		.uleb128 0x2111
 837 00f6 18       		.uleb128 0x18
 838 00f7 00       		.byte	0
 839 00f8 00       		.byte	0
 840 00f9 12       		.uleb128 0x12
 841 00fa 01       		.uleb128 0x1
 842 00fb 01       		.byte	0x1
 843 00fc 49       		.uleb128 0x49
 844 00fd 13       		.uleb128 0x13
 845 00fe 01       		.uleb128 0x1
 846 00ff 13       		.uleb128 0x13
 847 0100 00       		.byte	0
 848 0101 00       		.byte	0
 849 0102 13       		.uleb128 0x13
 850 0103 21       		.uleb128 0x21
 851 0104 00       		.byte	0
 852 0105 49       		.uleb128 0x49
 853 0106 13       		.uleb128 0x13
 854 0107 2F       		.uleb128 0x2f
 855 0108 0B       		.uleb128 0xb
 856 0109 00       		.byte	0
ARM GAS  C:\Users\dufma\AppData\Local\Temp\ccqSxRvM.s 			page 18


 857 010a 00       		.byte	0
 858 010b 14       		.uleb128 0x14
 859 010c 34       		.uleb128 0x34
 860 010d 00       		.byte	0
 861 010e 03       		.uleb128 0x3
 862 010f 0E       		.uleb128 0xe
 863 0110 3A       		.uleb128 0x3a
 864 0111 0B       		.uleb128 0xb
 865 0112 3B       		.uleb128 0x3b
 866 0113 05       		.uleb128 0x5
 867 0114 49       		.uleb128 0x49
 868 0115 13       		.uleb128 0x13
 869 0116 3F       		.uleb128 0x3f
 870 0117 19       		.uleb128 0x19
 871 0118 3C       		.uleb128 0x3c
 872 0119 19       		.uleb128 0x19
 873 011a 00       		.byte	0
 874 011b 00       		.byte	0
 875 011c 15       		.uleb128 0x15
 876 011d 35       		.uleb128 0x35
 877 011e 00       		.byte	0
 878 011f 49       		.uleb128 0x49
 879 0120 13       		.uleb128 0x13
 880 0121 00       		.byte	0
 881 0122 00       		.byte	0
 882 0123 16       		.uleb128 0x16
 883 0124 2E       		.uleb128 0x2e
 884 0125 00       		.byte	0
 885 0126 3F       		.uleb128 0x3f
 886 0127 19       		.uleb128 0x19
 887 0128 03       		.uleb128 0x3
 888 0129 0E       		.uleb128 0xe
 889 012a 3A       		.uleb128 0x3a
 890 012b 0B       		.uleb128 0xb
 891 012c 3B       		.uleb128 0x3b
 892 012d 0B       		.uleb128 0xb
 893 012e 27       		.uleb128 0x27
 894 012f 19       		.uleb128 0x19
 895 0130 49       		.uleb128 0x49
 896 0131 13       		.uleb128 0x13
 897 0132 3C       		.uleb128 0x3c
 898 0133 19       		.uleb128 0x19
 899 0134 00       		.byte	0
 900 0135 00       		.byte	0
 901 0136 17       		.uleb128 0x17
 902 0137 2E       		.uleb128 0x2e
 903 0138 01       		.byte	0x1
 904 0139 3F       		.uleb128 0x3f
 905 013a 19       		.uleb128 0x19
 906 013b 03       		.uleb128 0x3
 907 013c 0E       		.uleb128 0xe
 908 013d 3A       		.uleb128 0x3a
 909 013e 0B       		.uleb128 0xb
 910 013f 3B       		.uleb128 0x3b
 911 0140 0B       		.uleb128 0xb
 912 0141 6E       		.uleb128 0x6e
 913 0142 0E       		.uleb128 0xe
ARM GAS  C:\Users\dufma\AppData\Local\Temp\ccqSxRvM.s 			page 19


 914 0143 27       		.uleb128 0x27
 915 0144 19       		.uleb128 0x19
 916 0145 49       		.uleb128 0x49
 917 0146 13       		.uleb128 0x13
 918 0147 3C       		.uleb128 0x3c
 919 0148 19       		.uleb128 0x19
 920 0149 01       		.uleb128 0x1
 921 014a 13       		.uleb128 0x13
 922 014b 00       		.byte	0
 923 014c 00       		.byte	0
 924 014d 18       		.uleb128 0x18
 925 014e 05       		.uleb128 0x5
 926 014f 00       		.byte	0
 927 0150 49       		.uleb128 0x49
 928 0151 13       		.uleb128 0x13
 929 0152 00       		.byte	0
 930 0153 00       		.byte	0
 931 0154 19       		.uleb128 0x19
 932 0155 2E       		.uleb128 0x2e
 933 0156 01       		.byte	0x1
 934 0157 3F       		.uleb128 0x3f
 935 0158 19       		.uleb128 0x19
 936 0159 03       		.uleb128 0x3
 937 015a 08       		.uleb128 0x8
 938 015b 3A       		.uleb128 0x3a
 939 015c 0B       		.uleb128 0xb
 940 015d 3B       		.uleb128 0x3b
 941 015e 0B       		.uleb128 0xb
 942 015f 27       		.uleb128 0x27
 943 0160 19       		.uleb128 0x19
 944 0161 49       		.uleb128 0x49
 945 0162 13       		.uleb128 0x13
 946 0163 3C       		.uleb128 0x3c
 947 0164 19       		.uleb128 0x19
 948 0165 00       		.byte	0
 949 0166 00       		.byte	0
 950 0167 00       		.byte	0
 951              		.section	.debug_loc,"",%progbits
 952              	.Ldebug_loc0:
 953              	.LLST0:
 954 0000 02000000 		.4byte	.LVL2
 955 0004 06000000 		.4byte	.LVL3
 956 0008 0200     		.2byte	0x2
 957 000a 30       		.byte	0x30
 958 000b 9F       		.byte	0x9f
 959 000c 06000000 		.4byte	.LVL3
 960 0010 14000000 		.4byte	.LFE65
 961 0014 0100     		.2byte	0x1
 962 0016 54       		.byte	0x54
 963 0017 00000000 		.4byte	0
 964 001b 00000000 		.4byte	0
 965              	.LLST1:
 966 001f 02000000 		.4byte	.LVL6
 967 0023 06000000 		.4byte	.LVL7
 968 0027 0200     		.2byte	0x2
 969 0029 30       		.byte	0x30
 970 002a 9F       		.byte	0x9f
ARM GAS  C:\Users\dufma\AppData\Local\Temp\ccqSxRvM.s 			page 20


 971 002b 06000000 		.4byte	.LVL7
 972 002f 14000000 		.4byte	.LFE66
 973 0033 0100     		.2byte	0x1
 974 0035 54       		.byte	0x54
 975 0036 00000000 		.4byte	0
 976 003a 00000000 		.4byte	0
 977              	.LLST2:
 978 003e 1C000000 		.4byte	.LVL10
 979 0042 58000000 		.4byte	.LVL18
 980 0046 0200     		.2byte	0x2
 981 0048 30       		.byte	0x30
 982 0049 9F       		.byte	0x9f
 983 004a 58000000 		.4byte	.LVL18
 984 004e 9E000000 		.4byte	.LVL26
 985 0052 0100     		.2byte	0x1
 986 0054 55       		.byte	0x55
 987 0055 9E000000 		.4byte	.LVL26
 988 0059 A0000000 		.4byte	.LVL27
 989 005d 0100     		.2byte	0x1
 990 005f 50       		.byte	0x50
 991 0060 A0000000 		.4byte	.LVL27
 992 0064 AC000000 		.4byte	.LVL29
 993 0068 0100     		.2byte	0x1
 994 006a 55       		.byte	0x55
 995 006b AC000000 		.4byte	.LVL29
 996 006f B0000000 		.4byte	.LFE67
 997 0073 0100     		.2byte	0x1
 998 0075 50       		.byte	0x50
 999 0076 00000000 		.4byte	0
 1000 007a 00000000 		.4byte	0
 1001              	.LLST3:
 1002 007e 26000000 		.4byte	.LVL12
 1003 0082 28000000 		.4byte	.LVL13
 1004 0086 0200     		.2byte	0x2
 1005 0088 30       		.byte	0x30
 1006 0089 9F       		.byte	0x9f
 1007 008a 28000000 		.4byte	.LVL13
 1008 008e 58000000 		.4byte	.LVL18
 1009 0092 0100     		.2byte	0x1
 1010 0094 54       		.byte	0x54
 1011 0095 58000000 		.4byte	.LVL18
 1012 0099 65000000 		.4byte	.LVL19-1
 1013 009d 0100     		.2byte	0x1
 1014 009f 50       		.byte	0x50
 1015 00a0 65000000 		.4byte	.LVL19-1
 1016 00a4 9E000000 		.4byte	.LVL26
 1017 00a8 0300     		.2byte	0x3
 1018 00aa 74       		.byte	0x74
 1019 00ab 7F       		.sleb128 -1
 1020 00ac 9F       		.byte	0x9f
 1021 00ad 9E000000 		.4byte	.LVL26
 1022 00b1 A0000000 		.4byte	.LVL27
 1023 00b5 0100     		.2byte	0x1
 1024 00b7 54       		.byte	0x54
 1025 00b8 A0000000 		.4byte	.LVL27
 1026 00bc A6000000 		.4byte	.LVL28
 1027 00c0 0100     		.2byte	0x1
ARM GAS  C:\Users\dufma\AppData\Local\Temp\ccqSxRvM.s 			page 21


 1028 00c2 50       		.byte	0x50
 1029 00c3 00000000 		.4byte	0
 1030 00c7 00000000 		.4byte	0
 1031              	.LLST4:
 1032 00cb 28000000 		.4byte	.LVL13
 1033 00cf 2E000000 		.4byte	.LVL15
 1034 00d3 0200     		.2byte	0x2
 1035 00d5 30       		.byte	0x30
 1036 00d6 9F       		.byte	0x9f
 1037 00d7 2E000000 		.4byte	.LVL15
 1038 00db 31000000 		.4byte	.LVL16-1
 1039 00df 0100     		.2byte	0x1
 1040 00e1 50       		.byte	0x50
 1041 00e2 31000000 		.4byte	.LVL16-1
 1042 00e6 4E000000 		.4byte	.LVL17
 1043 00ea 0100     		.2byte	0x1
 1044 00ec 55       		.byte	0x55
 1045 00ed 00000000 		.4byte	0
 1046 00f1 00000000 		.4byte	0
 1047              	.LLST5:
 1048 00f5 28000000 		.4byte	.LVL13
 1049 00f9 32000000 		.4byte	.LVL16
 1050 00fd 0200     		.2byte	0x2
 1051 00ff 30       		.byte	0x30
 1052 0100 9F       		.byte	0x9f
 1053 0101 32000000 		.4byte	.LVL16
 1054 0105 4E000000 		.4byte	.LVL17
 1055 0109 0100     		.2byte	0x1
 1056 010b 50       		.byte	0x50
 1057 010c 00000000 		.4byte	0
 1058 0110 00000000 		.4byte	0
 1059              		.section	.debug_aranges,"",%progbits
 1060 0000 3C000000 		.4byte	0x3c
 1061 0004 0200     		.2byte	0x2
 1062 0006 00000000 		.4byte	.Ldebug_info0
 1063 000a 04       		.byte	0x4
 1064 000b 00       		.byte	0
 1065 000c 0000     		.2byte	0
 1066 000e 0000     		.2byte	0
 1067 0010 00000000 		.4byte	.LFB63
 1068 0014 0C000000 		.4byte	.LFE63-.LFB63
 1069 0018 00000000 		.4byte	.LFB64
 1070 001c 0C000000 		.4byte	.LFE64-.LFB64
 1071 0020 00000000 		.4byte	.LFB65
 1072 0024 14000000 		.4byte	.LFE65-.LFB65
 1073 0028 00000000 		.4byte	.LFB66
 1074 002c 14000000 		.4byte	.LFE66-.LFB66
 1075 0030 00000000 		.4byte	.LFB67
 1076 0034 B0000000 		.4byte	.LFE67-.LFB67
 1077 0038 00000000 		.4byte	0
 1078 003c 00000000 		.4byte	0
 1079              		.section	.debug_ranges,"",%progbits
 1080              	.Ldebug_ranges0:
 1081 0000 00000000 		.4byte	.LFB63
 1082 0004 0C000000 		.4byte	.LFE63
 1083 0008 00000000 		.4byte	.LFB64
 1084 000c 0C000000 		.4byte	.LFE64
ARM GAS  C:\Users\dufma\AppData\Local\Temp\ccqSxRvM.s 			page 22


 1085 0010 00000000 		.4byte	.LFB65
 1086 0014 14000000 		.4byte	.LFE65
 1087 0018 00000000 		.4byte	.LFB66
 1088 001c 14000000 		.4byte	.LFE66
 1089 0020 00000000 		.4byte	.LFB67
 1090 0024 B0000000 		.4byte	.LFE67
 1091 0028 00000000 		.4byte	0
 1092 002c 00000000 		.4byte	0
 1093              		.section	.debug_line,"",%progbits
 1094              	.Ldebug_line0:
 1095 0000 7C020000 		.section	.debug_str,"MS",%progbits,1
 1095      0200E701 
 1095      00000201 
 1095      FB0E0D00 
 1095      01010101 
 1096              	.LASF6:
 1097 0000 6C6F6E67 		.ascii	"long long int\000"
 1097      206C6F6E 
 1097      6720696E 
 1097      7400
 1098              	.LASF9:
 1099 000e 5F5F696E 		.ascii	"__int32_t\000"
 1099      7433325F 
 1099      7400
 1100              	.LASF25:
 1101 0018 2E5C4952 		.ascii	".\\IR.c\000"
 1101      2E6300
 1102              	.LASF10:
 1103 001f 696E7433 		.ascii	"int32_t\000"
 1103      325F7400 
 1104              	.LASF26:
 1105 0027 433A5C55 		.ascii	"C:\\Users\\dufma\\Desktop\\Project\\Docu\\ZumoBot_L"
 1105      73657273 
 1105      5C647566 
 1105      6D615C44 
 1105      65736B74 
 1106 0054 69622E63 		.ascii	"ib.cydsn\000"
 1106      7964736E 
 1106      00
 1107              	.LASF23:
 1108 005d 5F5F6275 		.ascii	"__builtin_puts\000"
 1108      696C7469 
 1108      6E5F7075 
 1108      747300
 1109              	.LASF21:
 1110 006c 636F756E 		.ascii	"count_uptime\000"
 1110      745F7570 
 1110      74696D65 
 1110      00
 1111              	.LASF1:
 1112 0079 756E7369 		.ascii	"unsigned char\000"
 1112      676E6564 
 1112      20636861 
 1112      7200
 1113              	.LASF19:
 1114 0087 77616974 		.ascii	"wait_going_down\000"
 1114      5F676F69 
ARM GAS  C:\Users\dufma\AppData\Local\Temp\ccqSxRvM.s 			page 23


 1114      6E675F64 
 1114      6F776E00 
 1115              	.LASF5:
 1116 0097 6C6F6E67 		.ascii	"long unsigned int\000"
 1116      20756E73 
 1116      69676E65 
 1116      6420696E 
 1116      7400
 1117              	.LASF3:
 1118 00a9 73686F72 		.ascii	"short unsigned int\000"
 1118      7420756E 
 1118      7369676E 
 1118      65642069 
 1118      6E7400
 1119              	.LASF18:
 1120 00bc 77616974 		.ascii	"wait_going_up\000"
 1120      5F676F69 
 1120      6E675F75 
 1120      7000
 1121              	.LASF27:
 1122 00ca 49544D5F 		.ascii	"ITM_RxBuffer\000"
 1122      52784275 
 1122      66666572 
 1122      00
 1123              	.LASF13:
 1124 00d7 646F7562 		.ascii	"double\000"
 1124      6C6500
 1125              	.LASF16:
 1126 00de 75696E74 		.ascii	"uint\000"
 1126      00
 1127              	.LASF24:
 1128 00e3 474E5520 		.ascii	"GNU C 4.9.3 20150303 (release) [ARM/embedded-4_9-br"
 1128      4320342E 
 1128      392E3320 
 1128      32303135 
 1128      30333033 
 1129 0116 616E6368 		.ascii	"anch revision 221220] -mcpu=cortex-m3 -mthumb -g -O"
 1129      20726576 
 1129      6973696F 
 1129      6E203232 
 1129      31323230 
 1130 0149 67202D66 		.ascii	"g -ffunction-sections -ffat-lto-objects\000"
 1130      66756E63 
 1130      74696F6E 
 1130      2D736563 
 1130      74696F6E 
 1131              	.LASF8:
 1132 0171 756E7369 		.ascii	"unsigned int\000"
 1132      676E6564 
 1132      20696E74 
 1132      00
 1133              	.LASF20:
 1134 017e 636F756E 		.ascii	"count_downtime\000"
 1134      745F646F 
 1134      776E7469 
 1134      6D6500
 1135              	.LASF22:
ARM GAS  C:\Users\dufma\AppData\Local\Temp\ccqSxRvM.s 			page 24


 1136 018d 6765745F 		.ascii	"get_IR\000"
 1136      495200
 1137              	.LASF7:
 1138 0194 6C6F6E67 		.ascii	"long long unsigned int\000"
 1138      206C6F6E 
 1138      6720756E 
 1138      7369676E 
 1138      65642069 
 1139              	.LASF17:
 1140 01ab 6C6F6E67 		.ascii	"long double\000"
 1140      20646F75 
 1140      626C6500 
 1141              	.LASF15:
 1142 01b7 73697A65 		.ascii	"sizetype\000"
 1142      74797065 
 1142      00
 1143              	.LASF14:
 1144 01c0 63686172 		.ascii	"char\000"
 1144      00
 1145              	.LASF28:
 1146 01c5 49525F72 		.ascii	"IR_receiver_Read\000"
 1146      65636569 
 1146      7665725F 
 1146      52656164 
 1146      00
 1147              	.LASF2:
 1148 01d6 73686F72 		.ascii	"short int\000"
 1148      7420696E 
 1148      7400
 1149              	.LASF11:
 1150 01e0 75696E74 		.ascii	"uint8\000"
 1150      3800
 1151              	.LASF4:
 1152 01e6 6C6F6E67 		.ascii	"long int\000"
 1152      20696E74 
 1152      00
 1153              	.LASF29:
 1154 01ef 70757473 		.ascii	"puts\000"
 1154      00
 1155              	.LASF12:
 1156 01f4 666C6F61 		.ascii	"float\000"
 1156      7400
 1157              	.LASF0:
 1158 01fa 7369676E 		.ascii	"signed char\000"
 1158      65642063 
 1158      68617200 
 1159              		.ident	"GCC: (GNU Tools for ARM Embedded Processors) 4.9.3 20150303 (release) [ARM/embedded-4_9-br
