ARM GAS  C:\Users\dufma\AppData\Local\Temp\ccJg85Uw.s 			page 1


   1              		.syntax unified
   2              		.cpu cortex-m3
   3              		.fpu softvfp
   4              		.eabi_attribute 20, 1
   5              		.eabi_attribute 21, 1
   6              		.eabi_attribute 23, 3
   7              		.eabi_attribute 24, 1
   8              		.eabi_attribute 25, 1
   9              		.eabi_attribute 26, 1
  10              		.eabi_attribute 30, 1
  11              		.eabi_attribute 34, 1
  12              		.eabi_attribute 18, 4
  13              		.thumb
  14              		.file	"main.c"
  15              		.text
  16              	.Ltext0:
  17              		.cfi_sections	.debug_frame
  18              		.section	.text.convert_raw,"ax",%progbits
  19              		.align	2
  20              		.global	convert_raw
  21              		.thumb
  22              		.thumb_func
  23              		.type	convert_raw, %function
  24              	convert_raw:
  25              	.LFB64:
  26              		.file 1 ".\\main.c"
   1:.\main.c      **** /* ========================================
   2:.\main.c      ****  *
   3:.\main.c      ****  * Copyright YOUR COMPANY, THE YEAR
   4:.\main.c      ****  * All Rights Reserved
   5:.\main.c      ****  * UNPUBLISHED, LICENSED SOFTWARE.
   6:.\main.c      ****  *
   7:.\main.c      ****  * CONFIDENTIAL AND PROPRIETARY INFORMATION
   8:.\main.c      ****  * WHICH IS THE PROPERTY OF your company.
   9:.\main.c      ****  *
  10:.\main.c      ****  * ========================================
  11:.\main.c      **** */
  12:.\main.c      **** /**
  13:.\main.c      **** * @mainpage ZumoBot Project
  14:.\main.c      **** * @breif You can make your own ZumoBot.
  15:.\main.c      **** * @details This library has a basic methods about Accelerometer, Ambient Light Sensor, Gyroscope, I
  16:.\main.c      **** */
  17:.\main.c      **** 
  18:.\main.c      **** #include <project.h>
  19:.\main.c      **** #include <stdio.h>
  20:.\main.c      **** #include "Motor.h"
  21:.\main.c      **** #include "Ultra.h"
  22:.\main.c      **** #include "Nunchuk.h"
  23:.\main.c      **** #include "Reflectance.h"
  24:.\main.c      **** #include "I2C_made.h"
  25:.\main.c      **** #include "Gyro.h"
  26:.\main.c      **** #include "Accel_magnet.h"
  27:.\main.c      **** #include "IR.h"
  28:.\main.c      **** #include "Ambient.h"
  29:.\main.c      **** 
  30:.\main.c      **** int rread(void);
  31:.\main.c      **** 
ARM GAS  C:\Users\dufma\AppData\Local\Temp\ccJg85Uw.s 			page 2


  32:.\main.c      **** int main()
  33:.\main.c      **** {
  34:.\main.c      ****     CyGlobalIntEnable; 
  35:.\main.c      ****     UART_Start();
  36:.\main.c      ****     printf("Start\r\n");
  37:.\main.c      ****     
  38:.\main.c      ****     
  39:.\main.c      ****      /*  //IR receiver//
  40:.\main.c      ****     ----------------------------------------------------
  41:.\main.c      ****     unsigned int IR_val; 
  42:.\main.c      ****     
  43:.\main.c      ****     for(;;)
  44:.\main.c      ****     {
  45:.\main.c      ****        IR_val = get_IR();
  46:.\main.c      ****        printf("%x\r\n\n",IR_val);
  47:.\main.c      ****     }
  48:.\main.c      ****     
  49:.\main.c      ****     ///---------------------------------------------------------- */
  50:.\main.c      ****     
  51:.\main.c      ****     
  52:.\main.c      ****       /*  //Ambient//
  53:.\main.c      ****     ----------------------------------------------------*/
  54:.\main.c      ****     I2C_Start();
  55:.\main.c      ****     
  56:.\main.c      ****     uint16 value =0;
  57:.\main.c      ****     
  58:.\main.c      ****     I2C_write(0x29,0x80,0x00);
  59:.\main.c      ****     
  60:.\main.c      ****     value = I2C_read(0x29,0x80);
  61:.\main.c      ****     printf("%x ",value);
  62:.\main.c      ****     
  63:.\main.c      ****     I2C_write(0x29,0x80,0x03);
  64:.\main.c      ****     value = I2C_read(0x29,0x80);
  65:.\main.c      ****     printf("%x\r\n",value);
  66:.\main.c      ****         
  67:.\main.c      ****     value = I2C_read(0x29,0x81);
  68:.\main.c      ****     printf("%x\r\n",value);
  69:.\main.c      ****     for(;;)
  70:.\main.c      ****     {
  71:.\main.c      ****         
  72:.\main.c      ****         uint8 Data0Low,Data0High,Data1Low,Data1High;
  73:.\main.c      ****         Data0Low = I2C_read(0x29,CH0_L);
  74:.\main.c      ****         Data0High = I2C_read(0x29,CH0_H);
  75:.\main.c      ****         Data1Low = I2C_read(0x29,CH1_L);
  76:.\main.c      ****         Data1High = I2C_read(0x29,CH1_H);
  77:.\main.c      ****         
  78:.\main.c      ****         uint8 CH0, CH1;
  79:.\main.c      ****         CH0 = convert_raw(Data0Low,Data0High);
  80:.\main.c      ****         CH1 = convert_raw(Data1Low,Data1High);
  81:.\main.c      **** 
  82:.\main.c      ****    //     printf("%d %d %d %d\r\n",Data0Low,Data0High, Data1Low,Data1High);
  83:.\main.c      ****    //     printf("%d %d\r\n",CH0,CH1);
  84:.\main.c      ****    //        printf("%f\r\n",(float)CH1/CH0);
  85:.\main.c      ****         
  86:.\main.c      ****    
  87:.\main.c      ****         double Ch0 = CH0;
  88:.\main.c      ****         double Ch1 = CH1;
ARM GAS  C:\Users\dufma\AppData\Local\Temp\ccJg85Uw.s 			page 3


  89:.\main.c      ****         
  90:.\main.c      ****         double data = 0;
  91:.\main.c      ****         data = getLux(Ch0,Ch1);
  92:.\main.c      ****         printf("%lf\r\n",data);    
  93:.\main.c      ****     }
  94:.\main.c      ****     ///---------------------------------------------------------- */
  95:.\main.c      ****     
  96:.\main.c      ****     
  97:.\main.c      ****        /*  //nunchuk//
  98:.\main.c      ****     ----------------------------------------------------
  99:.\main.c      ****     nunchuk_start();
 100:.\main.c      ****     nunchuk_init();
 101:.\main.c      ****     
 102:.\main.c      ****     for(;;)
 103:.\main.c      ****     {    
 104:.\main.c      ****         nunchuk_read();
 105:.\main.c      ****     }
 106:.\main.c      ****     //----------------------------------------------------*/
 107:.\main.c      ****     
 108:.\main.c      ****     /* //accelerometer//
 109:.\main.c      ****     //--------------------------------------------------------------
 110:.\main.c      ****     I2C_Start();
 111:.\main.c      ****   
 112:.\main.c      ****     uint8 X_L_A, X_H_A, Y_L_A, Y_H_A, Z_L_A, Z_H_A;
 113:.\main.c      ****     int16 X_AXIS, Y_AXIS, Z_AXIS;
 114:.\main.c      ****     
 115:.\main.c      ****     I2C_write(ACCEL_MAG_ADDR, ACCEL_CTRL1_REG, 0x37);           // set accelerometer & magnetometer
 116:.\main.c      ****     I2C_write(ACCEL_MAG_ADDR, ACCEL_CTRL7_REG, 0x22);
 117:.\main.c      ****     
 118:.\main.c      ****     
 119:.\main.c      ****     for(;;)
 120:.\main.c      ****     {
 121:.\main.c      ****         //print out accelerometer output
 122:.\main.c      ****         X_L_A = I2C_read(ACCEL_MAG_ADDR, OUT_X_L_A);
 123:.\main.c      ****         X_H_A = I2C_read(ACCEL_MAG_ADDR, OUT_X_H_A);
 124:.\main.c      ****         X_AXIS = convert_raw(X_L_A, X_H_A);
 125:.\main.c      ****         
 126:.\main.c      ****         Y_L_A = I2C_read(ACCEL_MAG_ADDR, OUT_Y_L_A);
 127:.\main.c      ****         Y_H_A = I2C_read(ACCEL_MAG_ADDR, OUT_Y_H_A);
 128:.\main.c      ****         Y_AXIS = convert_raw(Y_L_A, Y_H_A);
 129:.\main.c      ****         
 130:.\main.c      ****         Z_L_A = I2C_read(ACCEL_MAG_ADDR, OUT_Z_L_A);
 131:.\main.c      ****         Z_H_A = I2C_read(ACCEL_MAG_ADDR, OUT_Z_H_A);
 132:.\main.c      ****         Z_AXIS = convert_raw(Z_L_A, Z_H_A);
 133:.\main.c      ****         
 134:.\main.c      ****         printf("ACCEL: %d %d %d %d %d %d \r\n", X_L_A, X_H_A, Y_L_A, Y_H_A, Z_L_A, Z_H_A);
 135:.\main.c      ****         value_convert_accel(X_AXIS, Y_AXIS, Z_AXIS);
 136:.\main.c      ****         printf("\n");
 137:.\main.c      ****         
 138:.\main.c      ****         CyDelay(50);
 139:.\main.c      ****     }
 140:.\main.c      ****     ///---------------------------------------------------------- */
 141:.\main.c      ****      
 142:.\main.c      ****      /* //ultra//
 143:.\main.c      ****     ----------------------------------------------------
 144:.\main.c      ****     ultra_isr_StartEx(ultra_isr_handler);   // Ultra Sonic Interrupt
 145:.\main.c      ****     Ultra_Start();                          // Ultra Sonic Start function
ARM GAS  C:\Users\dufma\AppData\Local\Temp\ccJg85Uw.s 			page 4


 146:.\main.c      ****    
 147:.\main.c      ****     for(;;)
 148:.\main.c      ****     {       
 149:.\main.c      ****         CyDelay(100); 
 150:.\main.c      ****         Trig_Write(1);           // Trigger High
 151:.\main.c      ****         CyDelayUs(10);              // 10 micro seconds for trigger input signals
 152:.\main.c      ****         Trig_Write(0);           // Trigger Low
 153:.\main.c      ****     }
 154:.\main.c      ****     //----------------------------------------------------*/
 155:.\main.c      ****     
 156:.\main.c      ****     
 157:.\main.c      ****     
 158:.\main.c      ****     /* //reflectance//
 159:.\main.c      ****     ----------------------------------------------------
 160:.\main.c      ****     sensor_isr_StartEx(sensor_isr_handler);
 161:.\main.c      ****     
 162:.\main.c      ****     Refelctance_Start();
 163:.\main.c      **** 
 164:.\main.c      ****     IR_led_Write(1);
 165:.\main.c      ****     for(;;)
 166:.\main.c      ****     {
 167:.\main.c      ****         reflectance_period();      //print out each period of reflectance sensors
 168:.\main.c      ****         reflectance_digital();      //print out 0 or 1 according to results of reflectance period
 169:.\main.c      ****         
 170:.\main.c      ****         CyDelay(500);
 171:.\main.c      ****     }
 172:.\main.c      ****     ///----------------------------------------------------*/
 173:.\main.c      ****    
 174:.\main.c      ****     
 175:.\main.c      ****      /* //motor//
 176:.\main.c      ****     ----------------------------------------------------
 177:.\main.c      ****     motor_Start();              // motor start
 178:.\main.c      **** 
 179:.\main.c      ****     motor_forward(50,2000);     // moving forward
 180:.\main.c      ****     motor_turn(10,50,2000);     // turn
 181:.\main.c      ****     motor_turn(50,10,2000);     // turn
 182:.\main.c      ****     motor_backward(50,2000);    // movinb backward
 183:.\main.c      ****        
 184:.\main.c      ****     motor_Stop();               // motor stop
 185:.\main.c      ****     
 186:.\main.c      ****     for(;;)
 187:.\main.c      ****     {
 188:.\main.c      **** 
 189:.\main.c      ****     }
 190:.\main.c      ****     ///----------------------------------------------------*/
 191:.\main.c      ****     
 192:.\main.c      ****     
 193:.\main.c      ****    /* //gyroscope//
 194:.\main.c      ****      //-----------------------------------------------------
 195:.\main.c      ****     I2C_Start();
 196:.\main.c      ****   
 197:.\main.c      ****     uint8 X_AXIS_L, X_AXIS_H, Y_AXIS_L, Y_AXIS_H, Z_AXIS_L, Z_AXIS_H;
 198:.\main.c      ****     //uint8 X_L_M, X_H_M, Y_L_M, Y_H_M, Z_L_M, Z_H_M;
 199:.\main.c      ****     //uint8 X_L_A, X_H_A, Y_L_A, Y_H_A, Z_L_A, Z_H_A;
 200:.\main.c      ****     int16 X_AXIS, Y_AXIS, Z_AXIS;
 201:.\main.c      ****     
 202:.\main.c      ****     I2C_write(GYRO_ADDR, GYRO_CTRL1_REG, 0x0F);             // set gyroscope into active mode
ARM GAS  C:\Users\dufma\AppData\Local\Temp\ccJg85Uw.s 			page 5


 203:.\main.c      ****     I2C_write(GYRO_ADDR, GYRO_CTRL4_REG, 0x30);             // set full scale selection to 2000dps 
 204:.\main.c      ****     
 205:.\main.c      ****     for(;;)
 206:.\main.c      ****     {
 207:.\main.c      ****         //print out gyroscope output
 208:.\main.c      ****         X_AXIS_L = I2C_read(GYRO_ADDR, OUT_X_AXIS_L);
 209:.\main.c      ****         X_AXIS_H = I2C_read(GYRO_ADDR, OUT_X_AXIS_H);
 210:.\main.c      ****         X_AXIS = convert_raw(X_AXIS_H, X_AXIS_L);
 211:.\main.c      ****         
 212:.\main.c      ****         
 213:.\main.c      ****         Y_AXIS_L = I2C_read(GYRO_ADDR, OUT_Y_AXIS_L);
 214:.\main.c      ****         Y_AXIS_H = I2C_read(GYRO_ADDR, OUT_Y_AXIS_H);
 215:.\main.c      ****         Y_AXIS = convert_raw(Y_AXIS_H, Y_AXIS_L);
 216:.\main.c      ****         
 217:.\main.c      ****         
 218:.\main.c      ****         Z_AXIS_L = I2C_read(GYRO_ADDR, OUT_Z_AXIS_L);
 219:.\main.c      ****         Z_AXIS_H = I2C_read(GYRO_ADDR, OUT_Z_AXIS_H);
 220:.\main.c      ****         Z_AXIS = convert_raw(Z_AXIS_H, Z_AXIS_L);
 221:.\main.c      ****         
 222:.\main.c      ****         
 223:.\main.c      ****         //printf("X_AXIS_L: %d, X_AXIS_H: %d, average: %d \r\n", X_AXIS_L, X_AXIS_H, (X_AXIS_H+X_AX
 224:.\main.c      ****         //printf("Y_AXIS_L: %d, Y_AXIS_H: %d, average: %d \r\n", Y_AXIS_L, Y_AXIS_H, (Y_AXIS_H+Y_AX
 225:.\main.c      ****         //printf("Z_AXIS_L: %d, Z_AXIS_H: %d, average: %d \r\n", Z_AXIS_L, Z_AXIS_H, (Z_AXIS_H+Z_AX
 226:.\main.c      ****         
 227:.\main.c      ****         printf("H L : %d %d %d %d %d %d \r\n", X_AXIS_L, X_AXIS_H, Y_AXIS_L, Y_AXIS_H, Z_AXIS_L, Z_
 228:.\main.c      ****         printf("%d %d %d \r\n", X_AXIS, Y_AXIS, Z_AXIS);
 229:.\main.c      ****         //printf("%d %d %d \r\n", value_convert_gyro(X_AXIS), value_convert_gyro(Y_AXIS), value_con
 230:.\main.c      ****         
 231:.\main.c      ****        CyDelay(50);
 232:.\main.c      ****     }
 233:.\main.c      ****     ///-----------------------------------------------------------------*/ 
 234:.\main.c      ****    
 235:.\main.c      ****   
 236:.\main.c      ****     
 237:.\main.c      ****     /* //magnetometer//
 238:.\main.c      ****      //--------------------------------------------------------------
 239:.\main.c      ****     I2C_Start();
 240:.\main.c      ****    
 241:.\main.c      ****     uint8 X_L_M, X_H_M, Y_L_M, Y_H_M, Z_L_M, Z_H_M;
 242:.\main.c      ****     int16 X_AXIS, Y_AXIS, Z_AXIS;
 243:.\main.c      ****     
 244:.\main.c      ****     I2C_write(GYRO_ADDR, GYRO_CTRL1_REG, 0x0F);             // set gyroscope into active mode
 245:.\main.c      ****     I2C_write(GYRO_ADDR, GYRO_CTRL4_REG, 0x30);             // set full scale selection to 2000dps
 246:.\main.c      ****     I2C_write(ACCEL_MAG_ADDR, ACCEL_CTRL1_REG, 0x37);           // set accelerometer & magnetometer
 247:.\main.c      ****     I2C_write(ACCEL_MAG_ADDR, ACCEL_CTRL7_REG, 0x22);
 248:.\main.c      ****     
 249:.\main.c      ****     
 250:.\main.c      ****     for(;;)
 251:.\main.c      ****     {
 252:.\main.c      ****         X_L_M = I2C_read(ACCEL_MAG_ADDR, OUT_X_L_M);
 253:.\main.c      ****         X_H_M = I2C_read(ACCEL_MAG_ADDR, OUT_X_H_M);
 254:.\main.c      ****         X_AXIS = convert_raw(X_L_M, X_H_M);
 255:.\main.c      ****         
 256:.\main.c      ****         Y_L_M = I2C_read(ACCEL_MAG_ADDR, OUT_Y_L_M);
 257:.\main.c      ****         Y_H_M = I2C_read(ACCEL_MAG_ADDR, OUT_Y_H_M);
 258:.\main.c      ****         Y_AXIS = convert_raw(Y_L_M, Y_H_M);
 259:.\main.c      ****         
ARM GAS  C:\Users\dufma\AppData\Local\Temp\ccJg85Uw.s 			page 6


 260:.\main.c      ****         Z_L_M = I2C_read(ACCEL_MAG_ADDR, OUT_Z_L_M);
 261:.\main.c      ****         Z_H_M = I2C_read(ACCEL_MAG_ADDR, OUT_Z_H_M);
 262:.\main.c      ****         Z_AXIS = convert_raw(Z_L_M, Z_H_M);
 263:.\main.c      ****         
 264:.\main.c      ****         heading(X_AXIS, Y_AXIS);
 265:.\main.c      ****         printf("MAGNET: %d %d %d %d %d %d \r\n", X_L_M, X_H_M, Y_L_M, Y_H_M, Z_L_M, Z_H_M);
 266:.\main.c      ****         printf("%d %d %d \r\n", X_AXIS,Y_AXIS, Z_AXIS);
 267:.\main.c      ****         CyDelay(50);
 268:.\main.c      ****           
 269:.\main.c      ****     }
 270:.\main.c      ****     ///----------------------------------------------------------*/
 271:.\main.c      **** }
 272:.\main.c      **** 
 273:.\main.c      **** uint16 convert_raw(uint8 L, uint8 H)            // concatenation
 274:.\main.c      **** {
  27              		.loc 1 274 0
  28              		.cfi_startproc
  29              		@ args = 0, pretend = 0, frame = 0
  30              		@ frame_needed = 0, uses_anonymous_args = 0
  31              		@ link register save eliminated.
  32              	.LVL0:
 275:.\main.c      ****     uint16 raw;
 276:.\main.c      ****     raw = (int16)(L | H << 8);
 277:.\main.c      ****     
 278:.\main.c      ****     return raw;
 279:.\main.c      **** }
  33              		.loc 1 279 0
  34 0000 40EA0120 		orr	r0, r0, r1, lsl #8
  35              	.LVL1:
  36 0004 7047     		bx	lr
  37              		.cfi_endproc
  38              	.LFE64:
  39              		.size	convert_raw, .-convert_raw
  40              		.global	__aeabi_ui2d
  41 0006 00BF     		.section	.text.main,"ax",%progbits
  42              		.align	2
  43              		.global	main
  44              		.thumb
  45              		.thumb_func
  46              		.type	main, %function
  47              	main:
  48              	.LFB63:
  33:.\main.c      ****     CyGlobalIntEnable; 
  49              		.loc 1 33 0
  50              		.cfi_startproc
  51              		@ args = 0, pretend = 0, frame = 0
  52              		@ frame_needed = 0, uses_anonymous_args = 0
  53 0000 F8B5     		push	{r3, r4, r5, r6, r7, lr}
  54              		.cfi_def_cfa_offset 24
  55              		.cfi_offset 3, -24
  56              		.cfi_offset 4, -20
  57              		.cfi_offset 5, -16
  58              		.cfi_offset 6, -12
  59              		.cfi_offset 7, -8
  60              		.cfi_offset 14, -4
  34:.\main.c      ****     UART_Start();
  61              		.loc 1 34 0
ARM GAS  C:\Users\dufma\AppData\Local\Temp\ccJg85Uw.s 			page 7


  62              	@ 34 ".\main.c" 1
  63 0002 62B6     		CPSIE   i
  64              	@ 0 "" 2
  35:.\main.c      ****     printf("Start\r\n");
  65              		.loc 1 35 0
  66              		.thumb
  67 0004 FFF7FEFF 		bl	UART_Start
  68              	.LVL2:
  36:.\main.c      ****     
  69              		.loc 1 36 0
  70 0008 2C48     		ldr	r0, .L5
  71 000a FFF7FEFF 		bl	puts
  72              	.LVL3:
  54:.\main.c      ****     
  73              		.loc 1 54 0
  74 000e FFF7FEFF 		bl	I2C_Start
  75              	.LVL4:
  58:.\main.c      ****     
  76              		.loc 1 58 0
  77 0012 2920     		movs	r0, #41
  78 0014 8021     		movs	r1, #128
  79 0016 0022     		movs	r2, #0
  80 0018 FFF7FEFF 		bl	I2C_write
  81              	.LVL5:
  60:.\main.c      ****     printf("%x ",value);
  82              		.loc 1 60 0
  83 001c 2920     		movs	r0, #41
  84 001e 8021     		movs	r1, #128
  85 0020 FFF7FEFF 		bl	I2C_read
  86              	.LVL6:
  87 0024 0146     		mov	r1, r0
  88              	.LVL7:
  61:.\main.c      ****     
  89              		.loc 1 61 0
  90 0026 2648     		ldr	r0, .L5+4
  91 0028 FFF7FEFF 		bl	printf
  92              	.LVL8:
  63:.\main.c      ****     value = I2C_read(0x29,0x80);
  93              		.loc 1 63 0
  94 002c 2920     		movs	r0, #41
  95 002e 8021     		movs	r1, #128
  96 0030 0322     		movs	r2, #3
  97 0032 FFF7FEFF 		bl	I2C_write
  98              	.LVL9:
  64:.\main.c      ****     printf("%x\r\n",value);
  99              		.loc 1 64 0
 100 0036 2920     		movs	r0, #41
 101 0038 8021     		movs	r1, #128
 102 003a FFF7FEFF 		bl	I2C_read
 103              	.LVL10:
 104 003e 0146     		mov	r1, r0
 105              	.LVL11:
  65:.\main.c      ****         
 106              		.loc 1 65 0
 107 0040 204C     		ldr	r4, .L5+8
 108 0042 2046     		mov	r0, r4
 109 0044 FFF7FEFF 		bl	printf
ARM GAS  C:\Users\dufma\AppData\Local\Temp\ccJg85Uw.s 			page 8


 110              	.LVL12:
  67:.\main.c      ****     printf("%x\r\n",value);
 111              		.loc 1 67 0
 112 0048 2920     		movs	r0, #41
 113 004a 8121     		movs	r1, #129
 114 004c FFF7FEFF 		bl	I2C_read
 115              	.LVL13:
 116 0050 0146     		mov	r1, r0
 117              	.LVL14:
  68:.\main.c      ****     for(;;)
 118              		.loc 1 68 0
 119 0052 2046     		mov	r0, r4
 120 0054 FFF7FEFF 		bl	printf
 121              	.LVL15:
 122              	.L3:
 123              	.LBB2:
  73:.\main.c      ****         Data0High = I2C_read(0x29,CH0_H);
 124              		.loc 1 73 0 discriminator 1
 125 0058 2920     		movs	r0, #41
 126 005a 8C21     		movs	r1, #140
 127 005c FFF7FEFF 		bl	I2C_read
 128              	.LVL16:
 129 0060 0746     		mov	r7, r0
 130              	.LVL17:
  74:.\main.c      ****         Data1Low = I2C_read(0x29,CH1_L);
 131              		.loc 1 74 0 discriminator 1
 132 0062 2920     		movs	r0, #41
 133 0064 8D21     		movs	r1, #141
 134 0066 FFF7FEFF 		bl	I2C_read
 135              	.LVL18:
 136 006a 0446     		mov	r4, r0
 137              	.LVL19:
  75:.\main.c      ****         Data1High = I2C_read(0x29,CH1_H);
 138              		.loc 1 75 0 discriminator 1
 139 006c 2920     		movs	r0, #41
 140 006e 8E21     		movs	r1, #142
 141 0070 FFF7FEFF 		bl	I2C_read
 142              	.LVL20:
 143 0074 0646     		mov	r6, r0
 144              	.LVL21:
  76:.\main.c      ****         
 145              		.loc 1 76 0 discriminator 1
 146 0076 2920     		movs	r0, #41
 147 0078 8F21     		movs	r1, #143
 148 007a FFF7FEFF 		bl	I2C_read
 149              	.LVL22:
 150 007e 0546     		mov	r5, r0
 151              	.LVL23:
  79:.\main.c      ****         CH1 = convert_raw(Data1Low,Data1High);
 152              		.loc 1 79 0 discriminator 1
 153 0080 3846     		mov	r0, r7
 154 0082 2146     		mov	r1, r4
 155 0084 FFF7FEFF 		bl	convert_raw
 156              	.LVL24:
 157 0088 C4B2     		uxtb	r4, r0
 158              	.LVL25:
  80:.\main.c      **** 
ARM GAS  C:\Users\dufma\AppData\Local\Temp\ccJg85Uw.s 			page 9


 159              		.loc 1 80 0 discriminator 1
 160 008a 3046     		mov	r0, r6
 161 008c 2946     		mov	r1, r5
 162 008e FFF7FEFF 		bl	convert_raw
 163              	.LVL26:
 164 0092 C6B2     		uxtb	r6, r0
 165              	.LVL27:
  87:.\main.c      ****         double Ch1 = CH1;
 166              		.loc 1 87 0 discriminator 1
 167 0094 2046     		mov	r0, r4
 168 0096 FFF7FEFF 		bl	__aeabi_ui2d
 169              	.LVL28:
 170 009a 0446     		mov	r4, r0
 171              	.LVL29:
 172 009c 0D46     		mov	r5, r1
 173              	.LVL30:
  88:.\main.c      ****         
 174              		.loc 1 88 0 discriminator 1
 175 009e 3046     		mov	r0, r6
 176 00a0 FFF7FEFF 		bl	__aeabi_ui2d
 177              	.LVL31:
 178 00a4 0246     		mov	r2, r0
 179 00a6 0B46     		mov	r3, r1
 180              	.LVL32:
  91:.\main.c      ****         printf("%lf\r\n",data);    
 181              		.loc 1 91 0 discriminator 1
 182 00a8 2046     		mov	r0, r4
 183 00aa 2946     		mov	r1, r5
 184 00ac FFF7FEFF 		bl	getLux
 185              	.LVL33:
 186 00b0 0246     		mov	r2, r0
 187 00b2 0B46     		mov	r3, r1
 188              	.LVL34:
  92:.\main.c      ****     }
 189              		.loc 1 92 0 discriminator 1
 190 00b4 0448     		ldr	r0, .L5+12
 191 00b6 FFF7FEFF 		bl	printf
 192              	.LVL35:
 193              	.LBE2:
  93:.\main.c      ****     ///---------------------------------------------------------- */
 194              		.loc 1 93 0 discriminator 1
 195 00ba CDE7     		b	.L3
 196              	.L6:
 197              		.align	2
 198              	.L5:
 199 00bc 00000000 		.word	.LC0
 200 00c0 08000000 		.word	.LC1
 201 00c4 0C000000 		.word	.LC2
 202 00c8 14000000 		.word	.LC3
 203              		.cfi_endproc
 204              	.LFE63:
 205              		.size	main, .-main
 206              		.section	.text._write,"ax",%progbits
 207              		.align	2
 208              		.global	_write
 209              		.thumb
 210              		.thumb_func
ARM GAS  C:\Users\dufma\AppData\Local\Temp\ccJg85Uw.s 			page 10


 211              		.type	_write, %function
 212              	_write:
 213              	.LFB65:
 280:.\main.c      **** 
 281:.\main.c      **** 
 282:.\main.c      **** #if 0
 283:.\main.c      **** int rread(void)
 284:.\main.c      **** {
 285:.\main.c      ****     SC0_SetDriveMode(PIN_DM_STRONG);
 286:.\main.c      ****     SC0_Write(1);
 287:.\main.c      ****     CyDelayUs(10);
 288:.\main.c      ****     SC0_SetDriveMode(PIN_DM_DIG_HIZ);
 289:.\main.c      ****     Timer_1_Start();
 290:.\main.c      ****     uint16_t start = Timer_1_ReadCounter();
 291:.\main.c      ****     uint16_t end = 0;
 292:.\main.c      ****     while(!(Timer_1_ReadStatusRegister() & Timer_1_STATUS_TC)) {
 293:.\main.c      ****         if(SC0_Read() == 0 && end == 0) {
 294:.\main.c      ****             end = Timer_1_ReadCounter();
 295:.\main.c      ****         }
 296:.\main.c      ****     }
 297:.\main.c      ****     Timer_1_Stop();
 298:.\main.c      ****     
 299:.\main.c      ****     return (start - end);
 300:.\main.c      **** }
 301:.\main.c      **** #endif
 302:.\main.c      **** 
 303:.\main.c      **** int _write(int file, char *ptr, int len)
 304:.\main.c      **** {
 214              		.loc 1 304 0
 215              		.cfi_startproc
 216              		@ args = 0, pretend = 0, frame = 0
 217              		@ frame_needed = 0, uses_anonymous_args = 0
 218              	.LVL36:
 219 0000 70B5     		push	{r4, r5, r6, lr}
 220              		.cfi_def_cfa_offset 16
 221              		.cfi_offset 4, -16
 222              		.cfi_offset 5, -12
 223              		.cfi_offset 6, -8
 224              		.cfi_offset 14, -4
 225 0002 1646     		mov	r6, r2
 226              	.LVL37:
 305:.\main.c      ****     (void) file;
 306:.\main.c      **** 	int n;
 307:.\main.c      **** 	for(n = 0; n < len; n++) {
 227              		.loc 1 307 0
 228 0004 0024     		movs	r4, #0
 229 0006 05E0     		b	.L8
 230              	.LVL38:
 231              	.L9:
 308:.\main.c      **** 		UART_PutChar(*ptr++);
 232              		.loc 1 308 0 discriminator 3
 233 0008 4D1C     		adds	r5, r1, #1
 234              	.LVL39:
 235 000a 0878     		ldrb	r0, [r1]	@ zero_extendqisi2
 236 000c FFF7FEFF 		bl	UART_PutChar
 237              	.LVL40:
 307:.\main.c      **** 		UART_PutChar(*ptr++);
ARM GAS  C:\Users\dufma\AppData\Local\Temp\ccJg85Uw.s 			page 11


 238              		.loc 1 307 0 discriminator 3
 239 0010 0134     		adds	r4, r4, #1
 240              	.LVL41:
 241              		.loc 1 308 0 discriminator 3
 242 0012 2946     		mov	r1, r5
 243              	.LVL42:
 244              	.L8:
 307:.\main.c      **** 		UART_PutChar(*ptr++);
 245              		.loc 1 307 0 discriminator 1
 246 0014 B442     		cmp	r4, r6
 247 0016 F7DB     		blt	.L9
 309:.\main.c      **** 	}
 310:.\main.c      **** 	return len;
 311:.\main.c      **** }
 248              		.loc 1 311 0
 249 0018 3046     		mov	r0, r6
 250 001a 70BD     		pop	{r4, r5, r6, pc}
 251              		.cfi_endproc
 252              	.LFE65:
 253              		.size	_write, .-_write
 254              		.comm	digital_sensor_value,8,4
 255              		.comm	sensors,8,4
 256              		.section	.rodata.str1.4,"aMS",%progbits,1
 257              		.align	2
 258              	.LC0:
 259 0000 53746172 		.ascii	"Start\015\000"
 259      740D00
 260 0007 00       		.space	1
 261              	.LC1:
 262 0008 25782000 		.ascii	"%x \000"
 263              	.LC2:
 264 000c 25780D0A 		.ascii	"%x\015\012\000"
 264      00
 265 0011 000000   		.space	3
 266              	.LC3:
 267 0014 256C660D 		.ascii	"%lf\015\012\000"
 267      0A00
 268 001a 0000     		.text
 269              	.Letext0:
 270              		.file 2 "c:\\program files (x86)\\cypress\\psoc creator\\3.3\\psoc creator\\import\\gnu\\arm\\4.9.
 271              		.file 3 "c:\\program files (x86)\\cypress\\psoc creator\\3.3\\psoc creator\\import\\gnu\\arm\\4.9.
 272              		.file 4 "Generated_Source\\PSoC5/cytypes.h"
 273              		.file 5 ".\\Reflectance.h"
 274              		.file 6 "Generated_Source\\PSoC5/core_cm3.h"
 275              		.file 7 ".\\I2C_made.h"
 276              		.file 8 ".\\Ambient.h"
 277              		.file 9 "c:\\program files (x86)\\cypress\\psoc creator\\3.3\\psoc creator\\import\\gnu\\arm\\4.9.
 278              		.file 10 "Generated_Source\\PSoC5/UART.h"
 279              		.file 11 "Generated_Source\\PSoC5/I2C.h"
 280              		.file 12 "<built-in>"
 281              		.section	.debug_info,"",%progbits
 282              	.Ldebug_info0:
 283 0000 40050000 		.4byte	0x540
 284 0004 0400     		.2byte	0x4
 285 0006 00000000 		.4byte	.Ldebug_abbrev0
 286 000a 04       		.byte	0x4
 287 000b 01       		.uleb128 0x1
ARM GAS  C:\Users\dufma\AppData\Local\Temp\ccJg85Uw.s 			page 12


 288 000c 3D010000 		.4byte	.LASF40
 289 0010 01       		.byte	0x1
 290 0011 74000000 		.4byte	.LASF41
 291 0015 7D000000 		.4byte	.LASF42
 292 0019 00000000 		.4byte	.Ldebug_ranges0+0
 293 001d 00000000 		.4byte	0
 294 0021 00000000 		.4byte	.Ldebug_line0
 295 0025 02       		.uleb128 0x2
 296 0026 01       		.byte	0x1
 297 0027 06       		.byte	0x6
 298 0028 7C020000 		.4byte	.LASF0
 299 002c 02       		.uleb128 0x2
 300 002d 01       		.byte	0x1
 301 002e 08       		.byte	0x8
 302 002f BD000000 		.4byte	.LASF1
 303 0033 02       		.uleb128 0x2
 304 0034 02       		.byte	0x2
 305 0035 05       		.byte	0x5
 306 0036 52000000 		.4byte	.LASF2
 307 003a 03       		.uleb128 0x3
 308 003b 1B010000 		.4byte	.LASF4
 309 003f 02       		.byte	0x2
 310 0040 2B       		.byte	0x2b
 311 0041 45000000 		.4byte	0x45
 312 0045 02       		.uleb128 0x2
 313 0046 02       		.byte	0x2
 314 0047 07       		.byte	0x7
 315 0048 20000000 		.4byte	.LASF3
 316 004c 03       		.uleb128 0x3
 317 004d 16000000 		.4byte	.LASF5
 318 0051 02       		.byte	0x2
 319 0052 3F       		.byte	0x3f
 320 0053 57000000 		.4byte	0x57
 321 0057 02       		.uleb128 0x2
 322 0058 04       		.byte	0x4
 323 0059 05       		.byte	0x5
 324 005a 6E020000 		.4byte	.LASF6
 325 005e 02       		.uleb128 0x2
 326 005f 04       		.byte	0x4
 327 0060 07       		.byte	0x7
 328 0061 DB000000 		.4byte	.LASF7
 329 0065 02       		.uleb128 0x2
 330 0066 08       		.byte	0x8
 331 0067 05       		.byte	0x5
 332 0068 3C020000 		.4byte	.LASF8
 333 006c 02       		.uleb128 0x2
 334 006d 08       		.byte	0x8
 335 006e 07       		.byte	0x7
 336 006f EB010000 		.4byte	.LASF9
 337 0073 04       		.uleb128 0x4
 338 0074 04       		.byte	0x4
 339 0075 05       		.byte	0x5
 340 0076 696E7400 		.ascii	"int\000"
 341 007a 02       		.uleb128 0x2
 342 007b 04       		.byte	0x4
 343 007c 07       		.byte	0x7
 344 007d D4010000 		.4byte	.LASF10
ARM GAS  C:\Users\dufma\AppData\Local\Temp\ccJg85Uw.s 			page 13


 345 0081 03       		.uleb128 0x3
 346 0082 65020000 		.4byte	.LASF11
 347 0086 03       		.byte	0x3
 348 0087 21       		.byte	0x21
 349 0088 3A000000 		.4byte	0x3a
 350 008c 03       		.uleb128 0x3
 351 008d 6C000000 		.4byte	.LASF12
 352 0091 03       		.byte	0x3
 353 0092 2C       		.byte	0x2c
 354 0093 4C000000 		.4byte	0x4c
 355 0097 05       		.uleb128 0x5
 356 0098 5C000000 		.4byte	.LASF13
 357 009c 04       		.byte	0x4
 358 009d 3801     		.2byte	0x138
 359 009f 2C000000 		.4byte	0x2c
 360 00a3 05       		.uleb128 0x5
 361 00a4 2D010000 		.4byte	.LASF14
 362 00a8 04       		.byte	0x4
 363 00a9 3901     		.2byte	0x139
 364 00ab 45000000 		.4byte	0x45
 365 00af 05       		.uleb128 0x5
 366 00b0 D5000000 		.4byte	.LASF15
 367 00b4 04       		.byte	0x4
 368 00b5 3C01     		.2byte	0x13c
 369 00b7 33000000 		.4byte	0x33
 370 00bb 02       		.uleb128 0x2
 371 00bc 04       		.byte	0x4
 372 00bd 04       		.byte	0x4
 373 00be 10000000 		.4byte	.LASF16
 374 00c2 02       		.uleb128 0x2
 375 00c3 08       		.byte	0x8
 376 00c4 04       		.byte	0x4
 377 00c5 26010000 		.4byte	.LASF17
 378 00c9 02       		.uleb128 0x2
 379 00ca 01       		.byte	0x1
 380 00cb 08       		.byte	0x8
 381 00cc 4A020000 		.4byte	.LASF18
 382 00d0 02       		.uleb128 0x2
 383 00d1 04       		.byte	0x4
 384 00d2 07       		.byte	0x7
 385 00d3 33020000 		.4byte	.LASF19
 386 00d7 06       		.uleb128 0x6
 387 00d8 04       		.byte	0x4
 388 00d9 C9000000 		.4byte	0xc9
 389 00dd 06       		.uleb128 0x6
 390 00de 04       		.byte	0x4
 391 00df E3000000 		.4byte	0xe3
 392 00e3 07       		.uleb128 0x7
 393 00e4 C9000000 		.4byte	0xc9
 394 00e8 08       		.uleb128 0x8
 395 00e9 07000000 		.4byte	.LASF20
 396 00ed 08       		.byte	0x8
 397 00ee 05       		.byte	0x5
 398 00ef 0A       		.byte	0xa
 399 00f0 21010000 		.4byte	0x121
 400 00f4 09       		.uleb128 0x9
 401 00f5 6C6C00   		.ascii	"ll\000"
ARM GAS  C:\Users\dufma\AppData\Local\Temp\ccJg85Uw.s 			page 14


 402 00f8 05       		.byte	0x5
 403 00f9 0B       		.byte	0xb
 404 00fa 81000000 		.4byte	0x81
 405 00fe 00       		.byte	0
 406 00ff 09       		.uleb128 0x9
 407 0100 6C7200   		.ascii	"lr\000"
 408 0103 05       		.byte	0x5
 409 0104 0D       		.byte	0xd
 410 0105 81000000 		.4byte	0x81
 411 0109 02       		.byte	0x2
 412 010a 09       		.uleb128 0x9
 413 010b 726C00   		.ascii	"rl\000"
 414 010e 05       		.byte	0x5
 415 010f 0E       		.byte	0xe
 416 0110 81000000 		.4byte	0x81
 417 0114 04       		.byte	0x4
 418 0115 09       		.uleb128 0x9
 419 0116 727200   		.ascii	"rr\000"
 420 0119 05       		.byte	0x5
 421 011a 10       		.byte	0x10
 422 011b 81000000 		.4byte	0x81
 423 011f 06       		.byte	0x6
 424 0120 00       		.byte	0
 425 0121 08       		.uleb128 0x8
 426 0122 ED000000 		.4byte	.LASF21
 427 0126 08       		.byte	0x8
 428 0127 05       		.byte	0x5
 429 0128 13       		.byte	0x13
 430 0129 5A010000 		.4byte	0x15a
 431 012d 09       		.uleb128 0x9
 432 012e 6C6C00   		.ascii	"ll\000"
 433 0131 05       		.byte	0x5
 434 0132 14       		.byte	0x14
 435 0133 81000000 		.4byte	0x81
 436 0137 00       		.byte	0
 437 0138 09       		.uleb128 0x9
 438 0139 6C7200   		.ascii	"lr\000"
 439 013c 05       		.byte	0x5
 440 013d 16       		.byte	0x16
 441 013e 81000000 		.4byte	0x81
 442 0142 02       		.byte	0x2
 443 0143 09       		.uleb128 0x9
 444 0144 726C00   		.ascii	"rl\000"
 445 0147 05       		.byte	0x5
 446 0148 17       		.byte	0x17
 447 0149 81000000 		.4byte	0x81
 448 014d 04       		.byte	0x4
 449 014e 09       		.uleb128 0x9
 450 014f 727200   		.ascii	"rr\000"
 451 0152 05       		.byte	0x5
 452 0153 19       		.byte	0x19
 453 0154 81000000 		.4byte	0x81
 454 0158 06       		.byte	0x6
 455 0159 00       		.byte	0
 456 015a 02       		.uleb128 0x2
 457 015b 08       		.byte	0x8
 458 015c 04       		.byte	0x4
ARM GAS  C:\Users\dufma\AppData\Local\Temp\ccJg85Uw.s 			page 15


 459 015d 1A020000 		.4byte	.LASF22
 460 0161 0A       		.uleb128 0xa
 461 0162 02020000 		.4byte	.LASF29
 462 0166 01       		.byte	0x1
 463 0167 1101     		.2byte	0x111
 464 0169 A3000000 		.4byte	0xa3
 465 016d 00000000 		.4byte	.LFB64
 466 0171 06000000 		.4byte	.LFE64-.LFB64
 467 0175 01       		.uleb128 0x1
 468 0176 9C       		.byte	0x9c
 469 0177 A6010000 		.4byte	0x1a6
 470 017b 0B       		.uleb128 0xb
 471 017c 4C00     		.ascii	"L\000"
 472 017e 01       		.byte	0x1
 473 017f 1101     		.2byte	0x111
 474 0181 97000000 		.4byte	0x97
 475 0185 00000000 		.4byte	.LLST0
 476 0189 0C       		.uleb128 0xc
 477 018a 4800     		.ascii	"H\000"
 478 018c 01       		.byte	0x1
 479 018d 1101     		.2byte	0x111
 480 018f 97000000 		.4byte	0x97
 481 0193 01       		.uleb128 0x1
 482 0194 51       		.byte	0x51
 483 0195 0D       		.uleb128 0xd
 484 0196 72617700 		.ascii	"raw\000"
 485 019a 01       		.byte	0x1
 486 019b 1301     		.2byte	0x113
 487 019d A3000000 		.4byte	0xa3
 488 01a1 21000000 		.4byte	.LLST1
 489 01a5 00       		.byte	0
 490 01a6 0E       		.uleb128 0xe
 491 01a7 15020000 		.4byte	.LASF43
 492 01ab 01       		.byte	0x1
 493 01ac 20       		.byte	0x20
 494 01ad 73000000 		.4byte	0x73
 495 01b1 00000000 		.4byte	.LFB63
 496 01b5 CC000000 		.4byte	.LFE63-.LFB63
 497 01b9 01       		.uleb128 0x1
 498 01ba 9C       		.byte	0x9c
 499 01bb 0B040000 		.4byte	0x40b
 500 01bf 0F       		.uleb128 0xf
 501 01c0 4F020000 		.4byte	.LASF23
 502 01c4 01       		.byte	0x1
 503 01c5 38       		.byte	0x38
 504 01c6 A3000000 		.4byte	0xa3
 505 01ca 3B000000 		.4byte	.LLST2
 506 01ce 10       		.uleb128 0x10
 507 01cf 58000000 		.4byte	.LBB2
 508 01d3 62000000 		.4byte	.LBE2-.LBB2
 509 01d7 1A030000 		.4byte	0x31a
 510 01db 11       		.uleb128 0x11
 511 01dc CB010000 		.4byte	.LASF24
 512 01e0 01       		.byte	0x1
 513 01e1 48       		.byte	0x48
 514 01e2 97000000 		.4byte	0x97
 515 01e6 01       		.uleb128 0x1
ARM GAS  C:\Users\dufma\AppData\Local\Temp\ccJg85Uw.s 			page 16


 516 01e7 57       		.byte	0x57
 517 01e8 0F       		.uleb128 0xf
 518 01e9 CB000000 		.4byte	.LASF25
 519 01ed 01       		.byte	0x1
 520 01ee 48       		.byte	0x48
 521 01ef 97000000 		.4byte	0x97
 522 01f3 7F000000 		.4byte	.LLST3
 523 01f7 0F       		.uleb128 0xf
 524 01f8 34010000 		.4byte	.LASF26
 525 01fc 01       		.byte	0x1
 526 01fd 48       		.byte	0x48
 527 01fe 97000000 		.4byte	0x97
 528 0202 92000000 		.4byte	.LLST4
 529 0206 0F       		.uleb128 0xf
 530 0207 E1010000 		.4byte	.LASF27
 531 020b 01       		.byte	0x1
 532 020c 48       		.byte	0x48
 533 020d 97000000 		.4byte	0x97
 534 0211 A5000000 		.4byte	.LLST5
 535 0215 12       		.uleb128 0x12
 536 0216 43483000 		.ascii	"CH0\000"
 537 021a 01       		.byte	0x1
 538 021b 4E       		.byte	0x4e
 539 021c 97000000 		.4byte	0x97
 540 0220 B8000000 		.4byte	.LLST6
 541 0224 13       		.uleb128 0x13
 542 0225 43483100 		.ascii	"CH1\000"
 543 0229 01       		.byte	0x1
 544 022a 4E       		.byte	0x4e
 545 022b 97000000 		.4byte	0x97
 546 022f 01       		.uleb128 0x1
 547 0230 56       		.byte	0x56
 548 0231 13       		.uleb128 0x13
 549 0232 43683000 		.ascii	"Ch0\000"
 550 0236 01       		.byte	0x1
 551 0237 57       		.byte	0x57
 552 0238 C2000000 		.4byte	0xc2
 553 023c 06       		.uleb128 0x6
 554 023d 54       		.byte	0x54
 555 023e 93       		.byte	0x93
 556 023f 04       		.uleb128 0x4
 557 0240 55       		.byte	0x55
 558 0241 93       		.byte	0x93
 559 0242 04       		.uleb128 0x4
 560 0243 12       		.uleb128 0x12
 561 0244 43683100 		.ascii	"Ch1\000"
 562 0248 01       		.byte	0x1
 563 0249 58       		.byte	0x58
 564 024a C2000000 		.4byte	0xc2
 565 024e CB000000 		.4byte	.LLST7
 566 0252 0F       		.uleb128 0xf
 567 0253 B3000000 		.4byte	.LASF28
 568 0257 01       		.byte	0x1
 569 0258 5A       		.byte	0x5a
 570 0259 C2000000 		.4byte	0xc2
 571 025d E3000000 		.4byte	.LLST8
 572 0261 14       		.uleb128 0x14
ARM GAS  C:\Users\dufma\AppData\Local\Temp\ccJg85Uw.s 			page 17


 573 0262 60000000 		.4byte	.LVL16
 574 0266 AA040000 		.4byte	0x4aa
 575 026a 7B020000 		.4byte	0x27b
 576 026e 15       		.uleb128 0x15
 577 026f 01       		.uleb128 0x1
 578 0270 51       		.byte	0x51
 579 0271 02       		.uleb128 0x2
 580 0272 09       		.byte	0x9
 581 0273 8C       		.byte	0x8c
 582 0274 15       		.uleb128 0x15
 583 0275 01       		.uleb128 0x1
 584 0276 50       		.byte	0x50
 585 0277 02       		.uleb128 0x2
 586 0278 08       		.byte	0x8
 587 0279 29       		.byte	0x29
 588 027a 00       		.byte	0
 589 027b 14       		.uleb128 0x14
 590 027c 6A000000 		.4byte	.LVL18
 591 0280 AA040000 		.4byte	0x4aa
 592 0284 95020000 		.4byte	0x295
 593 0288 15       		.uleb128 0x15
 594 0289 01       		.uleb128 0x1
 595 028a 51       		.byte	0x51
 596 028b 02       		.uleb128 0x2
 597 028c 09       		.byte	0x9
 598 028d 8D       		.byte	0x8d
 599 028e 15       		.uleb128 0x15
 600 028f 01       		.uleb128 0x1
 601 0290 50       		.byte	0x50
 602 0291 02       		.uleb128 0x2
 603 0292 08       		.byte	0x8
 604 0293 29       		.byte	0x29
 605 0294 00       		.byte	0
 606 0295 14       		.uleb128 0x14
 607 0296 74000000 		.4byte	.LVL20
 608 029a AA040000 		.4byte	0x4aa
 609 029e AF020000 		.4byte	0x2af
 610 02a2 15       		.uleb128 0x15
 611 02a3 01       		.uleb128 0x1
 612 02a4 51       		.byte	0x51
 613 02a5 02       		.uleb128 0x2
 614 02a6 09       		.byte	0x9
 615 02a7 8E       		.byte	0x8e
 616 02a8 15       		.uleb128 0x15
 617 02a9 01       		.uleb128 0x1
 618 02aa 50       		.byte	0x50
 619 02ab 02       		.uleb128 0x2
 620 02ac 08       		.byte	0x8
 621 02ad 29       		.byte	0x29
 622 02ae 00       		.byte	0
 623 02af 14       		.uleb128 0x14
 624 02b0 7E000000 		.4byte	.LVL22
 625 02b4 AA040000 		.4byte	0x4aa
 626 02b8 C9020000 		.4byte	0x2c9
 627 02bc 15       		.uleb128 0x15
 628 02bd 01       		.uleb128 0x1
 629 02be 51       		.byte	0x51
ARM GAS  C:\Users\dufma\AppData\Local\Temp\ccJg85Uw.s 			page 18


 630 02bf 02       		.uleb128 0x2
 631 02c0 09       		.byte	0x9
 632 02c1 8F       		.byte	0x8f
 633 02c2 15       		.uleb128 0x15
 634 02c3 01       		.uleb128 0x1
 635 02c4 50       		.byte	0x50
 636 02c5 02       		.uleb128 0x2
 637 02c6 08       		.byte	0x8
 638 02c7 29       		.byte	0x29
 639 02c8 00       		.byte	0
 640 02c9 14       		.uleb128 0x14
 641 02ca 88000000 		.4byte	.LVL24
 642 02ce 61010000 		.4byte	0x161
 643 02d2 E3020000 		.4byte	0x2e3
 644 02d6 15       		.uleb128 0x15
 645 02d7 01       		.uleb128 0x1
 646 02d8 51       		.byte	0x51
 647 02d9 02       		.uleb128 0x2
 648 02da 74       		.byte	0x74
 649 02db 00       		.sleb128 0
 650 02dc 15       		.uleb128 0x15
 651 02dd 01       		.uleb128 0x1
 652 02de 50       		.byte	0x50
 653 02df 02       		.uleb128 0x2
 654 02e0 77       		.byte	0x77
 655 02e1 00       		.sleb128 0
 656 02e2 00       		.byte	0
 657 02e3 14       		.uleb128 0x14
 658 02e4 92000000 		.4byte	.LVL26
 659 02e8 61010000 		.4byte	0x161
 660 02ec FD020000 		.4byte	0x2fd
 661 02f0 15       		.uleb128 0x15
 662 02f1 01       		.uleb128 0x1
 663 02f2 51       		.byte	0x51
 664 02f3 02       		.uleb128 0x2
 665 02f4 75       		.byte	0x75
 666 02f5 00       		.sleb128 0
 667 02f6 15       		.uleb128 0x15
 668 02f7 01       		.uleb128 0x1
 669 02f8 50       		.byte	0x50
 670 02f9 02       		.uleb128 0x2
 671 02fa 76       		.byte	0x76
 672 02fb 00       		.sleb128 0
 673 02fc 00       		.byte	0
 674 02fd 16       		.uleb128 0x16
 675 02fe B0000000 		.4byte	.LVL33
 676 0302 C4040000 		.4byte	0x4c4
 677 0306 17       		.uleb128 0x17
 678 0307 BA000000 		.4byte	.LVL35
 679 030b DE040000 		.4byte	0x4de
 680 030f 15       		.uleb128 0x15
 681 0310 01       		.uleb128 0x1
 682 0311 50       		.byte	0x50
 683 0312 05       		.uleb128 0x5
 684 0313 03       		.byte	0x3
 685 0314 14000000 		.4byte	.LC3
 686 0318 00       		.byte	0
ARM GAS  C:\Users\dufma\AppData\Local\Temp\ccJg85Uw.s 			page 19


 687 0319 00       		.byte	0
 688 031a 16       		.uleb128 0x16
 689 031b 08000000 		.4byte	.LVL2
 690 031f F4040000 		.4byte	0x4f4
 691 0323 14       		.uleb128 0x14
 692 0324 0E000000 		.4byte	.LVL3
 693 0328 FB040000 		.4byte	0x4fb
 694 032c 3A030000 		.4byte	0x33a
 695 0330 15       		.uleb128 0x15
 696 0331 01       		.uleb128 0x1
 697 0332 50       		.byte	0x50
 698 0333 05       		.uleb128 0x5
 699 0334 03       		.byte	0x3
 700 0335 00000000 		.4byte	.LC0
 701 0339 00       		.byte	0
 702 033a 16       		.uleb128 0x16
 703 033b 12000000 		.4byte	.LVL4
 704 033f 14050000 		.4byte	0x514
 705 0343 14       		.uleb128 0x14
 706 0344 1C000000 		.4byte	.LVL5
 707 0348 1B050000 		.4byte	0x51b
 708 034c 62030000 		.4byte	0x362
 709 0350 15       		.uleb128 0x15
 710 0351 01       		.uleb128 0x1
 711 0352 52       		.byte	0x52
 712 0353 01       		.uleb128 0x1
 713 0354 30       		.byte	0x30
 714 0355 15       		.uleb128 0x15
 715 0356 01       		.uleb128 0x1
 716 0357 51       		.byte	0x51
 717 0358 02       		.uleb128 0x2
 718 0359 09       		.byte	0x9
 719 035a 80       		.byte	0x80
 720 035b 15       		.uleb128 0x15
 721 035c 01       		.uleb128 0x1
 722 035d 50       		.byte	0x50
 723 035e 02       		.uleb128 0x2
 724 035f 08       		.byte	0x8
 725 0360 29       		.byte	0x29
 726 0361 00       		.byte	0
 727 0362 14       		.uleb128 0x14
 728 0363 24000000 		.4byte	.LVL6
 729 0367 AA040000 		.4byte	0x4aa
 730 036b 7C030000 		.4byte	0x37c
 731 036f 15       		.uleb128 0x15
 732 0370 01       		.uleb128 0x1
 733 0371 51       		.byte	0x51
 734 0372 02       		.uleb128 0x2
 735 0373 09       		.byte	0x9
 736 0374 80       		.byte	0x80
 737 0375 15       		.uleb128 0x15
 738 0376 01       		.uleb128 0x1
 739 0377 50       		.byte	0x50
 740 0378 02       		.uleb128 0x2
 741 0379 08       		.byte	0x8
 742 037a 29       		.byte	0x29
 743 037b 00       		.byte	0
ARM GAS  C:\Users\dufma\AppData\Local\Temp\ccJg85Uw.s 			page 20


 744 037c 14       		.uleb128 0x14
 745 037d 2C000000 		.4byte	.LVL8
 746 0381 DE040000 		.4byte	0x4de
 747 0385 93030000 		.4byte	0x393
 748 0389 15       		.uleb128 0x15
 749 038a 01       		.uleb128 0x1
 750 038b 50       		.byte	0x50
 751 038c 05       		.uleb128 0x5
 752 038d 03       		.byte	0x3
 753 038e 08000000 		.4byte	.LC1
 754 0392 00       		.byte	0
 755 0393 14       		.uleb128 0x14
 756 0394 36000000 		.4byte	.LVL9
 757 0398 1B050000 		.4byte	0x51b
 758 039c B2030000 		.4byte	0x3b2
 759 03a0 15       		.uleb128 0x15
 760 03a1 01       		.uleb128 0x1
 761 03a2 52       		.byte	0x52
 762 03a3 01       		.uleb128 0x1
 763 03a4 33       		.byte	0x33
 764 03a5 15       		.uleb128 0x15
 765 03a6 01       		.uleb128 0x1
 766 03a7 51       		.byte	0x51
 767 03a8 02       		.uleb128 0x2
 768 03a9 09       		.byte	0x9
 769 03aa 80       		.byte	0x80
 770 03ab 15       		.uleb128 0x15
 771 03ac 01       		.uleb128 0x1
 772 03ad 50       		.byte	0x50
 773 03ae 02       		.uleb128 0x2
 774 03af 08       		.byte	0x8
 775 03b0 29       		.byte	0x29
 776 03b1 00       		.byte	0
 777 03b2 14       		.uleb128 0x14
 778 03b3 3E000000 		.4byte	.LVL10
 779 03b7 AA040000 		.4byte	0x4aa
 780 03bb CC030000 		.4byte	0x3cc
 781 03bf 15       		.uleb128 0x15
 782 03c0 01       		.uleb128 0x1
 783 03c1 51       		.byte	0x51
 784 03c2 02       		.uleb128 0x2
 785 03c3 09       		.byte	0x9
 786 03c4 80       		.byte	0x80
 787 03c5 15       		.uleb128 0x15
 788 03c6 01       		.uleb128 0x1
 789 03c7 50       		.byte	0x50
 790 03c8 02       		.uleb128 0x2
 791 03c9 08       		.byte	0x8
 792 03ca 29       		.byte	0x29
 793 03cb 00       		.byte	0
 794 03cc 14       		.uleb128 0x14
 795 03cd 48000000 		.4byte	.LVL12
 796 03d1 DE040000 		.4byte	0x4de
 797 03d5 E0030000 		.4byte	0x3e0
 798 03d9 15       		.uleb128 0x15
 799 03da 01       		.uleb128 0x1
 800 03db 50       		.byte	0x50
ARM GAS  C:\Users\dufma\AppData\Local\Temp\ccJg85Uw.s 			page 21


 801 03dc 02       		.uleb128 0x2
 802 03dd 74       		.byte	0x74
 803 03de 00       		.sleb128 0
 804 03df 00       		.byte	0
 805 03e0 14       		.uleb128 0x14
 806 03e1 50000000 		.4byte	.LVL13
 807 03e5 AA040000 		.4byte	0x4aa
 808 03e9 FA030000 		.4byte	0x3fa
 809 03ed 15       		.uleb128 0x15
 810 03ee 01       		.uleb128 0x1
 811 03ef 51       		.byte	0x51
 812 03f0 02       		.uleb128 0x2
 813 03f1 09       		.byte	0x9
 814 03f2 81       		.byte	0x81
 815 03f3 15       		.uleb128 0x15
 816 03f4 01       		.uleb128 0x1
 817 03f5 50       		.byte	0x50
 818 03f6 02       		.uleb128 0x2
 819 03f7 08       		.byte	0x8
 820 03f8 29       		.byte	0x29
 821 03f9 00       		.byte	0
 822 03fa 17       		.uleb128 0x17
 823 03fb 58000000 		.4byte	.LVL15
 824 03ff DE040000 		.4byte	0x4de
 825 0403 15       		.uleb128 0x15
 826 0404 01       		.uleb128 0x1
 827 0405 50       		.byte	0x50
 828 0406 02       		.uleb128 0x2
 829 0407 74       		.byte	0x74
 830 0408 00       		.sleb128 0
 831 0409 00       		.byte	0
 832 040a 00       		.byte	0
 833 040b 0A       		.uleb128 0xa
 834 040c 0E020000 		.4byte	.LASF30
 835 0410 01       		.byte	0x1
 836 0411 2F01     		.2byte	0x12f
 837 0413 73000000 		.4byte	0x73
 838 0417 00000000 		.4byte	.LFB65
 839 041b 1C000000 		.4byte	.LFE65-.LFB65
 840 041f 01       		.uleb128 0x1
 841 0420 9C       		.byte	0x9c
 842 0421 6D040000 		.4byte	0x46d
 843 0425 18       		.uleb128 0x18
 844 0426 B8000000 		.4byte	.LASF31
 845 042a 01       		.byte	0x1
 846 042b 2F01     		.2byte	0x12f
 847 042d 73000000 		.4byte	0x73
 848 0431 0F010000 		.4byte	.LLST9
 849 0435 0B       		.uleb128 0xb
 850 0436 70747200 		.ascii	"ptr\000"
 851 043a 01       		.byte	0x1
 852 043b 2F01     		.2byte	0x12f
 853 043d D7000000 		.4byte	0xd7
 854 0441 30010000 		.4byte	.LLST10
 855 0445 0B       		.uleb128 0xb
 856 0446 6C656E00 		.ascii	"len\000"
 857 044a 01       		.byte	0x1
ARM GAS  C:\Users\dufma\AppData\Local\Temp\ccJg85Uw.s 			page 22


 858 044b 2F01     		.2byte	0x12f
 859 044d 73000000 		.4byte	0x73
 860 0451 59010000 		.4byte	.LLST11
 861 0455 0D       		.uleb128 0xd
 862 0456 6E00     		.ascii	"n\000"
 863 0458 01       		.byte	0x1
 864 0459 3201     		.2byte	0x132
 865 045b 73000000 		.4byte	0x73
 866 045f 77010000 		.4byte	.LLST12
 867 0463 16       		.uleb128 0x16
 868 0464 10000000 		.4byte	.LVL40
 869 0468 36050000 		.4byte	0x536
 870 046c 00       		.byte	0
 871 046d 19       		.uleb128 0x19
 872 046e 0E010000 		.4byte	.LASF32
 873 0472 06       		.byte	0x6
 874 0473 5506     		.2byte	0x655
 875 0475 79040000 		.4byte	0x479
 876 0479 1A       		.uleb128 0x1a
 877 047a 8C000000 		.4byte	0x8c
 878 047e 1B       		.uleb128 0x1b
 879 047f 97020000 		.4byte	.LASF33
 880 0483 05       		.byte	0x5
 881 0484 11       		.byte	0x11
 882 0485 8F040000 		.4byte	0x48f
 883 0489 05       		.uleb128 0x5
 884 048a 03       		.byte	0x3
 885 048b 00000000 		.4byte	sensors
 886 048f 1A       		.uleb128 0x1a
 887 0490 E8000000 		.4byte	0xe8
 888 0494 1B       		.uleb128 0x1b
 889 0495 33000000 		.4byte	.LASF34
 890 0499 05       		.byte	0x5
 891 049a 1A       		.byte	0x1a
 892 049b A5040000 		.4byte	0x4a5
 893 049f 05       		.uleb128 0x5
 894 04a0 03       		.byte	0x3
 895 04a1 00000000 		.4byte	digital_sensor_value
 896 04a5 1A       		.uleb128 0x1a
 897 04a6 21010000 		.4byte	0x121
 898 04aa 1C       		.uleb128 0x1c
 899 04ab 5C020000 		.4byte	.LASF35
 900 04af 07       		.byte	0x7
 901 04b0 0C       		.byte	0xc
 902 04b1 97000000 		.4byte	0x97
 903 04b5 C4040000 		.4byte	0x4c4
 904 04b9 1D       		.uleb128 0x1d
 905 04ba 97000000 		.4byte	0x97
 906 04be 1D       		.uleb128 0x1d
 907 04bf 97000000 		.4byte	0x97
 908 04c3 00       		.byte	0
 909 04c4 1C       		.uleb128 0x1c
 910 04c5 00000000 		.4byte	.LASF36
 911 04c9 08       		.byte	0x8
 912 04ca 13       		.byte	0x13
 913 04cb C2000000 		.4byte	0xc2
 914 04cf DE040000 		.4byte	0x4de
ARM GAS  C:\Users\dufma\AppData\Local\Temp\ccJg85Uw.s 			page 23


 915 04d3 1D       		.uleb128 0x1d
 916 04d4 C2000000 		.4byte	0xc2
 917 04d8 1D       		.uleb128 0x1d
 918 04d9 C2000000 		.4byte	0xc2
 919 04dd 00       		.byte	0
 920 04de 1C       		.uleb128 0x1c
 921 04df 55020000 		.4byte	.LASF37
 922 04e3 09       		.byte	0x9
 923 04e4 B2       		.byte	0xb2
 924 04e5 73000000 		.4byte	0x73
 925 04e9 F4040000 		.4byte	0x4f4
 926 04ed 1D       		.uleb128 0x1d
 927 04ee DD000000 		.4byte	0xdd
 928 04f2 1E       		.uleb128 0x1e
 929 04f3 00       		.byte	0
 930 04f4 1F       		.uleb128 0x1f
 931 04f5 03010000 		.4byte	.LASF38
 932 04f9 0A       		.byte	0xa
 933 04fa 54       		.byte	0x54
 934 04fb 20       		.uleb128 0x20
 935 04fc 88020000 		.4byte	.LASF44
 936 0500 0C       		.byte	0xc
 937 0501 00       		.byte	0
 938 0502 77020000 		.4byte	.LASF45
 939 0506 73000000 		.4byte	0x73
 940 050a 14050000 		.4byte	0x514
 941 050e 1D       		.uleb128 0x1d
 942 050f DD000000 		.4byte	0xdd
 943 0513 00       		.byte	0
 944 0514 1F       		.uleb128 0x1f
 945 0515 62000000 		.4byte	.LASF39
 946 0519 0B       		.byte	0xb
 947 051a 93       		.byte	0x93
 948 051b 21       		.uleb128 0x21
 949 051c 48000000 		.4byte	.LASF46
 950 0520 07       		.byte	0x7
 951 0521 0D       		.byte	0xd
 952 0522 36050000 		.4byte	0x536
 953 0526 1D       		.uleb128 0x1d
 954 0527 97000000 		.4byte	0x97
 955 052b 1D       		.uleb128 0x1d
 956 052c 97000000 		.4byte	0x97
 957 0530 1D       		.uleb128 0x1d
 958 0531 97000000 		.4byte	0x97
 959 0535 00       		.byte	0
 960 0536 22       		.uleb128 0x22
 961 0537 26020000 		.4byte	.LASF47
 962 053b 0A       		.byte	0xa
 963 053c 8A       		.byte	0x8a
 964 053d 1D       		.uleb128 0x1d
 965 053e 97000000 		.4byte	0x97
 966 0542 00       		.byte	0
 967 0543 00       		.byte	0
 968              		.section	.debug_abbrev,"",%progbits
 969              	.Ldebug_abbrev0:
 970 0000 01       		.uleb128 0x1
 971 0001 11       		.uleb128 0x11
ARM GAS  C:\Users\dufma\AppData\Local\Temp\ccJg85Uw.s 			page 24


 972 0002 01       		.byte	0x1
 973 0003 25       		.uleb128 0x25
 974 0004 0E       		.uleb128 0xe
 975 0005 13       		.uleb128 0x13
 976 0006 0B       		.uleb128 0xb
 977 0007 03       		.uleb128 0x3
 978 0008 0E       		.uleb128 0xe
 979 0009 1B       		.uleb128 0x1b
 980 000a 0E       		.uleb128 0xe
 981 000b 55       		.uleb128 0x55
 982 000c 17       		.uleb128 0x17
 983 000d 11       		.uleb128 0x11
 984 000e 01       		.uleb128 0x1
 985 000f 10       		.uleb128 0x10
 986 0010 17       		.uleb128 0x17
 987 0011 00       		.byte	0
 988 0012 00       		.byte	0
 989 0013 02       		.uleb128 0x2
 990 0014 24       		.uleb128 0x24
 991 0015 00       		.byte	0
 992 0016 0B       		.uleb128 0xb
 993 0017 0B       		.uleb128 0xb
 994 0018 3E       		.uleb128 0x3e
 995 0019 0B       		.uleb128 0xb
 996 001a 03       		.uleb128 0x3
 997 001b 0E       		.uleb128 0xe
 998 001c 00       		.byte	0
 999 001d 00       		.byte	0
 1000 001e 03       		.uleb128 0x3
 1001 001f 16       		.uleb128 0x16
 1002 0020 00       		.byte	0
 1003 0021 03       		.uleb128 0x3
 1004 0022 0E       		.uleb128 0xe
 1005 0023 3A       		.uleb128 0x3a
 1006 0024 0B       		.uleb128 0xb
 1007 0025 3B       		.uleb128 0x3b
 1008 0026 0B       		.uleb128 0xb
 1009 0027 49       		.uleb128 0x49
 1010 0028 13       		.uleb128 0x13
 1011 0029 00       		.byte	0
 1012 002a 00       		.byte	0
 1013 002b 04       		.uleb128 0x4
 1014 002c 24       		.uleb128 0x24
 1015 002d 00       		.byte	0
 1016 002e 0B       		.uleb128 0xb
 1017 002f 0B       		.uleb128 0xb
 1018 0030 3E       		.uleb128 0x3e
 1019 0031 0B       		.uleb128 0xb
 1020 0032 03       		.uleb128 0x3
 1021 0033 08       		.uleb128 0x8
 1022 0034 00       		.byte	0
 1023 0035 00       		.byte	0
 1024 0036 05       		.uleb128 0x5
 1025 0037 16       		.uleb128 0x16
 1026 0038 00       		.byte	0
 1027 0039 03       		.uleb128 0x3
 1028 003a 0E       		.uleb128 0xe
ARM GAS  C:\Users\dufma\AppData\Local\Temp\ccJg85Uw.s 			page 25


 1029 003b 3A       		.uleb128 0x3a
 1030 003c 0B       		.uleb128 0xb
 1031 003d 3B       		.uleb128 0x3b
 1032 003e 05       		.uleb128 0x5
 1033 003f 49       		.uleb128 0x49
 1034 0040 13       		.uleb128 0x13
 1035 0041 00       		.byte	0
 1036 0042 00       		.byte	0
 1037 0043 06       		.uleb128 0x6
 1038 0044 0F       		.uleb128 0xf
 1039 0045 00       		.byte	0
 1040 0046 0B       		.uleb128 0xb
 1041 0047 0B       		.uleb128 0xb
 1042 0048 49       		.uleb128 0x49
 1043 0049 13       		.uleb128 0x13
 1044 004a 00       		.byte	0
 1045 004b 00       		.byte	0
 1046 004c 07       		.uleb128 0x7
 1047 004d 26       		.uleb128 0x26
 1048 004e 00       		.byte	0
 1049 004f 49       		.uleb128 0x49
 1050 0050 13       		.uleb128 0x13
 1051 0051 00       		.byte	0
 1052 0052 00       		.byte	0
 1053 0053 08       		.uleb128 0x8
 1054 0054 13       		.uleb128 0x13
 1055 0055 01       		.byte	0x1
 1056 0056 03       		.uleb128 0x3
 1057 0057 0E       		.uleb128 0xe
 1058 0058 0B       		.uleb128 0xb
 1059 0059 0B       		.uleb128 0xb
 1060 005a 3A       		.uleb128 0x3a
 1061 005b 0B       		.uleb128 0xb
 1062 005c 3B       		.uleb128 0x3b
 1063 005d 0B       		.uleb128 0xb
 1064 005e 01       		.uleb128 0x1
 1065 005f 13       		.uleb128 0x13
 1066 0060 00       		.byte	0
 1067 0061 00       		.byte	0
 1068 0062 09       		.uleb128 0x9
 1069 0063 0D       		.uleb128 0xd
 1070 0064 00       		.byte	0
 1071 0065 03       		.uleb128 0x3
 1072 0066 08       		.uleb128 0x8
 1073 0067 3A       		.uleb128 0x3a
 1074 0068 0B       		.uleb128 0xb
 1075 0069 3B       		.uleb128 0x3b
 1076 006a 0B       		.uleb128 0xb
 1077 006b 49       		.uleb128 0x49
 1078 006c 13       		.uleb128 0x13
 1079 006d 38       		.uleb128 0x38
 1080 006e 0B       		.uleb128 0xb
 1081 006f 00       		.byte	0
 1082 0070 00       		.byte	0
 1083 0071 0A       		.uleb128 0xa
 1084 0072 2E       		.uleb128 0x2e
 1085 0073 01       		.byte	0x1
ARM GAS  C:\Users\dufma\AppData\Local\Temp\ccJg85Uw.s 			page 26


 1086 0074 3F       		.uleb128 0x3f
 1087 0075 19       		.uleb128 0x19
 1088 0076 03       		.uleb128 0x3
 1089 0077 0E       		.uleb128 0xe
 1090 0078 3A       		.uleb128 0x3a
 1091 0079 0B       		.uleb128 0xb
 1092 007a 3B       		.uleb128 0x3b
 1093 007b 05       		.uleb128 0x5
 1094 007c 27       		.uleb128 0x27
 1095 007d 19       		.uleb128 0x19
 1096 007e 49       		.uleb128 0x49
 1097 007f 13       		.uleb128 0x13
 1098 0080 11       		.uleb128 0x11
 1099 0081 01       		.uleb128 0x1
 1100 0082 12       		.uleb128 0x12
 1101 0083 06       		.uleb128 0x6
 1102 0084 40       		.uleb128 0x40
 1103 0085 18       		.uleb128 0x18
 1104 0086 9742     		.uleb128 0x2117
 1105 0088 19       		.uleb128 0x19
 1106 0089 01       		.uleb128 0x1
 1107 008a 13       		.uleb128 0x13
 1108 008b 00       		.byte	0
 1109 008c 00       		.byte	0
 1110 008d 0B       		.uleb128 0xb
 1111 008e 05       		.uleb128 0x5
 1112 008f 00       		.byte	0
 1113 0090 03       		.uleb128 0x3
 1114 0091 08       		.uleb128 0x8
 1115 0092 3A       		.uleb128 0x3a
 1116 0093 0B       		.uleb128 0xb
 1117 0094 3B       		.uleb128 0x3b
 1118 0095 05       		.uleb128 0x5
 1119 0096 49       		.uleb128 0x49
 1120 0097 13       		.uleb128 0x13
 1121 0098 02       		.uleb128 0x2
 1122 0099 17       		.uleb128 0x17
 1123 009a 00       		.byte	0
 1124 009b 00       		.byte	0
 1125 009c 0C       		.uleb128 0xc
 1126 009d 05       		.uleb128 0x5
 1127 009e 00       		.byte	0
 1128 009f 03       		.uleb128 0x3
 1129 00a0 08       		.uleb128 0x8
 1130 00a1 3A       		.uleb128 0x3a
 1131 00a2 0B       		.uleb128 0xb
 1132 00a3 3B       		.uleb128 0x3b
 1133 00a4 05       		.uleb128 0x5
 1134 00a5 49       		.uleb128 0x49
 1135 00a6 13       		.uleb128 0x13
 1136 00a7 02       		.uleb128 0x2
 1137 00a8 18       		.uleb128 0x18
 1138 00a9 00       		.byte	0
 1139 00aa 00       		.byte	0
 1140 00ab 0D       		.uleb128 0xd
 1141 00ac 34       		.uleb128 0x34
 1142 00ad 00       		.byte	0
ARM GAS  C:\Users\dufma\AppData\Local\Temp\ccJg85Uw.s 			page 27


 1143 00ae 03       		.uleb128 0x3
 1144 00af 08       		.uleb128 0x8
 1145 00b0 3A       		.uleb128 0x3a
 1146 00b1 0B       		.uleb128 0xb
 1147 00b2 3B       		.uleb128 0x3b
 1148 00b3 05       		.uleb128 0x5
 1149 00b4 49       		.uleb128 0x49
 1150 00b5 13       		.uleb128 0x13
 1151 00b6 02       		.uleb128 0x2
 1152 00b7 17       		.uleb128 0x17
 1153 00b8 00       		.byte	0
 1154 00b9 00       		.byte	0
 1155 00ba 0E       		.uleb128 0xe
 1156 00bb 2E       		.uleb128 0x2e
 1157 00bc 01       		.byte	0x1
 1158 00bd 3F       		.uleb128 0x3f
 1159 00be 19       		.uleb128 0x19
 1160 00bf 03       		.uleb128 0x3
 1161 00c0 0E       		.uleb128 0xe
 1162 00c1 3A       		.uleb128 0x3a
 1163 00c2 0B       		.uleb128 0xb
 1164 00c3 3B       		.uleb128 0x3b
 1165 00c4 0B       		.uleb128 0xb
 1166 00c5 49       		.uleb128 0x49
 1167 00c6 13       		.uleb128 0x13
 1168 00c7 11       		.uleb128 0x11
 1169 00c8 01       		.uleb128 0x1
 1170 00c9 12       		.uleb128 0x12
 1171 00ca 06       		.uleb128 0x6
 1172 00cb 40       		.uleb128 0x40
 1173 00cc 18       		.uleb128 0x18
 1174 00cd 9642     		.uleb128 0x2116
 1175 00cf 19       		.uleb128 0x19
 1176 00d0 01       		.uleb128 0x1
 1177 00d1 13       		.uleb128 0x13
 1178 00d2 00       		.byte	0
 1179 00d3 00       		.byte	0
 1180 00d4 0F       		.uleb128 0xf
 1181 00d5 34       		.uleb128 0x34
 1182 00d6 00       		.byte	0
 1183 00d7 03       		.uleb128 0x3
 1184 00d8 0E       		.uleb128 0xe
 1185 00d9 3A       		.uleb128 0x3a
 1186 00da 0B       		.uleb128 0xb
 1187 00db 3B       		.uleb128 0x3b
 1188 00dc 0B       		.uleb128 0xb
 1189 00dd 49       		.uleb128 0x49
 1190 00de 13       		.uleb128 0x13
 1191 00df 02       		.uleb128 0x2
 1192 00e0 17       		.uleb128 0x17
 1193 00e1 00       		.byte	0
 1194 00e2 00       		.byte	0
 1195 00e3 10       		.uleb128 0x10
 1196 00e4 0B       		.uleb128 0xb
 1197 00e5 01       		.byte	0x1
 1198 00e6 11       		.uleb128 0x11
 1199 00e7 01       		.uleb128 0x1
ARM GAS  C:\Users\dufma\AppData\Local\Temp\ccJg85Uw.s 			page 28


 1200 00e8 12       		.uleb128 0x12
 1201 00e9 06       		.uleb128 0x6
 1202 00ea 01       		.uleb128 0x1
 1203 00eb 13       		.uleb128 0x13
 1204 00ec 00       		.byte	0
 1205 00ed 00       		.byte	0
 1206 00ee 11       		.uleb128 0x11
 1207 00ef 34       		.uleb128 0x34
 1208 00f0 00       		.byte	0
 1209 00f1 03       		.uleb128 0x3
 1210 00f2 0E       		.uleb128 0xe
 1211 00f3 3A       		.uleb128 0x3a
 1212 00f4 0B       		.uleb128 0xb
 1213 00f5 3B       		.uleb128 0x3b
 1214 00f6 0B       		.uleb128 0xb
 1215 00f7 49       		.uleb128 0x49
 1216 00f8 13       		.uleb128 0x13
 1217 00f9 02       		.uleb128 0x2
 1218 00fa 18       		.uleb128 0x18
 1219 00fb 00       		.byte	0
 1220 00fc 00       		.byte	0
 1221 00fd 12       		.uleb128 0x12
 1222 00fe 34       		.uleb128 0x34
 1223 00ff 00       		.byte	0
 1224 0100 03       		.uleb128 0x3
 1225 0101 08       		.uleb128 0x8
 1226 0102 3A       		.uleb128 0x3a
 1227 0103 0B       		.uleb128 0xb
 1228 0104 3B       		.uleb128 0x3b
 1229 0105 0B       		.uleb128 0xb
 1230 0106 49       		.uleb128 0x49
 1231 0107 13       		.uleb128 0x13
 1232 0108 02       		.uleb128 0x2
 1233 0109 17       		.uleb128 0x17
 1234 010a 00       		.byte	0
 1235 010b 00       		.byte	0
 1236 010c 13       		.uleb128 0x13
 1237 010d 34       		.uleb128 0x34
 1238 010e 00       		.byte	0
 1239 010f 03       		.uleb128 0x3
 1240 0110 08       		.uleb128 0x8
 1241 0111 3A       		.uleb128 0x3a
 1242 0112 0B       		.uleb128 0xb
 1243 0113 3B       		.uleb128 0x3b
 1244 0114 0B       		.uleb128 0xb
 1245 0115 49       		.uleb128 0x49
 1246 0116 13       		.uleb128 0x13
 1247 0117 02       		.uleb128 0x2
 1248 0118 18       		.uleb128 0x18
 1249 0119 00       		.byte	0
 1250 011a 00       		.byte	0
 1251 011b 14       		.uleb128 0x14
 1252 011c 898201   		.uleb128 0x4109
 1253 011f 01       		.byte	0x1
 1254 0120 11       		.uleb128 0x11
 1255 0121 01       		.uleb128 0x1
 1256 0122 31       		.uleb128 0x31
ARM GAS  C:\Users\dufma\AppData\Local\Temp\ccJg85Uw.s 			page 29


 1257 0123 13       		.uleb128 0x13
 1258 0124 01       		.uleb128 0x1
 1259 0125 13       		.uleb128 0x13
 1260 0126 00       		.byte	0
 1261 0127 00       		.byte	0
 1262 0128 15       		.uleb128 0x15
 1263 0129 8A8201   		.uleb128 0x410a
 1264 012c 00       		.byte	0
 1265 012d 02       		.uleb128 0x2
 1266 012e 18       		.uleb128 0x18
 1267 012f 9142     		.uleb128 0x2111
 1268 0131 18       		.uleb128 0x18
 1269 0132 00       		.byte	0
 1270 0133 00       		.byte	0
 1271 0134 16       		.uleb128 0x16
 1272 0135 898201   		.uleb128 0x4109
 1273 0138 00       		.byte	0
 1274 0139 11       		.uleb128 0x11
 1275 013a 01       		.uleb128 0x1
 1276 013b 31       		.uleb128 0x31
 1277 013c 13       		.uleb128 0x13
 1278 013d 00       		.byte	0
 1279 013e 00       		.byte	0
 1280 013f 17       		.uleb128 0x17
 1281 0140 898201   		.uleb128 0x4109
 1282 0143 01       		.byte	0x1
 1283 0144 11       		.uleb128 0x11
 1284 0145 01       		.uleb128 0x1
 1285 0146 31       		.uleb128 0x31
 1286 0147 13       		.uleb128 0x13
 1287 0148 00       		.byte	0
 1288 0149 00       		.byte	0
 1289 014a 18       		.uleb128 0x18
 1290 014b 05       		.uleb128 0x5
 1291 014c 00       		.byte	0
 1292 014d 03       		.uleb128 0x3
 1293 014e 0E       		.uleb128 0xe
 1294 014f 3A       		.uleb128 0x3a
 1295 0150 0B       		.uleb128 0xb
 1296 0151 3B       		.uleb128 0x3b
 1297 0152 05       		.uleb128 0x5
 1298 0153 49       		.uleb128 0x49
 1299 0154 13       		.uleb128 0x13
 1300 0155 02       		.uleb128 0x2
 1301 0156 17       		.uleb128 0x17
 1302 0157 00       		.byte	0
 1303 0158 00       		.byte	0
 1304 0159 19       		.uleb128 0x19
 1305 015a 34       		.uleb128 0x34
 1306 015b 00       		.byte	0
 1307 015c 03       		.uleb128 0x3
 1308 015d 0E       		.uleb128 0xe
 1309 015e 3A       		.uleb128 0x3a
 1310 015f 0B       		.uleb128 0xb
 1311 0160 3B       		.uleb128 0x3b
 1312 0161 05       		.uleb128 0x5
 1313 0162 49       		.uleb128 0x49
ARM GAS  C:\Users\dufma\AppData\Local\Temp\ccJg85Uw.s 			page 30


 1314 0163 13       		.uleb128 0x13
 1315 0164 3F       		.uleb128 0x3f
 1316 0165 19       		.uleb128 0x19
 1317 0166 3C       		.uleb128 0x3c
 1318 0167 19       		.uleb128 0x19
 1319 0168 00       		.byte	0
 1320 0169 00       		.byte	0
 1321 016a 1A       		.uleb128 0x1a
 1322 016b 35       		.uleb128 0x35
 1323 016c 00       		.byte	0
 1324 016d 49       		.uleb128 0x49
 1325 016e 13       		.uleb128 0x13
 1326 016f 00       		.byte	0
 1327 0170 00       		.byte	0
 1328 0171 1B       		.uleb128 0x1b
 1329 0172 34       		.uleb128 0x34
 1330 0173 00       		.byte	0
 1331 0174 03       		.uleb128 0x3
 1332 0175 0E       		.uleb128 0xe
 1333 0176 3A       		.uleb128 0x3a
 1334 0177 0B       		.uleb128 0xb
 1335 0178 3B       		.uleb128 0x3b
 1336 0179 0B       		.uleb128 0xb
 1337 017a 49       		.uleb128 0x49
 1338 017b 13       		.uleb128 0x13
 1339 017c 3F       		.uleb128 0x3f
 1340 017d 19       		.uleb128 0x19
 1341 017e 02       		.uleb128 0x2
 1342 017f 18       		.uleb128 0x18
 1343 0180 00       		.byte	0
 1344 0181 00       		.byte	0
 1345 0182 1C       		.uleb128 0x1c
 1346 0183 2E       		.uleb128 0x2e
 1347 0184 01       		.byte	0x1
 1348 0185 3F       		.uleb128 0x3f
 1349 0186 19       		.uleb128 0x19
 1350 0187 03       		.uleb128 0x3
 1351 0188 0E       		.uleb128 0xe
 1352 0189 3A       		.uleb128 0x3a
 1353 018a 0B       		.uleb128 0xb
 1354 018b 3B       		.uleb128 0x3b
 1355 018c 0B       		.uleb128 0xb
 1356 018d 27       		.uleb128 0x27
 1357 018e 19       		.uleb128 0x19
 1358 018f 49       		.uleb128 0x49
 1359 0190 13       		.uleb128 0x13
 1360 0191 3C       		.uleb128 0x3c
 1361 0192 19       		.uleb128 0x19
 1362 0193 01       		.uleb128 0x1
 1363 0194 13       		.uleb128 0x13
 1364 0195 00       		.byte	0
 1365 0196 00       		.byte	0
 1366 0197 1D       		.uleb128 0x1d
 1367 0198 05       		.uleb128 0x5
 1368 0199 00       		.byte	0
 1369 019a 49       		.uleb128 0x49
 1370 019b 13       		.uleb128 0x13
ARM GAS  C:\Users\dufma\AppData\Local\Temp\ccJg85Uw.s 			page 31


 1371 019c 00       		.byte	0
 1372 019d 00       		.byte	0
 1373 019e 1E       		.uleb128 0x1e
 1374 019f 18       		.uleb128 0x18
 1375 01a0 00       		.byte	0
 1376 01a1 00       		.byte	0
 1377 01a2 00       		.byte	0
 1378 01a3 1F       		.uleb128 0x1f
 1379 01a4 2E       		.uleb128 0x2e
 1380 01a5 00       		.byte	0
 1381 01a6 3F       		.uleb128 0x3f
 1382 01a7 19       		.uleb128 0x19
 1383 01a8 03       		.uleb128 0x3
 1384 01a9 0E       		.uleb128 0xe
 1385 01aa 3A       		.uleb128 0x3a
 1386 01ab 0B       		.uleb128 0xb
 1387 01ac 3B       		.uleb128 0x3b
 1388 01ad 0B       		.uleb128 0xb
 1389 01ae 27       		.uleb128 0x27
 1390 01af 19       		.uleb128 0x19
 1391 01b0 3C       		.uleb128 0x3c
 1392 01b1 19       		.uleb128 0x19
 1393 01b2 00       		.byte	0
 1394 01b3 00       		.byte	0
 1395 01b4 20       		.uleb128 0x20
 1396 01b5 2E       		.uleb128 0x2e
 1397 01b6 01       		.byte	0x1
 1398 01b7 3F       		.uleb128 0x3f
 1399 01b8 19       		.uleb128 0x19
 1400 01b9 03       		.uleb128 0x3
 1401 01ba 0E       		.uleb128 0xe
 1402 01bb 3A       		.uleb128 0x3a
 1403 01bc 0B       		.uleb128 0xb
 1404 01bd 3B       		.uleb128 0x3b
 1405 01be 0B       		.uleb128 0xb
 1406 01bf 6E       		.uleb128 0x6e
 1407 01c0 0E       		.uleb128 0xe
 1408 01c1 27       		.uleb128 0x27
 1409 01c2 19       		.uleb128 0x19
 1410 01c3 49       		.uleb128 0x49
 1411 01c4 13       		.uleb128 0x13
 1412 01c5 3C       		.uleb128 0x3c
 1413 01c6 19       		.uleb128 0x19
 1414 01c7 01       		.uleb128 0x1
 1415 01c8 13       		.uleb128 0x13
 1416 01c9 00       		.byte	0
 1417 01ca 00       		.byte	0
 1418 01cb 21       		.uleb128 0x21
 1419 01cc 2E       		.uleb128 0x2e
 1420 01cd 01       		.byte	0x1
 1421 01ce 3F       		.uleb128 0x3f
 1422 01cf 19       		.uleb128 0x19
 1423 01d0 03       		.uleb128 0x3
 1424 01d1 0E       		.uleb128 0xe
 1425 01d2 3A       		.uleb128 0x3a
 1426 01d3 0B       		.uleb128 0xb
 1427 01d4 3B       		.uleb128 0x3b
ARM GAS  C:\Users\dufma\AppData\Local\Temp\ccJg85Uw.s 			page 32


 1428 01d5 0B       		.uleb128 0xb
 1429 01d6 27       		.uleb128 0x27
 1430 01d7 19       		.uleb128 0x19
 1431 01d8 3C       		.uleb128 0x3c
 1432 01d9 19       		.uleb128 0x19
 1433 01da 01       		.uleb128 0x1
 1434 01db 13       		.uleb128 0x13
 1435 01dc 00       		.byte	0
 1436 01dd 00       		.byte	0
 1437 01de 22       		.uleb128 0x22
 1438 01df 2E       		.uleb128 0x2e
 1439 01e0 01       		.byte	0x1
 1440 01e1 3F       		.uleb128 0x3f
 1441 01e2 19       		.uleb128 0x19
 1442 01e3 03       		.uleb128 0x3
 1443 01e4 0E       		.uleb128 0xe
 1444 01e5 3A       		.uleb128 0x3a
 1445 01e6 0B       		.uleb128 0xb
 1446 01e7 3B       		.uleb128 0x3b
 1447 01e8 0B       		.uleb128 0xb
 1448 01e9 27       		.uleb128 0x27
 1449 01ea 19       		.uleb128 0x19
 1450 01eb 3C       		.uleb128 0x3c
 1451 01ec 19       		.uleb128 0x19
 1452 01ed 00       		.byte	0
 1453 01ee 00       		.byte	0
 1454 01ef 00       		.byte	0
 1455              		.section	.debug_loc,"",%progbits
 1456              	.Ldebug_loc0:
 1457              	.LLST0:
 1458 0000 00000000 		.4byte	.LVL0
 1459 0004 04000000 		.4byte	.LVL1
 1460 0008 0100     		.2byte	0x1
 1461 000a 50       		.byte	0x50
 1462 000b 04000000 		.4byte	.LVL1
 1463 000f 06000000 		.4byte	.LFE64
 1464 0013 0400     		.2byte	0x4
 1465 0015 F3       		.byte	0xf3
 1466 0016 01       		.uleb128 0x1
 1467 0017 50       		.byte	0x50
 1468 0018 9F       		.byte	0x9f
 1469 0019 00000000 		.4byte	0
 1470 001d 00000000 		.4byte	0
 1471              	.LLST1:
 1472 0021 00000000 		.4byte	.LVL0
 1473 0025 04000000 		.4byte	.LVL1
 1474 0029 0800     		.2byte	0x8
 1475 002b 71       		.byte	0x71
 1476 002c 00       		.sleb128 0
 1477 002d 38       		.byte	0x38
 1478 002e 24       		.byte	0x24
 1479 002f 70       		.byte	0x70
 1480 0030 00       		.sleb128 0
 1481 0031 21       		.byte	0x21
 1482 0032 9F       		.byte	0x9f
 1483 0033 00000000 		.4byte	0
 1484 0037 00000000 		.4byte	0
ARM GAS  C:\Users\dufma\AppData\Local\Temp\ccJg85Uw.s 			page 33


 1485              	.LLST2:
 1486 003b 12000000 		.4byte	.LVL4
 1487 003f 26000000 		.4byte	.LVL7
 1488 0043 0200     		.2byte	0x2
 1489 0045 30       		.byte	0x30
 1490 0046 9F       		.byte	0x9f
 1491 0047 26000000 		.4byte	.LVL7
 1492 004b 2B000000 		.4byte	.LVL8-1
 1493 004f 0600     		.2byte	0x6
 1494 0051 71       		.byte	0x71
 1495 0052 00       		.sleb128 0
 1496 0053 08       		.byte	0x8
 1497 0054 FF       		.byte	0xff
 1498 0055 1A       		.byte	0x1a
 1499 0056 9F       		.byte	0x9f
 1500 0057 40000000 		.4byte	.LVL11
 1501 005b 47000000 		.4byte	.LVL12-1
 1502 005f 0600     		.2byte	0x6
 1503 0061 71       		.byte	0x71
 1504 0062 00       		.sleb128 0
 1505 0063 08       		.byte	0x8
 1506 0064 FF       		.byte	0xff
 1507 0065 1A       		.byte	0x1a
 1508 0066 9F       		.byte	0x9f
 1509 0067 52000000 		.4byte	.LVL14
 1510 006b 57000000 		.4byte	.LVL15-1
 1511 006f 0600     		.2byte	0x6
 1512 0071 71       		.byte	0x71
 1513 0072 00       		.sleb128 0
 1514 0073 08       		.byte	0x8
 1515 0074 FF       		.byte	0xff
 1516 0075 1A       		.byte	0x1a
 1517 0076 9F       		.byte	0x9f
 1518 0077 00000000 		.4byte	0
 1519 007b 00000000 		.4byte	0
 1520              	.LLST3:
 1521 007f 6C000000 		.4byte	.LVL19
 1522 0083 8A000000 		.4byte	.LVL25
 1523 0087 0100     		.2byte	0x1
 1524 0089 54       		.byte	0x54
 1525 008a 00000000 		.4byte	0
 1526 008e 00000000 		.4byte	0
 1527              	.LLST4:
 1528 0092 76000000 		.4byte	.LVL21
 1529 0096 94000000 		.4byte	.LVL27
 1530 009a 0100     		.2byte	0x1
 1531 009c 56       		.byte	0x56
 1532 009d 00000000 		.4byte	0
 1533 00a1 00000000 		.4byte	0
 1534              	.LLST5:
 1535 00a5 80000000 		.4byte	.LVL23
 1536 00a9 9E000000 		.4byte	.LVL30
 1537 00ad 0100     		.2byte	0x1
 1538 00af 55       		.byte	0x55
 1539 00b0 00000000 		.4byte	0
 1540 00b4 00000000 		.4byte	0
 1541              	.LLST6:
ARM GAS  C:\Users\dufma\AppData\Local\Temp\ccJg85Uw.s 			page 34


 1542 00b8 8A000000 		.4byte	.LVL25
 1543 00bc 9C000000 		.4byte	.LVL29
 1544 00c0 0100     		.2byte	0x1
 1545 00c2 54       		.byte	0x54
 1546 00c3 00000000 		.4byte	0
 1547 00c7 00000000 		.4byte	0
 1548              	.LLST7:
 1549 00cb A8000000 		.4byte	.LVL32
 1550 00cf AF000000 		.4byte	.LVL33-1
 1551 00d3 0600     		.2byte	0x6
 1552 00d5 52       		.byte	0x52
 1553 00d6 93       		.byte	0x93
 1554 00d7 04       		.uleb128 0x4
 1555 00d8 53       		.byte	0x53
 1556 00d9 93       		.byte	0x93
 1557 00da 04       		.uleb128 0x4
 1558 00db 00000000 		.4byte	0
 1559 00df 00000000 		.4byte	0
 1560              	.LLST8:
 1561 00e3 A8000000 		.4byte	.LVL32
 1562 00e7 B4000000 		.4byte	.LVL34
 1563 00eb 0A00     		.2byte	0xa
 1564 00ed 9E       		.byte	0x9e
 1565 00ee 08       		.uleb128 0x8
 1566 00ef 00000000 		.4byte	0
 1567 00f3 00000000 		.4byte	0
 1568 00f7 B4000000 		.4byte	.LVL34
 1569 00fb B9000000 		.4byte	.LVL35-1
 1570 00ff 0600     		.2byte	0x6
 1571 0101 52       		.byte	0x52
 1572 0102 93       		.byte	0x93
 1573 0103 04       		.uleb128 0x4
 1574 0104 53       		.byte	0x53
 1575 0105 93       		.byte	0x93
 1576 0106 04       		.uleb128 0x4
 1577 0107 00000000 		.4byte	0
 1578 010b 00000000 		.4byte	0
 1579              	.LLST9:
 1580 010f 00000000 		.4byte	.LVL36
 1581 0113 08000000 		.4byte	.LVL38
 1582 0117 0100     		.2byte	0x1
 1583 0119 50       		.byte	0x50
 1584 011a 08000000 		.4byte	.LVL38
 1585 011e 1C000000 		.4byte	.LFE65
 1586 0122 0400     		.2byte	0x4
 1587 0124 F3       		.byte	0xf3
 1588 0125 01       		.uleb128 0x1
 1589 0126 50       		.byte	0x50
 1590 0127 9F       		.byte	0x9f
 1591 0128 00000000 		.4byte	0
 1592 012c 00000000 		.4byte	0
 1593              	.LLST10:
 1594 0130 00000000 		.4byte	.LVL36
 1595 0134 0A000000 		.4byte	.LVL39
 1596 0138 0100     		.2byte	0x1
 1597 013a 51       		.byte	0x51
 1598 013b 0A000000 		.4byte	.LVL39
ARM GAS  C:\Users\dufma\AppData\Local\Temp\ccJg85Uw.s 			page 35


 1599 013f 14000000 		.4byte	.LVL42
 1600 0143 0100     		.2byte	0x1
 1601 0145 55       		.byte	0x55
 1602 0146 14000000 		.4byte	.LVL42
 1603 014a 1C000000 		.4byte	.LFE65
 1604 014e 0100     		.2byte	0x1
 1605 0150 51       		.byte	0x51
 1606 0151 00000000 		.4byte	0
 1607 0155 00000000 		.4byte	0
 1608              	.LLST11:
 1609 0159 00000000 		.4byte	.LVL36
 1610 015d 08000000 		.4byte	.LVL38
 1611 0161 0100     		.2byte	0x1
 1612 0163 52       		.byte	0x52
 1613 0164 08000000 		.4byte	.LVL38
 1614 0168 1C000000 		.4byte	.LFE65
 1615 016c 0100     		.2byte	0x1
 1616 016e 56       		.byte	0x56
 1617 016f 00000000 		.4byte	0
 1618 0173 00000000 		.4byte	0
 1619              	.LLST12:
 1620 0177 04000000 		.4byte	.LVL37
 1621 017b 08000000 		.4byte	.LVL38
 1622 017f 0200     		.2byte	0x2
 1623 0181 30       		.byte	0x30
 1624 0182 9F       		.byte	0x9f
 1625 0183 08000000 		.4byte	.LVL38
 1626 0187 1C000000 		.4byte	.LFE65
 1627 018b 0100     		.2byte	0x1
 1628 018d 54       		.byte	0x54
 1629 018e 00000000 		.4byte	0
 1630 0192 00000000 		.4byte	0
 1631              		.section	.debug_aranges,"",%progbits
 1632 0000 2C000000 		.4byte	0x2c
 1633 0004 0200     		.2byte	0x2
 1634 0006 00000000 		.4byte	.Ldebug_info0
 1635 000a 04       		.byte	0x4
 1636 000b 00       		.byte	0
 1637 000c 0000     		.2byte	0
 1638 000e 0000     		.2byte	0
 1639 0010 00000000 		.4byte	.LFB64
 1640 0014 06000000 		.4byte	.LFE64-.LFB64
 1641 0018 00000000 		.4byte	.LFB63
 1642 001c CC000000 		.4byte	.LFE63-.LFB63
 1643 0020 00000000 		.4byte	.LFB65
 1644 0024 1C000000 		.4byte	.LFE65-.LFB65
 1645 0028 00000000 		.4byte	0
 1646 002c 00000000 		.4byte	0
 1647              		.section	.debug_ranges,"",%progbits
 1648              	.Ldebug_ranges0:
 1649 0000 00000000 		.4byte	.LFB64
 1650 0004 06000000 		.4byte	.LFE64
 1651 0008 00000000 		.4byte	.LFB63
 1652 000c CC000000 		.4byte	.LFE63
 1653 0010 00000000 		.4byte	.LFB65
 1654 0014 1C000000 		.4byte	.LFE65
 1655 0018 00000000 		.4byte	0
ARM GAS  C:\Users\dufma\AppData\Local\Temp\ccJg85Uw.s 			page 36


 1656 001c 00000000 		.4byte	0
 1657              		.section	.debug_line,"",%progbits
 1658              	.Ldebug_line0:
 1659 0000 38020000 		.section	.debug_str,"MS",%progbits,1
 1659      0200A701 
 1659      00000201 
 1659      FB0E0D00 
 1659      01010101 
 1660              	.LASF36:
 1661 0000 6765744C 		.ascii	"getLux\000"
 1661      757800
 1662              	.LASF20:
 1663 0007 73656E73 		.ascii	"sensors_\000"
 1663      6F72735F 
 1663      00
 1664              	.LASF16:
 1665 0010 666C6F61 		.ascii	"float\000"
 1665      7400
 1666              	.LASF5:
 1667 0016 5F5F696E 		.ascii	"__int32_t\000"
 1667      7433325F 
 1667      7400
 1668              	.LASF3:
 1669 0020 73686F72 		.ascii	"short unsigned int\000"
 1669      7420756E 
 1669      7369676E 
 1669      65642069 
 1669      6E7400
 1670              	.LASF34:
 1671 0033 64696769 		.ascii	"digital_sensor_value\000"
 1671      74616C5F 
 1671      73656E73 
 1671      6F725F76 
 1671      616C7565 
 1672              	.LASF46:
 1673 0048 4932435F 		.ascii	"I2C_write\000"
 1673      77726974 
 1673      6500
 1674              	.LASF2:
 1675 0052 73686F72 		.ascii	"short int\000"
 1675      7420696E 
 1675      7400
 1676              	.LASF13:
 1677 005c 75696E74 		.ascii	"uint8\000"
 1677      3800
 1678              	.LASF39:
 1679 0062 4932435F 		.ascii	"I2C_Start\000"
 1679      53746172 
 1679      7400
 1680              	.LASF12:
 1681 006c 696E7433 		.ascii	"int32_t\000"
 1681      325F7400 
 1682              	.LASF41:
 1683 0074 2E5C6D61 		.ascii	".\\main.c\000"
 1683      696E2E63 
 1683      00
 1684              	.LASF42:
ARM GAS  C:\Users\dufma\AppData\Local\Temp\ccJg85Uw.s 			page 37


 1685 007d 433A5C55 		.ascii	"C:\\Users\\dufma\\Desktop\\Project\\Docu\\ZumoBot_L"
 1685      73657273 
 1685      5C647566 
 1685      6D615C44 
 1685      65736B74 
 1686 00aa 69622E63 		.ascii	"ib.cydsn\000"
 1686      7964736E 
 1686      00
 1687              	.LASF28:
 1688 00b3 64617461 		.ascii	"data\000"
 1688      00
 1689              	.LASF31:
 1690 00b8 66696C65 		.ascii	"file\000"
 1690      00
 1691              	.LASF1:
 1692 00bd 756E7369 		.ascii	"unsigned char\000"
 1692      676E6564 
 1692      20636861 
 1692      7200
 1693              	.LASF25:
 1694 00cb 44617461 		.ascii	"Data0High\000"
 1694      30486967 
 1694      6800
 1695              	.LASF15:
 1696 00d5 696E7431 		.ascii	"int16\000"
 1696      3600
 1697              	.LASF7:
 1698 00db 6C6F6E67 		.ascii	"long unsigned int\000"
 1698      20756E73 
 1698      69676E65 
 1698      6420696E 
 1698      7400
 1699              	.LASF21:
 1700 00ed 64696769 		.ascii	"digital_sensor_value_\000"
 1700      74616C5F 
 1700      73656E73 
 1700      6F725F76 
 1700      616C7565 
 1701              	.LASF38:
 1702 0103 55415254 		.ascii	"UART_Start\000"
 1702      5F537461 
 1702      727400
 1703              	.LASF32:
 1704 010e 49544D5F 		.ascii	"ITM_RxBuffer\000"
 1704      52784275 
 1704      66666572 
 1704      00
 1705              	.LASF4:
 1706 011b 5F5F7569 		.ascii	"__uint16_t\000"
 1706      6E743136 
 1706      5F7400
 1707              	.LASF17:
 1708 0126 646F7562 		.ascii	"double\000"
 1708      6C6500
 1709              	.LASF14:
 1710 012d 75696E74 		.ascii	"uint16\000"
 1710      313600
ARM GAS  C:\Users\dufma\AppData\Local\Temp\ccJg85Uw.s 			page 38


 1711              	.LASF26:
 1712 0134 44617461 		.ascii	"Data1Low\000"
 1712      314C6F77 
 1712      00
 1713              	.LASF40:
 1714 013d 474E5520 		.ascii	"GNU C 4.9.3 20150303 (release) [ARM/embedded-4_9-br"
 1714      4320342E 
 1714      392E3320 
 1714      32303135 
 1714      30333033 
 1715 0170 616E6368 		.ascii	"anch revision 221220] -mcpu=cortex-m3 -mthumb -g -O"
 1715      20726576 
 1715      6973696F 
 1715      6E203232 
 1715      31323230 
 1716 01a3 67202D66 		.ascii	"g -ffunction-sections -ffat-lto-objects\000"
 1716      66756E63 
 1716      74696F6E 
 1716      2D736563 
 1716      74696F6E 
 1717              	.LASF24:
 1718 01cb 44617461 		.ascii	"Data0Low\000"
 1718      304C6F77 
 1718      00
 1719              	.LASF10:
 1720 01d4 756E7369 		.ascii	"unsigned int\000"
 1720      676E6564 
 1720      20696E74 
 1720      00
 1721              	.LASF27:
 1722 01e1 44617461 		.ascii	"Data1High\000"
 1722      31486967 
 1722      6800
 1723              	.LASF9:
 1724 01eb 6C6F6E67 		.ascii	"long long unsigned int\000"
 1724      206C6F6E 
 1724      6720756E 
 1724      7369676E 
 1724      65642069 
 1725              	.LASF29:
 1726 0202 636F6E76 		.ascii	"convert_raw\000"
 1726      6572745F 
 1726      72617700 
 1727              	.LASF30:
 1728 020e 5F777269 		.ascii	"_write\000"
 1728      746500
 1729              	.LASF43:
 1730 0215 6D61696E 		.ascii	"main\000"
 1730      00
 1731              	.LASF22:
 1732 021a 6C6F6E67 		.ascii	"long double\000"
 1732      20646F75 
 1732      626C6500 
 1733              	.LASF47:
 1734 0226 55415254 		.ascii	"UART_PutChar\000"
 1734      5F507574 
 1734      43686172 
ARM GAS  C:\Users\dufma\AppData\Local\Temp\ccJg85Uw.s 			page 39


 1734      00
 1735              	.LASF19:
 1736 0233 73697A65 		.ascii	"sizetype\000"
 1736      74797065 
 1736      00
 1737              	.LASF8:
 1738 023c 6C6F6E67 		.ascii	"long long int\000"
 1738      206C6F6E 
 1738      6720696E 
 1738      7400
 1739              	.LASF18:
 1740 024a 63686172 		.ascii	"char\000"
 1740      00
 1741              	.LASF23:
 1742 024f 76616C75 		.ascii	"value\000"
 1742      6500
 1743              	.LASF37:
 1744 0255 7072696E 		.ascii	"printf\000"
 1744      746600
 1745              	.LASF35:
 1746 025c 4932435F 		.ascii	"I2C_read\000"
 1746      72656164 
 1746      00
 1747              	.LASF11:
 1748 0265 75696E74 		.ascii	"uint16_t\000"
 1748      31365F74 
 1748      00
 1749              	.LASF6:
 1750 026e 6C6F6E67 		.ascii	"long int\000"
 1750      20696E74 
 1750      00
 1751              	.LASF45:
 1752 0277 70757473 		.ascii	"puts\000"
 1752      00
 1753              	.LASF0:
 1754 027c 7369676E 		.ascii	"signed char\000"
 1754      65642063 
 1754      68617200 
 1755              	.LASF44:
 1756 0288 5F5F6275 		.ascii	"__builtin_puts\000"
 1756      696C7469 
 1756      6E5F7075 
 1756      747300
 1757              	.LASF33:
 1758 0297 73656E73 		.ascii	"sensors\000"
 1758      6F727300 
 1759              		.ident	"GCC: (GNU Tools for ARM Embedded Processors) 4.9.3 20150303 (release) [ARM/embedded-4_9-br
