ARM GAS  C:\Users\dufma\AppData\Local\Temp\ccILEA17.s 			page 1


   1              		.syntax unified
   2              		.cpu cortex-m3
   3              		.fpu softvfp
   4              		.eabi_attribute 20, 1
   5              		.eabi_attribute 21, 1
   6              		.eabi_attribute 23, 3
   7              		.eabi_attribute 24, 1
   8              		.eabi_attribute 25, 1
   9              		.eabi_attribute 26, 1
  10              		.eabi_attribute 30, 1
  11              		.eabi_attribute 34, 1
  12              		.eabi_attribute 18, 4
  13              		.thumb
  14              		.file	"Motor.c"
  15              		.text
  16              	.Ltext0:
  17              		.cfi_sections	.debug_frame
  18              		.section	.text.motor_Start,"ax",%progbits
  19              		.align	2
  20              		.global	motor_Start
  21              		.thumb
  22              		.thumb_func
  23              		.type	motor_Start, %function
  24              	motor_Start:
  25              	.LFB63:
  26              		.file 1 ".\\Motor.c"
   1:.\Motor.c     **** /**
   2:.\Motor.c     ****  * @file    Motor.c
   3:.\Motor.c     ****  * @brief   Basic methods for operating motor sensor. For more details, please refer to Motor.h fil
   4:.\Motor.c     ****  * @details included in Zumo shield
   5:.\Motor.c     **** */
   6:.\Motor.c     **** #include "Motor.h"
   7:.\Motor.c     **** 
   8:.\Motor.c     **** 
   9:.\Motor.c     **** /**
  10:.\Motor.c     **** * @brief    Starting motor sensors
  11:.\Motor.c     **** * @details  
  12:.\Motor.c     **** */
  13:.\Motor.c     **** void motor_Start()
  14:.\Motor.c     **** {
  27              		.loc 1 14 0
  28              		.cfi_startproc
  29              		@ args = 0, pretend = 0, frame = 0
  30              		@ frame_needed = 0, uses_anonymous_args = 0
  31 0000 08B5     		push	{r3, lr}
  32              		.cfi_def_cfa_offset 8
  33              		.cfi_offset 3, -8
  34              		.cfi_offset 14, -4
  15:.\Motor.c     ****     PWM_Start();
  35              		.loc 1 15 0
  36 0002 FFF7FEFF 		bl	PWM_Start
  37              	.LVL0:
  38 0006 08BD     		pop	{r3, pc}
  39              		.cfi_endproc
  40              	.LFE63:
  41              		.size	motor_Start, .-motor_Start
  42              		.section	.text.motor_Stop,"ax",%progbits
ARM GAS  C:\Users\dufma\AppData\Local\Temp\ccILEA17.s 			page 2


  43              		.align	2
  44              		.global	motor_Stop
  45              		.thumb
  46              		.thumb_func
  47              		.type	motor_Stop, %function
  48              	motor_Stop:
  49              	.LFB64:
  16:.\Motor.c     **** }
  17:.\Motor.c     **** 
  18:.\Motor.c     **** 
  19:.\Motor.c     **** /**
  20:.\Motor.c     **** * @brief    Stopping motor sensors
  21:.\Motor.c     **** * @details
  22:.\Motor.c     **** */
  23:.\Motor.c     **** void motor_Stop()
  24:.\Motor.c     **** {
  50              		.loc 1 24 0
  51              		.cfi_startproc
  52              		@ args = 0, pretend = 0, frame = 0
  53              		@ frame_needed = 0, uses_anonymous_args = 0
  54 0000 08B5     		push	{r3, lr}
  55              		.cfi_def_cfa_offset 8
  56              		.cfi_offset 3, -8
  57              		.cfi_offset 14, -4
  25:.\Motor.c     ****     PWM_Stop();
  58              		.loc 1 25 0
  59 0002 FFF7FEFF 		bl	PWM_Stop
  60              	.LVL1:
  61 0006 08BD     		pop	{r3, pc}
  62              		.cfi_endproc
  63              	.LFE64:
  64              		.size	motor_Stop, .-motor_Stop
  65              		.section	.text.motor_forward,"ax",%progbits
  66              		.align	2
  67              		.global	motor_forward
  68              		.thumb
  69              		.thumb_func
  70              		.type	motor_forward, %function
  71              	motor_forward:
  72              	.LFB65:
  26:.\Motor.c     **** }
  27:.\Motor.c     **** 
  28:.\Motor.c     **** 
  29:.\Motor.c     **** /**
  30:.\Motor.c     **** * @brief    Moving motors forward
  31:.\Motor.c     **** * @details  giveing same speed to each side of PWM to make motors go forward
  32:.\Motor.c     **** * @param    uint8 speed : speed value
  33:.\Motor.c     **** * @param    uint32 delay : delay time
  34:.\Motor.c     **** */
  35:.\Motor.c     **** void motor_forward(uint8 speed,uint32 delay)
  36:.\Motor.c     **** {
  73              		.loc 1 36 0
  74              		.cfi_startproc
  75              		@ args = 0, pretend = 0, frame = 0
  76              		@ frame_needed = 0, uses_anonymous_args = 0
  77              	.LVL2:
  78 0000 38B5     		push	{r3, r4, r5, lr}
ARM GAS  C:\Users\dufma\AppData\Local\Temp\ccILEA17.s 			page 3


  79              		.cfi_def_cfa_offset 16
  80              		.cfi_offset 3, -16
  81              		.cfi_offset 4, -12
  82              		.cfi_offset 5, -8
  83              		.cfi_offset 14, -4
  84 0002 0546     		mov	r5, r0
  85 0004 0C46     		mov	r4, r1
  37:.\Motor.c     ****     PWM_WriteCompare1(speed); 
  86              		.loc 1 37 0
  87 0006 FFF7FEFF 		bl	PWM_WriteCompare1
  88              	.LVL3:
  38:.\Motor.c     ****     PWM_WriteCompare2(speed); 
  89              		.loc 1 38 0
  90 000a 2846     		mov	r0, r5
  91 000c FFF7FEFF 		bl	PWM_WriteCompare2
  92              	.LVL4:
  39:.\Motor.c     ****     CyDelay(delay);
  93              		.loc 1 39 0
  94 0010 2046     		mov	r0, r4
  95 0012 FFF7FEFF 		bl	CyDelay
  96              	.LVL5:
  97 0016 38BD     		pop	{r3, r4, r5, pc}
  98              		.cfi_endproc
  99              	.LFE65:
 100              		.size	motor_forward, .-motor_forward
 101              		.section	.text.motor_turn,"ax",%progbits
 102              		.align	2
 103              		.global	motor_turn
 104              		.thumb
 105              		.thumb_func
 106              		.type	motor_turn, %function
 107              	motor_turn:
 108              	.LFB66:
  40:.\Motor.c     **** }
  41:.\Motor.c     **** 
  42:.\Motor.c     **** 
  43:.\Motor.c     **** /**
  44:.\Motor.c     **** * @brief    Moving motors to make a turn 
  45:.\Motor.c     **** * @details  moving left when l_speed < r_speed or moving right when l_speed > r_speed
  46:.\Motor.c     **** * @param    uint8 l_speed : left motor speed value
  47:.\Motor.c     **** * @param    uint8 r_speed : right motor speed value
  48:.\Motor.c     **** * @param    uint32 delay : delay time
  49:.\Motor.c     **** */
  50:.\Motor.c     **** void motor_turn(uint8 l_speed, uint8 r_speed, uint32 delay)
  51:.\Motor.c     **** {
 109              		.loc 1 51 0
 110              		.cfi_startproc
 111              		@ args = 0, pretend = 0, frame = 0
 112              		@ frame_needed = 0, uses_anonymous_args = 0
 113              	.LVL6:
 114 0000 38B5     		push	{r3, r4, r5, lr}
 115              		.cfi_def_cfa_offset 16
 116              		.cfi_offset 3, -16
 117              		.cfi_offset 4, -12
 118              		.cfi_offset 5, -8
 119              		.cfi_offset 14, -4
 120 0002 0D46     		mov	r5, r1
ARM GAS  C:\Users\dufma\AppData\Local\Temp\ccILEA17.s 			page 4


 121 0004 1446     		mov	r4, r2
  52:.\Motor.c     ****     PWM_WriteCompare1(l_speed); 
 122              		.loc 1 52 0
 123 0006 FFF7FEFF 		bl	PWM_WriteCompare1
 124              	.LVL7:
  53:.\Motor.c     ****     PWM_WriteCompare2(r_speed); 
 125              		.loc 1 53 0
 126 000a 2846     		mov	r0, r5
 127 000c FFF7FEFF 		bl	PWM_WriteCompare2
 128              	.LVL8:
  54:.\Motor.c     ****     CyDelay(delay);
 129              		.loc 1 54 0
 130 0010 2046     		mov	r0, r4
 131 0012 FFF7FEFF 		bl	CyDelay
 132              	.LVL9:
 133 0016 38BD     		pop	{r3, r4, r5, pc}
 134              		.cfi_endproc
 135              	.LFE66:
 136              		.size	motor_turn, .-motor_turn
 137              		.section	.text.motor_backward,"ax",%progbits
 138              		.align	2
 139              		.global	motor_backward
 140              		.thumb
 141              		.thumb_func
 142              		.type	motor_backward, %function
 143              	motor_backward:
 144              	.LFB67:
  55:.\Motor.c     **** }
  56:.\Motor.c     **** 
  57:.\Motor.c     **** 
  58:.\Motor.c     **** /**
  59:.\Motor.c     **** * @brief    Moving motors backward
  60:.\Motor.c     **** * @details  setting backward mode to each motors and gives same speed to each side of PWM
  61:.\Motor.c     **** * @param    uint8 speed : speed value
  62:.\Motor.c     **** * @param    uint32 delay : delay time
  63:.\Motor.c     **** */
  64:.\Motor.c     **** void motor_backward(uint8 speed,uint32 delay)
  65:.\Motor.c     **** {
 145              		.loc 1 65 0
 146              		.cfi_startproc
 147              		@ args = 0, pretend = 0, frame = 0
 148              		@ frame_needed = 0, uses_anonymous_args = 0
 149              	.LVL10:
 150 0000 38B5     		push	{r3, r4, r5, lr}
 151              		.cfi_def_cfa_offset 16
 152              		.cfi_offset 3, -16
 153              		.cfi_offset 4, -12
 154              		.cfi_offset 5, -8
 155              		.cfi_offset 14, -4
 156 0002 0446     		mov	r4, r0
 157 0004 0D46     		mov	r5, r1
  66:.\Motor.c     ****     MotorDirLeft_Write(1);      // set LeftMotor backward mode
 158              		.loc 1 66 0
 159 0006 0120     		movs	r0, #1
 160              	.LVL11:
 161 0008 FFF7FEFF 		bl	MotorDirLeft_Write
 162              	.LVL12:
ARM GAS  C:\Users\dufma\AppData\Local\Temp\ccILEA17.s 			page 5


  67:.\Motor.c     ****     MotorDirRight_Write(1);     // set RightMotor backward mode
 163              		.loc 1 67 0
 164 000c 0120     		movs	r0, #1
 165 000e FFF7FEFF 		bl	MotorDirRight_Write
 166              	.LVL13:
  68:.\Motor.c     ****     PWM_WriteCompare1(speed); 
 167              		.loc 1 68 0
 168 0012 2046     		mov	r0, r4
 169 0014 FFF7FEFF 		bl	PWM_WriteCompare1
 170              	.LVL14:
  69:.\Motor.c     ****     PWM_WriteCompare2(speed); 
 171              		.loc 1 69 0
 172 0018 2046     		mov	r0, r4
 173 001a FFF7FEFF 		bl	PWM_WriteCompare2
 174              	.LVL15:
  70:.\Motor.c     ****     CyDelay(delay);
 175              		.loc 1 70 0
 176 001e 2846     		mov	r0, r5
 177 0020 FFF7FEFF 		bl	CyDelay
 178              	.LVL16:
 179 0024 38BD     		pop	{r3, r4, r5, pc}
 180              		.cfi_endproc
 181              	.LFE67:
 182              		.size	motor_backward, .-motor_backward
 183 0026 00BF     		.text
 184              	.Letext0:
 185              		.file 2 "c:\\program files (x86)\\cypress\\psoc creator\\3.3\\psoc creator\\import\\gnu\\arm\\4.9.
 186              		.file 3 "c:\\program files (x86)\\cypress\\psoc creator\\3.3\\psoc creator\\import\\gnu\\arm\\4.9.
 187              		.file 4 "Generated_Source\\PSoC5/cytypes.h"
 188              		.file 5 "Generated_Source\\PSoC5/PWM.h"
 189              		.file 6 "Generated_Source\\PSoC5/CyLib.h"
 190              		.file 7 "Generated_Source\\PSoC5/MotorDirLeft.h"
 191              		.file 8 "Generated_Source\\PSoC5/core_cm3.h"
 192              		.file 9 "Generated_Source\\PSoC5/MotorDirRight.h"
 193              		.section	.debug_info,"",%progbits
 194              	.Ldebug_info0:
 195 0000 CE020000 		.4byte	0x2ce
 196 0004 0400     		.2byte	0x4
 197 0006 00000000 		.4byte	.Ldebug_abbrev0
 198 000a 04       		.byte	0x4
 199 000b 01       		.uleb128 0x1
 200 000c AB000000 		.4byte	.LASF32
 201 0010 01       		.byte	0x1
 202 0011 94010000 		.4byte	.LASF33
 203 0015 9E010000 		.4byte	.LASF34
 204 0019 00000000 		.4byte	.Ldebug_ranges0+0
 205 001d 00000000 		.4byte	0
 206 0021 00000000 		.4byte	.Ldebug_line0
 207 0025 02       		.uleb128 0x2
 208 0026 01       		.byte	0x1
 209 0027 06       		.byte	0x6
 210 0028 2F020000 		.4byte	.LASF0
 211 002c 02       		.uleb128 0x2
 212 002d 01       		.byte	0x1
 213 002e 08       		.byte	0x8
 214 002f 4F000000 		.4byte	.LASF1
 215 0033 02       		.uleb128 0x2
ARM GAS  C:\Users\dufma\AppData\Local\Temp\ccILEA17.s 			page 6


 216 0034 02       		.byte	0x2
 217 0035 05       		.byte	0x5
 218 0036 09020000 		.4byte	.LASF2
 219 003a 02       		.uleb128 0x2
 220 003b 02       		.byte	0x2
 221 003c 07       		.byte	0x7
 222 003d 47020000 		.4byte	.LASF3
 223 0041 03       		.uleb128 0x3
 224 0042 00000000 		.4byte	.LASF9
 225 0046 02       		.byte	0x2
 226 0047 3F       		.byte	0x3f
 227 0048 4C000000 		.4byte	0x4c
 228 004c 02       		.uleb128 0x2
 229 004d 04       		.byte	0x4
 230 004e 05       		.byte	0x5
 231 004f 26020000 		.4byte	.LASF4
 232 0053 02       		.uleb128 0x2
 233 0054 04       		.byte	0x4
 234 0055 07       		.byte	0x7
 235 0056 5D000000 		.4byte	.LASF5
 236 005a 02       		.uleb128 0x2
 237 005b 08       		.byte	0x8
 238 005c 05       		.byte	0x5
 239 005d F6010000 		.4byte	.LASF6
 240 0061 02       		.uleb128 0x2
 241 0062 08       		.byte	0x8
 242 0063 07       		.byte	0x7
 243 0064 4E010000 		.4byte	.LASF7
 244 0068 04       		.uleb128 0x4
 245 0069 04       		.byte	0x4
 246 006a 05       		.byte	0x5
 247 006b 696E7400 		.ascii	"int\000"
 248 006f 02       		.uleb128 0x2
 249 0070 04       		.byte	0x4
 250 0071 07       		.byte	0x7
 251 0072 39010000 		.4byte	.LASF8
 252 0076 03       		.uleb128 0x3
 253 0077 35000000 		.4byte	.LASF10
 254 007b 03       		.byte	0x3
 255 007c 2C       		.byte	0x2c
 256 007d 41000000 		.4byte	0x41
 257 0081 05       		.uleb128 0x5
 258 0082 43000000 		.4byte	.LASF11
 259 0086 04       		.byte	0x4
 260 0087 3801     		.2byte	0x138
 261 0089 2C000000 		.4byte	0x2c
 262 008d 05       		.uleb128 0x5
 263 008e A4000000 		.4byte	.LASF12
 264 0092 04       		.byte	0x4
 265 0093 3A01     		.2byte	0x13a
 266 0095 53000000 		.4byte	0x53
 267 0099 02       		.uleb128 0x2
 268 009a 04       		.byte	0x4
 269 009b 04       		.byte	0x4
 270 009c 3D000000 		.4byte	.LASF13
 271 00a0 02       		.uleb128 0x2
 272 00a1 08       		.byte	0x8
ARM GAS  C:\Users\dufma\AppData\Local\Temp\ccILEA17.s 			page 7


 273 00a2 04       		.byte	0x4
 274 00a3 9D000000 		.4byte	.LASF14
 275 00a7 02       		.uleb128 0x2
 276 00a8 01       		.byte	0x1
 277 00a9 08       		.byte	0x8
 278 00aa 04020000 		.4byte	.LASF15
 279 00ae 02       		.uleb128 0x2
 280 00af 04       		.byte	0x4
 281 00b0 07       		.byte	0x7
 282 00b1 ED010000 		.4byte	.LASF16
 283 00b5 06       		.uleb128 0x6
 284 00b6 3B020000 		.4byte	.LASF17
 285 00ba 01       		.byte	0x1
 286 00bb 0D       		.byte	0xd
 287 00bc 00000000 		.4byte	.LFB63
 288 00c0 08000000 		.4byte	.LFE63-.LFB63
 289 00c4 01       		.uleb128 0x1
 290 00c5 9C       		.byte	0x9c
 291 00c6 D4000000 		.4byte	0xd4
 292 00ca 07       		.uleb128 0x7
 293 00cb 06000000 		.4byte	.LVL0
 294 00cf 72020000 		.4byte	0x272
 295 00d3 00       		.byte	0
 296 00d4 06       		.uleb128 0x6
 297 00d5 DC010000 		.4byte	.LASF18
 298 00d9 01       		.byte	0x1
 299 00da 17       		.byte	0x17
 300 00db 00000000 		.4byte	.LFB64
 301 00df 08000000 		.4byte	.LFE64-.LFB64
 302 00e3 01       		.uleb128 0x1
 303 00e4 9C       		.byte	0x9c
 304 00e5 F3000000 		.4byte	0xf3
 305 00e9 07       		.uleb128 0x7
 306 00ea 06000000 		.4byte	.LVL1
 307 00ee 79020000 		.4byte	0x279
 308 00f2 00       		.byte	0
 309 00f3 08       		.uleb128 0x8
 310 00f4 8F000000 		.4byte	.LASF21
 311 00f8 01       		.byte	0x1
 312 00f9 23       		.byte	0x23
 313 00fa 00000000 		.4byte	.LFB65
 314 00fe 18000000 		.4byte	.LFE65-.LFB65
 315 0102 01       		.uleb128 0x1
 316 0103 9C       		.byte	0x9c
 317 0104 5F010000 		.4byte	0x15f
 318 0108 09       		.uleb128 0x9
 319 0109 E7010000 		.4byte	.LASF19
 320 010d 01       		.byte	0x1
 321 010e 23       		.byte	0x23
 322 010f 81000000 		.4byte	0x81
 323 0113 00000000 		.4byte	.LLST0
 324 0117 09       		.uleb128 0x9
 325 0118 49000000 		.4byte	.LASF20
 326 011c 01       		.byte	0x1
 327 011d 23       		.byte	0x23
 328 011e 8D000000 		.4byte	0x8d
 329 0122 21000000 		.4byte	.LLST1
ARM GAS  C:\Users\dufma\AppData\Local\Temp\ccILEA17.s 			page 8


 330 0126 0A       		.uleb128 0xa
 331 0127 0A000000 		.4byte	.LVL3
 332 012b 80020000 		.4byte	0x280
 333 012f 3A010000 		.4byte	0x13a
 334 0133 0B       		.uleb128 0xb
 335 0134 01       		.uleb128 0x1
 336 0135 50       		.byte	0x50
 337 0136 02       		.uleb128 0x2
 338 0137 75       		.byte	0x75
 339 0138 00       		.sleb128 0
 340 0139 00       		.byte	0
 341 013a 0A       		.uleb128 0xa
 342 013b 10000000 		.4byte	.LVL4
 343 013f 91020000 		.4byte	0x291
 344 0143 4E010000 		.4byte	0x14e
 345 0147 0B       		.uleb128 0xb
 346 0148 01       		.uleb128 0x1
 347 0149 50       		.byte	0x50
 348 014a 02       		.uleb128 0x2
 349 014b 75       		.byte	0x75
 350 014c 00       		.sleb128 0
 351 014d 00       		.byte	0
 352 014e 0C       		.uleb128 0xc
 353 014f 16000000 		.4byte	.LVL5
 354 0153 A2020000 		.4byte	0x2a2
 355 0157 0B       		.uleb128 0xb
 356 0158 01       		.uleb128 0x1
 357 0159 50       		.byte	0x50
 358 015a 02       		.uleb128 0x2
 359 015b 74       		.byte	0x74
 360 015c 00       		.sleb128 0
 361 015d 00       		.byte	0
 362 015e 00       		.byte	0
 363 015f 08       		.uleb128 0x8
 364 0160 65010000 		.4byte	.LASF22
 365 0164 01       		.byte	0x1
 366 0165 32       		.byte	0x32
 367 0166 00000000 		.4byte	.LFB66
 368 016a 18000000 		.4byte	.LFE66-.LFB66
 369 016e 01       		.uleb128 0x1
 370 016f 9C       		.byte	0x9c
 371 0170 CF010000 		.4byte	0x1cf
 372 0174 09       		.uleb128 0x9
 373 0175 46010000 		.4byte	.LASF23
 374 0179 01       		.byte	0x1
 375 017a 32       		.byte	0x32
 376 017b 81000000 		.4byte	0x81
 377 017f 3F000000 		.4byte	.LLST2
 378 0183 09       		.uleb128 0x9
 379 0184 19000000 		.4byte	.LASF24
 380 0188 01       		.byte	0x1
 381 0189 32       		.byte	0x32
 382 018a 81000000 		.4byte	0x81
 383 018e 60000000 		.4byte	.LLST3
 384 0192 09       		.uleb128 0x9
 385 0193 49000000 		.4byte	.LASF20
 386 0197 01       		.byte	0x1
ARM GAS  C:\Users\dufma\AppData\Local\Temp\ccILEA17.s 			page 9


 387 0198 32       		.byte	0x32
 388 0199 8D000000 		.4byte	0x8d
 389 019d 81000000 		.4byte	.LLST4
 390 01a1 07       		.uleb128 0x7
 391 01a2 0A000000 		.4byte	.LVL7
 392 01a6 80020000 		.4byte	0x280
 393 01aa 0A       		.uleb128 0xa
 394 01ab 10000000 		.4byte	.LVL8
 395 01af 91020000 		.4byte	0x291
 396 01b3 BE010000 		.4byte	0x1be
 397 01b7 0B       		.uleb128 0xb
 398 01b8 01       		.uleb128 0x1
 399 01b9 50       		.byte	0x50
 400 01ba 02       		.uleb128 0x2
 401 01bb 75       		.byte	0x75
 402 01bc 00       		.sleb128 0
 403 01bd 00       		.byte	0
 404 01be 0C       		.uleb128 0xc
 405 01bf 16000000 		.4byte	.LVL9
 406 01c3 A2020000 		.4byte	0x2a2
 407 01c7 0B       		.uleb128 0xb
 408 01c8 01       		.uleb128 0x1
 409 01c9 50       		.byte	0x50
 410 01ca 02       		.uleb128 0x2
 411 01cb 74       		.byte	0x74
 412 01cc 00       		.sleb128 0
 413 01cd 00       		.byte	0
 414 01ce 00       		.byte	0
 415 01cf 08       		.uleb128 0x8
 416 01d0 0A000000 		.4byte	.LASF25
 417 01d4 01       		.byte	0x1
 418 01d5 40       		.byte	0x40
 419 01d6 00000000 		.4byte	.LFB67
 420 01da 26000000 		.4byte	.LFE67-.LFB67
 421 01de 01       		.uleb128 0x1
 422 01df 9C       		.byte	0x9c
 423 01e0 61020000 		.4byte	0x261
 424 01e4 09       		.uleb128 0x9
 425 01e5 E7010000 		.4byte	.LASF19
 426 01e9 01       		.byte	0x1
 427 01ea 40       		.byte	0x40
 428 01eb 81000000 		.4byte	0x81
 429 01ef 9F000000 		.4byte	.LLST5
 430 01f3 09       		.uleb128 0x9
 431 01f4 49000000 		.4byte	.LASF20
 432 01f8 01       		.byte	0x1
 433 01f9 40       		.byte	0x40
 434 01fa 8D000000 		.4byte	0x8d
 435 01fe C0000000 		.4byte	.LLST6
 436 0202 0A       		.uleb128 0xa
 437 0203 0C000000 		.4byte	.LVL12
 438 0207 B3020000 		.4byte	0x2b3
 439 020b 15020000 		.4byte	0x215
 440 020f 0B       		.uleb128 0xb
 441 0210 01       		.uleb128 0x1
 442 0211 50       		.byte	0x50
 443 0212 01       		.uleb128 0x1
ARM GAS  C:\Users\dufma\AppData\Local\Temp\ccILEA17.s 			page 10


 444 0213 31       		.byte	0x31
 445 0214 00       		.byte	0
 446 0215 0A       		.uleb128 0xa
 447 0216 12000000 		.4byte	.LVL13
 448 021a C4020000 		.4byte	0x2c4
 449 021e 28020000 		.4byte	0x228
 450 0222 0B       		.uleb128 0xb
 451 0223 01       		.uleb128 0x1
 452 0224 50       		.byte	0x50
 453 0225 01       		.uleb128 0x1
 454 0226 31       		.byte	0x31
 455 0227 00       		.byte	0
 456 0228 0A       		.uleb128 0xa
 457 0229 18000000 		.4byte	.LVL14
 458 022d 80020000 		.4byte	0x280
 459 0231 3C020000 		.4byte	0x23c
 460 0235 0B       		.uleb128 0xb
 461 0236 01       		.uleb128 0x1
 462 0237 50       		.byte	0x50
 463 0238 02       		.uleb128 0x2
 464 0239 74       		.byte	0x74
 465 023a 00       		.sleb128 0
 466 023b 00       		.byte	0
 467 023c 0A       		.uleb128 0xa
 468 023d 1E000000 		.4byte	.LVL15
 469 0241 91020000 		.4byte	0x291
 470 0245 50020000 		.4byte	0x250
 471 0249 0B       		.uleb128 0xb
 472 024a 01       		.uleb128 0x1
 473 024b 50       		.byte	0x50
 474 024c 02       		.uleb128 0x2
 475 024d 74       		.byte	0x74
 476 024e 00       		.sleb128 0
 477 024f 00       		.byte	0
 478 0250 0C       		.uleb128 0xc
 479 0251 24000000 		.4byte	.LVL16
 480 0255 A2020000 		.4byte	0x2a2
 481 0259 0B       		.uleb128 0xb
 482 025a 01       		.uleb128 0x1
 483 025b 50       		.byte	0x50
 484 025c 02       		.uleb128 0x2
 485 025d 75       		.byte	0x75
 486 025e 00       		.sleb128 0
 487 025f 00       		.byte	0
 488 0260 00       		.byte	0
 489 0261 0D       		.uleb128 0xd
 490 0262 82000000 		.4byte	.LASF35
 491 0266 08       		.byte	0x8
 492 0267 5506     		.2byte	0x655
 493 0269 6D020000 		.4byte	0x26d
 494 026d 0E       		.uleb128 0xe
 495 026e 76000000 		.4byte	0x76
 496 0272 0F       		.uleb128 0xf
 497 0273 13020000 		.4byte	.LASF26
 498 0277 05       		.byte	0x5
 499 0278 92       		.byte	0x92
 500 0279 0F       		.uleb128 0xf
ARM GAS  C:\Users\dufma\AppData\Local\Temp\ccILEA17.s 			page 11


 501 027a 1D020000 		.4byte	.LASF27
 502 027e 05       		.byte	0x5
 503 027f 93       		.byte	0x93
 504 0280 10       		.uleb128 0x10
 505 0281 70010000 		.4byte	.LASF28
 506 0285 05       		.byte	0x5
 507 0286 C7       		.byte	0xc7
 508 0287 91020000 		.4byte	0x291
 509 028b 11       		.uleb128 0x11
 510 028c 81000000 		.4byte	0x81
 511 0290 00       		.byte	0
 512 0291 10       		.uleb128 0x10
 513 0292 82010000 		.4byte	.LASF29
 514 0296 05       		.byte	0x5
 515 0297 CA       		.byte	0xca
 516 0298 A2020000 		.4byte	0x2a2
 517 029c 11       		.uleb128 0x11
 518 029d 81000000 		.4byte	0x81
 519 02a1 00       		.byte	0
 520 02a2 10       		.uleb128 0x10
 521 02a3 5A020000 		.4byte	.LASF30
 522 02a7 06       		.byte	0x6
 523 02a8 77       		.byte	0x77
 524 02a9 B3020000 		.4byte	0x2b3
 525 02ad 11       		.uleb128 0x11
 526 02ae 8D000000 		.4byte	0x8d
 527 02b2 00       		.byte	0
 528 02b3 10       		.uleb128 0x10
 529 02b4 6F000000 		.4byte	.LASF31
 530 02b8 07       		.byte	0x7
 531 02b9 26       		.byte	0x26
 532 02ba C4020000 		.4byte	0x2c4
 533 02be 11       		.uleb128 0x11
 534 02bf 81000000 		.4byte	0x81
 535 02c3 00       		.byte	0
 536 02c4 12       		.uleb128 0x12
 537 02c5 21000000 		.4byte	.LASF36
 538 02c9 09       		.byte	0x9
 539 02ca 26       		.byte	0x26
 540 02cb 11       		.uleb128 0x11
 541 02cc 81000000 		.4byte	0x81
 542 02d0 00       		.byte	0
 543 02d1 00       		.byte	0
 544              		.section	.debug_abbrev,"",%progbits
 545              	.Ldebug_abbrev0:
 546 0000 01       		.uleb128 0x1
 547 0001 11       		.uleb128 0x11
 548 0002 01       		.byte	0x1
 549 0003 25       		.uleb128 0x25
 550 0004 0E       		.uleb128 0xe
 551 0005 13       		.uleb128 0x13
 552 0006 0B       		.uleb128 0xb
 553 0007 03       		.uleb128 0x3
 554 0008 0E       		.uleb128 0xe
 555 0009 1B       		.uleb128 0x1b
 556 000a 0E       		.uleb128 0xe
 557 000b 55       		.uleb128 0x55
ARM GAS  C:\Users\dufma\AppData\Local\Temp\ccILEA17.s 			page 12


 558 000c 17       		.uleb128 0x17
 559 000d 11       		.uleb128 0x11
 560 000e 01       		.uleb128 0x1
 561 000f 10       		.uleb128 0x10
 562 0010 17       		.uleb128 0x17
 563 0011 00       		.byte	0
 564 0012 00       		.byte	0
 565 0013 02       		.uleb128 0x2
 566 0014 24       		.uleb128 0x24
 567 0015 00       		.byte	0
 568 0016 0B       		.uleb128 0xb
 569 0017 0B       		.uleb128 0xb
 570 0018 3E       		.uleb128 0x3e
 571 0019 0B       		.uleb128 0xb
 572 001a 03       		.uleb128 0x3
 573 001b 0E       		.uleb128 0xe
 574 001c 00       		.byte	0
 575 001d 00       		.byte	0
 576 001e 03       		.uleb128 0x3
 577 001f 16       		.uleb128 0x16
 578 0020 00       		.byte	0
 579 0021 03       		.uleb128 0x3
 580 0022 0E       		.uleb128 0xe
 581 0023 3A       		.uleb128 0x3a
 582 0024 0B       		.uleb128 0xb
 583 0025 3B       		.uleb128 0x3b
 584 0026 0B       		.uleb128 0xb
 585 0027 49       		.uleb128 0x49
 586 0028 13       		.uleb128 0x13
 587 0029 00       		.byte	0
 588 002a 00       		.byte	0
 589 002b 04       		.uleb128 0x4
 590 002c 24       		.uleb128 0x24
 591 002d 00       		.byte	0
 592 002e 0B       		.uleb128 0xb
 593 002f 0B       		.uleb128 0xb
 594 0030 3E       		.uleb128 0x3e
 595 0031 0B       		.uleb128 0xb
 596 0032 03       		.uleb128 0x3
 597 0033 08       		.uleb128 0x8
 598 0034 00       		.byte	0
 599 0035 00       		.byte	0
 600 0036 05       		.uleb128 0x5
 601 0037 16       		.uleb128 0x16
 602 0038 00       		.byte	0
 603 0039 03       		.uleb128 0x3
 604 003a 0E       		.uleb128 0xe
 605 003b 3A       		.uleb128 0x3a
 606 003c 0B       		.uleb128 0xb
 607 003d 3B       		.uleb128 0x3b
 608 003e 05       		.uleb128 0x5
 609 003f 49       		.uleb128 0x49
 610 0040 13       		.uleb128 0x13
 611 0041 00       		.byte	0
 612 0042 00       		.byte	0
 613 0043 06       		.uleb128 0x6
 614 0044 2E       		.uleb128 0x2e
ARM GAS  C:\Users\dufma\AppData\Local\Temp\ccILEA17.s 			page 13


 615 0045 01       		.byte	0x1
 616 0046 3F       		.uleb128 0x3f
 617 0047 19       		.uleb128 0x19
 618 0048 03       		.uleb128 0x3
 619 0049 0E       		.uleb128 0xe
 620 004a 3A       		.uleb128 0x3a
 621 004b 0B       		.uleb128 0xb
 622 004c 3B       		.uleb128 0x3b
 623 004d 0B       		.uleb128 0xb
 624 004e 11       		.uleb128 0x11
 625 004f 01       		.uleb128 0x1
 626 0050 12       		.uleb128 0x12
 627 0051 06       		.uleb128 0x6
 628 0052 40       		.uleb128 0x40
 629 0053 18       		.uleb128 0x18
 630 0054 9742     		.uleb128 0x2117
 631 0056 19       		.uleb128 0x19
 632 0057 01       		.uleb128 0x1
 633 0058 13       		.uleb128 0x13
 634 0059 00       		.byte	0
 635 005a 00       		.byte	0
 636 005b 07       		.uleb128 0x7
 637 005c 898201   		.uleb128 0x4109
 638 005f 00       		.byte	0
 639 0060 11       		.uleb128 0x11
 640 0061 01       		.uleb128 0x1
 641 0062 31       		.uleb128 0x31
 642 0063 13       		.uleb128 0x13
 643 0064 00       		.byte	0
 644 0065 00       		.byte	0
 645 0066 08       		.uleb128 0x8
 646 0067 2E       		.uleb128 0x2e
 647 0068 01       		.byte	0x1
 648 0069 3F       		.uleb128 0x3f
 649 006a 19       		.uleb128 0x19
 650 006b 03       		.uleb128 0x3
 651 006c 0E       		.uleb128 0xe
 652 006d 3A       		.uleb128 0x3a
 653 006e 0B       		.uleb128 0xb
 654 006f 3B       		.uleb128 0x3b
 655 0070 0B       		.uleb128 0xb
 656 0071 27       		.uleb128 0x27
 657 0072 19       		.uleb128 0x19
 658 0073 11       		.uleb128 0x11
 659 0074 01       		.uleb128 0x1
 660 0075 12       		.uleb128 0x12
 661 0076 06       		.uleb128 0x6
 662 0077 40       		.uleb128 0x40
 663 0078 18       		.uleb128 0x18
 664 0079 9742     		.uleb128 0x2117
 665 007b 19       		.uleb128 0x19
 666 007c 01       		.uleb128 0x1
 667 007d 13       		.uleb128 0x13
 668 007e 00       		.byte	0
 669 007f 00       		.byte	0
 670 0080 09       		.uleb128 0x9
 671 0081 05       		.uleb128 0x5
ARM GAS  C:\Users\dufma\AppData\Local\Temp\ccILEA17.s 			page 14


 672 0082 00       		.byte	0
 673 0083 03       		.uleb128 0x3
 674 0084 0E       		.uleb128 0xe
 675 0085 3A       		.uleb128 0x3a
 676 0086 0B       		.uleb128 0xb
 677 0087 3B       		.uleb128 0x3b
 678 0088 0B       		.uleb128 0xb
 679 0089 49       		.uleb128 0x49
 680 008a 13       		.uleb128 0x13
 681 008b 02       		.uleb128 0x2
 682 008c 17       		.uleb128 0x17
 683 008d 00       		.byte	0
 684 008e 00       		.byte	0
 685 008f 0A       		.uleb128 0xa
 686 0090 898201   		.uleb128 0x4109
 687 0093 01       		.byte	0x1
 688 0094 11       		.uleb128 0x11
 689 0095 01       		.uleb128 0x1
 690 0096 31       		.uleb128 0x31
 691 0097 13       		.uleb128 0x13
 692 0098 01       		.uleb128 0x1
 693 0099 13       		.uleb128 0x13
 694 009a 00       		.byte	0
 695 009b 00       		.byte	0
 696 009c 0B       		.uleb128 0xb
 697 009d 8A8201   		.uleb128 0x410a
 698 00a0 00       		.byte	0
 699 00a1 02       		.uleb128 0x2
 700 00a2 18       		.uleb128 0x18
 701 00a3 9142     		.uleb128 0x2111
 702 00a5 18       		.uleb128 0x18
 703 00a6 00       		.byte	0
 704 00a7 00       		.byte	0
 705 00a8 0C       		.uleb128 0xc
 706 00a9 898201   		.uleb128 0x4109
 707 00ac 01       		.byte	0x1
 708 00ad 11       		.uleb128 0x11
 709 00ae 01       		.uleb128 0x1
 710 00af 31       		.uleb128 0x31
 711 00b0 13       		.uleb128 0x13
 712 00b1 00       		.byte	0
 713 00b2 00       		.byte	0
 714 00b3 0D       		.uleb128 0xd
 715 00b4 34       		.uleb128 0x34
 716 00b5 00       		.byte	0
 717 00b6 03       		.uleb128 0x3
 718 00b7 0E       		.uleb128 0xe
 719 00b8 3A       		.uleb128 0x3a
 720 00b9 0B       		.uleb128 0xb
 721 00ba 3B       		.uleb128 0x3b
 722 00bb 05       		.uleb128 0x5
 723 00bc 49       		.uleb128 0x49
 724 00bd 13       		.uleb128 0x13
 725 00be 3F       		.uleb128 0x3f
 726 00bf 19       		.uleb128 0x19
 727 00c0 3C       		.uleb128 0x3c
 728 00c1 19       		.uleb128 0x19
ARM GAS  C:\Users\dufma\AppData\Local\Temp\ccILEA17.s 			page 15


 729 00c2 00       		.byte	0
 730 00c3 00       		.byte	0
 731 00c4 0E       		.uleb128 0xe
 732 00c5 35       		.uleb128 0x35
 733 00c6 00       		.byte	0
 734 00c7 49       		.uleb128 0x49
 735 00c8 13       		.uleb128 0x13
 736 00c9 00       		.byte	0
 737 00ca 00       		.byte	0
 738 00cb 0F       		.uleb128 0xf
 739 00cc 2E       		.uleb128 0x2e
 740 00cd 00       		.byte	0
 741 00ce 3F       		.uleb128 0x3f
 742 00cf 19       		.uleb128 0x19
 743 00d0 03       		.uleb128 0x3
 744 00d1 0E       		.uleb128 0xe
 745 00d2 3A       		.uleb128 0x3a
 746 00d3 0B       		.uleb128 0xb
 747 00d4 3B       		.uleb128 0x3b
 748 00d5 0B       		.uleb128 0xb
 749 00d6 27       		.uleb128 0x27
 750 00d7 19       		.uleb128 0x19
 751 00d8 3C       		.uleb128 0x3c
 752 00d9 19       		.uleb128 0x19
 753 00da 00       		.byte	0
 754 00db 00       		.byte	0
 755 00dc 10       		.uleb128 0x10
 756 00dd 2E       		.uleb128 0x2e
 757 00de 01       		.byte	0x1
 758 00df 3F       		.uleb128 0x3f
 759 00e0 19       		.uleb128 0x19
 760 00e1 03       		.uleb128 0x3
 761 00e2 0E       		.uleb128 0xe
 762 00e3 3A       		.uleb128 0x3a
 763 00e4 0B       		.uleb128 0xb
 764 00e5 3B       		.uleb128 0x3b
 765 00e6 0B       		.uleb128 0xb
 766 00e7 27       		.uleb128 0x27
 767 00e8 19       		.uleb128 0x19
 768 00e9 3C       		.uleb128 0x3c
 769 00ea 19       		.uleb128 0x19
 770 00eb 01       		.uleb128 0x1
 771 00ec 13       		.uleb128 0x13
 772 00ed 00       		.byte	0
 773 00ee 00       		.byte	0
 774 00ef 11       		.uleb128 0x11
 775 00f0 05       		.uleb128 0x5
 776 00f1 00       		.byte	0
 777 00f2 49       		.uleb128 0x49
 778 00f3 13       		.uleb128 0x13
 779 00f4 00       		.byte	0
 780 00f5 00       		.byte	0
 781 00f6 12       		.uleb128 0x12
 782 00f7 2E       		.uleb128 0x2e
 783 00f8 01       		.byte	0x1
 784 00f9 3F       		.uleb128 0x3f
 785 00fa 19       		.uleb128 0x19
ARM GAS  C:\Users\dufma\AppData\Local\Temp\ccILEA17.s 			page 16


 786 00fb 03       		.uleb128 0x3
 787 00fc 0E       		.uleb128 0xe
 788 00fd 3A       		.uleb128 0x3a
 789 00fe 0B       		.uleb128 0xb
 790 00ff 3B       		.uleb128 0x3b
 791 0100 0B       		.uleb128 0xb
 792 0101 27       		.uleb128 0x27
 793 0102 19       		.uleb128 0x19
 794 0103 3C       		.uleb128 0x3c
 795 0104 19       		.uleb128 0x19
 796 0105 00       		.byte	0
 797 0106 00       		.byte	0
 798 0107 00       		.byte	0
 799              		.section	.debug_loc,"",%progbits
 800              	.Ldebug_loc0:
 801              	.LLST0:
 802 0000 00000000 		.4byte	.LVL2
 803 0004 09000000 		.4byte	.LVL3-1
 804 0008 0100     		.2byte	0x1
 805 000a 50       		.byte	0x50
 806 000b 09000000 		.4byte	.LVL3-1
 807 000f 18000000 		.4byte	.LFE65
 808 0013 0400     		.2byte	0x4
 809 0015 F3       		.byte	0xf3
 810 0016 01       		.uleb128 0x1
 811 0017 50       		.byte	0x50
 812 0018 9F       		.byte	0x9f
 813 0019 00000000 		.4byte	0
 814 001d 00000000 		.4byte	0
 815              	.LLST1:
 816 0021 00000000 		.4byte	.LVL2
 817 0025 09000000 		.4byte	.LVL3-1
 818 0029 0100     		.2byte	0x1
 819 002b 51       		.byte	0x51
 820 002c 09000000 		.4byte	.LVL3-1
 821 0030 18000000 		.4byte	.LFE65
 822 0034 0100     		.2byte	0x1
 823 0036 54       		.byte	0x54
 824 0037 00000000 		.4byte	0
 825 003b 00000000 		.4byte	0
 826              	.LLST2:
 827 003f 00000000 		.4byte	.LVL6
 828 0043 09000000 		.4byte	.LVL7-1
 829 0047 0100     		.2byte	0x1
 830 0049 50       		.byte	0x50
 831 004a 09000000 		.4byte	.LVL7-1
 832 004e 18000000 		.4byte	.LFE66
 833 0052 0400     		.2byte	0x4
 834 0054 F3       		.byte	0xf3
 835 0055 01       		.uleb128 0x1
 836 0056 50       		.byte	0x50
 837 0057 9F       		.byte	0x9f
 838 0058 00000000 		.4byte	0
 839 005c 00000000 		.4byte	0
 840              	.LLST3:
 841 0060 00000000 		.4byte	.LVL6
 842 0064 09000000 		.4byte	.LVL7-1
ARM GAS  C:\Users\dufma\AppData\Local\Temp\ccILEA17.s 			page 17


 843 0068 0100     		.2byte	0x1
 844 006a 51       		.byte	0x51
 845 006b 09000000 		.4byte	.LVL7-1
 846 006f 18000000 		.4byte	.LFE66
 847 0073 0400     		.2byte	0x4
 848 0075 F3       		.byte	0xf3
 849 0076 01       		.uleb128 0x1
 850 0077 51       		.byte	0x51
 851 0078 9F       		.byte	0x9f
 852 0079 00000000 		.4byte	0
 853 007d 00000000 		.4byte	0
 854              	.LLST4:
 855 0081 00000000 		.4byte	.LVL6
 856 0085 09000000 		.4byte	.LVL7-1
 857 0089 0100     		.2byte	0x1
 858 008b 52       		.byte	0x52
 859 008c 09000000 		.4byte	.LVL7-1
 860 0090 18000000 		.4byte	.LFE66
 861 0094 0100     		.2byte	0x1
 862 0096 54       		.byte	0x54
 863 0097 00000000 		.4byte	0
 864 009b 00000000 		.4byte	0
 865              	.LLST5:
 866 009f 00000000 		.4byte	.LVL10
 867 00a3 08000000 		.4byte	.LVL11
 868 00a7 0100     		.2byte	0x1
 869 00a9 50       		.byte	0x50
 870 00aa 08000000 		.4byte	.LVL11
 871 00ae 26000000 		.4byte	.LFE67
 872 00b2 0400     		.2byte	0x4
 873 00b4 F3       		.byte	0xf3
 874 00b5 01       		.uleb128 0x1
 875 00b6 50       		.byte	0x50
 876 00b7 9F       		.byte	0x9f
 877 00b8 00000000 		.4byte	0
 878 00bc 00000000 		.4byte	0
 879              	.LLST6:
 880 00c0 00000000 		.4byte	.LVL10
 881 00c4 0B000000 		.4byte	.LVL12-1
 882 00c8 0100     		.2byte	0x1
 883 00ca 51       		.byte	0x51
 884 00cb 0B000000 		.4byte	.LVL12-1
 885 00cf 26000000 		.4byte	.LFE67
 886 00d3 0100     		.2byte	0x1
 887 00d5 55       		.byte	0x55
 888 00d6 00000000 		.4byte	0
 889 00da 00000000 		.4byte	0
 890              		.section	.debug_aranges,"",%progbits
 891 0000 3C000000 		.4byte	0x3c
 892 0004 0200     		.2byte	0x2
 893 0006 00000000 		.4byte	.Ldebug_info0
 894 000a 04       		.byte	0x4
 895 000b 00       		.byte	0
 896 000c 0000     		.2byte	0
 897 000e 0000     		.2byte	0
 898 0010 00000000 		.4byte	.LFB63
 899 0014 08000000 		.4byte	.LFE63-.LFB63
ARM GAS  C:\Users\dufma\AppData\Local\Temp\ccILEA17.s 			page 18


 900 0018 00000000 		.4byte	.LFB64
 901 001c 08000000 		.4byte	.LFE64-.LFB64
 902 0020 00000000 		.4byte	.LFB65
 903 0024 18000000 		.4byte	.LFE65-.LFB65
 904 0028 00000000 		.4byte	.LFB66
 905 002c 18000000 		.4byte	.LFE66-.LFB66
 906 0030 00000000 		.4byte	.LFB67
 907 0034 26000000 		.4byte	.LFE67-.LFB67
 908 0038 00000000 		.4byte	0
 909 003c 00000000 		.4byte	0
 910              		.section	.debug_ranges,"",%progbits
 911              	.Ldebug_ranges0:
 912 0000 00000000 		.4byte	.LFB63
 913 0004 08000000 		.4byte	.LFE63
 914 0008 00000000 		.4byte	.LFB64
 915 000c 08000000 		.4byte	.LFE64
 916 0010 00000000 		.4byte	.LFB65
 917 0014 18000000 		.4byte	.LFE65
 918 0018 00000000 		.4byte	.LFB66
 919 001c 18000000 		.4byte	.LFE66
 920 0020 00000000 		.4byte	.LFB67
 921 0024 26000000 		.4byte	.LFE67
 922 0028 00000000 		.4byte	0
 923 002c 00000000 		.4byte	0
 924              		.section	.debug_line,"",%progbits
 925              	.Ldebug_line0:
 926 0000 E2010000 		.section	.debug_str,"MS",%progbits,1
 926      02008301 
 926      00000201 
 926      FB0E0D00 
 926      01010101 
 927              	.LASF9:
 928 0000 5F5F696E 		.ascii	"__int32_t\000"
 928      7433325F 
 928      7400
 929              	.LASF25:
 930 000a 6D6F746F 		.ascii	"motor_backward\000"
 930      725F6261 
 930      636B7761 
 930      726400
 931              	.LASF24:
 932 0019 725F7370 		.ascii	"r_speed\000"
 932      65656400 
 933              	.LASF36:
 934 0021 4D6F746F 		.ascii	"MotorDirRight_Write\000"
 934      72446972 
 934      52696768 
 934      745F5772 
 934      69746500 
 935              	.LASF10:
 936 0035 696E7433 		.ascii	"int32_t\000"
 936      325F7400 
 937              	.LASF13:
 938 003d 666C6F61 		.ascii	"float\000"
 938      7400
 939              	.LASF11:
 940 0043 75696E74 		.ascii	"uint8\000"
ARM GAS  C:\Users\dufma\AppData\Local\Temp\ccILEA17.s 			page 19


 940      3800
 941              	.LASF20:
 942 0049 64656C61 		.ascii	"delay\000"
 942      7900
 943              	.LASF1:
 944 004f 756E7369 		.ascii	"unsigned char\000"
 944      676E6564 
 944      20636861 
 944      7200
 945              	.LASF5:
 946 005d 6C6F6E67 		.ascii	"long unsigned int\000"
 946      20756E73 
 946      69676E65 
 946      6420696E 
 946      7400
 947              	.LASF31:
 948 006f 4D6F746F 		.ascii	"MotorDirLeft_Write\000"
 948      72446972 
 948      4C656674 
 948      5F577269 
 948      746500
 949              	.LASF35:
 950 0082 49544D5F 		.ascii	"ITM_RxBuffer\000"
 950      52784275 
 950      66666572 
 950      00
 951              	.LASF21:
 952 008f 6D6F746F 		.ascii	"motor_forward\000"
 952      725F666F 
 952      72776172 
 952      6400
 953              	.LASF14:
 954 009d 646F7562 		.ascii	"double\000"
 954      6C6500
 955              	.LASF12:
 956 00a4 75696E74 		.ascii	"uint32\000"
 956      333200
 957              	.LASF32:
 958 00ab 474E5520 		.ascii	"GNU C 4.9.3 20150303 (release) [ARM/embedded-4_9-br"
 958      4320342E 
 958      392E3320 
 958      32303135 
 958      30333033 
 959 00de 616E6368 		.ascii	"anch revision 221220] -mcpu=cortex-m3 -mthumb -g -O"
 959      20726576 
 959      6973696F 
 959      6E203232 
 959      31323230 
 960 0111 67202D66 		.ascii	"g -ffunction-sections -ffat-lto-objects\000"
 960      66756E63 
 960      74696F6E 
 960      2D736563 
 960      74696F6E 
 961              	.LASF8:
 962 0139 756E7369 		.ascii	"unsigned int\000"
 962      676E6564 
 962      20696E74 
ARM GAS  C:\Users\dufma\AppData\Local\Temp\ccILEA17.s 			page 20


 962      00
 963              	.LASF23:
 964 0146 6C5F7370 		.ascii	"l_speed\000"
 964      65656400 
 965              	.LASF7:
 966 014e 6C6F6E67 		.ascii	"long long unsigned int\000"
 966      206C6F6E 
 966      6720756E 
 966      7369676E 
 966      65642069 
 967              	.LASF22:
 968 0165 6D6F746F 		.ascii	"motor_turn\000"
 968      725F7475 
 968      726E00
 969              	.LASF28:
 970 0170 50574D5F 		.ascii	"PWM_WriteCompare1\000"
 970      57726974 
 970      65436F6D 
 970      70617265 
 970      3100
 971              	.LASF29:
 972 0182 50574D5F 		.ascii	"PWM_WriteCompare2\000"
 972      57726974 
 972      65436F6D 
 972      70617265 
 972      3200
 973              	.LASF33:
 974 0194 2E5C4D6F 		.ascii	".\\Motor.c\000"
 974      746F722E 
 974      6300
 975              	.LASF34:
 976 019e 433A5C55 		.ascii	"C:\\Users\\dufma\\Desktop\\Project\\ZumoBot_Docu\\Z"
 976      73657273 
 976      5C647566 
 976      6D615C44 
 976      65736B74 
 977 01cb 756D6F42 		.ascii	"umoBot_Lib.cydsn\000"
 977      6F745F4C 
 977      69622E63 
 977      7964736E 
 977      00
 978              	.LASF18:
 979 01dc 6D6F746F 		.ascii	"motor_Stop\000"
 979      725F5374 
 979      6F7000
 980              	.LASF19:
 981 01e7 73706565 		.ascii	"speed\000"
 981      6400
 982              	.LASF16:
 983 01ed 73697A65 		.ascii	"sizetype\000"
 983      74797065 
 983      00
 984              	.LASF6:
 985 01f6 6C6F6E67 		.ascii	"long long int\000"
 985      206C6F6E 
 985      6720696E 
 985      7400
ARM GAS  C:\Users\dufma\AppData\Local\Temp\ccILEA17.s 			page 21


 986              	.LASF15:
 987 0204 63686172 		.ascii	"char\000"
 987      00
 988              	.LASF2:
 989 0209 73686F72 		.ascii	"short int\000"
 989      7420696E 
 989      7400
 990              	.LASF26:
 991 0213 50574D5F 		.ascii	"PWM_Start\000"
 991      53746172 
 991      7400
 992              	.LASF27:
 993 021d 50574D5F 		.ascii	"PWM_Stop\000"
 993      53746F70 
 993      00
 994              	.LASF4:
 995 0226 6C6F6E67 		.ascii	"long int\000"
 995      20696E74 
 995      00
 996              	.LASF0:
 997 022f 7369676E 		.ascii	"signed char\000"
 997      65642063 
 997      68617200 
 998              	.LASF17:
 999 023b 6D6F746F 		.ascii	"motor_Start\000"
 999      725F5374 
 999      61727400 
 1000              	.LASF3:
 1001 0247 73686F72 		.ascii	"short unsigned int\000"
 1001      7420756E 
 1001      7369676E 
 1001      65642069 
 1001      6E7400
 1002              	.LASF30:
 1003 025a 43794465 		.ascii	"CyDelay\000"
 1003      6C617900 
 1004              		.ident	"GCC: (GNU Tools for ARM Embedded Processors) 4.9.3 20150303 (release) [ARM/embedded-4_9-br
