ARM GAS  C:\Users\dufma\AppData\Local\Temp\ccZHLIST.s 			page 1


   1              		.syntax unified
   2              		.cpu cortex-m3
   3              		.fpu softvfp
   4              		.eabi_attribute 20, 1
   5              		.eabi_attribute 21, 1
   6              		.eabi_attribute 23, 3
   7              		.eabi_attribute 24, 1
   8              		.eabi_attribute 25, 1
   9              		.eabi_attribute 26, 1
  10              		.eabi_attribute 30, 1
  11              		.eabi_attribute 34, 1
  12              		.eabi_attribute 18, 4
  13              		.thumb
  14              		.file	"Reflectance.c"
  15              		.text
  16              	.Ltext0:
  17              		.cfi_sections	.debug_frame
  18              		.section	.text.sensor_isr_handler,"ax",%progbits
  19              		.align	2
  20              		.global	sensor_isr_handler
  21              		.thumb
  22              		.thumb_func
  23              		.type	sensor_isr_handler, %function
  24              	sensor_isr_handler:
  25              	.LFB63:
  26              		.file 1 ".\\Reflectance.c"
   1:.\Reflectance.c **** /**
   2:.\Reflectance.c ****  * @file    Reflectance.c
   3:.\Reflectance.c ****  * @brief   Basic methods for operating reflectance sensor. For more details, please refer to Refle
   4:.\Reflectance.c ****  * @details included in Zumo shield
   5:.\Reflectance.c **** */
   6:.\Reflectance.c **** #include "Reflectance.h"
   7:.\Reflectance.c **** 
   8:.\Reflectance.c **** 
   9:.\Reflectance.c **** /**
  10:.\Reflectance.c **** * @brief    Reflectance Sensor Interrupt Handler
  11:.\Reflectance.c **** * @details  Measuring each sensors' time to recognition of white or black
  12:.\Reflectance.c **** */
  13:.\Reflectance.c **** CY_ISR(sensor_isr_handler)
  14:.\Reflectance.c **** {
  27              		.loc 1 14 0
  28              		.cfi_startproc
  29              		@ args = 0, pretend = 0, frame = 0
  30              		@ frame_needed = 0, uses_anonymous_args = 0
  31 0000 F8B5     		push	{r3, r4, r5, r6, r7, lr}
  32              		.cfi_def_cfa_offset 24
  33              		.cfi_offset 3, -24
  34              		.cfi_offset 4, -20
  35              		.cfi_offset 5, -16
  36              		.cfi_offset 6, -12
  37              		.cfi_offset 7, -8
  38              		.cfi_offset 14, -4
  15:.\Reflectance.c ****     uint32_t statusRL = Timer_RL_ReadStatusRegister();
  39              		.loc 1 15 0
  40 0002 FFF7FEFF 		bl	Timer_RL_ReadStatusRegister
  41              	.LVL0:
  42 0006 0446     		mov	r4, r0
ARM GAS  C:\Users\dufma\AppData\Local\Temp\ccZHLIST.s 			page 2


  43              	.LVL1:
  16:.\Reflectance.c ****     uint32_t statusRR = Timer_RR_ReadStatusRegister();
  44              		.loc 1 16 0
  45 0008 FFF7FEFF 		bl	Timer_RR_ReadStatusRegister
  46              	.LVL2:
  47 000c 0746     		mov	r7, r0
  48              	.LVL3:
  17:.\Reflectance.c ****     uint32_t statusLL = Timer_LL_ReadStatusRegister();
  49              		.loc 1 17 0
  50 000e FFF7FEFF 		bl	Timer_LL_ReadStatusRegister
  51              	.LVL4:
  52 0012 0646     		mov	r6, r0
  53              	.LVL5:
  18:.\Reflectance.c ****     uint32_t statusLR = Timer_LR_ReadStatusRegister();
  54              		.loc 1 18 0
  55 0014 FFF7FEFF 		bl	Timer_LR_ReadStatusRegister
  56              	.LVL6:
  57 0018 0546     		mov	r5, r0
  58              	.LVL7:
  19:.\Reflectance.c **** 
  20:.\Reflectance.c ****     if(statusRL & Timer_RL_STATUS_CAPTURE) {
  59              		.loc 1 20 0
  60 001a 14F0400F 		tst	r4, #64
  61 001e 09D0     		beq	.L2
  21:.\Reflectance.c ****         sensors.rl = Timer_RL_ReadPeriod() - Timer_RL_ReadCapture();
  62              		.loc 1 21 0
  63 0020 FFF7FEFF 		bl	Timer_RL_ReadPeriod
  64              	.LVL8:
  65 0024 0446     		mov	r4, r0
  66              	.LVL9:
  67 0026 FFF7FEFF 		bl	Timer_RL_ReadCapture
  68              	.LVL10:
  69 002a 201A     		subs	r0, r4, r0
  70 002c 80B2     		uxth	r0, r0
  71 002e 314B     		ldr	r3, .L11
  72 0030 9880     		strh	r0, [r3, #4]	@ movhi
  73 0032 03E0     		b	.L3
  74              	.LVL11:
  75              	.L2:
  22:.\Reflectance.c ****     }
  23:.\Reflectance.c ****     else {
  24:.\Reflectance.c ****         sensors.rl = Timer_RL_ReadPeriod();
  76              		.loc 1 24 0
  77 0034 FFF7FEFF 		bl	Timer_RL_ReadPeriod
  78              	.LVL12:
  79 0038 2E4B     		ldr	r3, .L11
  80 003a 9880     		strh	r0, [r3, #4]	@ movhi
  81              	.LVL13:
  82              	.L3:
  25:.\Reflectance.c ****     }
  26:.\Reflectance.c ****     
  27:.\Reflectance.c ****     if(statusRR & Timer_RR_STATUS_CAPTURE) {
  83              		.loc 1 27 0
  84 003c 17F0400F 		tst	r7, #64
  85 0040 09D0     		beq	.L4
  28:.\Reflectance.c ****         sensors.rr = Timer_RR_ReadPeriod() - Timer_RR_ReadCapture();
  86              		.loc 1 28 0
ARM GAS  C:\Users\dufma\AppData\Local\Temp\ccZHLIST.s 			page 3


  87 0042 FFF7FEFF 		bl	Timer_RR_ReadPeriod
  88              	.LVL14:
  89 0046 0446     		mov	r4, r0
  90 0048 FFF7FEFF 		bl	Timer_RR_ReadCapture
  91              	.LVL15:
  92 004c 201A     		subs	r0, r4, r0
  93 004e 80B2     		uxth	r0, r0
  94 0050 284B     		ldr	r3, .L11
  95 0052 D880     		strh	r0, [r3, #6]	@ movhi
  96 0054 03E0     		b	.L5
  97              	.L4:
  29:.\Reflectance.c ****     }
  30:.\Reflectance.c ****     else {
  31:.\Reflectance.c ****         sensors.rr = Timer_RR_ReadPeriod();
  98              		.loc 1 31 0
  99 0056 FFF7FEFF 		bl	Timer_RR_ReadPeriod
 100              	.LVL16:
 101 005a 264B     		ldr	r3, .L11
 102 005c D880     		strh	r0, [r3, #6]	@ movhi
 103              	.L5:
  32:.\Reflectance.c ****     }
  33:.\Reflectance.c ****     
  34:.\Reflectance.c ****     if(statusLL & Timer_LL_STATUS_CAPTURE) {
 104              		.loc 1 34 0
 105 005e 16F0400F 		tst	r6, #64
 106 0062 09D0     		beq	.L6
  35:.\Reflectance.c ****         sensors.ll = Timer_LL_ReadPeriod() - Timer_LL_ReadCapture();
 107              		.loc 1 35 0
 108 0064 FFF7FEFF 		bl	Timer_LL_ReadPeriod
 109              	.LVL17:
 110 0068 0446     		mov	r4, r0
 111 006a FFF7FEFF 		bl	Timer_LL_ReadCapture
 112              	.LVL18:
 113 006e 201A     		subs	r0, r4, r0
 114 0070 80B2     		uxth	r0, r0
 115 0072 204B     		ldr	r3, .L11
 116 0074 1880     		strh	r0, [r3]	@ movhi
 117 0076 03E0     		b	.L7
 118              	.L6:
  36:.\Reflectance.c ****     }
  37:.\Reflectance.c ****     else {
  38:.\Reflectance.c ****         sensors.ll = Timer_LL_ReadPeriod();
 119              		.loc 1 38 0
 120 0078 FFF7FEFF 		bl	Timer_LL_ReadPeriod
 121              	.LVL19:
 122 007c 1D4B     		ldr	r3, .L11
 123 007e 1880     		strh	r0, [r3]	@ movhi
 124              	.L7:
  39:.\Reflectance.c ****     }
  40:.\Reflectance.c ****     
  41:.\Reflectance.c ****     if(statusLR & Timer_LR_STATUS_CAPTURE) {
 125              		.loc 1 41 0
 126 0080 15F0400F 		tst	r5, #64
 127 0084 09D0     		beq	.L8
  42:.\Reflectance.c ****         sensors.lr = Timer_LR_ReadPeriod() - Timer_LR_ReadCapture();
 128              		.loc 1 42 0
 129 0086 FFF7FEFF 		bl	Timer_LR_ReadPeriod
ARM GAS  C:\Users\dufma\AppData\Local\Temp\ccZHLIST.s 			page 4


 130              	.LVL20:
 131 008a 0446     		mov	r4, r0
 132 008c FFF7FEFF 		bl	Timer_LR_ReadCapture
 133              	.LVL21:
 134 0090 201A     		subs	r0, r4, r0
 135 0092 80B2     		uxth	r0, r0
 136 0094 174B     		ldr	r3, .L11
 137 0096 5880     		strh	r0, [r3, #2]	@ movhi
 138 0098 03E0     		b	.L9
 139              	.L8:
  43:.\Reflectance.c ****     }
  44:.\Reflectance.c ****     else {
  45:.\Reflectance.c ****         sensors.lr = Timer_LR_ReadPeriod();
 140              		.loc 1 45 0
 141 009a FFF7FEFF 		bl	Timer_LR_ReadPeriod
 142              	.LVL22:
 143 009e 154B     		ldr	r3, .L11
 144 00a0 5880     		strh	r0, [r3, #2]	@ movhi
 145              	.L9:
  46:.\Reflectance.c ****     }
  47:.\Reflectance.c ****     
  48:.\Reflectance.c ****     RL_SetDriveMode(PIN_DM_STRONG);
 146              		.loc 1 48 0
 147 00a2 0C20     		movs	r0, #12
 148 00a4 FFF7FEFF 		bl	RL_SetDriveMode
 149              	.LVL23:
  49:.\Reflectance.c ****     RL_Write(1);
 150              		.loc 1 49 0
 151 00a8 0120     		movs	r0, #1
 152 00aa FFF7FEFF 		bl	RL_Write
 153              	.LVL24:
  50:.\Reflectance.c ****     RR_SetDriveMode(PIN_DM_STRONG);
 154              		.loc 1 50 0
 155 00ae 0C20     		movs	r0, #12
 156 00b0 FFF7FEFF 		bl	RR_SetDriveMode
 157              	.LVL25:
  51:.\Reflectance.c ****     RR_Write(1);
 158              		.loc 1 51 0
 159 00b4 0120     		movs	r0, #1
 160 00b6 FFF7FEFF 		bl	RR_Write
 161              	.LVL26:
  52:.\Reflectance.c ****     LL_SetDriveMode(PIN_DM_STRONG);
 162              		.loc 1 52 0
 163 00ba 0C20     		movs	r0, #12
 164 00bc FFF7FEFF 		bl	LL_SetDriveMode
 165              	.LVL27:
  53:.\Reflectance.c ****     LL_Write(1);
 166              		.loc 1 53 0
 167 00c0 0120     		movs	r0, #1
 168 00c2 FFF7FEFF 		bl	LL_Write
 169              	.LVL28:
  54:.\Reflectance.c ****     LR_SetDriveMode(PIN_DM_STRONG);
 170              		.loc 1 54 0
 171 00c6 0C20     		movs	r0, #12
 172 00c8 FFF7FEFF 		bl	LR_SetDriveMode
 173              	.LVL29:
  55:.\Reflectance.c ****     LR_Write(1);
ARM GAS  C:\Users\dufma\AppData\Local\Temp\ccZHLIST.s 			page 5


 174              		.loc 1 55 0
 175 00cc 0120     		movs	r0, #1
 176 00ce FFF7FEFF 		bl	LR_Write
 177              	.LVL30:
  56:.\Reflectance.c ****     CyDelayUs(10);
 178              		.loc 1 56 0
 179 00d2 0A20     		movs	r0, #10
 180 00d4 FFF7FEFF 		bl	CyDelayUs
 181              	.LVL31:
  57:.\Reflectance.c ****     RL_SetDriveMode(PIN_DM_DIG_HIZ);
 182              		.loc 1 57 0
 183 00d8 0220     		movs	r0, #2
 184 00da FFF7FEFF 		bl	RL_SetDriveMode
 185              	.LVL32:
  58:.\Reflectance.c ****     RR_SetDriveMode(PIN_DM_DIG_HIZ);
 186              		.loc 1 58 0
 187 00de 0220     		movs	r0, #2
 188 00e0 FFF7FEFF 		bl	RR_SetDriveMode
 189              	.LVL33:
  59:.\Reflectance.c ****     LL_SetDriveMode(PIN_DM_DIG_HIZ);
 190              		.loc 1 59 0
 191 00e4 0220     		movs	r0, #2
 192 00e6 FFF7FEFF 		bl	LL_SetDriveMode
 193              	.LVL34:
  60:.\Reflectance.c ****     LR_SetDriveMode(PIN_DM_DIG_HIZ);
 194              		.loc 1 60 0
 195 00ea 0220     		movs	r0, #2
 196 00ec FFF7FEFF 		bl	LR_SetDriveMode
 197              	.LVL35:
 198 00f0 F8BD     		pop	{r3, r4, r5, r6, r7, pc}
 199              	.LVL36:
 200              	.L12:
 201 00f2 00BF     		.align	2
 202              	.L11:
 203 00f4 00000000 		.word	sensors
 204              		.cfi_endproc
 205              	.LFE63:
 206              		.size	sensor_isr_handler, .-sensor_isr_handler
 207              		.section	.text.Refelctance_Start,"ax",%progbits
 208              		.align	2
 209              		.global	Refelctance_Start
 210              		.thumb
 211              		.thumb_func
 212              		.type	Refelctance_Start, %function
 213              	Refelctance_Start:
 214              	.LFB64:
  61:.\Reflectance.c ****         
  62:.\Reflectance.c **** }
  63:.\Reflectance.c **** 
  64:.\Reflectance.c **** 
  65:.\Reflectance.c **** /**
  66:.\Reflectance.c **** * @brief    Starting Reflectance Sensor
  67:.\Reflectance.c **** * @details 
  68:.\Reflectance.c **** */
  69:.\Reflectance.c **** void Refelctance_Start()
  70:.\Reflectance.c **** {
 215              		.loc 1 70 0
ARM GAS  C:\Users\dufma\AppData\Local\Temp\ccZHLIST.s 			page 6


 216              		.cfi_startproc
 217              		@ args = 0, pretend = 0, frame = 0
 218              		@ frame_needed = 0, uses_anonymous_args = 0
 219 0000 08B5     		push	{r3, lr}
 220              		.cfi_def_cfa_offset 8
 221              		.cfi_offset 3, -8
 222              		.cfi_offset 14, -4
  71:.\Reflectance.c ****     Timer_RL_Start();
 223              		.loc 1 71 0
 224 0002 FFF7FEFF 		bl	Timer_RL_Start
 225              	.LVL37:
  72:.\Reflectance.c ****     Timer_RR_Start();
 226              		.loc 1 72 0
 227 0006 FFF7FEFF 		bl	Timer_RR_Start
 228              	.LVL38:
  73:.\Reflectance.c ****     Timer_LL_Start();
 229              		.loc 1 73 0
 230 000a FFF7FEFF 		bl	Timer_LL_Start
 231              	.LVL39:
  74:.\Reflectance.c ****     Timer_LR_Start();
 232              		.loc 1 74 0
 233 000e FFF7FEFF 		bl	Timer_LR_Start
 234              	.LVL40:
 235 0012 08BD     		pop	{r3, pc}
 236              		.cfi_endproc
 237              	.LFE64:
 238              		.size	Refelctance_Start, .-Refelctance_Start
 239              		.section	.text.reflectance_period,"ax",%progbits
 240              		.align	2
 241              		.global	reflectance_period
 242              		.thumb
 243              		.thumb_func
 244              		.type	reflectance_period, %function
 245              	reflectance_period:
 246              	.LFB65:
  75:.\Reflectance.c **** }
  76:.\Reflectance.c **** 
  77:.\Reflectance.c **** 
  78:.\Reflectance.c **** /**
  79:.\Reflectance.c **** * @brief    Printing Reflectance Sensor's period value
  80:.\Reflectance.c **** * @details
  81:.\Reflectance.c **** */
  82:.\Reflectance.c **** void reflectance_period()
  83:.\Reflectance.c **** {
 247              		.loc 1 83 0
 248              		.cfi_startproc
 249              		@ args = 0, pretend = 0, frame = 0
 250              		@ frame_needed = 0, uses_anonymous_args = 0
 251 0000 00B5     		push	{lr}
 252              		.cfi_def_cfa_offset 4
 253              		.cfi_offset 14, -4
 254 0002 83B0     		sub	sp, sp, #12
 255              		.cfi_def_cfa_offset 16
  84:.\Reflectance.c ****      printf("%d %d %d %d \r\n", sensors.ll, sensors.lr, sensors.rl, sensors.rr); 
 256              		.loc 1 84 0
 257 0004 0748     		ldr	r0, .L17
 258 0006 0188     		ldrh	r1, [r0]
ARM GAS  C:\Users\dufma\AppData\Local\Temp\ccZHLIST.s 			page 7


 259 0008 4288     		ldrh	r2, [r0, #2]
 260 000a 8388     		ldrh	r3, [r0, #4]
 261 000c C088     		ldrh	r0, [r0, #6]
 262 000e 80B2     		uxth	r0, r0
 263 0010 0090     		str	r0, [sp]
 264 0012 0548     		ldr	r0, .L17+4
 265 0014 89B2     		uxth	r1, r1
 266 0016 92B2     		uxth	r2, r2
 267 0018 9BB2     		uxth	r3, r3
 268 001a FFF7FEFF 		bl	printf
 269              	.LVL41:
  85:.\Reflectance.c **** }
 270              		.loc 1 85 0
 271 001e 03B0     		add	sp, sp, #12
 272              		.cfi_def_cfa_offset 4
 273              		@ sp needed
 274 0020 5DF804FB 		ldr	pc, [sp], #4
 275              	.L18:
 276              		.align	2
 277              	.L17:
 278 0024 00000000 		.word	sensors
 279 0028 00000000 		.word	.LC0
 280              		.cfi_endproc
 281              	.LFE65:
 282              		.size	reflectance_period, .-reflectance_period
 283              		.section	.text.reflectance_digital,"ax",%progbits
 284              		.align	2
 285              		.global	reflectance_digital
 286              		.thumb
 287              		.thumb_func
 288              		.type	reflectance_digital, %function
 289              	reflectance_digital:
 290              	.LFB66:
  86:.\Reflectance.c **** 
  87:.\Reflectance.c **** 
  88:.\Reflectance.c **** /**
  89:.\Reflectance.c **** * @brief    Making Reflectance Sensor's period to digital
  90:.\Reflectance.c **** * @details
  91:.\Reflectance.c **** */
  92:.\Reflectance.c **** void reflectance_digital()
  93:.\Reflectance.c **** {
 291              		.loc 1 93 0
 292              		.cfi_startproc
 293              		@ args = 0, pretend = 0, frame = 0
 294              		@ frame_needed = 0, uses_anonymous_args = 0
 295              		@ link register save eliminated.
  94:.\Reflectance.c ****     //if the results of reflectance_period function is over 10000, set digital_sensor_value to 0, w
  95:.\Reflectance.c ****     if(sensors.ll > 10000)
 296              		.loc 1 95 0
 297 0000 1C4B     		ldr	r3, .L28
 298 0002 1B88     		ldrh	r3, [r3]
 299 0004 9BB2     		uxth	r3, r3
 300 0006 42F21072 		movw	r2, #10000
 301 000a 9342     		cmp	r3, r2
 302 000c 03D9     		bls	.L20
  96:.\Reflectance.c ****         digital_sensor_value.ll  = 0;
 303              		.loc 1 96 0
ARM GAS  C:\Users\dufma\AppData\Local\Temp\ccZHLIST.s 			page 8


 304 000e 0022     		movs	r2, #0
 305 0010 194B     		ldr	r3, .L28+4
 306 0012 1A80     		strh	r2, [r3]	@ movhi
 307 0014 02E0     		b	.L21
 308              	.L20:
  97:.\Reflectance.c ****     else
  98:.\Reflectance.c ****         digital_sensor_value.ll  = 1;
 309              		.loc 1 98 0
 310 0016 0122     		movs	r2, #1
 311 0018 174B     		ldr	r3, .L28+4
 312 001a 1A80     		strh	r2, [r3]	@ movhi
 313              	.L21:
  99:.\Reflectance.c ****     if(sensors.lr > 10000)
 314              		.loc 1 99 0
 315 001c 154B     		ldr	r3, .L28
 316 001e 5B88     		ldrh	r3, [r3, #2]
 317 0020 9BB2     		uxth	r3, r3
 318 0022 42F21072 		movw	r2, #10000
 319 0026 9342     		cmp	r3, r2
 320 0028 03D9     		bls	.L22
 100:.\Reflectance.c ****         digital_sensor_value.lr  = 0;
 321              		.loc 1 100 0
 322 002a 0022     		movs	r2, #0
 323 002c 124B     		ldr	r3, .L28+4
 324 002e 5A80     		strh	r2, [r3, #2]	@ movhi
 325 0030 02E0     		b	.L23
 326              	.L22:
 101:.\Reflectance.c ****     else
 102:.\Reflectance.c ****         digital_sensor_value.lr  = 1;
 327              		.loc 1 102 0
 328 0032 0122     		movs	r2, #1
 329 0034 104B     		ldr	r3, .L28+4
 330 0036 5A80     		strh	r2, [r3, #2]	@ movhi
 331              	.L23:
 103:.\Reflectance.c ****     if(sensors.rl > 10000)
 332              		.loc 1 103 0
 333 0038 0E4B     		ldr	r3, .L28
 334 003a 9B88     		ldrh	r3, [r3, #4]
 335 003c 9BB2     		uxth	r3, r3
 336 003e 42F21072 		movw	r2, #10000
 337 0042 9342     		cmp	r3, r2
 338 0044 03D9     		bls	.L24
 104:.\Reflectance.c ****         digital_sensor_value.rl  = 0;
 339              		.loc 1 104 0
 340 0046 0022     		movs	r2, #0
 341 0048 0B4B     		ldr	r3, .L28+4
 342 004a 9A80     		strh	r2, [r3, #4]	@ movhi
 343 004c 02E0     		b	.L25
 344              	.L24:
 105:.\Reflectance.c ****     else
 106:.\Reflectance.c ****         digital_sensor_value.rl  = 1;
 345              		.loc 1 106 0
 346 004e 0122     		movs	r2, #1
 347 0050 094B     		ldr	r3, .L28+4
 348 0052 9A80     		strh	r2, [r3, #4]	@ movhi
 349              	.L25:
 107:.\Reflectance.c ****     if(sensors.rr > 10000)
ARM GAS  C:\Users\dufma\AppData\Local\Temp\ccZHLIST.s 			page 9


 350              		.loc 1 107 0
 351 0054 074B     		ldr	r3, .L28
 352 0056 DB88     		ldrh	r3, [r3, #6]
 353 0058 9BB2     		uxth	r3, r3
 354 005a 42F21072 		movw	r2, #10000
 355 005e 9342     		cmp	r3, r2
 356 0060 03D9     		bls	.L26
 108:.\Reflectance.c ****         digital_sensor_value.rr  = 0;
 357              		.loc 1 108 0
 358 0062 0022     		movs	r2, #0
 359 0064 044B     		ldr	r3, .L28+4
 360 0066 DA80     		strh	r2, [r3, #6]	@ movhi
 361 0068 7047     		bx	lr
 362              	.L26:
 109:.\Reflectance.c ****     else
 110:.\Reflectance.c ****         digital_sensor_value.rr  = 1;
 363              		.loc 1 110 0
 364 006a 0122     		movs	r2, #1
 365 006c 024B     		ldr	r3, .L28+4
 366 006e DA80     		strh	r2, [r3, #6]	@ movhi
 367 0070 7047     		bx	lr
 368              	.L29:
 369 0072 00BF     		.align	2
 370              	.L28:
 371 0074 00000000 		.word	sensors
 372 0078 00000000 		.word	digital_sensor_value
 373              		.cfi_endproc
 374              	.LFE66:
 375              		.size	reflectance_digital, .-reflectance_digital
 376              		.comm	digital_sensor_value,8,4
 377              		.comm	sensors,8,4
 378              		.section	.rodata.str1.4,"aMS",%progbits,1
 379              		.align	2
 380              	.LC0:
 381 0000 25642025 		.ascii	"%d %d %d %d \015\012\000"
 381      64202564 
 381      20256420 
 381      0D0A00
 382 000f 00       		.text
 383              	.Letext0:
 384              		.file 2 "c:\\program files (x86)\\cypress\\psoc creator\\3.3\\psoc creator\\import\\gnu\\arm\\4.9.
 385              		.file 3 "c:\\program files (x86)\\cypress\\psoc creator\\3.3\\psoc creator\\import\\gnu\\arm\\4.9.
 386              		.file 4 "Generated_Source\\PSoC5/cytypes.h"
 387              		.file 5 ".\\Reflectance.h"
 388              		.file 6 "Generated_Source\\PSoC5/core_cm3.h"
 389              		.file 7 "Generated_Source\\PSoC5/Timer_RL.h"
 390              		.file 8 "Generated_Source\\PSoC5/Timer_RR.h"
 391              		.file 9 "Generated_Source\\PSoC5/Timer_LL.h"
 392              		.file 10 "Generated_Source\\PSoC5/Timer_LR.h"
 393              		.file 11 "Generated_Source\\PSoC5/RL.h"
 394              		.file 12 "Generated_Source\\PSoC5/RR.h"
 395              		.file 13 "Generated_Source\\PSoC5/LL.h"
 396              		.file 14 "Generated_Source\\PSoC5/LR.h"
 397              		.file 15 "Generated_Source\\PSoC5/CyLib.h"
 398              		.file 16 "c:\\program files (x86)\\cypress\\psoc creator\\3.3\\psoc creator\\import\\gnu\\arm\\4.9
 399              		.section	.debug_info,"",%progbits
 400              	.Ldebug_info0:
ARM GAS  C:\Users\dufma\AppData\Local\Temp\ccZHLIST.s 			page 10


 401 0000 2C050000 		.4byte	0x52c
 402 0004 0400     		.2byte	0x4
 403 0006 00000000 		.4byte	.Ldebug_abbrev0
 404 000a 04       		.byte	0x4
 405 000b 01       		.uleb128 0x1
 406 000c 3F030000 		.4byte	.LASF58
 407 0010 01       		.byte	0x1
 408 0011 1E020000 		.4byte	.LASF59
 409 0015 86020000 		.4byte	.LASF60
 410 0019 00000000 		.4byte	.Ldebug_ranges0+0
 411 001d 00000000 		.4byte	0
 412 0021 00000000 		.4byte	.Ldebug_line0
 413 0025 02       		.uleb128 0x2
 414 0026 01       		.byte	0x1
 415 0027 06       		.byte	0x6
 416 0028 92010000 		.4byte	.LASF0
 417 002c 02       		.uleb128 0x2
 418 002d 01       		.byte	0x1
 419 002e 08       		.byte	0x8
 420 002f 84010000 		.4byte	.LASF1
 421 0033 02       		.uleb128 0x2
 422 0034 02       		.byte	0x2
 423 0035 05       		.byte	0x5
 424 0036 35000000 		.4byte	.LASF2
 425 003a 03       		.uleb128 0x3
 426 003b 89000000 		.4byte	.LASF4
 427 003f 02       		.byte	0x2
 428 0040 2B       		.byte	0x2b
 429 0041 45000000 		.4byte	0x45
 430 0045 02       		.uleb128 0x2
 431 0046 02       		.byte	0x2
 432 0047 07       		.byte	0x7
 433 0048 2E020000 		.4byte	.LASF3
 434 004c 03       		.uleb128 0x3
 435 004d 35030000 		.4byte	.LASF5
 436 0051 02       		.byte	0x2
 437 0052 3F       		.byte	0x3f
 438 0053 57000000 		.4byte	0x57
 439 0057 02       		.uleb128 0x2
 440 0058 04       		.byte	0x4
 441 0059 05       		.byte	0x5
 442 005a 1D010000 		.4byte	.LASF6
 443 005e 03       		.uleb128 0x3
 444 005f FA020000 		.4byte	.LASF7
 445 0063 02       		.byte	0x2
 446 0064 41       		.byte	0x41
 447 0065 69000000 		.4byte	0x69
 448 0069 02       		.uleb128 0x2
 449 006a 04       		.byte	0x4
 450 006b 07       		.byte	0x7
 451 006c 36010000 		.4byte	.LASF8
 452 0070 02       		.uleb128 0x2
 453 0071 08       		.byte	0x8
 454 0072 05       		.byte	0x5
 455 0073 E1000000 		.4byte	.LASF9
 456 0077 02       		.uleb128 0x2
 457 0078 08       		.byte	0x8
ARM GAS  C:\Users\dufma\AppData\Local\Temp\ccZHLIST.s 			page 11


 458 0079 07       		.byte	0x7
 459 007a 9E010000 		.4byte	.LASF10
 460 007e 04       		.uleb128 0x4
 461 007f 04       		.byte	0x4
 462 0080 05       		.byte	0x5
 463 0081 696E7400 		.ascii	"int\000"
 464 0085 02       		.uleb128 0x2
 465 0086 04       		.byte	0x4
 466 0087 07       		.byte	0x7
 467 0088 D0010000 		.4byte	.LASF11
 468 008c 02       		.uleb128 0x2
 469 008d 04       		.byte	0x4
 470 008e 07       		.byte	0x7
 471 008f E9030000 		.4byte	.LASF12
 472 0093 02       		.uleb128 0x2
 473 0094 01       		.byte	0x1
 474 0095 08       		.byte	0x8
 475 0096 18010000 		.4byte	.LASF13
 476 009a 05       		.uleb128 0x5
 477 009b 04       		.byte	0x4
 478 009c A0000000 		.4byte	0xa0
 479 00a0 06       		.uleb128 0x6
 480 00a1 93000000 		.4byte	0x93
 481 00a5 03       		.uleb128 0x3
 482 00a6 D8020000 		.4byte	.LASF14
 483 00aa 03       		.byte	0x3
 484 00ab 21       		.byte	0x21
 485 00ac 3A000000 		.4byte	0x3a
 486 00b0 03       		.uleb128 0x3
 487 00b1 6E020000 		.4byte	.LASF15
 488 00b5 03       		.byte	0x3
 489 00b6 2C       		.byte	0x2c
 490 00b7 4C000000 		.4byte	0x4c
 491 00bb 03       		.uleb128 0x3
 492 00bc B5010000 		.4byte	.LASF16
 493 00c0 03       		.byte	0x3
 494 00c1 2D       		.byte	0x2d
 495 00c2 5E000000 		.4byte	0x5e
 496 00c6 07       		.uleb128 0x7
 497 00c7 C6000000 		.4byte	.LASF17
 498 00cb 04       		.byte	0x4
 499 00cc 3801     		.2byte	0x138
 500 00ce 2C000000 		.4byte	0x2c
 501 00d2 07       		.uleb128 0x7
 502 00d3 B6000000 		.4byte	.LASF18
 503 00d7 04       		.byte	0x4
 504 00d8 3901     		.2byte	0x139
 505 00da 45000000 		.4byte	0x45
 506 00de 02       		.uleb128 0x2
 507 00df 04       		.byte	0x4
 508 00e0 04       		.byte	0x4
 509 00e1 CC000000 		.4byte	.LASF19
 510 00e5 02       		.uleb128 0x2
 511 00e6 08       		.byte	0x8
 512 00e7 04       		.byte	0x4
 513 00e8 EA020000 		.4byte	.LASF20
 514 00ec 08       		.uleb128 0x8
ARM GAS  C:\Users\dufma\AppData\Local\Temp\ccZHLIST.s 			page 12


 515 00ed BD000000 		.4byte	.LASF21
 516 00f1 08       		.byte	0x8
 517 00f2 05       		.byte	0x5
 518 00f3 0E       		.byte	0xe
 519 00f4 25010000 		.4byte	0x125
 520 00f8 09       		.uleb128 0x9
 521 00f9 6C6C00   		.ascii	"ll\000"
 522 00fc 05       		.byte	0x5
 523 00fd 0F       		.byte	0xf
 524 00fe A5000000 		.4byte	0xa5
 525 0102 00       		.byte	0
 526 0103 09       		.uleb128 0x9
 527 0104 6C7200   		.ascii	"lr\000"
 528 0107 05       		.byte	0x5
 529 0108 11       		.byte	0x11
 530 0109 A5000000 		.4byte	0xa5
 531 010d 02       		.byte	0x2
 532 010e 09       		.uleb128 0x9
 533 010f 726C00   		.ascii	"rl\000"
 534 0112 05       		.byte	0x5
 535 0113 12       		.byte	0x12
 536 0114 A5000000 		.4byte	0xa5
 537 0118 04       		.byte	0x4
 538 0119 09       		.uleb128 0x9
 539 011a 727200   		.ascii	"rr\000"
 540 011d 05       		.byte	0x5
 541 011e 14       		.byte	0x14
 542 011f A5000000 		.4byte	0xa5
 543 0123 06       		.byte	0x6
 544 0124 00       		.byte	0
 545 0125 08       		.uleb128 0x8
 546 0126 10000000 		.4byte	.LASF22
 547 012a 08       		.byte	0x8
 548 012b 05       		.byte	0x5
 549 012c 1C       		.byte	0x1c
 550 012d 5E010000 		.4byte	0x15e
 551 0131 09       		.uleb128 0x9
 552 0132 6C6C00   		.ascii	"ll\000"
 553 0135 05       		.byte	0x5
 554 0136 1D       		.byte	0x1d
 555 0137 A5000000 		.4byte	0xa5
 556 013b 00       		.byte	0
 557 013c 09       		.uleb128 0x9
 558 013d 6C7200   		.ascii	"lr\000"
 559 0140 05       		.byte	0x5
 560 0141 1F       		.byte	0x1f
 561 0142 A5000000 		.4byte	0xa5
 562 0146 02       		.byte	0x2
 563 0147 09       		.uleb128 0x9
 564 0148 726C00   		.ascii	"rl\000"
 565 014b 05       		.byte	0x5
 566 014c 20       		.byte	0x20
 567 014d A5000000 		.4byte	0xa5
 568 0151 04       		.byte	0x4
 569 0152 09       		.uleb128 0x9
 570 0153 727200   		.ascii	"rr\000"
 571 0156 05       		.byte	0x5
ARM GAS  C:\Users\dufma\AppData\Local\Temp\ccZHLIST.s 			page 13


 572 0157 22       		.byte	0x22
 573 0158 A5000000 		.4byte	0xa5
 574 015c 06       		.byte	0x6
 575 015d 00       		.byte	0
 576 015e 0A       		.uleb128 0xa
 577 015f 76000000 		.4byte	.LASF61
 578 0163 01       		.byte	0x1
 579 0164 0D       		.byte	0xd
 580 0165 00000000 		.4byte	.LFB63
 581 0169 F8000000 		.4byte	.LFE63-.LFB63
 582 016d 01       		.uleb128 0x1
 583 016e 9C       		.byte	0x9c
 584 016f 33030000 		.4byte	0x333
 585 0173 0B       		.uleb128 0xb
 586 0174 A4000000 		.4byte	.LASF23
 587 0178 01       		.byte	0x1
 588 0179 0F       		.byte	0xf
 589 017a BB000000 		.4byte	0xbb
 590 017e 00000000 		.4byte	.LLST0
 591 0182 0B       		.uleb128 0xb
 592 0183 26010000 		.4byte	.LASF24
 593 0187 01       		.byte	0x1
 594 0188 10       		.byte	0x10
 595 0189 BB000000 		.4byte	0xbb
 596 018d 28000000 		.4byte	.LLST1
 597 0191 0B       		.uleb128 0xb
 598 0192 E1020000 		.4byte	.LASF25
 599 0196 01       		.byte	0x1
 600 0197 11       		.byte	0x11
 601 0198 BB000000 		.4byte	0xbb
 602 019c 40000000 		.4byte	.LLST2
 603 01a0 0B       		.uleb128 0xb
 604 01a1 F1020000 		.4byte	.LASF26
 605 01a5 01       		.byte	0x1
 606 01a6 12       		.byte	0x12
 607 01a7 BB000000 		.4byte	0xbb
 608 01ab 58000000 		.4byte	.LLST3
 609 01af 0C       		.uleb128 0xc
 610 01b0 06000000 		.4byte	.LVL0
 611 01b4 E4030000 		.4byte	0x3e4
 612 01b8 0C       		.uleb128 0xc
 613 01b9 0C000000 		.4byte	.LVL2
 614 01bd EF030000 		.4byte	0x3ef
 615 01c1 0C       		.uleb128 0xc
 616 01c2 12000000 		.4byte	.LVL4
 617 01c6 FA030000 		.4byte	0x3fa
 618 01ca 0C       		.uleb128 0xc
 619 01cb 18000000 		.4byte	.LVL6
 620 01cf 05040000 		.4byte	0x405
 621 01d3 0C       		.uleb128 0xc
 622 01d4 24000000 		.4byte	.LVL8
 623 01d8 10040000 		.4byte	0x410
 624 01dc 0C       		.uleb128 0xc
 625 01dd 2A000000 		.4byte	.LVL10
 626 01e1 1B040000 		.4byte	0x41b
 627 01e5 0C       		.uleb128 0xc
 628 01e6 38000000 		.4byte	.LVL12
ARM GAS  C:\Users\dufma\AppData\Local\Temp\ccZHLIST.s 			page 14


 629 01ea 10040000 		.4byte	0x410
 630 01ee 0C       		.uleb128 0xc
 631 01ef 46000000 		.4byte	.LVL14
 632 01f3 26040000 		.4byte	0x426
 633 01f7 0C       		.uleb128 0xc
 634 01f8 4C000000 		.4byte	.LVL15
 635 01fc 31040000 		.4byte	0x431
 636 0200 0C       		.uleb128 0xc
 637 0201 5A000000 		.4byte	.LVL16
 638 0205 26040000 		.4byte	0x426
 639 0209 0C       		.uleb128 0xc
 640 020a 68000000 		.4byte	.LVL17
 641 020e 3C040000 		.4byte	0x43c
 642 0212 0C       		.uleb128 0xc
 643 0213 6E000000 		.4byte	.LVL18
 644 0217 47040000 		.4byte	0x447
 645 021b 0C       		.uleb128 0xc
 646 021c 7C000000 		.4byte	.LVL19
 647 0220 3C040000 		.4byte	0x43c
 648 0224 0C       		.uleb128 0xc
 649 0225 8A000000 		.4byte	.LVL20
 650 0229 52040000 		.4byte	0x452
 651 022d 0C       		.uleb128 0xc
 652 022e 90000000 		.4byte	.LVL21
 653 0232 5D040000 		.4byte	0x45d
 654 0236 0C       		.uleb128 0xc
 655 0237 9E000000 		.4byte	.LVL22
 656 023b 52040000 		.4byte	0x452
 657 023f 0D       		.uleb128 0xd
 658 0240 A8000000 		.4byte	.LVL23
 659 0244 68040000 		.4byte	0x468
 660 0248 52020000 		.4byte	0x252
 661 024c 0E       		.uleb128 0xe
 662 024d 01       		.uleb128 0x1
 663 024e 50       		.byte	0x50
 664 024f 01       		.uleb128 0x1
 665 0250 3C       		.byte	0x3c
 666 0251 00       		.byte	0
 667 0252 0D       		.uleb128 0xd
 668 0253 AE000000 		.4byte	.LVL24
 669 0257 79040000 		.4byte	0x479
 670 025b 65020000 		.4byte	0x265
 671 025f 0E       		.uleb128 0xe
 672 0260 01       		.uleb128 0x1
 673 0261 50       		.byte	0x50
 674 0262 01       		.uleb128 0x1
 675 0263 31       		.byte	0x31
 676 0264 00       		.byte	0
 677 0265 0D       		.uleb128 0xd
 678 0266 B4000000 		.4byte	.LVL25
 679 026a 8A040000 		.4byte	0x48a
 680 026e 78020000 		.4byte	0x278
 681 0272 0E       		.uleb128 0xe
 682 0273 01       		.uleb128 0x1
 683 0274 50       		.byte	0x50
 684 0275 01       		.uleb128 0x1
 685 0276 3C       		.byte	0x3c
ARM GAS  C:\Users\dufma\AppData\Local\Temp\ccZHLIST.s 			page 15


 686 0277 00       		.byte	0
 687 0278 0D       		.uleb128 0xd
 688 0279 BA000000 		.4byte	.LVL26
 689 027d 9B040000 		.4byte	0x49b
 690 0281 8B020000 		.4byte	0x28b
 691 0285 0E       		.uleb128 0xe
 692 0286 01       		.uleb128 0x1
 693 0287 50       		.byte	0x50
 694 0288 01       		.uleb128 0x1
 695 0289 31       		.byte	0x31
 696 028a 00       		.byte	0
 697 028b 0D       		.uleb128 0xd
 698 028c C0000000 		.4byte	.LVL27
 699 0290 AC040000 		.4byte	0x4ac
 700 0294 9E020000 		.4byte	0x29e
 701 0298 0E       		.uleb128 0xe
 702 0299 01       		.uleb128 0x1
 703 029a 50       		.byte	0x50
 704 029b 01       		.uleb128 0x1
 705 029c 3C       		.byte	0x3c
 706 029d 00       		.byte	0
 707 029e 0D       		.uleb128 0xd
 708 029f C6000000 		.4byte	.LVL28
 709 02a3 BD040000 		.4byte	0x4bd
 710 02a7 B1020000 		.4byte	0x2b1
 711 02ab 0E       		.uleb128 0xe
 712 02ac 01       		.uleb128 0x1
 713 02ad 50       		.byte	0x50
 714 02ae 01       		.uleb128 0x1
 715 02af 31       		.byte	0x31
 716 02b0 00       		.byte	0
 717 02b1 0D       		.uleb128 0xd
 718 02b2 CC000000 		.4byte	.LVL29
 719 02b6 CE040000 		.4byte	0x4ce
 720 02ba C4020000 		.4byte	0x2c4
 721 02be 0E       		.uleb128 0xe
 722 02bf 01       		.uleb128 0x1
 723 02c0 50       		.byte	0x50
 724 02c1 01       		.uleb128 0x1
 725 02c2 3C       		.byte	0x3c
 726 02c3 00       		.byte	0
 727 02c4 0D       		.uleb128 0xd
 728 02c5 D2000000 		.4byte	.LVL30
 729 02c9 DF040000 		.4byte	0x4df
 730 02cd D7020000 		.4byte	0x2d7
 731 02d1 0E       		.uleb128 0xe
 732 02d2 01       		.uleb128 0x1
 733 02d3 50       		.byte	0x50
 734 02d4 01       		.uleb128 0x1
 735 02d5 31       		.byte	0x31
 736 02d6 00       		.byte	0
 737 02d7 0D       		.uleb128 0xd
 738 02d8 D8000000 		.4byte	.LVL31
 739 02dc F0040000 		.4byte	0x4f0
 740 02e0 EA020000 		.4byte	0x2ea
 741 02e4 0E       		.uleb128 0xe
 742 02e5 01       		.uleb128 0x1
ARM GAS  C:\Users\dufma\AppData\Local\Temp\ccZHLIST.s 			page 16


 743 02e6 50       		.byte	0x50
 744 02e7 01       		.uleb128 0x1
 745 02e8 3A       		.byte	0x3a
 746 02e9 00       		.byte	0
 747 02ea 0D       		.uleb128 0xd
 748 02eb DE000000 		.4byte	.LVL32
 749 02ef 68040000 		.4byte	0x468
 750 02f3 FD020000 		.4byte	0x2fd
 751 02f7 0E       		.uleb128 0xe
 752 02f8 01       		.uleb128 0x1
 753 02f9 50       		.byte	0x50
 754 02fa 01       		.uleb128 0x1
 755 02fb 32       		.byte	0x32
 756 02fc 00       		.byte	0
 757 02fd 0D       		.uleb128 0xd
 758 02fe E4000000 		.4byte	.LVL33
 759 0302 8A040000 		.4byte	0x48a
 760 0306 10030000 		.4byte	0x310
 761 030a 0E       		.uleb128 0xe
 762 030b 01       		.uleb128 0x1
 763 030c 50       		.byte	0x50
 764 030d 01       		.uleb128 0x1
 765 030e 32       		.byte	0x32
 766 030f 00       		.byte	0
 767 0310 0D       		.uleb128 0xd
 768 0311 EA000000 		.4byte	.LVL34
 769 0315 AC040000 		.4byte	0x4ac
 770 0319 23030000 		.4byte	0x323
 771 031d 0E       		.uleb128 0xe
 772 031e 01       		.uleb128 0x1
 773 031f 50       		.byte	0x50
 774 0320 01       		.uleb128 0x1
 775 0321 32       		.byte	0x32
 776 0322 00       		.byte	0
 777 0323 0F       		.uleb128 0xf
 778 0324 F0000000 		.4byte	.LVL35
 779 0328 CE040000 		.4byte	0x4ce
 780 032c 0E       		.uleb128 0xe
 781 032d 01       		.uleb128 0x1
 782 032e 50       		.byte	0x50
 783 032f 01       		.uleb128 0x1
 784 0330 32       		.byte	0x32
 785 0331 00       		.byte	0
 786 0332 00       		.byte	0
 787 0333 10       		.uleb128 0x10
 788 0334 BE010000 		.4byte	.LASF27
 789 0338 01       		.byte	0x1
 790 0339 45       		.byte	0x45
 791 033a 00000000 		.4byte	.LFB64
 792 033e 14000000 		.4byte	.LFE64-.LFB64
 793 0342 01       		.uleb128 0x1
 794 0343 9C       		.byte	0x9c
 795 0344 6D030000 		.4byte	0x36d
 796 0348 0C       		.uleb128 0xc
 797 0349 06000000 		.4byte	.LVL37
 798 034d 01050000 		.4byte	0x501
 799 0351 0C       		.uleb128 0xc
ARM GAS  C:\Users\dufma\AppData\Local\Temp\ccZHLIST.s 			page 17


 800 0352 0A000000 		.4byte	.LVL38
 801 0356 08050000 		.4byte	0x508
 802 035a 0C       		.uleb128 0xc
 803 035b 0E000000 		.4byte	.LVL39
 804 035f 0F050000 		.4byte	0x50f
 805 0363 0C       		.uleb128 0xc
 806 0364 12000000 		.4byte	.LVL40
 807 0368 16050000 		.4byte	0x516
 808 036c 00       		.byte	0
 809 036d 10       		.uleb128 0x10
 810 036e 5B000000 		.4byte	.LASF28
 811 0372 01       		.byte	0x1
 812 0373 52       		.byte	0x52
 813 0374 00000000 		.4byte	.LFB65
 814 0378 2C000000 		.4byte	.LFE65-.LFB65
 815 037c 01       		.uleb128 0x1
 816 037d 9C       		.byte	0x9c
 817 037e 96030000 		.4byte	0x396
 818 0382 0F       		.uleb128 0xf
 819 0383 1E000000 		.4byte	.LVL41
 820 0387 1D050000 		.4byte	0x51d
 821 038b 0E       		.uleb128 0xe
 822 038c 01       		.uleb128 0x1
 823 038d 50       		.byte	0x50
 824 038e 05       		.uleb128 0x5
 825 038f 03       		.byte	0x3
 826 0390 00000000 		.4byte	.LC0
 827 0394 00       		.byte	0
 828 0395 00       		.byte	0
 829 0396 11       		.uleb128 0x11
 830 0397 04010000 		.4byte	.LASF62
 831 039b 01       		.byte	0x1
 832 039c 5C       		.byte	0x5c
 833 039d 00000000 		.4byte	.LFB66
 834 03a1 7C000000 		.4byte	.LFE66-.LFB66
 835 03a5 01       		.uleb128 0x1
 836 03a6 9C       		.byte	0x9c
 837 03a7 12       		.uleb128 0x12
 838 03a8 1E040000 		.4byte	.LASF29
 839 03ac 06       		.byte	0x6
 840 03ad 5506     		.2byte	0x655
 841 03af B3030000 		.4byte	0x3b3
 842 03b3 13       		.uleb128 0x13
 843 03b4 B0000000 		.4byte	0xb0
 844 03b8 14       		.uleb128 0x14
 845 03b9 6E000000 		.4byte	.LASF30
 846 03bd 05       		.byte	0x5
 847 03be 15       		.byte	0x15
 848 03bf C9030000 		.4byte	0x3c9
 849 03c3 05       		.uleb128 0x5
 850 03c4 03       		.byte	0x3
 851 03c5 00000000 		.4byte	sensors
 852 03c9 13       		.uleb128 0x13
 853 03ca EC000000 		.4byte	0xec
 854 03ce 14       		.uleb128 0x14
 855 03cf 41020000 		.4byte	.LASF31
 856 03d3 05       		.byte	0x5
ARM GAS  C:\Users\dufma\AppData\Local\Temp\ccZHLIST.s 			page 18


 857 03d4 23       		.byte	0x23
 858 03d5 DF030000 		.4byte	0x3df
 859 03d9 05       		.uleb128 0x5
 860 03da 03       		.byte	0x3
 861 03db 00000000 		.4byte	digital_sensor_value
 862 03df 13       		.uleb128 0x13
 863 03e0 25010000 		.4byte	0x125
 864 03e4 15       		.uleb128 0x15
 865 03e5 05030000 		.4byte	.LASF32
 866 03e9 07       		.byte	0x7
 867 03ea 5E       		.byte	0x5e
 868 03eb C6000000 		.4byte	0xc6
 869 03ef 15       		.uleb128 0x15
 870 03f0 CD030000 		.4byte	.LASF33
 871 03f4 08       		.byte	0x8
 872 03f5 5E       		.byte	0x5e
 873 03f6 C6000000 		.4byte	0xc6
 874 03fa 15       		.uleb128 0x15
 875 03fb 02020000 		.4byte	.LASF34
 876 03ff 09       		.byte	0x9
 877 0400 5E       		.byte	0x5e
 878 0401 C6000000 		.4byte	0xc6
 879 0405 15       		.uleb128 0x15
 880 0406 3F000000 		.4byte	.LASF35
 881 040a 0A       		.byte	0xa
 882 040b 5E       		.byte	0x5e
 883 040c C6000000 		.4byte	0xc6
 884 0410 15       		.uleb128 0x15
 885 0411 C4020000 		.4byte	.LASF36
 886 0415 07       		.byte	0x7
 887 0416 67       		.byte	0x67
 888 0417 D2000000 		.4byte	0xd2
 889 041b 15       		.uleb128 0x15
 890 041c 2B040000 		.4byte	.LASF37
 891 0420 07       		.byte	0x7
 892 0421 6B       		.byte	0x6b
 893 0422 D2000000 		.4byte	0xd2
 894 0426 15       		.uleb128 0x15
 895 0427 48010000 		.4byte	.LASF38
 896 042b 08       		.byte	0x8
 897 042c 67       		.byte	0x67
 898 042d D2000000 		.4byte	0xd2
 899 0431 15       		.uleb128 0x15
 900 0432 ED010000 		.4byte	.LASF39
 901 0436 08       		.byte	0x8
 902 0437 6B       		.byte	0x6b
 903 0438 D2000000 		.4byte	0xd2
 904 043c 15       		.uleb128 0x15
 905 043d F2030000 		.4byte	.LASF40
 906 0441 09       		.byte	0x9
 907 0442 67       		.byte	0x67
 908 0443 D2000000 		.4byte	0xd2
 909 0447 15       		.uleb128 0x15
 910 0448 EF000000 		.4byte	.LASF41
 911 044c 09       		.byte	0x9
 912 044d 6B       		.byte	0x6b
 913 044e D2000000 		.4byte	0xd2
ARM GAS  C:\Users\dufma\AppData\Local\Temp\ccZHLIST.s 			page 19


 914 0452 15       		.uleb128 0x15
 915 0453 21030000 		.4byte	.LASF42
 916 0457 0A       		.byte	0xa
 917 0458 67       		.byte	0x67
 918 0459 D2000000 		.4byte	0xd2
 919 045d 15       		.uleb128 0x15
 920 045e 5C010000 		.4byte	.LASF43
 921 0462 0A       		.byte	0xa
 922 0463 6B       		.byte	0x6b
 923 0464 D2000000 		.4byte	0xd2
 924 0468 16       		.uleb128 0x16
 925 0469 DD010000 		.4byte	.LASF44
 926 046d 0B       		.byte	0xb
 927 046e 27       		.byte	0x27
 928 046f 79040000 		.4byte	0x479
 929 0473 17       		.uleb128 0x17
 930 0474 C6000000 		.4byte	0xc6
 931 0478 00       		.byte	0
 932 0479 16       		.uleb128 0x16
 933 047a AD000000 		.4byte	.LASF45
 934 047e 0B       		.byte	0xb
 935 047f 26       		.byte	0x26
 936 0480 8A040000 		.4byte	0x48a
 937 0484 17       		.uleb128 0x17
 938 0485 C6000000 		.4byte	0xc6
 939 0489 00       		.byte	0
 940 048a 16       		.uleb128 0x16
 941 048b 94000000 		.4byte	.LASF46
 942 048f 0C       		.byte	0xc
 943 0490 27       		.byte	0x27
 944 0491 9B040000 		.4byte	0x49b
 945 0495 17       		.uleb128 0x17
 946 0496 C6000000 		.4byte	0xc6
 947 049a 00       		.byte	0
 948 049b 16       		.uleb128 0x16
 949 049c 71010000 		.4byte	.LASF47
 950 04a0 0C       		.byte	0xc
 951 04a1 26       		.byte	0x26
 952 04a2 AC040000 		.4byte	0x4ac
 953 04a6 17       		.uleb128 0x17
 954 04a7 C6000000 		.4byte	0xc6
 955 04ab 00       		.byte	0
 956 04ac 16       		.uleb128 0x16
 957 04ad 00000000 		.4byte	.LASF48
 958 04b1 0D       		.byte	0xd
 959 04b2 27       		.byte	0x27
 960 04b3 BD040000 		.4byte	0x4bd
 961 04b7 17       		.uleb128 0x17
 962 04b8 C6000000 		.4byte	0xc6
 963 04bc 00       		.byte	0
 964 04bd 16       		.uleb128 0x16
 965 04be 65020000 		.4byte	.LASF49
 966 04c2 0D       		.byte	0xd
 967 04c3 26       		.byte	0x26
 968 04c4 CE040000 		.4byte	0x4ce
 969 04c8 17       		.uleb128 0x17
 970 04c9 C6000000 		.4byte	0xc6
ARM GAS  C:\Users\dufma\AppData\Local\Temp\ccZHLIST.s 			page 20


 971 04cd 00       		.byte	0
 972 04ce 16       		.uleb128 0x16
 973 04cf 76020000 		.4byte	.LASF50
 974 04d3 0E       		.byte	0xe
 975 04d4 27       		.byte	0x27
 976 04d5 DF040000 		.4byte	0x4df
 977 04d9 17       		.uleb128 0x17
 978 04da C6000000 		.4byte	0xc6
 979 04de 00       		.byte	0
 980 04df 16       		.uleb128 0x16
 981 04e0 15040000 		.4byte	.LASF51
 982 04e4 0E       		.byte	0xe
 983 04e5 26       		.byte	0x26
 984 04e6 F0040000 		.4byte	0x4f0
 985 04ea 17       		.uleb128 0x17
 986 04eb C6000000 		.4byte	0xc6
 987 04ef 00       		.byte	0
 988 04f0 16       		.uleb128 0x16
 989 04f1 7A010000 		.4byte	.LASF52
 990 04f5 0F       		.byte	0xf
 991 04f6 78       		.byte	0x78
 992 04f7 01050000 		.4byte	0x501
 993 04fb 17       		.uleb128 0x17
 994 04fc D2000000 		.4byte	0xd2
 995 0500 00       		.byte	0
 996 0501 18       		.uleb128 0x18
 997 0502 56020000 		.4byte	.LASF53
 998 0506 07       		.byte	0x7
 999 0507 5A       		.byte	0x5a
 1000 0508 18       		.uleb128 0x18
 1001 0509 06040000 		.4byte	.LASF54
 1002 050d 08       		.byte	0x8
 1003 050e 5A       		.byte	0x5a
 1004 050f 18       		.uleb128 0x18
 1005 0510 26000000 		.4byte	.LASF55
 1006 0514 09       		.byte	0x9
 1007 0515 5A       		.byte	0x5a
 1008 0516 18       		.uleb128 0x18
 1009 0517 D2000000 		.4byte	.LASF56
 1010 051b 0A       		.byte	0xa
 1011 051c 5A       		.byte	0x5a
 1012 051d 19       		.uleb128 0x19
 1013 051e 2F010000 		.4byte	.LASF57
 1014 0522 10       		.byte	0x10
 1015 0523 B2       		.byte	0xb2
 1016 0524 7E000000 		.4byte	0x7e
 1017 0528 17       		.uleb128 0x17
 1018 0529 9A000000 		.4byte	0x9a
 1019 052d 1A       		.uleb128 0x1a
 1020 052e 00       		.byte	0
 1021 052f 00       		.byte	0
 1022              		.section	.debug_abbrev,"",%progbits
 1023              	.Ldebug_abbrev0:
 1024 0000 01       		.uleb128 0x1
 1025 0001 11       		.uleb128 0x11
 1026 0002 01       		.byte	0x1
 1027 0003 25       		.uleb128 0x25
ARM GAS  C:\Users\dufma\AppData\Local\Temp\ccZHLIST.s 			page 21


 1028 0004 0E       		.uleb128 0xe
 1029 0005 13       		.uleb128 0x13
 1030 0006 0B       		.uleb128 0xb
 1031 0007 03       		.uleb128 0x3
 1032 0008 0E       		.uleb128 0xe
 1033 0009 1B       		.uleb128 0x1b
 1034 000a 0E       		.uleb128 0xe
 1035 000b 55       		.uleb128 0x55
 1036 000c 17       		.uleb128 0x17
 1037 000d 11       		.uleb128 0x11
 1038 000e 01       		.uleb128 0x1
 1039 000f 10       		.uleb128 0x10
 1040 0010 17       		.uleb128 0x17
 1041 0011 00       		.byte	0
 1042 0012 00       		.byte	0
 1043 0013 02       		.uleb128 0x2
 1044 0014 24       		.uleb128 0x24
 1045 0015 00       		.byte	0
 1046 0016 0B       		.uleb128 0xb
 1047 0017 0B       		.uleb128 0xb
 1048 0018 3E       		.uleb128 0x3e
 1049 0019 0B       		.uleb128 0xb
 1050 001a 03       		.uleb128 0x3
 1051 001b 0E       		.uleb128 0xe
 1052 001c 00       		.byte	0
 1053 001d 00       		.byte	0
 1054 001e 03       		.uleb128 0x3
 1055 001f 16       		.uleb128 0x16
 1056 0020 00       		.byte	0
 1057 0021 03       		.uleb128 0x3
 1058 0022 0E       		.uleb128 0xe
 1059 0023 3A       		.uleb128 0x3a
 1060 0024 0B       		.uleb128 0xb
 1061 0025 3B       		.uleb128 0x3b
 1062 0026 0B       		.uleb128 0xb
 1063 0027 49       		.uleb128 0x49
 1064 0028 13       		.uleb128 0x13
 1065 0029 00       		.byte	0
 1066 002a 00       		.byte	0
 1067 002b 04       		.uleb128 0x4
 1068 002c 24       		.uleb128 0x24
 1069 002d 00       		.byte	0
 1070 002e 0B       		.uleb128 0xb
 1071 002f 0B       		.uleb128 0xb
 1072 0030 3E       		.uleb128 0x3e
 1073 0031 0B       		.uleb128 0xb
 1074 0032 03       		.uleb128 0x3
 1075 0033 08       		.uleb128 0x8
 1076 0034 00       		.byte	0
 1077 0035 00       		.byte	0
 1078 0036 05       		.uleb128 0x5
 1079 0037 0F       		.uleb128 0xf
 1080 0038 00       		.byte	0
 1081 0039 0B       		.uleb128 0xb
 1082 003a 0B       		.uleb128 0xb
 1083 003b 49       		.uleb128 0x49
 1084 003c 13       		.uleb128 0x13
ARM GAS  C:\Users\dufma\AppData\Local\Temp\ccZHLIST.s 			page 22


 1085 003d 00       		.byte	0
 1086 003e 00       		.byte	0
 1087 003f 06       		.uleb128 0x6
 1088 0040 26       		.uleb128 0x26
 1089 0041 00       		.byte	0
 1090 0042 49       		.uleb128 0x49
 1091 0043 13       		.uleb128 0x13
 1092 0044 00       		.byte	0
 1093 0045 00       		.byte	0
 1094 0046 07       		.uleb128 0x7
 1095 0047 16       		.uleb128 0x16
 1096 0048 00       		.byte	0
 1097 0049 03       		.uleb128 0x3
 1098 004a 0E       		.uleb128 0xe
 1099 004b 3A       		.uleb128 0x3a
 1100 004c 0B       		.uleb128 0xb
 1101 004d 3B       		.uleb128 0x3b
 1102 004e 05       		.uleb128 0x5
 1103 004f 49       		.uleb128 0x49
 1104 0050 13       		.uleb128 0x13
 1105 0051 00       		.byte	0
 1106 0052 00       		.byte	0
 1107 0053 08       		.uleb128 0x8
 1108 0054 13       		.uleb128 0x13
 1109 0055 01       		.byte	0x1
 1110 0056 03       		.uleb128 0x3
 1111 0057 0E       		.uleb128 0xe
 1112 0058 0B       		.uleb128 0xb
 1113 0059 0B       		.uleb128 0xb
 1114 005a 3A       		.uleb128 0x3a
 1115 005b 0B       		.uleb128 0xb
 1116 005c 3B       		.uleb128 0x3b
 1117 005d 0B       		.uleb128 0xb
 1118 005e 01       		.uleb128 0x1
 1119 005f 13       		.uleb128 0x13
 1120 0060 00       		.byte	0
 1121 0061 00       		.byte	0
 1122 0062 09       		.uleb128 0x9
 1123 0063 0D       		.uleb128 0xd
 1124 0064 00       		.byte	0
 1125 0065 03       		.uleb128 0x3
 1126 0066 08       		.uleb128 0x8
 1127 0067 3A       		.uleb128 0x3a
 1128 0068 0B       		.uleb128 0xb
 1129 0069 3B       		.uleb128 0x3b
 1130 006a 0B       		.uleb128 0xb
 1131 006b 49       		.uleb128 0x49
 1132 006c 13       		.uleb128 0x13
 1133 006d 38       		.uleb128 0x38
 1134 006e 0B       		.uleb128 0xb
 1135 006f 00       		.byte	0
 1136 0070 00       		.byte	0
 1137 0071 0A       		.uleb128 0xa
 1138 0072 2E       		.uleb128 0x2e
 1139 0073 01       		.byte	0x1
 1140 0074 3F       		.uleb128 0x3f
 1141 0075 19       		.uleb128 0x19
ARM GAS  C:\Users\dufma\AppData\Local\Temp\ccZHLIST.s 			page 23


 1142 0076 03       		.uleb128 0x3
 1143 0077 0E       		.uleb128 0xe
 1144 0078 3A       		.uleb128 0x3a
 1145 0079 0B       		.uleb128 0xb
 1146 007a 3B       		.uleb128 0x3b
 1147 007b 0B       		.uleb128 0xb
 1148 007c 27       		.uleb128 0x27
 1149 007d 19       		.uleb128 0x19
 1150 007e 11       		.uleb128 0x11
 1151 007f 01       		.uleb128 0x1
 1152 0080 12       		.uleb128 0x12
 1153 0081 06       		.uleb128 0x6
 1154 0082 40       		.uleb128 0x40
 1155 0083 18       		.uleb128 0x18
 1156 0084 9742     		.uleb128 0x2117
 1157 0086 19       		.uleb128 0x19
 1158 0087 01       		.uleb128 0x1
 1159 0088 13       		.uleb128 0x13
 1160 0089 00       		.byte	0
 1161 008a 00       		.byte	0
 1162 008b 0B       		.uleb128 0xb
 1163 008c 34       		.uleb128 0x34
 1164 008d 00       		.byte	0
 1165 008e 03       		.uleb128 0x3
 1166 008f 0E       		.uleb128 0xe
 1167 0090 3A       		.uleb128 0x3a
 1168 0091 0B       		.uleb128 0xb
 1169 0092 3B       		.uleb128 0x3b
 1170 0093 0B       		.uleb128 0xb
 1171 0094 49       		.uleb128 0x49
 1172 0095 13       		.uleb128 0x13
 1173 0096 02       		.uleb128 0x2
 1174 0097 17       		.uleb128 0x17
 1175 0098 00       		.byte	0
 1176 0099 00       		.byte	0
 1177 009a 0C       		.uleb128 0xc
 1178 009b 898201   		.uleb128 0x4109
 1179 009e 00       		.byte	0
 1180 009f 11       		.uleb128 0x11
 1181 00a0 01       		.uleb128 0x1
 1182 00a1 31       		.uleb128 0x31
 1183 00a2 13       		.uleb128 0x13
 1184 00a3 00       		.byte	0
 1185 00a4 00       		.byte	0
 1186 00a5 0D       		.uleb128 0xd
 1187 00a6 898201   		.uleb128 0x4109
 1188 00a9 01       		.byte	0x1
 1189 00aa 11       		.uleb128 0x11
 1190 00ab 01       		.uleb128 0x1
 1191 00ac 31       		.uleb128 0x31
 1192 00ad 13       		.uleb128 0x13
 1193 00ae 01       		.uleb128 0x1
 1194 00af 13       		.uleb128 0x13
 1195 00b0 00       		.byte	0
 1196 00b1 00       		.byte	0
 1197 00b2 0E       		.uleb128 0xe
 1198 00b3 8A8201   		.uleb128 0x410a
ARM GAS  C:\Users\dufma\AppData\Local\Temp\ccZHLIST.s 			page 24


 1199 00b6 00       		.byte	0
 1200 00b7 02       		.uleb128 0x2
 1201 00b8 18       		.uleb128 0x18
 1202 00b9 9142     		.uleb128 0x2111
 1203 00bb 18       		.uleb128 0x18
 1204 00bc 00       		.byte	0
 1205 00bd 00       		.byte	0
 1206 00be 0F       		.uleb128 0xf
 1207 00bf 898201   		.uleb128 0x4109
 1208 00c2 01       		.byte	0x1
 1209 00c3 11       		.uleb128 0x11
 1210 00c4 01       		.uleb128 0x1
 1211 00c5 31       		.uleb128 0x31
 1212 00c6 13       		.uleb128 0x13
 1213 00c7 00       		.byte	0
 1214 00c8 00       		.byte	0
 1215 00c9 10       		.uleb128 0x10
 1216 00ca 2E       		.uleb128 0x2e
 1217 00cb 01       		.byte	0x1
 1218 00cc 3F       		.uleb128 0x3f
 1219 00cd 19       		.uleb128 0x19
 1220 00ce 03       		.uleb128 0x3
 1221 00cf 0E       		.uleb128 0xe
 1222 00d0 3A       		.uleb128 0x3a
 1223 00d1 0B       		.uleb128 0xb
 1224 00d2 3B       		.uleb128 0x3b
 1225 00d3 0B       		.uleb128 0xb
 1226 00d4 11       		.uleb128 0x11
 1227 00d5 01       		.uleb128 0x1
 1228 00d6 12       		.uleb128 0x12
 1229 00d7 06       		.uleb128 0x6
 1230 00d8 40       		.uleb128 0x40
 1231 00d9 18       		.uleb128 0x18
 1232 00da 9742     		.uleb128 0x2117
 1233 00dc 19       		.uleb128 0x19
 1234 00dd 01       		.uleb128 0x1
 1235 00de 13       		.uleb128 0x13
 1236 00df 00       		.byte	0
 1237 00e0 00       		.byte	0
 1238 00e1 11       		.uleb128 0x11
 1239 00e2 2E       		.uleb128 0x2e
 1240 00e3 00       		.byte	0
 1241 00e4 3F       		.uleb128 0x3f
 1242 00e5 19       		.uleb128 0x19
 1243 00e6 03       		.uleb128 0x3
 1244 00e7 0E       		.uleb128 0xe
 1245 00e8 3A       		.uleb128 0x3a
 1246 00e9 0B       		.uleb128 0xb
 1247 00ea 3B       		.uleb128 0x3b
 1248 00eb 0B       		.uleb128 0xb
 1249 00ec 11       		.uleb128 0x11
 1250 00ed 01       		.uleb128 0x1
 1251 00ee 12       		.uleb128 0x12
 1252 00ef 06       		.uleb128 0x6
 1253 00f0 40       		.uleb128 0x40
 1254 00f1 18       		.uleb128 0x18
 1255 00f2 9742     		.uleb128 0x2117
ARM GAS  C:\Users\dufma\AppData\Local\Temp\ccZHLIST.s 			page 25


 1256 00f4 19       		.uleb128 0x19
 1257 00f5 00       		.byte	0
 1258 00f6 00       		.byte	0
 1259 00f7 12       		.uleb128 0x12
 1260 00f8 34       		.uleb128 0x34
 1261 00f9 00       		.byte	0
 1262 00fa 03       		.uleb128 0x3
 1263 00fb 0E       		.uleb128 0xe
 1264 00fc 3A       		.uleb128 0x3a
 1265 00fd 0B       		.uleb128 0xb
 1266 00fe 3B       		.uleb128 0x3b
 1267 00ff 05       		.uleb128 0x5
 1268 0100 49       		.uleb128 0x49
 1269 0101 13       		.uleb128 0x13
 1270 0102 3F       		.uleb128 0x3f
 1271 0103 19       		.uleb128 0x19
 1272 0104 3C       		.uleb128 0x3c
 1273 0105 19       		.uleb128 0x19
 1274 0106 00       		.byte	0
 1275 0107 00       		.byte	0
 1276 0108 13       		.uleb128 0x13
 1277 0109 35       		.uleb128 0x35
 1278 010a 00       		.byte	0
 1279 010b 49       		.uleb128 0x49
 1280 010c 13       		.uleb128 0x13
 1281 010d 00       		.byte	0
 1282 010e 00       		.byte	0
 1283 010f 14       		.uleb128 0x14
 1284 0110 34       		.uleb128 0x34
 1285 0111 00       		.byte	0
 1286 0112 03       		.uleb128 0x3
 1287 0113 0E       		.uleb128 0xe
 1288 0114 3A       		.uleb128 0x3a
 1289 0115 0B       		.uleb128 0xb
 1290 0116 3B       		.uleb128 0x3b
 1291 0117 0B       		.uleb128 0xb
 1292 0118 49       		.uleb128 0x49
 1293 0119 13       		.uleb128 0x13
 1294 011a 3F       		.uleb128 0x3f
 1295 011b 19       		.uleb128 0x19
 1296 011c 02       		.uleb128 0x2
 1297 011d 18       		.uleb128 0x18
 1298 011e 00       		.byte	0
 1299 011f 00       		.byte	0
 1300 0120 15       		.uleb128 0x15
 1301 0121 2E       		.uleb128 0x2e
 1302 0122 00       		.byte	0
 1303 0123 3F       		.uleb128 0x3f
 1304 0124 19       		.uleb128 0x19
 1305 0125 03       		.uleb128 0x3
 1306 0126 0E       		.uleb128 0xe
 1307 0127 3A       		.uleb128 0x3a
 1308 0128 0B       		.uleb128 0xb
 1309 0129 3B       		.uleb128 0x3b
 1310 012a 0B       		.uleb128 0xb
 1311 012b 27       		.uleb128 0x27
 1312 012c 19       		.uleb128 0x19
ARM GAS  C:\Users\dufma\AppData\Local\Temp\ccZHLIST.s 			page 26


 1313 012d 49       		.uleb128 0x49
 1314 012e 13       		.uleb128 0x13
 1315 012f 3C       		.uleb128 0x3c
 1316 0130 19       		.uleb128 0x19
 1317 0131 00       		.byte	0
 1318 0132 00       		.byte	0
 1319 0133 16       		.uleb128 0x16
 1320 0134 2E       		.uleb128 0x2e
 1321 0135 01       		.byte	0x1
 1322 0136 3F       		.uleb128 0x3f
 1323 0137 19       		.uleb128 0x19
 1324 0138 03       		.uleb128 0x3
 1325 0139 0E       		.uleb128 0xe
 1326 013a 3A       		.uleb128 0x3a
 1327 013b 0B       		.uleb128 0xb
 1328 013c 3B       		.uleb128 0x3b
 1329 013d 0B       		.uleb128 0xb
 1330 013e 27       		.uleb128 0x27
 1331 013f 19       		.uleb128 0x19
 1332 0140 3C       		.uleb128 0x3c
 1333 0141 19       		.uleb128 0x19
 1334 0142 01       		.uleb128 0x1
 1335 0143 13       		.uleb128 0x13
 1336 0144 00       		.byte	0
 1337 0145 00       		.byte	0
 1338 0146 17       		.uleb128 0x17
 1339 0147 05       		.uleb128 0x5
 1340 0148 00       		.byte	0
 1341 0149 49       		.uleb128 0x49
 1342 014a 13       		.uleb128 0x13
 1343 014b 00       		.byte	0
 1344 014c 00       		.byte	0
 1345 014d 18       		.uleb128 0x18
 1346 014e 2E       		.uleb128 0x2e
 1347 014f 00       		.byte	0
 1348 0150 3F       		.uleb128 0x3f
 1349 0151 19       		.uleb128 0x19
 1350 0152 03       		.uleb128 0x3
 1351 0153 0E       		.uleb128 0xe
 1352 0154 3A       		.uleb128 0x3a
 1353 0155 0B       		.uleb128 0xb
 1354 0156 3B       		.uleb128 0x3b
 1355 0157 0B       		.uleb128 0xb
 1356 0158 27       		.uleb128 0x27
 1357 0159 19       		.uleb128 0x19
 1358 015a 3C       		.uleb128 0x3c
 1359 015b 19       		.uleb128 0x19
 1360 015c 00       		.byte	0
 1361 015d 00       		.byte	0
 1362 015e 19       		.uleb128 0x19
 1363 015f 2E       		.uleb128 0x2e
 1364 0160 01       		.byte	0x1
 1365 0161 3F       		.uleb128 0x3f
 1366 0162 19       		.uleb128 0x19
 1367 0163 03       		.uleb128 0x3
 1368 0164 0E       		.uleb128 0xe
 1369 0165 3A       		.uleb128 0x3a
ARM GAS  C:\Users\dufma\AppData\Local\Temp\ccZHLIST.s 			page 27


 1370 0166 0B       		.uleb128 0xb
 1371 0167 3B       		.uleb128 0x3b
 1372 0168 0B       		.uleb128 0xb
 1373 0169 27       		.uleb128 0x27
 1374 016a 19       		.uleb128 0x19
 1375 016b 49       		.uleb128 0x49
 1376 016c 13       		.uleb128 0x13
 1377 016d 3C       		.uleb128 0x3c
 1378 016e 19       		.uleb128 0x19
 1379 016f 00       		.byte	0
 1380 0170 00       		.byte	0
 1381 0171 1A       		.uleb128 0x1a
 1382 0172 18       		.uleb128 0x18
 1383 0173 00       		.byte	0
 1384 0174 00       		.byte	0
 1385 0175 00       		.byte	0
 1386 0176 00       		.byte	0
 1387              		.section	.debug_loc,"",%progbits
 1388              	.Ldebug_loc0:
 1389              	.LLST0:
 1390 0000 08000000 		.4byte	.LVL1
 1391 0004 26000000 		.4byte	.LVL9
 1392 0008 0600     		.2byte	0x6
 1393 000a 74       		.byte	0x74
 1394 000b 00       		.sleb128 0
 1395 000c 08       		.byte	0x8
 1396 000d FF       		.byte	0xff
 1397 000e 1A       		.byte	0x1a
 1398 000f 9F       		.byte	0x9f
 1399 0010 34000000 		.4byte	.LVL11
 1400 0014 3C000000 		.4byte	.LVL13
 1401 0018 0600     		.2byte	0x6
 1402 001a 74       		.byte	0x74
 1403 001b 00       		.sleb128 0
 1404 001c 08       		.byte	0x8
 1405 001d FF       		.byte	0xff
 1406 001e 1A       		.byte	0x1a
 1407 001f 9F       		.byte	0x9f
 1408 0020 00000000 		.4byte	0
 1409 0024 00000000 		.4byte	0
 1410              	.LLST1:
 1411 0028 0E000000 		.4byte	.LVL3
 1412 002c F2000000 		.4byte	.LVL36
 1413 0030 0600     		.2byte	0x6
 1414 0032 77       		.byte	0x77
 1415 0033 00       		.sleb128 0
 1416 0034 08       		.byte	0x8
 1417 0035 FF       		.byte	0xff
 1418 0036 1A       		.byte	0x1a
 1419 0037 9F       		.byte	0x9f
 1420 0038 00000000 		.4byte	0
 1421 003c 00000000 		.4byte	0
 1422              	.LLST2:
 1423 0040 14000000 		.4byte	.LVL5
 1424 0044 F2000000 		.4byte	.LVL36
 1425 0048 0600     		.2byte	0x6
 1426 004a 76       		.byte	0x76
ARM GAS  C:\Users\dufma\AppData\Local\Temp\ccZHLIST.s 			page 28


 1427 004b 00       		.sleb128 0
 1428 004c 08       		.byte	0x8
 1429 004d FF       		.byte	0xff
 1430 004e 1A       		.byte	0x1a
 1431 004f 9F       		.byte	0x9f
 1432 0050 00000000 		.4byte	0
 1433 0054 00000000 		.4byte	0
 1434              	.LLST3:
 1435 0058 1A000000 		.4byte	.LVL7
 1436 005c F2000000 		.4byte	.LVL36
 1437 0060 0600     		.2byte	0x6
 1438 0062 75       		.byte	0x75
 1439 0063 00       		.sleb128 0
 1440 0064 08       		.byte	0x8
 1441 0065 FF       		.byte	0xff
 1442 0066 1A       		.byte	0x1a
 1443 0067 9F       		.byte	0x9f
 1444 0068 00000000 		.4byte	0
 1445 006c 00000000 		.4byte	0
 1446              		.section	.debug_aranges,"",%progbits
 1447 0000 34000000 		.4byte	0x34
 1448 0004 0200     		.2byte	0x2
 1449 0006 00000000 		.4byte	.Ldebug_info0
 1450 000a 04       		.byte	0x4
 1451 000b 00       		.byte	0
 1452 000c 0000     		.2byte	0
 1453 000e 0000     		.2byte	0
 1454 0010 00000000 		.4byte	.LFB63
 1455 0014 F8000000 		.4byte	.LFE63-.LFB63
 1456 0018 00000000 		.4byte	.LFB64
 1457 001c 14000000 		.4byte	.LFE64-.LFB64
 1458 0020 00000000 		.4byte	.LFB65
 1459 0024 2C000000 		.4byte	.LFE65-.LFB65
 1460 0028 00000000 		.4byte	.LFB66
 1461 002c 7C000000 		.4byte	.LFE66-.LFB66
 1462 0030 00000000 		.4byte	0
 1463 0034 00000000 		.4byte	0
 1464              		.section	.debug_ranges,"",%progbits
 1465              	.Ldebug_ranges0:
 1466 0000 00000000 		.4byte	.LFB63
 1467 0004 F8000000 		.4byte	.LFE63
 1468 0008 00000000 		.4byte	.LFB64
 1469 000c 14000000 		.4byte	.LFE64
 1470 0010 00000000 		.4byte	.LFB65
 1471 0014 2C000000 		.4byte	.LFE65
 1472 0018 00000000 		.4byte	.LFB66
 1473 001c 7C000000 		.4byte	.LFE66
 1474 0020 00000000 		.4byte	0
 1475 0024 00000000 		.4byte	0
 1476              		.section	.debug_line,"",%progbits
 1477              	.Ldebug_line0:
 1478 0000 45020000 		.section	.debug_str,"MS",%progbits,1
 1478      0200D101 
 1478      00000201 
 1478      FB0E0D00 
 1478      01010101 
 1479              	.LASF48:
ARM GAS  C:\Users\dufma\AppData\Local\Temp\ccZHLIST.s 			page 29


 1480 0000 4C4C5F53 		.ascii	"LL_SetDriveMode\000"
 1480      65744472 
 1480      6976654D 
 1480      6F646500 
 1481              	.LASF22:
 1482 0010 64696769 		.ascii	"digital_sensor_value_\000"
 1482      74616C5F 
 1482      73656E73 
 1482      6F725F76 
 1482      616C7565 
 1483              	.LASF55:
 1484 0026 54696D65 		.ascii	"Timer_LL_Start\000"
 1484      725F4C4C 
 1484      5F537461 
 1484      727400
 1485              	.LASF2:
 1486 0035 73686F72 		.ascii	"short int\000"
 1486      7420696E 
 1486      7400
 1487              	.LASF35:
 1488 003f 54696D65 		.ascii	"Timer_LR_ReadStatusRegister\000"
 1488      725F4C52 
 1488      5F526561 
 1488      64537461 
 1488      74757352 
 1489              	.LASF28:
 1490 005b 7265666C 		.ascii	"reflectance_period\000"
 1490      65637461 
 1490      6E63655F 
 1490      70657269 
 1490      6F6400
 1491              	.LASF30:
 1492 006e 73656E73 		.ascii	"sensors\000"
 1492      6F727300 
 1493              	.LASF61:
 1494 0076 73656E73 		.ascii	"sensor_isr_handler\000"
 1494      6F725F69 
 1494      73725F68 
 1494      616E646C 
 1494      657200
 1495              	.LASF4:
 1496 0089 5F5F7569 		.ascii	"__uint16_t\000"
 1496      6E743136 
 1496      5F7400
 1497              	.LASF46:
 1498 0094 52525F53 		.ascii	"RR_SetDriveMode\000"
 1498      65744472 
 1498      6976654D 
 1498      6F646500 
 1499              	.LASF23:
 1500 00a4 73746174 		.ascii	"statusRL\000"
 1500      7573524C 
 1500      00
 1501              	.LASF45:
 1502 00ad 524C5F57 		.ascii	"RL_Write\000"
 1502      72697465 
 1502      00
ARM GAS  C:\Users\dufma\AppData\Local\Temp\ccZHLIST.s 			page 30


 1503              	.LASF18:
 1504 00b6 75696E74 		.ascii	"uint16\000"
 1504      313600
 1505              	.LASF21:
 1506 00bd 73656E73 		.ascii	"sensors_\000"
 1506      6F72735F 
 1506      00
 1507              	.LASF17:
 1508 00c6 75696E74 		.ascii	"uint8\000"
 1508      3800
 1509              	.LASF19:
 1510 00cc 666C6F61 		.ascii	"float\000"
 1510      7400
 1511              	.LASF56:
 1512 00d2 54696D65 		.ascii	"Timer_LR_Start\000"
 1512      725F4C52 
 1512      5F537461 
 1512      727400
 1513              	.LASF9:
 1514 00e1 6C6F6E67 		.ascii	"long long int\000"
 1514      206C6F6E 
 1514      6720696E 
 1514      7400
 1515              	.LASF41:
 1516 00ef 54696D65 		.ascii	"Timer_LL_ReadCapture\000"
 1516      725F4C4C 
 1516      5F526561 
 1516      64436170 
 1516      74757265 
 1517              	.LASF62:
 1518 0104 7265666C 		.ascii	"reflectance_digital\000"
 1518      65637461 
 1518      6E63655F 
 1518      64696769 
 1518      74616C00 
 1519              	.LASF13:
 1520 0118 63686172 		.ascii	"char\000"
 1520      00
 1521              	.LASF6:
 1522 011d 6C6F6E67 		.ascii	"long int\000"
 1522      20696E74 
 1522      00
 1523              	.LASF24:
 1524 0126 73746174 		.ascii	"statusRR\000"
 1524      75735252 
 1524      00
 1525              	.LASF57:
 1526 012f 7072696E 		.ascii	"printf\000"
 1526      746600
 1527              	.LASF8:
 1528 0136 6C6F6E67 		.ascii	"long unsigned int\000"
 1528      20756E73 
 1528      69676E65 
 1528      6420696E 
 1528      7400
 1529              	.LASF38:
 1530 0148 54696D65 		.ascii	"Timer_RR_ReadPeriod\000"
ARM GAS  C:\Users\dufma\AppData\Local\Temp\ccZHLIST.s 			page 31


 1530      725F5252 
 1530      5F526561 
 1530      64506572 
 1530      696F6400 
 1531              	.LASF43:
 1532 015c 54696D65 		.ascii	"Timer_LR_ReadCapture\000"
 1532      725F4C52 
 1532      5F526561 
 1532      64436170 
 1532      74757265 
 1533              	.LASF47:
 1534 0171 52525F57 		.ascii	"RR_Write\000"
 1534      72697465 
 1534      00
 1535              	.LASF52:
 1536 017a 43794465 		.ascii	"CyDelayUs\000"
 1536      6C617955 
 1536      7300
 1537              	.LASF1:
 1538 0184 756E7369 		.ascii	"unsigned char\000"
 1538      676E6564 
 1538      20636861 
 1538      7200
 1539              	.LASF0:
 1540 0192 7369676E 		.ascii	"signed char\000"
 1540      65642063 
 1540      68617200 
 1541              	.LASF10:
 1542 019e 6C6F6E67 		.ascii	"long long unsigned int\000"
 1542      206C6F6E 
 1542      6720756E 
 1542      7369676E 
 1542      65642069 
 1543              	.LASF16:
 1544 01b5 75696E74 		.ascii	"uint32_t\000"
 1544      33325F74 
 1544      00
 1545              	.LASF27:
 1546 01be 52656665 		.ascii	"Refelctance_Start\000"
 1546      6C637461 
 1546      6E63655F 
 1546      53746172 
 1546      7400
 1547              	.LASF11:
 1548 01d0 756E7369 		.ascii	"unsigned int\000"
 1548      676E6564 
 1548      20696E74 
 1548      00
 1549              	.LASF44:
 1550 01dd 524C5F53 		.ascii	"RL_SetDriveMode\000"
 1550      65744472 
 1550      6976654D 
 1550      6F646500 
 1551              	.LASF39:
 1552 01ed 54696D65 		.ascii	"Timer_RR_ReadCapture\000"
 1552      725F5252 
 1552      5F526561 
ARM GAS  C:\Users\dufma\AppData\Local\Temp\ccZHLIST.s 			page 32


 1552      64436170 
 1552      74757265 
 1553              	.LASF34:
 1554 0202 54696D65 		.ascii	"Timer_LL_ReadStatusRegister\000"
 1554      725F4C4C 
 1554      5F526561 
 1554      64537461 
 1554      74757352 
 1555              	.LASF59:
 1556 021e 2E5C5265 		.ascii	".\\Reflectance.c\000"
 1556      666C6563 
 1556      74616E63 
 1556      652E6300 
 1557              	.LASF3:
 1558 022e 73686F72 		.ascii	"short unsigned int\000"
 1558      7420756E 
 1558      7369676E 
 1558      65642069 
 1558      6E7400
 1559              	.LASF31:
 1560 0241 64696769 		.ascii	"digital_sensor_value\000"
 1560      74616C5F 
 1560      73656E73 
 1560      6F725F76 
 1560      616C7565 
 1561              	.LASF53:
 1562 0256 54696D65 		.ascii	"Timer_RL_Start\000"
 1562      725F524C 
 1562      5F537461 
 1562      727400
 1563              	.LASF49:
 1564 0265 4C4C5F57 		.ascii	"LL_Write\000"
 1564      72697465 
 1564      00
 1565              	.LASF15:
 1566 026e 696E7433 		.ascii	"int32_t\000"
 1566      325F7400 
 1567              	.LASF50:
 1568 0276 4C525F53 		.ascii	"LR_SetDriveMode\000"
 1568      65744472 
 1568      6976654D 
 1568      6F646500 
 1569              	.LASF60:
 1570 0286 433A5C55 		.ascii	"C:\\Users\\dufma\\Desktop\\Project\\ZumoBot_Docu\\Z"
 1570      73657273 
 1570      5C647566 
 1570      6D615C44 
 1570      65736B74 
 1571 02b3 756D6F42 		.ascii	"umoBot_Lib.cydsn\000"
 1571      6F745F4C 
 1571      69622E63 
 1571      7964736E 
 1571      00
 1572              	.LASF36:
 1573 02c4 54696D65 		.ascii	"Timer_RL_ReadPeriod\000"
 1573      725F524C 
 1573      5F526561 
ARM GAS  C:\Users\dufma\AppData\Local\Temp\ccZHLIST.s 			page 33


 1573      64506572 
 1573      696F6400 
 1574              	.LASF14:
 1575 02d8 75696E74 		.ascii	"uint16_t\000"
 1575      31365F74 
 1575      00
 1576              	.LASF25:
 1577 02e1 73746174 		.ascii	"statusLL\000"
 1577      75734C4C 
 1577      00
 1578              	.LASF20:
 1579 02ea 646F7562 		.ascii	"double\000"
 1579      6C6500
 1580              	.LASF26:
 1581 02f1 73746174 		.ascii	"statusLR\000"
 1581      75734C52 
 1581      00
 1582              	.LASF7:
 1583 02fa 5F5F7569 		.ascii	"__uint32_t\000"
 1583      6E743332 
 1583      5F7400
 1584              	.LASF32:
 1585 0305 54696D65 		.ascii	"Timer_RL_ReadStatusRegister\000"
 1585      725F524C 
 1585      5F526561 
 1585      64537461 
 1585      74757352 
 1586              	.LASF42:
 1587 0321 54696D65 		.ascii	"Timer_LR_ReadPeriod\000"
 1587      725F4C52 
 1587      5F526561 
 1587      64506572 
 1587      696F6400 
 1588              	.LASF5:
 1589 0335 5F5F696E 		.ascii	"__int32_t\000"
 1589      7433325F 
 1589      7400
 1590              	.LASF58:
 1591 033f 474E5520 		.ascii	"GNU C 4.9.3 20150303 (release) [ARM/embedded-4_9-br"
 1591      4320342E 
 1591      392E3320 
 1591      32303135 
 1591      30333033 
 1592 0372 616E6368 		.ascii	"anch revision 221220] -mcpu=cortex-m3 -mthumb -g -O"
 1592      20726576 
 1592      6973696F 
 1592      6E203232 
 1592      31323230 
 1593 03a5 67202D66 		.ascii	"g -ffunction-sections -ffat-lto-objects\000"
 1593      66756E63 
 1593      74696F6E 
 1593      2D736563 
 1593      74696F6E 
 1594              	.LASF33:
 1595 03cd 54696D65 		.ascii	"Timer_RR_ReadStatusRegister\000"
 1595      725F5252 
 1595      5F526561 
ARM GAS  C:\Users\dufma\AppData\Local\Temp\ccZHLIST.s 			page 34


 1595      64537461 
 1595      74757352 
 1596              	.LASF12:
 1597 03e9 73697A65 		.ascii	"sizetype\000"
 1597      74797065 
 1597      00
 1598              	.LASF40:
 1599 03f2 54696D65 		.ascii	"Timer_LL_ReadPeriod\000"
 1599      725F4C4C 
 1599      5F526561 
 1599      64506572 
 1599      696F6400 
 1600              	.LASF54:
 1601 0406 54696D65 		.ascii	"Timer_RR_Start\000"
 1601      725F5252 
 1601      5F537461 
 1601      727400
 1602              	.LASF51:
 1603 0415 4C525F57 		.ascii	"LR_Write\000"
 1603      72697465 
 1603      00
 1604              	.LASF29:
 1605 041e 49544D5F 		.ascii	"ITM_RxBuffer\000"
 1605      52784275 
 1605      66666572 
 1605      00
 1606              	.LASF37:
 1607 042b 54696D65 		.ascii	"Timer_RL_ReadCapture\000"
 1607      725F524C 
 1607      5F526561 
 1607      64436170 
 1607      74757265 
 1608              		.ident	"GCC: (GNU Tools for ARM Embedded Processors) 4.9.3 20150303 (release) [ARM/embedded-4_9-br
