ARM GAS  C:\Users\dufma\AppData\Local\Temp\ccKoYOII.s 			page 1


   1              		.syntax unified
   2              		.cpu cortex-m3
   3              		.fpu softvfp
   4              		.eabi_attribute 20, 1
   5              		.eabi_attribute 21, 1
   6              		.eabi_attribute 23, 3
   7              		.eabi_attribute 24, 1
   8              		.eabi_attribute 25, 1
   9              		.eabi_attribute 26, 1
  10              		.eabi_attribute 30, 1
  11              		.eabi_attribute 34, 1
  12              		.eabi_attribute 18, 4
  13              		.thumb
  14              		.file	"Accel.c"
  15              		.text
  16              	.Ltext0:
  17              		.cfi_sections	.debug_frame
  18              	.Letext0:
  19              		.file 1 "c:\\program files (x86)\\cypress\\psoc creator\\3.3\\psoc creator\\import\\gnu\\arm\\4.9.
  20              		.file 2 "c:\\program files (x86)\\cypress\\psoc creator\\3.3\\psoc creator\\import\\gnu\\arm\\4.9.
  21              		.file 3 "Generated_Source\\PSoC5/core_cm3.h"
  22              		.section	.debug_info,"",%progbits
  23              	.Ldebug_info0:
  24 0000 AA000000 		.4byte	0xaa
  25 0004 0400     		.2byte	0x4
  26 0006 00000000 		.4byte	.Ldebug_abbrev0
  27 000a 04       		.byte	0x4
  28 000b 01       		.uleb128 0x1
  29 000c CD000000 		.4byte	.LASF16
  30 0010 01       		.byte	0x1
  31 0011 A0000000 		.4byte	.LASF17
  32 0015 2E000000 		.4byte	.LASF18
  33 0019 00000000 		.4byte	.Ldebug_line0
  34 001d 02       		.uleb128 0x2
  35 001e 01       		.byte	0x1
  36 001f 06       		.byte	0x6
  37 0020 68010000 		.4byte	.LASF0
  38 0024 02       		.uleb128 0x2
  39 0025 01       		.byte	0x1
  40 0026 08       		.byte	0x8
  41 0027 AA000000 		.4byte	.LASF1
  42 002b 02       		.uleb128 0x2
  43 002c 02       		.byte	0x2
  44 002d 05       		.byte	0x5
  45 002e 90010000 		.4byte	.LASF2
  46 0032 02       		.uleb128 0x2
  47 0033 02       		.byte	0x2
  48 0034 07       		.byte	0x7
  49 0035 0E000000 		.4byte	.LASF3
  50 0039 03       		.uleb128 0x3
  51 003a 80010000 		.4byte	.LASF9
  52 003e 01       		.byte	0x1
  53 003f 3F       		.byte	0x3f
  54 0040 44000000 		.4byte	0x44
  55 0044 02       		.uleb128 0x2
  56 0045 04       		.byte	0x4
  57 0046 05       		.byte	0x5
ARM GAS  C:\Users\dufma\AppData\Local\Temp\ccKoYOII.s 			page 2


  58 0047 BD000000 		.4byte	.LASF4
  59 004b 02       		.uleb128 0x2
  60 004c 04       		.byte	0x4
  61 004d 07       		.byte	0x7
  62 004e 77000000 		.4byte	.LASF5
  63 0052 02       		.uleb128 0x2
  64 0053 08       		.byte	0x8
  65 0054 05       		.byte	0x5
  66 0055 00000000 		.4byte	.LASF6
  67 0059 02       		.uleb128 0x2
  68 005a 08       		.byte	0x8
  69 005b 07       		.byte	0x7
  70 005c 89000000 		.4byte	.LASF7
  71 0060 04       		.uleb128 0x4
  72 0061 04       		.byte	0x4
  73 0062 05       		.byte	0x5
  74 0063 696E7400 		.ascii	"int\000"
  75 0067 02       		.uleb128 0x2
  76 0068 04       		.byte	0x4
  77 0069 07       		.byte	0x7
  78 006a 21000000 		.4byte	.LASF8
  79 006e 03       		.uleb128 0x3
  80 006f 9A010000 		.4byte	.LASF10
  81 0073 02       		.byte	0x2
  82 0074 2C       		.byte	0x2c
  83 0075 39000000 		.4byte	0x39
  84 0079 02       		.uleb128 0x2
  85 007a 04       		.byte	0x4
  86 007b 04       		.byte	0x4
  87 007c 8A010000 		.4byte	.LASF11
  88 0080 02       		.uleb128 0x2
  89 0081 08       		.byte	0x8
  90 0082 04       		.byte	0x4
  91 0083 C6000000 		.4byte	.LASF12
  92 0087 02       		.uleb128 0x2
  93 0088 01       		.byte	0x1
  94 0089 08       		.byte	0x8
  95 008a B8000000 		.4byte	.LASF13
  96 008e 02       		.uleb128 0x2
  97 008f 04       		.byte	0x4
  98 0090 07       		.byte	0x7
  99 0091 A2010000 		.4byte	.LASF14
 100 0095 02       		.uleb128 0x2
 101 0096 08       		.byte	0x8
 102 0097 04       		.byte	0x4
 103 0098 74010000 		.4byte	.LASF15
 104 009c 05       		.uleb128 0x5
 105 009d 5B010000 		.4byte	.LASF19
 106 00a1 03       		.byte	0x3
 107 00a2 5506     		.2byte	0x655
 108 00a4 A8000000 		.4byte	0xa8
 109 00a8 06       		.uleb128 0x6
 110 00a9 6E000000 		.4byte	0x6e
 111 00ad 00       		.byte	0
 112              		.section	.debug_abbrev,"",%progbits
 113              	.Ldebug_abbrev0:
 114 0000 01       		.uleb128 0x1
ARM GAS  C:\Users\dufma\AppData\Local\Temp\ccKoYOII.s 			page 3


 115 0001 11       		.uleb128 0x11
 116 0002 01       		.byte	0x1
 117 0003 25       		.uleb128 0x25
 118 0004 0E       		.uleb128 0xe
 119 0005 13       		.uleb128 0x13
 120 0006 0B       		.uleb128 0xb
 121 0007 03       		.uleb128 0x3
 122 0008 0E       		.uleb128 0xe
 123 0009 1B       		.uleb128 0x1b
 124 000a 0E       		.uleb128 0xe
 125 000b 10       		.uleb128 0x10
 126 000c 17       		.uleb128 0x17
 127 000d 00       		.byte	0
 128 000e 00       		.byte	0
 129 000f 02       		.uleb128 0x2
 130 0010 24       		.uleb128 0x24
 131 0011 00       		.byte	0
 132 0012 0B       		.uleb128 0xb
 133 0013 0B       		.uleb128 0xb
 134 0014 3E       		.uleb128 0x3e
 135 0015 0B       		.uleb128 0xb
 136 0016 03       		.uleb128 0x3
 137 0017 0E       		.uleb128 0xe
 138 0018 00       		.byte	0
 139 0019 00       		.byte	0
 140 001a 03       		.uleb128 0x3
 141 001b 16       		.uleb128 0x16
 142 001c 00       		.byte	0
 143 001d 03       		.uleb128 0x3
 144 001e 0E       		.uleb128 0xe
 145 001f 3A       		.uleb128 0x3a
 146 0020 0B       		.uleb128 0xb
 147 0021 3B       		.uleb128 0x3b
 148 0022 0B       		.uleb128 0xb
 149 0023 49       		.uleb128 0x49
 150 0024 13       		.uleb128 0x13
 151 0025 00       		.byte	0
 152 0026 00       		.byte	0
 153 0027 04       		.uleb128 0x4
 154 0028 24       		.uleb128 0x24
 155 0029 00       		.byte	0
 156 002a 0B       		.uleb128 0xb
 157 002b 0B       		.uleb128 0xb
 158 002c 3E       		.uleb128 0x3e
 159 002d 0B       		.uleb128 0xb
 160 002e 03       		.uleb128 0x3
 161 002f 08       		.uleb128 0x8
 162 0030 00       		.byte	0
 163 0031 00       		.byte	0
 164 0032 05       		.uleb128 0x5
 165 0033 34       		.uleb128 0x34
 166 0034 00       		.byte	0
 167 0035 03       		.uleb128 0x3
 168 0036 0E       		.uleb128 0xe
 169 0037 3A       		.uleb128 0x3a
 170 0038 0B       		.uleb128 0xb
 171 0039 3B       		.uleb128 0x3b
ARM GAS  C:\Users\dufma\AppData\Local\Temp\ccKoYOII.s 			page 4


 172 003a 05       		.uleb128 0x5
 173 003b 49       		.uleb128 0x49
 174 003c 13       		.uleb128 0x13
 175 003d 3F       		.uleb128 0x3f
 176 003e 19       		.uleb128 0x19
 177 003f 3C       		.uleb128 0x3c
 178 0040 19       		.uleb128 0x19
 179 0041 00       		.byte	0
 180 0042 00       		.byte	0
 181 0043 06       		.uleb128 0x6
 182 0044 35       		.uleb128 0x35
 183 0045 00       		.byte	0
 184 0046 49       		.uleb128 0x49
 185 0047 13       		.uleb128 0x13
 186 0048 00       		.byte	0
 187 0049 00       		.byte	0
 188 004a 00       		.byte	0
 189              		.section	.debug_aranges,"",%progbits
 190 0000 14000000 		.4byte	0x14
 191 0004 0200     		.2byte	0x2
 192 0006 00000000 		.4byte	.Ldebug_info0
 193 000a 04       		.byte	0x4
 194 000b 00       		.byte	0
 195 000c 0000     		.2byte	0
 196 000e 0000     		.2byte	0
 197 0010 00000000 		.4byte	0
 198 0014 00000000 		.4byte	0
 199              		.section	.debug_line,"",%progbits
 200              	.Ldebug_line0:
 201 0000 36010000 		.section	.debug_str,"MS",%progbits,1
 201      02003001 
 201      00000201 
 201      FB0E0D00 
 201      01010101 
 202              	.LASF6:
 203 0000 6C6F6E67 		.ascii	"long long int\000"
 203      206C6F6E 
 203      6720696E 
 203      7400
 204              	.LASF3:
 205 000e 73686F72 		.ascii	"short unsigned int\000"
 205      7420756E 
 205      7369676E 
 205      65642069 
 205      6E7400
 206              	.LASF8:
 207 0021 756E7369 		.ascii	"unsigned int\000"
 207      676E6564 
 207      20696E74 
 207      00
 208              	.LASF18:
 209 002e 433A5C55 		.ascii	"C:\\Users\\dufma\\Desktop\\Project\\ZumoBot_Docu\\Z"
 209      73657273 
 209      5C647566 
 209      6D615C44 
 209      65736B74 
 210 005b 756D6F42 		.ascii	"umoBot_Lib_GyroAccel2.cydsn\000"
ARM GAS  C:\Users\dufma\AppData\Local\Temp\ccKoYOII.s 			page 5


 210      6F745F4C 
 210      69625F47 
 210      79726F41 
 210      6363656C 
 211              	.LASF5:
 212 0077 6C6F6E67 		.ascii	"long unsigned int\000"
 212      20756E73 
 212      69676E65 
 212      6420696E 
 212      7400
 213              	.LASF7:
 214 0089 6C6F6E67 		.ascii	"long long unsigned int\000"
 214      206C6F6E 
 214      6720756E 
 214      7369676E 
 214      65642069 
 215              	.LASF17:
 216 00a0 2E5C4163 		.ascii	".\\Accel.c\000"
 216      63656C2E 
 216      6300
 217              	.LASF1:
 218 00aa 756E7369 		.ascii	"unsigned char\000"
 218      676E6564 
 218      20636861 
 218      7200
 219              	.LASF13:
 220 00b8 63686172 		.ascii	"char\000"
 220      00
 221              	.LASF4:
 222 00bd 6C6F6E67 		.ascii	"long int\000"
 222      20696E74 
 222      00
 223              	.LASF12:
 224 00c6 646F7562 		.ascii	"double\000"
 224      6C6500
 225              	.LASF16:
 226 00cd 474E5520 		.ascii	"GNU C 4.9.3 20150303 (release) [ARM/embedded-4_9-br"
 226      4320342E 
 226      392E3320 
 226      32303135 
 226      30333033 
 227 0100 616E6368 		.ascii	"anch revision 221220] -mcpu=cortex-m3 -mthumb -g -O"
 227      20726576 
 227      6973696F 
 227      6E203232 
 227      31323230 
 228 0133 67202D66 		.ascii	"g -ffunction-sections -ffat-lto-objects\000"
 228      66756E63 
 228      74696F6E 
 228      2D736563 
 228      74696F6E 
 229              	.LASF19:
 230 015b 49544D5F 		.ascii	"ITM_RxBuffer\000"
 230      52784275 
 230      66666572 
 230      00
 231              	.LASF0:
ARM GAS  C:\Users\dufma\AppData\Local\Temp\ccKoYOII.s 			page 6


 232 0168 7369676E 		.ascii	"signed char\000"
 232      65642063 
 232      68617200 
 233              	.LASF15:
 234 0174 6C6F6E67 		.ascii	"long double\000"
 234      20646F75 
 234      626C6500 
 235              	.LASF9:
 236 0180 5F5F696E 		.ascii	"__int32_t\000"
 236      7433325F 
 236      7400
 237              	.LASF11:
 238 018a 666C6F61 		.ascii	"float\000"
 238      7400
 239              	.LASF2:
 240 0190 73686F72 		.ascii	"short int\000"
 240      7420696E 
 240      7400
 241              	.LASF10:
 242 019a 696E7433 		.ascii	"int32_t\000"
 242      325F7400 
 243              	.LASF14:
 244 01a2 73697A65 		.ascii	"sizetype\000"
 244      74797065 
 244      00
 245              		.ident	"GCC: (GNU Tools for ARM Embedded Processors) 4.9.3 20150303 (release) [ARM/embedded-4_9-br
